#
# A fatal error has been detected by the Java Runtime Environment:
#
#  SIGSEGV (0xb) at pc=0x00007f3a9b15465b, pid=25849, tid=139891013129984
#
# JRE version: Java(TM) SE Runtime Environment (8.0_20-b26) (build 1.8.0_20-b26)
# Java VM: Java HotSpot(TM) 64-Bit Server VM (25.20-b23 mixed mode linux-amd64 compressed oops)
# Problematic frame:
# C  [libwkhtmltox.so.0+0x1d2d65b]
#
# Failed to write core dump. Core dumps have been disabled. To enable core dumping, try "ulimit -c unlimited" before starting Java again
#
# If you would like to submit a bug report, please visit:
#   http://bugreport.sun.com/bugreport/crash.jsp
# The crash happened outside the Java Virtual Machine in native code.
# See problematic frame for where to report the bug.
#

---------------  T H R E A D  ---------------

Current thread (0x00007f3ae4009800):  JavaThread "main" [_thread_in_native, id=25853, stack(0x00007f3aea151000,0x00007f3aea252000)]

siginfo: si_signo: 11 (SIGSEGV), si_code: 1 (SEGV_MAPERR), si_addr: 0x0000000000000020

Registers:
RAX=0x0000000000000000, RBX=0x0000000000000000, RCX=0x000000000000005f, RDX=0x0000000000000000
RSP=0x00007f3aea24ef70, RBP=0x0000000000000020, RSI=0x0000000000000000, RDI=0x0000000000000000
R8 =0x0000000000000000, R9 =0x0000000000000001, R10=0x00007f3ae9a0fbe0, R11=0x000000000000000f
R12=0x00007f3aea24f270, R13=0x00007f3ae4198690, R14=0x0000000000000002, R15=0x0000000000000001
RIP=0x00007f3a9b15465b, EFLAGS=0x0000000000010202, CSGSFS=0x0000000000000033, ERR=0x0000000000000004
  TRAPNO=0x000000000000000e

Top of Stack: (sp=0x00007f3aea24ef70)
0x00007f3aea24ef70:   00007f3ac00c03e0 00000000000000a8
0x00007f3aea24ef80:   ffff80c515db1001 000000000000000b
0x00007f3aea24ef90:   0000000000000002 00007f3ae4000020
0x00007f3aea24efa0:   0000000000000088 00007f3aea24f160
0x00007f3aea24efb0:   00007f3ae4198690 0000000000000002
0x00007f3aea24efc0:   0000000000000000 00007f3a9b5174c8
0x00007f3aea24efd0:   00007f3aea24f160 00007f3a9b517424
0x00007f3aea24efe0:   00007f3aea24ef5c 00007f3a980cff2d
0x00007f3aea24eff0:   0000000000000000 00007f3aea24f160
0x00007f3aea24f000:   0000000000000000 00007f3aea24f270
0x00007f3aea24f010:   00007f3aea24f160 0000000000000000
0x00007f3aea24f020:   00007f3aea24f270 00007f3a9b152a64
0x00007f3aea24f030:   00007f3ae4198690 00007f3aea24f160
0x00007f3aea24f040:   00007f3aea24f150 00007f3a9b1257dd
0x00007f3aea24f050:   00007f3ae41d82b0 00007f3aea24f100
0x00007f3aea24f060:   0000000000000000 00007f3aea24f110
0x00007f3aea24f070:   00007f3aea24f090 000000010024f110
0x00007f3aea24f080:   0000000000000000 00007f3ae4000020
0x00007f3aea24f090:   00007f3ae419a4c0 00007f3aea24f320
0x00007f3aea24f0a0:   00007f3ae4198690 00007f3a9b1e1a21
0x00007f3aea24f0b0:   00007f3ae41ce0e0 00007f3ae41cf7d8
0x00007f3aea24f0c0:   00007f3aea24f140 00007f3a9b13bb38
0x00007f3aea24f0d0:   00007f3aea24f140 00007f3aea24f150
0x00007f3aea24f0e0:   00007f3ae41c5938 00007f3aea24f320
0x00007f3aea24f0f0:   00007f3ae4198690 00007f3aea24f3a0
0x00007f3aea24f100:   0000000000000001 00007f3a00000002
0x00007f3aea24f110:   0000000000000001 00007f3a00000002
0x00007f3aea24f120:   00007f3aea24f6f0 000000010000000a
0x00007f3aea24f130:   000000000000000a 00007f3a9b2238a6
0x00007f3aea24f140:   00007f3ae411a1b0 0000000000000000
0x00007f3aea24f150:   00007f3ae40fa790 00007f3a9b2f2b59
0x00007f3aea24f160:   00007f3a9bfaa5b0 00007f3ae41bf540 

Instructions: (pc=0x00007f3a9b15465b)
0x00007f3a9b15463b:   98 81 fe 66 90 41 54 55 48 89 fd 53 48 89 fb 48
0x00007f3a9b15464b:   81 ec a0 00 00 00 48 83 c5 20 0f 84 a5 00 00 00
0x00007f3a9b15465b:   48 8b 57 20 f6 42 04 01 75 4b 31 c0 b9 01 00 00
0x00007f3a9b15466b:   00 f0 0f b1 0a 0f 94 c1 84 c9 75 08 48 89 ef e8 

Register to memory mapping:

RAX=0x0000000000000000 is an unknown value
RBX=0x0000000000000000 is an unknown value
RCX=0x000000000000005f is an unknown value
RDX=0x0000000000000000 is an unknown value
RSP=0x00007f3aea24ef70 is pointing into the stack for thread: 0x00007f3ae4009800
RBP=0x0000000000000020 is an unknown value
RSI=0x0000000000000000 is an unknown value
RDI=0x0000000000000000 is an unknown value
R8 =0x0000000000000000 is an unknown value
R9 =0x0000000000000001 is an unknown value
R10=0x00007f3ae9a0fbe0: <offset 0x3bdbe0> in /lib/x86_64-linux-gnu/libc.so.6 at 0x00007f3ae9652000
R11=0x000000000000000f is an unknown value
R12=0x00007f3aea24f270 is pointing into the stack for thread: 0x00007f3ae4009800
R13=0x00007f3ae4198690 is an unknown value
R14=0x0000000000000002 is an unknown value
R15=0x0000000000000001 is an unknown value


Stack: [0x00007f3aea151000,0x00007f3aea252000],  sp=0x00007f3aea24ef70,  free space=1015k
Native frames: (J=compiled Java code, j=interpreted, Vv=VM code, C=native code)
C  [libwkhtmltox.so.0+0x1d2d65b]

Java frames: (J=compiled Java code, j=interpreted, Vv=VM code)
j  jwk.JWk.convertImp(Ljava/lang/String;Ljava/lang/String;Ljava/util/Map;[Ljava/lang/Object;)Z+0
j  jwk.JWk.convert(Ljava/lang/String;Ljava/lang/String;Ljava/util/Map;)V+48
j  jwk.Main.main([Ljava/lang/String;)V+83
v  ~StubRoutines::call_stub

---------------  P R O C E S S  ---------------

Java Threads: ( => current thread )
  0x00007f3ae40c8800 JavaThread "Service Thread" daemon [_thread_blocked, id=25865, stack(0x00007f3ad07e8000,0x00007f3ad08e9000)]
  0x00007f3ae40b3000 JavaThread "C1 CompilerThread2" daemon [_thread_blocked, id=25864, stack(0x00007f3ad08e9000,0x00007f3ad09ea000)]
  0x00007f3ae40b1000 JavaThread "C2 CompilerThread1" daemon [_thread_blocked, id=25863, stack(0x00007f3ad09ea000,0x00007f3ad0aeb000)]
  0x00007f3ae40ae000 JavaThread "C2 CompilerThread0" daemon [_thread_blocked, id=25862, stack(0x00007f3ad0aeb000,0x00007f3ad0bec000)]
  0x00007f3ae40ac000 JavaThread "Signal Dispatcher" daemon [_thread_blocked, id=25861, stack(0x00007f3ad0bec000,0x00007f3ad0ced000)]
  0x00007f3ae407c000 JavaThread "Finalizer" daemon [_thread_blocked, id=25860, stack(0x00007f3ad13d1000,0x00007f3ad14d2000)]
  0x00007f3ae407a000 JavaThread "Reference Handler" daemon [_thread_blocked, id=25859, stack(0x00007f3ad14d2000,0x00007f3ad15d3000)]
=>0x00007f3ae4009800 JavaThread "main" [_thread_in_native, id=25853, stack(0x00007f3aea151000,0x00007f3aea252000)]

Other Threads:
  0x00007f3ae4073000 VMThread [stack: 0x00007f3ad15d3000,0x00007f3ad16d4000] [id=25858]
  0x00007f3ae40d3000 WatcherThread [stack: 0x00007f3ad06e7000,0x00007f3ad07e8000] [id=25866]

VM state:not at safepoint (normal execution)

VM Mutex/Monitor currently owned by a thread: None

Heap:
 PSYoungGen      total 37888K, used 1966K [0x00000000d6800000, 0x00000000d9200000, 0x0000000100000000)
  eden space 32768K, 6% used [0x00000000d6800000,0x00000000d69eb920,0x00000000d8800000)
  from space 5120K, 0% used [0x00000000d8d00000,0x00000000d8d00000,0x00000000d9200000)
  to   space 5120K, 0% used [0x00000000d8800000,0x00000000d8800000,0x00000000d8d00000)
 ParOldGen       total 86016K, used 0K [0x0000000083800000, 0x0000000088c00000, 0x00000000d6800000)
  object space 86016K, 0% used [0x0000000083800000,0x0000000083800000,0x0000000088c00000)
 Metaspace       used 2623K, capacity 4490K, committed 4864K, reserved 1056768K
  class space    used 278K, capacity 386K, committed 512K, reserved 1048576K

Card table byte_map: [0x00007f3ad39c9000,0x00007f3ad3dae000] byte_map_base: 0x00007f3ad35ad000

Marking Bits: (ParMarkBitMap*) 0x00007f3ae9627ac0
 Begin Bits: [0x00007f3ac01c0000, 0x00007f3ac20e0000)
 End Bits:   [0x00007f3ac20e0000, 0x00007f3ac4000000)

Polling page: 0x00007f3aea26e000

CodeCache: size=245760Kb used=1083Kb max_used=1083Kb free=244676Kb
 bounds [0x00007f3ad416e000, 0x00007f3ad43de000, 0x00007f3ae316e000]
 total_blobs=251 nmethods=14 adapters=154
 compilation: enabled

Compilation events (10 events):
Event: 1,033 Thread 0x00007f3ae40b3000   10       1       java.lang.Object::<init> (1 bytes)
Event: 1,033 Thread 0x00007f3ae40b3000 nmethod 10 0x00007f3ad4278c90 code [0x00007f3ad4278de0, 0x00007f3ad4278ef0]
Event: 1,055 Thread 0x00007f3ae40b3000   11       3       java.util.Arrays::copyOfRange (63 bytes)
Event: 1,057 Thread 0x00007f3ae40b3000 nmethod 11 0x00007f3ad4278f50 code [0x00007f3ad4279160, 0x00007f3ad4279c58]
Event: 1,083 Thread 0x00007f3ae40b3000   12       1       java.lang.ref.Reference::get (5 bytes)
Event: 1,083 Thread 0x00007f3ae40b3000 nmethod 12 0x00007f3ad427a150 code [0x00007f3ad427a2a0, 0x00007f3ad427a3b0]
Event: 1,111 Thread 0x00007f3ae40b3000   13       1       java.lang.ThreadLocal::access$400 (5 bytes)
Event: 1,111 Thread 0x00007f3ae40b3000 nmethod 13 0x00007f3ad427a410 code [0x00007f3ad427a560, 0x00007f3ad427a650]
Event: 1,183 Thread 0x00007f3ae40b3000   14       3       java.lang.String::getChars (62 bytes)
Event: 1,184 Thread 0x00007f3ae40b3000 nmethod 14 0x00007f3ad427c550 code [0x00007f3ad427c700, 0x00007f3ad427cb38]

GC Heap History (0 events):
No events

Deoptimization events (0 events):
No events

Internal exceptions (5 events):
Event: 0,740 Thread 0x00007f3ae4009800 Exception <a 'java/lang/NoSuchMethodError': Method sun.misc.Unsafe.defineClass(Ljava/lang/String;[BII)Ljava/lang/Class; name or signature does not match> (0x00000000d6811c68) thrown at [/HUDSON/workspace/8-2-build-linux-amd64/jdk8u20/1074/hotspot/src/shar
Event: 0,740 Thread 0x00007f3ae4009800 Exception <a 'java/lang/NoSuchMethodError': Method sun.misc.Unsafe.prefetchRead(Ljava/lang/Object;J)V name or signature does not match> (0x00000000d6811ef8) thrown at [/HUDSON/workspace/8-2-build-linux-amd64/jdk8u20/1074/hotspot/src/share/vm/prims/jni.cpp
Event: 1,018 Thread 0x00007f3ae4009800 Exception <a 'java/security/PrivilegedActionException'> (0x00000000d68542b8) thrown at [/HUDSON/workspace/8-2-build-linux-amd64/jdk8u20/1074/hotspot/src/share/vm/prims/jvm.cpp, line 1275]
Event: 1,082 Thread 0x00007f3ae4009800 Exception <a 'java/security/PrivilegedActionException'> (0x00000000d685aae0) thrown at [/HUDSON/workspace/8-2-build-linux-amd64/jdk8u20/1074/hotspot/src/share/vm/prims/jvm.cpp, line 1275]
Event: 1,110 Thread 0x00007f3ae4009800 Exception <a 'java/security/PrivilegedActionException'> (0x00000000d685c838) thrown at [/HUDSON/workspace/8-2-build-linux-amd64/jdk8u20/1074/hotspot/src/share/vm/prims/jvm.cpp, line 1275]

Events (10 events):
Event: 1,183 loading class java/net/URI$Parser
Event: 1,183 loading class java/net/URI$Parser done
Event: 1,950 loading class java/util/HashMap$EntrySet
Event: 1,950 loading class java/util/HashMap$EntrySet done
Event: 1,950 loading class java/util/HashMap$EntryIterator
Event: 1,950 loading class java/util/HashMap$HashIterator
Event: 1,950 loading class java/util/HashMap$HashIterator done
Event: 1,950 loading class java/util/HashMap$EntryIterator done
Event: 5,011 Executing VM operation: EnableBiasedLocking
Event: 5,073 Executing VM operation: EnableBiasedLocking done


Dynamic libraries:
00400000-00401000 r-xp 00000000 08:02 5112280                            /usr/lib/jvm/java-8-oracle/bin/java
00600000-00601000 rw-p 00000000 08:02 5112280                            /usr/lib/jvm/java-8-oracle/bin/java
01120000-01141000 rw-p 00000000 00:00 0                                  [heap]
83800000-88c00000 rw-p 00000000 00:00 0 
88c00000-d6800000 ---p 00000000 00:00 0 
d6800000-d9200000 rw-p 00000000 00:00 0 
d9200000-100000000 ---p 00000000 00:00 0 
100000000-100080000 rw-p 00000000 00:00 0 
100080000-140000000 ---p 00000000 00:00 0 
7f3a44000000-7f3a84000000 rwxp 00000000 00:00 0 
7f3a84000000-7f3a84021000 rw-p 00000000 00:00 0 
7f3a84021000-7f3a88000000 ---p 00000000 00:00 0 
7f3a88000000-7f3a88021000 rw-p 00000000 00:00 0 
7f3a88021000-7f3a8c000000 ---p 00000000 00:00 0 
7f3a8c000000-7f3a8c021000 rw-p 00000000 00:00 0 
7f3a8c021000-7f3a90000000 ---p 00000000 00:00 0 
7f3a9072c000-7f3a90b3c000 rw-p 00000000 00:00 0 
7f3a90b3c000-7f3a90b53000 r-xp 00000000 08:02 656675                     /lib/x86_64-linux-gnu/libresolv-2.19.so
7f3a90b53000-7f3a90d53000 ---p 00017000 08:02 656675                     /lib/x86_64-linux-gnu/libresolv-2.19.so
7f3a90d53000-7f3a90d54000 r--p 00017000 08:02 656675                     /lib/x86_64-linux-gnu/libresolv-2.19.so
7f3a90d54000-7f3a90d55000 rw-p 00018000 08:02 656675                     /lib/x86_64-linux-gnu/libresolv-2.19.so
7f3a90d55000-7f3a90d57000 rw-p 00000000 00:00 0 
7f3a90d57000-7f3a90d58000 ---p 00000000 00:00 0 
7f3a90d58000-7f3a91558000 rw-p 00000000 00:00 0 
7f3a91558000-7f3a91559000 ---p 00000000 00:00 0 
7f3a91559000-7f3a91d59000 rw-p 00000000 00:00 0                          [stack:25869]
7f3a91d59000-7f3a91dad000 r-xp 00000000 08:02 657985                     /lib/x86_64-linux-gnu/libssl.so.1.0.0
7f3a91dad000-7f3a91fad000 ---p 00054000 08:02 657985                     /lib/x86_64-linux-gnu/libssl.so.1.0.0
7f3a91fad000-7f3a91fb0000 r--p 00054000 08:02 657985                     /lib/x86_64-linux-gnu/libssl.so.1.0.0
7f3a91fb0000-7f3a91fb6000 rw-p 00057000 08:02 657985                     /lib/x86_64-linux-gnu/libssl.so.1.0.0
7f3a91fb6000-7f3a91fb7000 rw-p 00000000 00:00 0 
7f3a91fb7000-7f3a92168000 r-xp 00000000 08:02 657987                     /lib/x86_64-linux-gnu/libcrypto.so.1.0.0
7f3a92168000-7f3a92367000 ---p 001b1000 08:02 657987                     /lib/x86_64-linux-gnu/libcrypto.so.1.0.0
7f3a92367000-7f3a92382000 r--p 001b0000 08:02 657987                     /lib/x86_64-linux-gnu/libcrypto.so.1.0.0
7f3a92382000-7f3a9238d000 rw-p 001cb000 08:02 657987                     /lib/x86_64-linux-gnu/libcrypto.so.1.0.0
7f3a9238d000-7f3a92391000 rw-p 00000000 00:00 0 
7f3a92391000-7f3a92392000 ---p 00000000 00:00 0 
7f3a92392000-7f3a92b92000 rw-p 00000000 00:00 0 
7f3a92b92000-7f3a92b93000 ---p 00000000 00:00 0 
7f3a92b93000-7f3a93393000 rw-p 00000000 00:00 0                          [stack:25867]
7f3a93393000-7f3a93396000 r-xp 00000000 08:02 4336373                    /usr/lib/x86_64-linux-gnu/gconv/UTF-16.so
7f3a93396000-7f3a93595000 ---p 00003000 08:02 4336373                    /usr/lib/x86_64-linux-gnu/gconv/UTF-16.so
7f3a93595000-7f3a93596000 r--p 00002000 08:02 4336373                    /usr/lib/x86_64-linux-gnu/gconv/UTF-16.so
7f3a93596000-7f3a93597000 rw-p 00003000 08:02 4336373                    /usr/lib/x86_64-linux-gnu/gconv/UTF-16.so
7f3a93597000-7f3a9359c000 r-xp 00000000 08:02 3940435                    /usr/lib/x86_64-linux-gnu/libXdmcp.so.6.0.0
7f3a9359c000-7f3a9379b000 ---p 00005000 08:02 3940435                    /usr/lib/x86_64-linux-gnu/libXdmcp.so.6.0.0
7f3a9379b000-7f3a9379c000 r--p 00004000 08:02 3940435                    /usr/lib/x86_64-linux-gnu/libXdmcp.so.6.0.0
7f3a9379c000-7f3a9379d000 rw-p 00005000 08:02 3940435                    /usr/lib/x86_64-linux-gnu/libXdmcp.so.6.0.0
7f3a9379d000-7f3a9379f000 r-xp 00000000 08:02 3940424                    /usr/lib/x86_64-linux-gnu/libXau.so.6.0.0
7f3a9379f000-7f3a9399f000 ---p 00002000 08:02 3940424                    /usr/lib/x86_64-linux-gnu/libXau.so.6.0.0
7f3a9399f000-7f3a939a0000 r--p 00002000 08:02 3940424                    /usr/lib/x86_64-linux-gnu/libXau.so.6.0.0
7f3a939a0000-7f3a939a1000 rw-p 00003000 08:02 3940424                    /usr/lib/x86_64-linux-gnu/libXau.so.6.0.0
7f3a939a1000-7f3a939be000 r-xp 00000000 08:02 3941492                    /usr/lib/x86_64-linux-gnu/libxcb.so.1.1.0
7f3a939be000-7f3a93bbe000 ---p 0001d000 08:02 3941492                    /usr/lib/x86_64-linux-gnu/libxcb.so.1.1.0
7f3a93bbe000-7f3a93bbf000 r--p 0001d000 08:02 3941492                    /usr/lib/x86_64-linux-gnu/libxcb.so.1.1.0
7f3a93bbf000-7f3a93bc0000 rw-p 0001e000 08:02 3941492                    /usr/lib/x86_64-linux-gnu/libxcb.so.1.1.0
7f3a93bc0000-7f3a93be7000 r-xp 00000000 08:02 659395                     /lib/x86_64-linux-gnu/libexpat.so.1.6.0
7f3a93be7000-7f3a93de7000 ---p 00027000 08:02 659395                     /lib/x86_64-linux-gnu/libexpat.so.1.6.0
7f3a93de7000-7f3a93de9000 r--p 00027000 08:02 659395                     /lib/x86_64-linux-gnu/libexpat.so.1.6.0
7f3a93de9000-7f3a93dea000 rw-p 00029000 08:02 659395                     /lib/x86_64-linux-gnu/libexpat.so.1.6.0
7f3a93dea000-7f3a93e00000 r-xp 00000000 08:02 659400                     /lib/x86_64-linux-gnu/libgcc_s.so.1
7f3a93e00000-7f3a93fff000 ---p 00016000 08:02 659400                     /lib/x86_64-linux-gnu/libgcc_s.so.1
7f3a93fff000-7f3a94000000 rw-p 00015000 08:02 659400                     /lib/x86_64-linux-gnu/libgcc_s.so.1
7f3a94000000-7f3a94021000 rw-p 00000000 00:00 0 
7f3a94021000-7f3a98000000 ---p 00000000 00:00 0 
7f3a98071000-7f3a98157000 r-xp 00000000 08:02 3941330                    /usr/lib/x86_64-linux-gnu/libstdc++.so.6.0.19
7f3a98157000-7f3a98356000 ---p 000e6000 08:02 3941330                    /usr/lib/x86_64-linux-gnu/libstdc++.so.6.0.19
7f3a98356000-7f3a9835e000 r--p 000e5000 08:02 3941330                    /usr/lib/x86_64-linux-gnu/libstdc++.so.6.0.19
7f3a9835e000-7f3a98360000 rw-p 000ed000 08:02 3941330                    /usr/lib/x86_64-linux-gnu/libstdc++.so.6.0.19
7f3a98360000-7f3a98375000 rw-p 00000000 00:00 0 
7f3a98375000-7f3a9838d000 r-xp 00000000 08:02 659536                     /lib/x86_64-linux-gnu/libz.so.1.2.8
7f3a9838d000-7f3a9858c000 ---p 00018000 08:02 659536                     /lib/x86_64-linux-gnu/libz.so.1.2.8
7f3a9858c000-7f3a9858d000 r--p 00017000 08:02 659536                     /lib/x86_64-linux-gnu/libz.so.1.2.8
7f3a9858d000-7f3a9858e000 rw-p 00018000 08:02 659536                     /lib/x86_64-linux-gnu/libz.so.1.2.8
7f3a9858e000-7f3a986be000 r-xp 00000000 08:02 3940420                    /usr/lib/x86_64-linux-gnu/libX11.so.6.3.0
7f3a986be000-7f3a988be000 ---p 00130000 08:02 3940420                    /usr/lib/x86_64-linux-gnu/libX11.so.6.3.0
7f3a988be000-7f3a988bf000 r--p 00130000 08:02 3940420                    /usr/lib/x86_64-linux-gnu/libX11.so.6.3.0
7f3a988bf000-7f3a988c3000 rw-p 00131000 08:02 3940420                    /usr/lib/x86_64-linux-gnu/libX11.so.6.3.0
7f3a988c3000-7f3a98960000 r-xp 00000000 08:02 3932540                    /usr/lib/x86_64-linux-gnu/libfreetype.so.6.11.1
7f3a98960000-7f3a98b5f000 ---p 0009d000 08:02 3932540                    /usr/lib/x86_64-linux-gnu/libfreetype.so.6.11.1
7f3a98b5f000-7f3a98b65000 r--p 0009c000 08:02 3932540                    /usr/lib/x86_64-linux-gnu/libfreetype.so.6.11.1
7f3a98b65000-7f3a98b66000 rw-p 000a2000 08:02 3932540                    /usr/lib/x86_64-linux-gnu/libfreetype.so.6.11.1
7f3a98b66000-7f3a98ba0000 r-xp 00000000 08:02 3932441                    /usr/lib/x86_64-linux-gnu/libfontconfig.so.1.8.0
7f3a98ba0000-7f3a98d9f000 ---p 0003a000 08:02 3932441                    /usr/lib/x86_64-linux-gnu/libfontconfig.so.1.8.0
7f3a98d9f000-7f3a98da1000 r--p 00039000 08:02 3932441                    /usr/lib/x86_64-linux-gnu/libfontconfig.so.1.8.0
7f3a98da1000-7f3a98da2000 rw-p 0003b000 08:02 3932441                    /usr/lib/x86_64-linux-gnu/libfontconfig.so.1.8.0
7f3a98da2000-7f3a98dab000 r-xp 00000000 08:02 3940459                    /usr/lib/x86_64-linux-gnu/libXrender.so.1.3.0
7f3a98dab000-7f3a98faa000 ---p 00009000 08:02 3940459                    /usr/lib/x86_64-linux-gnu/libXrender.so.1.3.0
7f3a98faa000-7f3a98fab000 r--p 00008000 08:02 3940459                    /usr/lib/x86_64-linux-gnu/libXrender.so.1.3.0
7f3a98fab000-7f3a98fac000 rw-p 00009000 08:02 3940459                    /usr/lib/x86_64-linux-gnu/libXrender.so.1.3.0
7f3a98fac000-7f3a98fd1000 r-xp 00000000 08:02 659488                     /lib/x86_64-linux-gnu/libpng12.so.0.50.0
7f3a98fd1000-7f3a991d0000 ---p 00025000 08:02 659488                     /lib/x86_64-linux-gnu/libpng12.so.0.50.0
7f3a991d0000-7f3a991d1000 r--p 00024000 08:02 659488                     /lib/x86_64-linux-gnu/libpng12.so.0.50.0
7f3a991d1000-7f3a991d2000 rw-p 00025000 08:02 659488                     /lib/x86_64-linux-gnu/libpng12.so.0.50.0
7f3a991d2000-7f3a99215000 r-xp 00000000 08:02 3941024                    /usr/lib/x86_64-linux-gnu/libjpeg.so.8.0.2
7f3a99215000-7f3a99415000 ---p 00043000 08:02 3941024                    /usr/lib/x86_64-linux-gnu/libjpeg.so.8.0.2
7f3a99415000-7f3a99416000 r--p 00043000 08:02 3941024                    /usr/lib/x86_64-linux-gnu/libjpeg.so.8.0.2
7f3a99416000-7f3a99417000 rw-p 00044000 08:02 3941024                    /usr/lib/x86_64-linux-gnu/libjpeg.so.8.0.2
7f3a99417000-7f3a99427000 rw-p 00000000 00:00 0 
7f3a99427000-7f3a9bbab000 r-xp 00000000 08:02 4205335                    /usr/local/lib/libwkhtmltox.so.0.12.1
7f3a9bbab000-7f3a9bdab000 ---p 02784000 08:02 4205335                    /usr/local/lib/libwkhtmltox.so.0.12.1
7f3a9bdab000-7f3a9bfb4000 r--p 02784000 08:02 4205335                    /usr/local/lib/libwkhtmltox.so.0.12.1
7f3a9bfb4000-7f3a9bfcd000 rw-p 0298d000 08:02 4205335                    /usr/local/lib/libwkhtmltox.so.0.12.1
7f3a9bfcd000-7f3a9c000000 rw-p 00000000 00:00 0 
7f3a9c000000-7f3a9c025000 rw-p 00000000 00:00 0 
7f3a9c025000-7f3aa0000000 ---p 00000000 00:00 0 
7f3aa0000000-7f3aa0021000 rw-p 00000000 00:00 0 
7f3aa0021000-7f3aa4000000 ---p 00000000 00:00 0 
7f3aa4000000-7f3aa4026000 rw-p 00000000 00:00 0 
7f3aa4026000-7f3aa8000000 ---p 00000000 00:00 0 
7f3aa8000000-7f3aa8021000 rw-p 00000000 00:00 0 
7f3aa8021000-7f3aac000000 ---p 00000000 00:00 0 
7f3aac000000-7f3aac021000 rw-p 00000000 00:00 0 
7f3aac021000-7f3ab0000000 ---p 00000000 00:00 0 
7f3ab0000000-7f3ab0021000 rw-p 00000000 00:00 0 
7f3ab0021000-7f3ab4000000 ---p 00000000 00:00 0 
7f3ab4000000-7f3ab4021000 rw-p 00000000 00:00 0 
7f3ab4021000-7f3ab8000000 ---p 00000000 00:00 0 
7f3ab8000000-7f3ab8021000 rw-p 00000000 00:00 0 
7f3ab8021000-7f3abc000000 ---p 00000000 00:00 0 
7f3abc000000-7f3abc021000 rw-p 00000000 00:00 0 
7f3abc021000-7f3ac0000000 ---p 00000000 00:00 0 
7f3ac00c0000-7f3ac4000000 rw-p 00000000 00:00 0 
7f3ac4000000-7f3ac4021000 rw-p 00000000 00:00 0 
7f3ac4021000-7f3ac8000000 ---p 00000000 00:00 0 
7f3ac8000000-7f3ac8021000 rw-p 00000000 00:00 0 
7f3ac8021000-7f3acc000000 ---p 00000000 00:00 0 
7f3acc000000-7f3acc021000 rw-p 00000000 00:00 0 
7f3acc021000-7f3ad0000000 ---p 00000000 00:00 0 
7f3ad0000000-7f3ad0001000 rw-p 00000000 00:00 0 
7f3ad0001000-7f3ad000a000 rw-p 00000000 00:00 0 
7f3ad000a000-7f3ad0032000 rw-p 00000000 00:00 0 
7f3ad0032000-7f3ad0033000 r--s 00000000 08:02 5636167                    /var/cache/fontconfig/c05880de57d1f5e948fdfacc138775d9-le64.cache-4
7f3ad0033000-7f3ad003e000 r--s 00000000 08:02 5636166                    /var/cache/fontconfig/945677eb7aeaf62f1d50efc3fb3ec7d8-le64.cache-4
7f3ad003e000-7f3ad0044000 r--s 00000000 08:02 5636164                    /var/cache/fontconfig/2cd17615ca594fa2959ae173292e504c-le64.cache-4
7f3ad0044000-7f3ad0045000 r--s 00000000 08:02 5636163                    /var/cache/fontconfig/e7071f4a29fa870f4323321c154eba04-le64.cache-4
7f3ad0045000-7f3ad0046000 r--s 00000000 08:02 5636162                    /var/cache/fontconfig/0d8c3b2ac0904cb8a57a757ad11a4a08-le64.cache-4
7f3ad0046000-7f3ad004d000 r--s 00000000 08:02 5636161                    /var/cache/fontconfig/a755afe4a08bf5b97852ceb7400b47bc-le64.cache-4
7f3ad004d000-7f3ad0061000 r--s 00000000 08:02 5636160                    /var/cache/fontconfig/04aabc0a78ac019cf9454389977116d2-le64.cache-4
7f3ad0061000-7f3ad0062000 r--s 00000000 08:02 5636159                    /var/cache/fontconfig/1ac9eb803944fde146138c791f5cc56a-le64.cache-4
7f3ad0062000-7f3ad0066000 r--s 00000000 08:02 5636158                    /var/cache/fontconfig/385c0604a188198f04d133e54aba7fe7-le64.cache-4
7f3ad0066000-7f3ad006b000 r--s 00000000 08:02 5636155                    /var/cache/fontconfig/8801497958630a81b71ace7c5f9b32a8-le64.cache-4
7f3ad006b000-7f3ad0072000 r--s 00000000 08:02 5636154                    /var/cache/fontconfig/3047814df9a2f067bd2d96a2b9c36e5a-le64.cache-4
7f3ad0072000-7f3ad0078000 r--s 00000000 08:02 5636151                    /var/cache/fontconfig/b47c4e1ecd0709278f4910c18777a504-le64.cache-4
7f3ad0078000-7f3ad008b000 r--s 00000000 08:02 5636150                    /var/cache/fontconfig/d52a8644073d54c13679302ca1180695-le64.cache-4
7f3ad008b000-7f3ad008d000 r-xp 00000000 00:18 9966269                    /home/dalmir/hpprojects/jwk/c/JWkLib/dist/libJWkLib.so
7f3ad008d000-7f3ad028c000 ---p 00002000 00:18 9966269                    /home/dalmir/hpprojects/jwk/c/JWkLib/dist/libJWkLib.so
7f3ad028c000-7f3ad028d000 r--p 00001000 00:18 9966269                    /home/dalmir/hpprojects/jwk/c/JWkLib/dist/libJWkLib.so
7f3ad028d000-7f3ad028e000 rw-p 00002000 00:18 9966269                    /home/dalmir/hpprojects/jwk/c/JWkLib/dist/libJWkLib.so
7f3ad028e000-7f3ad02bf000 rw-p 00000000 00:00 0 
7f3ad02bf000-7f3ad02d5000 r-xp 00000000 08:02 5261218                    /usr/lib/jvm/java-8-oracle/jre/lib/amd64/libnet.so
7f3ad02d5000-7f3ad04d5000 ---p 00016000 08:02 5261218                    /usr/lib/jvm/java-8-oracle/jre/lib/amd64/libnet.so
7f3ad04d5000-7f3ad04d6000 rw-p 00016000 08:02 5261218                    /usr/lib/jvm/java-8-oracle/jre/lib/amd64/libnet.so
7f3ad04d6000-7f3ad04e7000 r-xp 00000000 08:02 5261222                    /usr/lib/jvm/java-8-oracle/jre/lib/amd64/libnio.so
7f3ad04e7000-7f3ad06e6000 ---p 00011000 08:02 5261222                    /usr/lib/jvm/java-8-oracle/jre/lib/amd64/libnio.so
7f3ad06e6000-7f3ad06e7000 rw-p 00010000 08:02 5261222                    /usr/lib/jvm/java-8-oracle/jre/lib/amd64/libnio.so
7f3ad06e7000-7f3ad06e8000 ---p 00000000 00:00 0 
7f3ad06e8000-7f3ad07e8000 rw-p 00000000 00:00 0                          [stack:25866]
7f3ad07e8000-7f3ad07eb000 ---p 00000000 00:00 0 
7f3ad07eb000-7f3ad08e9000 rw-p 00000000 00:00 0                          [stack:25865]
7f3ad08e9000-7f3ad08ec000 ---p 00000000 00:00 0 
7f3ad08ec000-7f3ad09ea000 rw-p 00000000 00:00 0                          [stack:25864]
7f3ad09ea000-7f3ad09ed000 ---p 00000000 00:00 0 
7f3ad09ed000-7f3ad0aeb000 rw-p 00000000 00:00 0                          [stack:25863]
7f3ad0aeb000-7f3ad0aee000 ---p 00000000 00:00 0 
7f3ad0aee000-7f3ad0bec000 rw-p 00000000 00:00 0                          [stack:25862]
7f3ad0bec000-7f3ad0bef000 ---p 00000000 00:00 0 
7f3ad0bef000-7f3ad0ced000 rw-p 00000000 00:00 0                          [stack:25861]
7f3ad0ced000-7f3ad13d1000 r--p 00000000 08:02 3939342                    /usr/lib/locale/locale-archive
7f3ad13d1000-7f3ad13d4000 ---p 00000000 00:00 0 
7f3ad13d4000-7f3ad14d2000 rw-p 00000000 00:00 0                          [stack:25860]
7f3ad14d2000-7f3ad14d5000 ---p 00000000 00:00 0 
7f3ad14d5000-7f3ad15d3000 rw-p 00000000 00:00 0                          [stack:25859]
7f3ad15d3000-7f3ad15d4000 ---p 00000000 00:00 0 
7f3ad15d4000-7f3ad2674000 rw-p 00000000 00:00 0                          [stack:25858]
7f3ad2674000-7f3ad284a000 r--s 03ca8000 08:02 5112376                    /usr/lib/jvm/java-8-oracle/jre/lib/rt.jar
7f3ad284a000-7f3ad2c8a000 rw-p 00000000 00:00 0 
7f3ad2c8a000-7f3ad304a000 ---p 00000000 00:00 0 
7f3ad304a000-7f3ad342e000 rw-p 00000000 00:00 0 
7f3ad342e000-7f3ad342f000 ---p 00000000 00:00 0 
7f3ad342f000-7f3ad352f000 rw-p 00000000 00:00 0                          [stack:25857]
7f3ad352f000-7f3ad3530000 ---p 00000000 00:00 0 
7f3ad3530000-7f3ad3630000 rw-p 00000000 00:00 0                          [stack:25856]
7f3ad3630000-7f3ad3631000 ---p 00000000 00:00 0 
7f3ad3631000-7f3ad375b000 rw-p 00000000 00:00 0                          [stack:25855]
7f3ad375b000-7f3ad39c9000 ---p 00000000 00:00 0 
7f3ad39c9000-7f3ad39f3000 rw-p 00000000 00:00 0 
7f3ad39f3000-7f3ad3c61000 ---p 00000000 00:00 0 
7f3ad3c61000-7f3ad3c76000 rw-p 00000000 00:00 0 
7f3ad3c76000-7f3ad3dad000 ---p 00000000 00:00 0 
7f3ad3dad000-7f3ad3db8000 rw-p 00000000 00:00 0 
7f3ad3db8000-7f3ad416e000 ---p 00000000 00:00 0 
7f3ad416e000-7f3ad43de000 rwxp 00000000 00:00 0 
7f3ad43de000-7f3ae316e000 ---p 00000000 00:00 0 
7f3ae316e000-7f3ae3188000 r-xp 00000000 08:02 5261245                    /usr/lib/jvm/java-8-oracle/jre/lib/amd64/libzip.so
7f3ae3188000-7f3ae3388000 ---p 0001a000 08:02 5261245                    /usr/lib/jvm/java-8-oracle/jre/lib/amd64/libzip.so
7f3ae3388000-7f3ae3389000 rw-p 0001a000 08:02 5261245                    /usr/lib/jvm/java-8-oracle/jre/lib/amd64/libzip.so
7f3ae3389000-7f3ae3394000 r-xp 00000000 08:02 657978                     /lib/x86_64-linux-gnu/libnss_files-2.19.so
7f3ae3394000-7f3ae3593000 ---p 0000b000 08:02 657978                     /lib/x86_64-linux-gnu/libnss_files-2.19.so
7f3ae3593000-7f3ae3594000 r--p 0000a000 08:02 657978                     /lib/x86_64-linux-gnu/libnss_files-2.19.so
7f3ae3594000-7f3ae3595000 rw-p 0000b000 08:02 657978                     /lib/x86_64-linux-gnu/libnss_files-2.19.so
7f3ae3595000-7f3ae35a0000 r-xp 00000000 08:02 656672                     /lib/x86_64-linux-gnu/libnss_nis-2.19.so
7f3ae35a0000-7f3ae379f000 ---p 0000b000 08:02 656672                     /lib/x86_64-linux-gnu/libnss_nis-2.19.so
7f3ae379f000-7f3ae37a0000 r--p 0000a000 08:02 656672                     /lib/x86_64-linux-gnu/libnss_nis-2.19.so
7f3ae37a0000-7f3ae37a1000 rw-p 0000b000 08:02 656672                     /lib/x86_64-linux-gnu/libnss_nis-2.19.so
7f3ae37a1000-7f3ae37b8000 r-xp 00000000 08:02 657980                     /lib/x86_64-linux-gnu/libnsl-2.19.so
7f3ae37b8000-7f3ae39b7000 ---p 00017000 08:02 657980                     /lib/x86_64-linux-gnu/libnsl-2.19.so
7f3ae39b7000-7f3ae39b8000 r--p 00016000 08:02 657980                     /lib/x86_64-linux-gnu/libnsl-2.19.so
7f3ae39b8000-7f3ae39b9000 rw-p 00017000 08:02 657980                     /lib/x86_64-linux-gnu/libnsl-2.19.so
7f3ae39b9000-7f3ae39bb000 rw-p 00000000 00:00 0 
7f3ae39bb000-7f3ae39c4000 r-xp 00000000 08:02 657973                     /lib/x86_64-linux-gnu/libnss_compat-2.19.so
7f3ae39c4000-7f3ae3bc3000 ---p 00009000 08:02 657973                     /lib/x86_64-linux-gnu/libnss_compat-2.19.so
7f3ae3bc3000-7f3ae3bc4000 r--p 00008000 08:02 657973                     /lib/x86_64-linux-gnu/libnss_compat-2.19.so
7f3ae3bc4000-7f3ae3bc5000 rw-p 00009000 08:02 657973                     /lib/x86_64-linux-gnu/libnss_compat-2.19.so
7f3ae3bc5000-7f3ae3bef000 r-xp 00000000 08:02 5261233                    /usr/lib/jvm/java-8-oracle/jre/lib/amd64/libjava.so
7f3ae3bef000-7f3ae3def000 ---p 0002a000 08:02 5261233                    /usr/lib/jvm/java-8-oracle/jre/lib/amd64/libjava.so
7f3ae3def000-7f3ae3df1000 rw-p 0002a000 08:02 5261233                    /usr/lib/jvm/java-8-oracle/jre/lib/amd64/libjava.so
7f3ae3df1000-7f3ae3dfe000 r-xp 00000000 08:02 5261246                    /usr/lib/jvm/java-8-oracle/jre/lib/amd64/libverify.so
7f3ae3dfe000-7f3ae3ffe000 ---p 0000d000 08:02 5261246                    /usr/lib/jvm/java-8-oracle/jre/lib/amd64/libverify.so
7f3ae3ffe000-7f3ae4000000 rw-p 0000d000 08:02 5261246                    /usr/lib/jvm/java-8-oracle/jre/lib/amd64/libverify.so
7f3ae4000000-7f3ae4295000 rw-p 00000000 00:00 0 
7f3ae4295000-7f3ae8000000 ---p 00000000 00:00 0 
7f3ae8000000-7f3ae8001000 r--s 00000000 08:02 5636157                    /var/cache/fontconfig/dc05db6664285cc2f12bf69c139ae4c3-le64.cache-4
7f3ae8001000-7f3ae8009000 r--s 00000000 08:02 5636149                    /var/cache/fontconfig/3f7329c5293ffd510edef78f73874cfd-le64.cache-4
7f3ae8009000-7f3ae80c1000 rw-p 00000000 00:00 0 
7f3ae80c1000-7f3ae80c2000 ---p 00000000 00:00 0 
7f3ae80c2000-7f3ae81c2000 rw-p 00000000 00:00 0                          [stack:25854]
7f3ae81c2000-7f3ae81c9000 r-xp 00000000 08:02 657976                     /lib/x86_64-linux-gnu/librt-2.19.so
7f3ae81c9000-7f3ae83c8000 ---p 00007000 08:02 657976                     /lib/x86_64-linux-gnu/librt-2.19.so
7f3ae83c8000-7f3ae83c9000 r--p 00006000 08:02 657976                     /lib/x86_64-linux-gnu/librt-2.19.so
7f3ae83c9000-7f3ae83ca000 rw-p 00007000 08:02 657976                     /lib/x86_64-linux-gnu/librt-2.19.so
7f3ae83ca000-7f3ae84cf000 r-xp 00000000 08:02 657977                     /lib/x86_64-linux-gnu/libm-2.19.so
7f3ae84cf000-7f3ae86ce000 ---p 00105000 08:02 657977                     /lib/x86_64-linux-gnu/libm-2.19.so
7f3ae86ce000-7f3ae86cf000 r--p 00104000 08:02 657977                     /lib/x86_64-linux-gnu/libm-2.19.so
7f3ae86cf000-7f3ae86d0000 rw-p 00105000 08:02 657977                     /lib/x86_64-linux-gnu/libm-2.19.so
7f3ae86d0000-7f3ae933a000 r-xp 00000000 08:02 5387260                    /usr/lib/jvm/java-8-oracle/jre/lib/amd64/server/libjvm.so
7f3ae933a000-7f3ae9539000 ---p 00c6a000 08:02 5387260                    /usr/lib/jvm/java-8-oracle/jre/lib/amd64/server/libjvm.so
7f3ae9539000-7f3ae9610000 rw-p 00c69000 08:02 5387260                    /usr/lib/jvm/java-8-oracle/jre/lib/amd64/server/libjvm.so
7f3ae9610000-7f3ae9652000 rw-p 00000000 00:00 0 
7f3ae9652000-7f3ae980e000 r-xp 00000000 08:02 657981                     /lib/x86_64-linux-gnu/libc-2.19.so
7f3ae980e000-7f3ae9a0d000 ---p 001bc000 08:02 657981                     /lib/x86_64-linux-gnu/libc-2.19.so
7f3ae9a0d000-7f3ae9a11000 r--p 001bb000 08:02 657981                     /lib/x86_64-linux-gnu/libc-2.19.so
7f3ae9a11000-7f3ae9a13000 rw-p 001bf000 08:02 657981                     /lib/x86_64-linux-gnu/libc-2.19.so
7f3ae9a13000-7f3ae9a18000 rw-p 00000000 00:00 0 
7f3ae9a18000-7f3ae9a1b000 r-xp 00000000 08:02 657970                     /lib/x86_64-linux-gnu/libdl-2.19.so
7f3ae9a1b000-7f3ae9c1a000 ---p 00003000 08:02 657970                     /lib/x86_64-linux-gnu/libdl-2.19.so
7f3ae9c1a000-7f3ae9c1b000 r--p 00002000 08:02 657970                     /lib/x86_64-linux-gnu/libdl-2.19.so
7f3ae9c1b000-7f3ae9c1c000 rw-p 00003000 08:02 657970                     /lib/x86_64-linux-gnu/libdl-2.19.so
7f3ae9c1c000-7f3ae9c31000 r-xp 00000000 08:02 4723865                    /usr/lib/jvm/java-8-oracle/lib/amd64/jli/libjli.so
7f3ae9c31000-7f3ae9e30000 ---p 00015000 08:02 4723865                    /usr/lib/jvm/java-8-oracle/lib/amd64/jli/libjli.so
7f3ae9e30000-7f3ae9e31000 rw-p 00014000 08:02 4723865                    /usr/lib/jvm/java-8-oracle/lib/amd64/jli/libjli.so
7f3ae9e31000-7f3ae9e4a000 r-xp 00000000 08:02 657983                     /lib/x86_64-linux-gnu/libpthread-2.19.so
7f3ae9e4a000-7f3aea049000 ---p 00019000 08:02 657983                     /lib/x86_64-linux-gnu/libpthread-2.19.so
7f3aea049000-7f3aea04a000 r--p 00018000 08:02 657983                     /lib/x86_64-linux-gnu/libpthread-2.19.so
7f3aea04a000-7f3aea04b000 rw-p 00019000 08:02 657983                     /lib/x86_64-linux-gnu/libpthread-2.19.so
7f3aea04b000-7f3aea04f000 rw-p 00000000 00:00 0 
7f3aea04f000-7f3aea072000 r-xp 00000000 08:02 657969                     /lib/x86_64-linux-gnu/ld-2.19.so
7f3aea072000-7f3aea074000 r--s 00000000 08:02 5636125                    /var/cache/fontconfig/767a8244fc0220cfb567a839d0392e0b-le64.cache-4
7f3aea074000-7f3aea075000 r--s 00000000 08:02 5636156                    /var/cache/fontconfig/4794a0821666d79190d59a36cb4f44b5-le64.cache-4
7f3aea075000-7f3aea079000 r--s 00000000 08:02 5636148                    /var/cache/fontconfig/d589a48862398ed80a3d6066f4f56f4c-le64.cache-4
7f3aea079000-7f3aea086000 r--s 00000000 08:02 5636399                    /var/cache/fontconfig/e13b20fdb08344e0e664864cc2ede53d-le64.cache-4
7f3aea086000-7f3aea151000 rw-p 00000000 00:00 0 
7f3aea151000-7f3aea154000 ---p 00000000 00:00 0 
7f3aea154000-7f3aea256000 rw-p 00000000 00:00 0                          [stack:25853]
7f3aea256000-7f3aea257000 r--s 00000000 08:02 5636153                    /var/cache/fontconfig/56cf4f4769d0f4abc89a4895d7bd3ae1-le64.cache-4
7f3aea257000-7f3aea258000 r--s 00000000 08:02 5636152                    /var/cache/fontconfig/b9d506c9ac06c20b433354fa67a72993-le64.cache-4
7f3aea258000-7f3aea259000 r--s 00000000 08:02 5636147                    /var/cache/fontconfig/0c9eb80ebd1c36541ebe2852d3bb0c49-le64.cache-4
7f3aea259000-7f3aea25d000 r--s 00000000 08:02 5636274                    /var/cache/fontconfig/7ef2298fde41cc6eeb7af42e48b7d293-le64.cache-4
7f3aea25d000-7f3aea264000 r--s 00000000 08:02 4336385                    /usr/lib/x86_64-linux-gnu/gconv/gconv-modules.cache
7f3aea264000-7f3aea265000 rw-p 00000000 00:00 0 
7f3aea265000-7f3aea26d000 rw-s 00000000 08:02 46                         /tmp/hsperfdata_dalmir/25849
7f3aea26d000-7f3aea26e000 rw-p 00000000 00:00 0 
7f3aea26e000-7f3aea26f000 r--p 00000000 00:00 0 
7f3aea26f000-7f3aea271000 rw-p 00000000 00:00 0 
7f3aea271000-7f3aea272000 r--p 00022000 08:02 657969                     /lib/x86_64-linux-gnu/ld-2.19.so
7f3aea272000-7f3aea273000 rw-p 00023000 08:02 657969                     /lib/x86_64-linux-gnu/ld-2.19.so
7f3aea273000-7f3aea274000 rw-p 00000000 00:00 0 
7fff16f06000-7fff16f27000 rw-p 00000000 00:00 0                          [stack]
7fff16ffe000-7fff17000000 r-xp 00000000 00:00 0                          [vdso]
ffffffffff600000-ffffffffff601000 r-xp 00000000 00:00 0                  [vsyscall]

VM Arguments:
jvm_args: -Dfile.encoding=UTF-8 
java_command: jwk.Main
java_class_path (initial): /home/dalmir/hpprojects/jwk/java/JWk/build/classes
Launcher Type: SUN_STANDARD

Environment Variables:
PATH=/home/dalmir/bin:/usr/local/sbin:/usr/local/bin:/usr/sbin:/usr/bin:/sbin:/bin:/usr/games:/usr/local/games
LD_LIBRARY_PATH=/usr/lib/jvm/java-8-oracle/jre/lib/amd64:/usr/lib/jvm/java-8-oracle/jre/lib/i386:
SHELL=/bin/bash
DISPLAY=:0

Signal Handlers:
SIGSEGV: [libjvm.so+0xa77530], sa_mask[0]=11111111011111111101111111111110, sa_flags=SA_RESTART|SA_SIGINFO
SIGBUS: [libjvm.so+0xa77530], sa_mask[0]=11111111011111111101111111111110, sa_flags=SA_RESTART|SA_SIGINFO
SIGFPE: [libjvm.so+0x8e1d90], sa_mask[0]=11111111011111111101111111111110, sa_flags=SA_RESTART|SA_SIGINFO
SIGPIPE: SIG_IGN, sa_mask[0]=00000000000000000000000000000000, sa_flags=none
SIGXFSZ: [libjvm.so+0x8e1d90], sa_mask[0]=11111111011111111101111111111110, sa_flags=SA_RESTART|SA_SIGINFO
SIGILL: [libjvm.so+0x8e1d90], sa_mask[0]=11111111011111111101111111111110, sa_flags=SA_RESTART|SA_SIGINFO
SIGUSR1: SIG_DFL, sa_mask[0]=00000000000000000000000000000000, sa_flags=none
SIGUSR2: [libjvm.so+0x8e35c0], sa_mask[0]=00100000000000000000000000000000, sa_flags=SA_RESTART|SA_SIGINFO
SIGHUP: [libjvm.so+0x8e4980], sa_mask[0]=11111111011111111101111111111110, sa_flags=SA_RESTART|SA_SIGINFO
SIGINT: SIG_IGN, sa_mask[0]=00000000000000000000000000000000, sa_flags=none
SIGTERM: [libjvm.so+0x8e4980], sa_mask[0]=11111111011111111101111111111110, sa_flags=SA_RESTART|SA_SIGINFO
SIGQUIT: [libjvm.so+0x8e4980], sa_mask[0]=11111111011111111101111111111110, sa_flags=SA_RESTART|SA_SIGINFO


---------------  S Y S T E M  ---------------

OS:DISTRIB_ID=Ubuntu
DISTRIB_RELEASE=14.04
DISTRIB_CODENAME=trusty
DISTRIB_DESCRIPTION="Ubuntu 14.04.1 LTS"

uname:Linux 3.13.0-34-generic #60-Ubuntu SMP Wed Aug 13 15:45:27 UTC 2014 x86_64
libc:glibc 2.19 NPTL 2.19 
rlimit: STACK 8192k, CORE 0k, NPROC 63495, NOFILE 4096, AS infinity
load average:5,12 2,65 1,92

/proc/meminfo:
MemTotal:        8156820 kB
MemFree:          168252 kB
Buffers:            2316 kB
Cached:           181732 kB
SwapCached:            0 kB
Active:          5285864 kB
Inactive:         130668 kB
Active(anon):    5233920 kB
Inactive(anon):    89764 kB
Active(file):      51944 kB
Inactive(file):    40904 kB
Unevictable:         112 kB
Mlocked:             112 kB
SwapTotal:             0 kB
SwapFree:              0 kB
Dirty:              3780 kB
Writeback:             0 kB
AnonPages:       5232740 kB
Mapped:          2334924 kB
Shmem:             91056 kB
Slab:             122396 kB
SReclaimable:      36108 kB
SUnreclaim:        86288 kB
KernelStack:        9536 kB
PageTables:       117580 kB
NFS_Unstable:          0 kB
Bounce:                0 kB
WritebackTmp:          0 kB
CommitLimit:     4078408 kB
Committed_AS:   16456000 kB
VmallocTotal:   34359738367 kB
VmallocUsed:      126216 kB
VmallocChunk:   34359570940 kB
HardwareCorrupted:     0 kB
AnonHugePages:   1798144 kB
HugePages_Total:       0
HugePages_Free:        0
HugePages_Rsvd:        0
HugePages_Surp:        0
Hugepagesize:       2048 kB
DirectMap4k:     2059924 kB
DirectMap2M:     6311936 kB


CPU:total 4 (4 cores per cpu, 1 threads per core) family 6 model 26 stepping 5, cmov, cx8, fxsr, mmx, sse, sse2, sse3, ssse3, sse4.1, sse4.2, popcnt, tsc, tscinvbit, tscinv

/proc/cpuinfo:
processor	: 0
vendor_id	: GenuineIntel
cpu family	: 6
model		: 26
model name	: Intel(R) Xeon(R) CPU           E5506  @ 2.13GHz
stepping	: 5
microcode	: 0x19
cpu MHz		: 2128.000
cache size	: 4096 KB
physical id	: 0
siblings	: 4
core id		: 0
cpu cores	: 4
apicid		: 0
initial apicid	: 0
fpu		: yes
fpu_exception	: yes
cpuid level	: 11
wp		: yes
flags		: fpu vme de pse tsc msr pae mce cx8 apic sep mtrr pge mca cmov pat pse36 clflush dts acpi mmx fxsr sse sse2 ss ht tm pbe syscall nx rdtscp lm constant_tsc arch_perfmon pebs bts rep_good nopl xtopology nonstop_tsc aperfmperf pni dtes64 monitor ds_cpl vmx est tm2 ssse3 cx16 xtpr pdcm dca sse4_1 sse4_2 popcnt lahf_lm dtherm tpr_shadow vnmi flexpriority ept vpid
bogomips	: 4255.72
clflush size	: 64
cache_alignment	: 64
address sizes	: 40 bits physical, 48 bits virtual
power management:

processor	: 1
vendor_id	: GenuineIntel
cpu family	: 6
model		: 26
model name	: Intel(R) Xeon(R) CPU           E5506  @ 2.13GHz
stepping	: 5
microcode	: 0x19
cpu MHz		: 1596.000
cache size	: 4096 KB
physical id	: 0
siblings	: 4
core id		: 1
cpu cores	: 4
apicid		: 2
initial apicid	: 2
fpu		: yes
fpu_exception	: yes
cpuid level	: 11
wp		: yes
flags		: fpu vme de pse tsc msr pae mce cx8 apic sep mtrr pge mca cmov pat pse36 clflush dts acpi mmx fxsr sse sse2 ss ht tm pbe syscall nx rdtscp lm constant_tsc arch_perfmon pebs bts rep_good nopl xtopology nonstop_tsc aperfmperf pni dtes64 monitor ds_cpl vmx est tm2 ssse3 cx16 xtpr pdcm dca sse4_1 sse4_2 popcnt lahf_lm dtherm tpr_shadow vnmi flexpriority ept vpid
bogomips	: 4255.72
clflush size	: 64
cache_alignment	: 64
address sizes	: 40 bits physical, 48 bits virtual
power management:

processor	: 2
vendor_id	: GenuineIntel
cpu family	: 6
model		: 26
model name	: Intel(R) Xeon(R) CPU           E5506  @ 2.13GHz
stepping	: 5
microcode	: 0x19
cpu MHz		: 1596.000
cache size	: 4096 KB
physical id	: 0
siblings	: 4
core id		: 2
cpu cores	: 4
apicid		: 4
initial apicid	: 4
fpu		: yes
fpu_exception	: yes
cpuid level	: 11
wp		: yes
flags		: fpu vme de pse tsc msr pae mce cx8 apic sep mtrr pge mca cmov pat pse36 clflush dts acpi mmx fxsr sse sse2 ss ht tm pbe syscall nx rdtscp lm constant_tsc arch_perfmon pebs bts rep_good nopl xtopology nonstop_tsc aperfmperf pni dtes64 monitor ds_cpl vmx est tm2 ssse3 cx16 xtpr pdcm dca sse4_1 sse4_2 popcnt lahf_lm dtherm tpr_shadow vnmi flexpriority ept vpid
bogomips	: 4255.72
clflush size	: 64
cache_alignment	: 64
address sizes	: 40 bits physical, 48 bits virtual
power management:

processor	: 3
vendor_id	: GenuineIntel
cpu family	: 6
model		: 26
model name	: Intel(R) Xeon(R) CPU           E5506  @ 2.13GHz
stepping	: 5
microcode	: 0x19
cpu MHz		: 1596.000
cache size	: 4096 KB
physical id	: 0
siblings	: 4
core id		: 3
cpu cores	: 4
apicid		: 6
initial apicid	: 6
fpu		: yes
fpu_exception	: yes
cpuid level	: 11
wp		: yes
flags		: fpu vme de pse tsc msr pae mce cx8 apic sep mtrr pge mca cmov pat pse36 clflush dts acpi mmx fxsr sse sse2 ss ht tm pbe syscall nx rdtscp lm constant_tsc arch_perfmon pebs bts rep_good nopl xtopology nonstop_tsc aperfmperf pni dtes64 monitor ds_cpl vmx est tm2 ssse3 cx16 xtpr pdcm dca sse4_1 sse4_2 popcnt lahf_lm dtherm tpr_shadow vnmi flexpriority ept vpid
bogomips	: 4255.72
clflush size	: 64
cache_alignment	: 64
address sizes	: 40 bits physical, 48 bits virtual
power management:



Memory: 4k page, physical 8156820k(168252k free), swap 0k(0k free)

vm_info: Java HotSpot(TM) 64-Bit Server VM (25.20-b23) for linux-amd64 JRE (1.8.0_20-b26), built on Jul 30 2014 13:13:52 by "java_re" with gcc 4.3.0 20080428 (Red Hat 4.3.0-8)

time: Tue Aug 26 12:00:49 2014
elapsed time: 6 seconds (0d 0h 0m 6s)

