#
# A fatal error has been detected by the Java Runtime Environment:
#
#  SIGSEGV (0xb) at pc=0x00007f97a315465b, pid=25810, tid=140289126663936
#
# JRE version: Java(TM) SE Runtime Environment (8.0_20-b26) (build 1.8.0_20-b26)
# Java VM: Java HotSpot(TM) 64-Bit Server VM (25.20-b23 mixed mode linux-amd64 compressed oops)
# Problematic frame:
# C  [libwkhtmltox.so.0+0x1d2d65b]
#
# Failed to write core dump. Core dumps have been disabled. To enable core dumping, try "ulimit -c unlimited" before starting Java again
#
# If you would like to submit a bug report, please visit:
#   http://bugreport.sun.com/bugreport/crash.jsp
# The crash happened outside the Java Virtual Machine in native code.
# See problematic frame for where to report the bug.
#

---------------  T H R E A D  ---------------

Current thread (0x00007f97c010a800):  JavaThread "Thread-9" [_thread_in_native, id=25837, stack(0x00007f979b7f8000,0x00007f979b8f9000)]

siginfo: si_signo: 11 (SIGSEGV), si_code: 1 (SEGV_MAPERR), si_addr: 0x0000000000000020

Registers:
RAX=0x0000000000000000, RBX=0x0000000000000000, RCX=0x000000000000005f, RDX=0x0000000000000000
RSP=0x00007f979b8f5e70, RBP=0x0000000000000020, RSI=0x0000000000000000, RDI=0x0000000000000000
R8 =0x0000000000000000, R9 =0x0000000000000001, R10=0x00007f97c6515be0, R11=0x000000000000000f
R12=0x00007f979b8f6170, R13=0x00007f974801a690, R14=0x0000000000000002, R15=0x0000000000000001
RIP=0x00007f97a315465b, EFLAGS=0x0000000000010202, CSGSFS=0x0000000000000033, ERR=0x0000000000000004
  TRAPNO=0x000000000000000e

Top of Stack: (sp=0x00007f979b8f5e70)
0x00007f979b8f5e70:   00007f979acf33e0 00000000000000a8
0x00007f979b8f5e80:   ffff80686470a101 000000000000000b
0x00007f979b8f5e90:   0000000000000002 00007f9748000020
0x00007f979b8f5ea0:   0000000000000088 00007f979b8f6060
0x00007f979b8f5eb0:   00007f974801a690 0000000000000002
0x00007f979b8f5ec0:   0000000000000000 00007f97a35174c8
0x00007f979b8f5ed0:   00007f979b8f6060 00007f97a3517424
0x00007f979b8f5ee0:   00007f979b8f5e5c 00007f97a0c33f2d
0x00007f979b8f5ef0:   0000000000000000 00007f979b8f6060
0x00007f979b8f5f00:   0000000000000000 00007f979b8f6170
0x00007f979b8f5f10:   00007f979b8f6060 0000000000000000
0x00007f979b8f5f20:   00007f979b8f6170 00007f97a3152a64
0x00007f979b8f5f30:   00007f974801a690 00007f979b8f6060
0x00007f979b8f5f40:   00007f979b8f6050 00007f97a31257dd
0x00007f979b8f5f50:   00007f974801a9a0 00007f979b8f6000
0x00007f979b8f5f60:   0000000000000000 00007f979b8f6010
0x00007f979b8f5f70:   00007f979b8f5f90 00000001008f6010
0x00007f979b8f5f80:   0000000000000000 00007f9748000020
0x00007f979b8f5f90:   00007f9748018320 00007f979b8f6220
0x00007f979b8f5fa0:   00007f974801a690 00007f97a31e1a21
0x00007f979b8f5fb0:   00007f97480182e0 00007f9748018128
0x00007f979b8f5fc0:   00007f979b8f6040 00007f97a313bb38
0x00007f979b8f5fd0:   00007f979b8f6040 00007f979b8f6050
0x00007f979b8f5fe0:   00007f9748018948 00007f979b8f6220
0x00007f979b8f5ff0:   00007f974801a690 00007f979b8f62a0
0x00007f979b8f6000:   0000000000000001 00007f9700000002
0x00007f979b8f6010:   0000000000000001 0000007700000002
0x00007f979b8f6020:   0000000000000000 000000019b8f604f
0x00007f979b8f6030:   000000000000000a 00007f97a32238a6
0x00007f979b8f6040:   00007f9748018fa0 0000000000000000
0x00007f979b8f6050:   00007f97480186e0 00007f97a32f2b59
0x00007f979b8f6060:   00007f97a3faa5b0 00007f97480187c0 

Instructions: (pc=0x00007f97a315465b)
0x00007f97a315463b:   98 81 fe 66 90 41 54 55 48 89 fd 53 48 89 fb 48
0x00007f97a315464b:   81 ec a0 00 00 00 48 83 c5 20 0f 84 a5 00 00 00
0x00007f97a315465b:   48 8b 57 20 f6 42 04 01 75 4b 31 c0 b9 01 00 00
0x00007f97a315466b:   00 f0 0f b1 0a 0f 94 c1 84 c9 75 08 48 89 ef e8 

Register to memory mapping:

RAX=0x0000000000000000 is an unknown value
RBX=0x0000000000000000 is an unknown value
RCX=0x000000000000005f is an unknown value
RDX=0x0000000000000000 is an unknown value
RSP=0x00007f979b8f5e70 is pointing into the stack for thread: 0x00007f97c010a800
RBP=0x0000000000000020 is an unknown value
RSI=0x0000000000000000 is an unknown value
RDI=0x0000000000000000 is an unknown value
R8 =0x0000000000000000 is an unknown value
R9 =0x0000000000000001 is an unknown value
R10=0x00007f97c6515be0: <offset 0x3bdbe0> in /lib/x86_64-linux-gnu/libc.so.6 at 0x00007f97c6158000
R11=0x000000000000000f is an unknown value
R12=0x00007f979b8f6170 is pointing into the stack for thread: 0x00007f97c010a800
R13=0x00007f974801a690 is an unknown value
R14=0x0000000000000002 is an unknown value
R15=0x0000000000000001 is an unknown value


Stack: [0x00007f979b7f8000,0x00007f979b8f9000],  sp=0x00007f979b8f5e70,  free space=1015k
Native frames: (J=compiled Java code, j=interpreted, Vv=VM code, C=native code)
C  [libwkhtmltox.so.0+0x1d2d65b]

Java frames: (J=compiled Java code, j=interpreted, Vv=VM code)
j  jwk.JWk.convertImp(Ljava/lang/String;Ljava/lang/String;Ljava/util/Map;[Ljava/lang/Object;)Z+0
j  jwk.JWk.convert(Ljava/lang/String;Ljava/lang/String;Ljava/util/Map;)V+48
j  jwk.Main$1.run()V+44
v  ~StubRoutines::call_stub

---------------  P R O C E S S  ---------------

Java Threads: ( => current thread )
  0x00007f97c0009800 JavaThread "DestroyJavaVM" [_thread_blocked, id=25814, stack(0x00007f97c6c57000,0x00007f97c6d58000)]
=>0x00007f97c010a800 JavaThread "Thread-9" [_thread_in_native, id=25837, stack(0x00007f979b7f8000,0x00007f979b8f9000)]
  0x00007f97c0108800 JavaThread "Thread-8" [_thread_blocked, id=25836, stack(0x00007f979b8f9000,0x00007f979b9fa000)]
  0x00007f97c0106800 JavaThread "Thread-7" [_thread_blocked, id=25835, stack(0x00007f979b9fa000,0x00007f979bafb000)]
  0x00007f97c0105000 JavaThread "Thread-6" [_thread_blocked, id=25834, stack(0x00007f979bafb000,0x00007f979bbfc000)]
  0x00007f97c0103000 JavaThread "Thread-5" [_thread_blocked, id=25833, stack(0x00007f979bbfc000,0x00007f979bcfd000)]
  0x00007f97c0101800 JavaThread "Thread-4" [_thread_blocked, id=25832, stack(0x00007f979bcfd000,0x00007f979bdfe000)]
  0x00007f97c00ff800 JavaThread "Thread-3" [_thread_blocked, id=25831, stack(0x00007f979bdfe000,0x00007f979beff000)]
  0x00007f97c00fe000 JavaThread "Thread-2" [_thread_blocked, id=25830, stack(0x00007f979beff000,0x00007f979c000000)]
  0x00007f97c00fc800 JavaThread "Thread-1" [_thread_blocked, id=25829, stack(0x00007f97a006b000,0x00007f97a016c000)]
  0x00007f97c00d0800 JavaThread "Service Thread" daemon [_thread_blocked, id=25826, stack(0x00007f97a94b5000,0x00007f97a95b6000)]
  0x00007f97c00b3000 JavaThread "C1 CompilerThread2" daemon [_thread_blocked, id=25825, stack(0x00007f97a95b6000,0x00007f97a96b7000)]
  0x00007f97c00b1000 JavaThread "C2 CompilerThread1" daemon [_thread_blocked, id=25824, stack(0x00007f97a96b7000,0x00007f97a97b8000)]
  0x00007f97c00ae000 JavaThread "C2 CompilerThread0" daemon [_thread_blocked, id=25823, stack(0x00007f97a97b8000,0x00007f97a98b9000)]
  0x00007f97c00ac000 JavaThread "Signal Dispatcher" daemon [_thread_blocked, id=25822, stack(0x00007f97a98b9000,0x00007f97a99ba000)]
  0x00007f97c007c000 JavaThread "Finalizer" daemon [_thread_blocked, id=25821, stack(0x00007f97aa09e000,0x00007f97aa19f000)]
  0x00007f97c007a000 JavaThread "Reference Handler" daemon [_thread_blocked, id=25820, stack(0x00007f97aa19f000,0x00007f97aa2a0000)]

Other Threads:
  0x00007f97c0073000 VMThread [stack: 0x00007f97aa2a0000,0x00007f97aa3a1000] [id=25819]
  0x00007f97c00d3000 WatcherThread [stack: 0x00007f97a93b4000,0x00007f97a94b5000] [id=25827]

VM state:not at safepoint (normal execution)

VM Mutex/Monitor currently owned by a thread: None

Heap:
 PSYoungGen      total 37888K, used 3932K [0x00000000d6800000, 0x00000000d9200000, 0x0000000100000000)
  eden space 32768K, 12% used [0x00000000d6800000,0x00000000d6bd7348,0x00000000d8800000)
  from space 5120K, 0% used [0x00000000d8d00000,0x00000000d8d00000,0x00000000d9200000)
  to   space 5120K, 0% used [0x00000000d8800000,0x00000000d8800000,0x00000000d8d00000)
 ParOldGen       total 86016K, used 0K [0x0000000083800000, 0x0000000088c00000, 0x00000000d6800000)
  object space 86016K, 0% used [0x0000000083800000,0x0000000083800000,0x0000000088c00000)
 Metaspace       used 2627K, capacity 4492K, committed 4864K, reserved 1056768K
  class space    used 280K, capacity 388K, committed 512K, reserved 1048576K

Card table byte_map: [0x00007f97b0640000,0x00007f97b0a25000] byte_map_base: 0x00007f97b0224000

Marking Bits: (ParMarkBitMap*) 0x00007f97c612dac0
 Begin Bits: [0x00007f97ac164000, 0x00007f97ae084000)
 End Bits:   [0x00007f97ae084000, 0x00007f97affa4000)

Polling page: 0x00007f97c6d74000

CodeCache: size=245760Kb used=1085Kb max_used=1085Kb free=244674Kb
 bounds [0x00007f97b0de5000, 0x00007f97b1055000, 0x00007f97bfde5000]
 total_blobs=253 nmethods=16 adapters=154
 compilation: enabled

Compilation events (10 events):
Event: 0,908 Thread 0x00007f97c00b3000   12       1       java.lang.ref.Reference::get (5 bytes)
Event: 0,908 Thread 0x00007f97c00b3000 nmethod 12 0x00007f97b0ef11d0 code [0x00007f97b0ef1320, 0x00007f97b0ef1430]
Event: 0,936 Thread 0x00007f97c00b3000   13       1       java.lang.ThreadLocal::access$400 (5 bytes)
Event: 0,936 Thread 0x00007f97c00b3000 nmethod 13 0x00007f97b0ef1490 code [0x00007f97b0ef15e0, 0x00007f97b0ef16d0]
Event: 1,058 Thread 0x00007f97c00b3000   14       3       java.lang.String::getChars (62 bytes)
Event: 1,059 Thread 0x00007f97c00b3000 nmethod 14 0x00007f97b0ef35d0 code [0x00007f97b0ef3780, 0x00007f97b0ef3bb8]
Event: 1,718 Thread 0x00007f97c00b3000   15       3       java.lang.String::startsWith (72 bytes)
Event: 1,719 Thread 0x00007f97c00b3000 nmethod 15 0x00007f97b0ef3dd0 code [0x00007f97b0ef3f40, 0x00007f97b0ef4270]
Event: 1,731 Thread 0x00007f97c00b3000   16       3       java.lang.System::getSecurityManager (4 bytes)
Event: 1,731 Thread 0x00007f97c00b3000 nmethod 16 0x00007f97b0ef4450 code [0x00007f97b0ef45a0, 0x00007f97b0ef46d0]

GC Heap History (0 events):
No events

Deoptimization events (0 events):
No events

Internal exceptions (6 events):
Event: 0,591 Thread 0x00007f97c0009800 Exception <a 'java/lang/NoSuchMethodError': Method sun.misc.Unsafe.defineClass(Ljava/lang/String;[BII)Ljava/lang/Class; name or signature does not match> (0x00000000d6811c68) thrown at [/HUDSON/workspace/8-2-build-linux-amd64/jdk8u20/1074/hotspot/src/shar
Event: 0,591 Thread 0x00007f97c0009800 Exception <a 'java/lang/NoSuchMethodError': Method sun.misc.Unsafe.prefetchRead(Ljava/lang/Object;J)V name or signature does not match> (0x00000000d6811ef8) thrown at [/HUDSON/workspace/8-2-build-linux-amd64/jdk8u20/1074/hotspot/src/share/vm/prims/jni.cpp
Event: 0,860 Thread 0x00007f97c0009800 Exception <a 'java/security/PrivilegedActionException'> (0x00000000d68542b8) thrown at [/HUDSON/workspace/8-2-build-linux-amd64/jdk8u20/1074/hotspot/src/share/vm/prims/jvm.cpp, line 1275]
Event: 0,907 Thread 0x00007f97c0009800 Exception <a 'java/security/PrivilegedActionException'> (0x00000000d685a9a8) thrown at [/HUDSON/workspace/8-2-build-linux-amd64/jdk8u20/1074/hotspot/src/share/vm/prims/jvm.cpp, line 1275]
Event: 0,935 Thread 0x00007f97c0009800 Exception <a 'java/security/PrivilegedActionException'> (0x00000000d685c700) thrown at [/HUDSON/workspace/8-2-build-linux-amd64/jdk8u20/1074/hotspot/src/share/vm/prims/jvm.cpp, line 1275]
Event: 1,718 Thread 0x00007f97c0009800 Exception <a 'java/security/PrivilegedActionException'> (0x00000000d6862718) thrown at [/HUDSON/workspace/8-2-build-linux-amd64/jdk8u20/1074/hotspot/src/share/vm/prims/jvm.cpp, line 1275]

Events (10 events):
Event: 1,731 loading class java/util/HashMap$HashIterator done
Event: 1,731 loading class java/util/HashMap$EntryIterator done
Event: 1,731 Thread 0x00007f97c0103000 Thread added: 0x00007f97c0103000
Event: 1,732 Thread 0x00007f97c0105000 Thread added: 0x00007f97c0105000
Event: 1,732 Thread 0x00007f97c0106800 Thread added: 0x00007f97c0106800
Event: 1,732 Thread 0x00007f97c0108800 Thread added: 0x00007f97c0108800
Event: 1,732 Thread 0x00007f97c010a800 Thread added: 0x00007f97c010a800
Event: 1,732 Thread 0x00007f97c0009800 Thread exited: 0x00007f97c0009800
Event: 1,732 Thread 0x00007f97c0009800 Thread added: 0x00007f97c0009800
Event: 4,596 Thread 0x00007f97c00fb000 Thread exited: 0x00007f97c00fb000


Dynamic libraries:
00400000-00401000 r-xp 00000000 08:02 5112280                            /usr/lib/jvm/java-8-oracle/bin/java
00600000-00601000 rw-p 00000000 08:02 5112280                            /usr/lib/jvm/java-8-oracle/bin/java
01f69000-01f8a000 rw-p 00000000 00:00 0                                  [heap]
83800000-88c00000 rw-p 00000000 00:00 0 
88c00000-d6800000 ---p 00000000 00:00 0 
d6800000-d9200000 rw-p 00000000 00:00 0 
d9200000-100000000 ---p 00000000 00:00 0 
100000000-100080000 rw-p 00000000 00:00 0 
100080000-140000000 ---p 00000000 00:00 0 
7f96f4000000-7f9734000000 rwxp 00000000 00:00 0 
7f9734000000-7f9734021000 rw-p 00000000 00:00 0 
7f9734021000-7f9738000000 ---p 00000000 00:00 0 
7f973c000000-7f973c021000 rw-p 00000000 00:00 0 
7f973c021000-7f9740000000 ---p 00000000 00:00 0 
7f9740000000-7f9740021000 rw-p 00000000 00:00 0 
7f9740021000-7f9744000000 ---p 00000000 00:00 0 
7f9744000000-7f9744021000 rw-p 00000000 00:00 0 
7f9744021000-7f9748000000 ---p 00000000 00:00 0 
7f9748000000-7f9748029000 rw-p 00000000 00:00 0 
7f9748029000-7f974c000000 ---p 00000000 00:00 0 
7f974c000000-7f974c021000 rw-p 00000000 00:00 0 
7f974c021000-7f9750000000 ---p 00000000 00:00 0 
7f9750000000-7f9750021000 rw-p 00000000 00:00 0 
7f9750021000-7f9754000000 ---p 00000000 00:00 0 
7f9754000000-7f9754021000 rw-p 00000000 00:00 0 
7f9754021000-7f9758000000 ---p 00000000 00:00 0 
7f9758000000-7f9758021000 rw-p 00000000 00:00 0 
7f9758021000-7f975c000000 ---p 00000000 00:00 0 
7f975c000000-7f975c021000 rw-p 00000000 00:00 0 
7f975c021000-7f9760000000 ---p 00000000 00:00 0 
7f9760000000-7f9760021000 rw-p 00000000 00:00 0 
7f9760021000-7f9764000000 ---p 00000000 00:00 0 
7f9764000000-7f97641a4000 rw-p 00000000 00:00 0 
7f97641a4000-7f9768000000 ---p 00000000 00:00 0 
7f9768000000-7f9768021000 rw-p 00000000 00:00 0 
7f9768021000-7f976c000000 ---p 00000000 00:00 0 
7f976c000000-7f976c021000 rw-p 00000000 00:00 0 
7f976c021000-7f9770000000 ---p 00000000 00:00 0 
7f9770000000-7f9770021000 rw-p 00000000 00:00 0 
7f9770021000-7f9774000000 ---p 00000000 00:00 0 
7f9774000000-7f9774021000 rw-p 00000000 00:00 0 
7f9774021000-7f9778000000 ---p 00000000 00:00 0 
7f9778000000-7f977802d000 rw-p 00000000 00:00 0 
7f977802d000-7f977c000000 ---p 00000000 00:00 0 
7f977c000000-7f977c021000 rw-p 00000000 00:00 0 
7f977c021000-7f9780000000 ---p 00000000 00:00 0 
7f9780000000-7f9780021000 rw-p 00000000 00:00 0 
7f9780021000-7f9784000000 ---p 00000000 00:00 0 
7f9784000000-7f9784021000 rw-p 00000000 00:00 0 
7f9784021000-7f9788000000 ---p 00000000 00:00 0 
7f9788000000-7f9788021000 rw-p 00000000 00:00 0 
7f9788021000-7f978c000000 ---p 00000000 00:00 0 
7f978c000000-7f978c021000 rw-p 00000000 00:00 0 
7f978c021000-7f9790000000 ---p 00000000 00:00 0 
7f9790000000-7f9790021000 rw-p 00000000 00:00 0 
7f9790021000-7f9794000000 ---p 00000000 00:00 0 
7f9794000000-7f9794021000 rw-p 00000000 00:00 0 
7f9794021000-7f9798000000 ---p 00000000 00:00 0 
7f979888d000-7f9798c9d000 rw-p 00000000 00:00 0 
7f9798c9d000-7f9798cb4000 r-xp 00000000 08:02 656675                     /lib/x86_64-linux-gnu/libresolv-2.19.so
7f9798cb4000-7f9798eb4000 ---p 00017000 08:02 656675                     /lib/x86_64-linux-gnu/libresolv-2.19.so
7f9798eb4000-7f9798eb5000 r--p 00017000 08:02 656675                     /lib/x86_64-linux-gnu/libresolv-2.19.so
7f9798eb5000-7f9798eb6000 rw-p 00018000 08:02 656675                     /lib/x86_64-linux-gnu/libresolv-2.19.so
7f9798eb6000-7f9798eb8000 rw-p 00000000 00:00 0 
7f9798eb8000-7f9798eb9000 ---p 00000000 00:00 0 
7f9798eb9000-7f97996b9000 rw-p 00000000 00:00 0 
7f97996b9000-7f97996ba000 ---p 00000000 00:00 0 
7f97996ba000-7f9799eba000 rw-p 00000000 00:00 0                          [stack:25840]
7f9799eba000-7f9799f0e000 r-xp 00000000 08:02 657985                     /lib/x86_64-linux-gnu/libssl.so.1.0.0
7f9799f0e000-7f979a10e000 ---p 00054000 08:02 657985                     /lib/x86_64-linux-gnu/libssl.so.1.0.0
7f979a10e000-7f979a111000 r--p 00054000 08:02 657985                     /lib/x86_64-linux-gnu/libssl.so.1.0.0
7f979a111000-7f979a117000 rw-p 00057000 08:02 657985                     /lib/x86_64-linux-gnu/libssl.so.1.0.0
7f979a117000-7f979a118000 rw-p 00000000 00:00 0 
7f979a118000-7f979a2c9000 r-xp 00000000 08:02 657987                     /lib/x86_64-linux-gnu/libcrypto.so.1.0.0
7f979a2c9000-7f979a4c8000 ---p 001b1000 08:02 657987                     /lib/x86_64-linux-gnu/libcrypto.so.1.0.0
7f979a4c8000-7f979a4e3000 r--p 001b0000 08:02 657987                     /lib/x86_64-linux-gnu/libcrypto.so.1.0.0
7f979a4e3000-7f979a4ee000 rw-p 001cb000 08:02 657987                     /lib/x86_64-linux-gnu/libcrypto.so.1.0.0
7f979a4ee000-7f979a4f2000 rw-p 00000000 00:00 0 
7f979a4f2000-7f979a4f3000 ---p 00000000 00:00 0 
7f979a4f3000-7f979adf3000 rw-p 00000000 00:00 0 
7f979adf3000-7f979adf4000 ---p 00000000 00:00 0 
7f979adf4000-7f979b5f4000 rw-p 00000000 00:00 0                          [stack:25838]
7f979b5f4000-7f979b5f7000 r-xp 00000000 08:02 4336373                    /usr/lib/x86_64-linux-gnu/gconv/UTF-16.so
7f979b5f7000-7f979b7f6000 ---p 00003000 08:02 4336373                    /usr/lib/x86_64-linux-gnu/gconv/UTF-16.so
7f979b7f6000-7f979b7f7000 r--p 00002000 08:02 4336373                    /usr/lib/x86_64-linux-gnu/gconv/UTF-16.so
7f979b7f7000-7f979b7f8000 rw-p 00003000 08:02 4336373                    /usr/lib/x86_64-linux-gnu/gconv/UTF-16.so
7f979b7f8000-7f979b7fb000 ---p 00000000 00:00 0 
7f979b7fb000-7f979b8f9000 rw-p 00000000 00:00 0                          [stack:25837]
7f979b8f9000-7f979b8fc000 ---p 00000000 00:00 0 
7f979b8fc000-7f979b9fa000 rw-p 00000000 00:00 0                          [stack:25836]
7f979b9fa000-7f979b9fd000 ---p 00000000 00:00 0 
7f979b9fd000-7f979bafb000 rw-p 00000000 00:00 0                          [stack:25835]
7f979bafb000-7f979bafe000 ---p 00000000 00:00 0 
7f979bafe000-7f979bbfc000 rw-p 00000000 00:00 0                          [stack:25834]
7f979bbfc000-7f979bbff000 ---p 00000000 00:00 0 
7f979bbff000-7f979bcfd000 rw-p 00000000 00:00 0                          [stack:25833]
7f979bcfd000-7f979bd00000 ---p 00000000 00:00 0 
7f979bd00000-7f979bdfe000 rw-p 00000000 00:00 0                          [stack:25832]
7f979bdfe000-7f979be01000 ---p 00000000 00:00 0 
7f979be01000-7f979beff000 rw-p 00000000 00:00 0                          [stack:25831]
7f979beff000-7f979bf02000 ---p 00000000 00:00 0 
7f979bf02000-7f979c000000 rw-p 00000000 00:00 0                          [stack:25830]
7f979c000000-7f979c021000 rw-p 00000000 00:00 0 
7f979c021000-7f97a0000000 ---p 00000000 00:00 0 
7f97a006b000-7f97a006e000 ---p 00000000 00:00 0 
7f97a006e000-7f97a016c000 rw-p 00000000 00:00 0                          [stack:25829]
7f97a016c000-7f97a0171000 r-xp 00000000 08:02 3940435                    /usr/lib/x86_64-linux-gnu/libXdmcp.so.6.0.0
7f97a0171000-7f97a0370000 ---p 00005000 08:02 3940435                    /usr/lib/x86_64-linux-gnu/libXdmcp.so.6.0.0
7f97a0370000-7f97a0371000 r--p 00004000 08:02 3940435                    /usr/lib/x86_64-linux-gnu/libXdmcp.so.6.0.0
7f97a0371000-7f97a0372000 rw-p 00005000 08:02 3940435                    /usr/lib/x86_64-linux-gnu/libXdmcp.so.6.0.0
7f97a0372000-7f97a0374000 r-xp 00000000 08:02 3940424                    /usr/lib/x86_64-linux-gnu/libXau.so.6.0.0
7f97a0374000-7f97a0574000 ---p 00002000 08:02 3940424                    /usr/lib/x86_64-linux-gnu/libXau.so.6.0.0
7f97a0574000-7f97a0575000 r--p 00002000 08:02 3940424                    /usr/lib/x86_64-linux-gnu/libXau.so.6.0.0
7f97a0575000-7f97a0576000 rw-p 00003000 08:02 3940424                    /usr/lib/x86_64-linux-gnu/libXau.so.6.0.0
7f97a0576000-7f97a0593000 r-xp 00000000 08:02 3941492                    /usr/lib/x86_64-linux-gnu/libxcb.so.1.1.0
7f97a0593000-7f97a0793000 ---p 0001d000 08:02 3941492                    /usr/lib/x86_64-linux-gnu/libxcb.so.1.1.0
7f97a0793000-7f97a0794000 r--p 0001d000 08:02 3941492                    /usr/lib/x86_64-linux-gnu/libxcb.so.1.1.0
7f97a0794000-7f97a0795000 rw-p 0001e000 08:02 3941492                    /usr/lib/x86_64-linux-gnu/libxcb.so.1.1.0
7f97a0795000-7f97a07bc000 r-xp 00000000 08:02 659395                     /lib/x86_64-linux-gnu/libexpat.so.1.6.0
7f97a07bc000-7f97a09bc000 ---p 00027000 08:02 659395                     /lib/x86_64-linux-gnu/libexpat.so.1.6.0
7f97a09bc000-7f97a09be000 r--p 00027000 08:02 659395                     /lib/x86_64-linux-gnu/libexpat.so.1.6.0
7f97a09be000-7f97a09bf000 rw-p 00029000 08:02 659395                     /lib/x86_64-linux-gnu/libexpat.so.1.6.0
7f97a09bf000-7f97a09d5000 r-xp 00000000 08:02 659400                     /lib/x86_64-linux-gnu/libgcc_s.so.1
7f97a09d5000-7f97a0bd4000 ---p 00016000 08:02 659400                     /lib/x86_64-linux-gnu/libgcc_s.so.1
7f97a0bd4000-7f97a0bd5000 rw-p 00015000 08:02 659400                     /lib/x86_64-linux-gnu/libgcc_s.so.1
7f97a0bd5000-7f97a0cbb000 r-xp 00000000 08:02 3941330                    /usr/lib/x86_64-linux-gnu/libstdc++.so.6.0.19
7f97a0cbb000-7f97a0eba000 ---p 000e6000 08:02 3941330                    /usr/lib/x86_64-linux-gnu/libstdc++.so.6.0.19
7f97a0eba000-7f97a0ec2000 r--p 000e5000 08:02 3941330                    /usr/lib/x86_64-linux-gnu/libstdc++.so.6.0.19
7f97a0ec2000-7f97a0ec4000 rw-p 000ed000 08:02 3941330                    /usr/lib/x86_64-linux-gnu/libstdc++.so.6.0.19
7f97a0ec4000-7f97a0ed9000 rw-p 00000000 00:00 0 
7f97a0ed9000-7f97a0ef1000 r-xp 00000000 08:02 659536                     /lib/x86_64-linux-gnu/libz.so.1.2.8
7f97a0ef1000-7f97a10f0000 ---p 00018000 08:02 659536                     /lib/x86_64-linux-gnu/libz.so.1.2.8
7f97a10f0000-7f97a10f1000 r--p 00017000 08:02 659536                     /lib/x86_64-linux-gnu/libz.so.1.2.8
7f97a10f1000-7f97a10f2000 rw-p 00018000 08:02 659536                     /lib/x86_64-linux-gnu/libz.so.1.2.8
7f97a10f2000-7f97a1222000 r-xp 00000000 08:02 3940420                    /usr/lib/x86_64-linux-gnu/libX11.so.6.3.0
7f97a1222000-7f97a1422000 ---p 00130000 08:02 3940420                    /usr/lib/x86_64-linux-gnu/libX11.so.6.3.0
7f97a1422000-7f97a1423000 r--p 00130000 08:02 3940420                    /usr/lib/x86_64-linux-gnu/libX11.so.6.3.0
7f97a1423000-7f97a1427000 rw-p 00131000 08:02 3940420                    /usr/lib/x86_64-linux-gnu/libX11.so.6.3.0
7f97a1427000-7f97a3bab000 r-xp 00000000 08:02 4205335                    /usr/local/lib/libwkhtmltox.so.0.12.1
7f97a3bab000-7f97a3dab000 ---p 02784000 08:02 4205335                    /usr/local/lib/libwkhtmltox.so.0.12.1
7f97a3dab000-7f97a3fb4000 r--p 02784000 08:02 4205335                    /usr/local/lib/libwkhtmltox.so.0.12.1
7f97a3fb4000-7f97a3fcd000 rw-p 0298d000 08:02 4205335                    /usr/local/lib/libwkhtmltox.so.0.12.1
7f97a3fcd000-7f97a4000000 rw-p 00000000 00:00 0 
7f97a4000000-7f97a4021000 rw-p 00000000 00:00 0 
7f97a4021000-7f97a8000000 ---p 00000000 00:00 0 
7f97a8061000-7f97a8062000 rw-p 00000000 00:00 0 
7f97a8062000-7f97a806b000 rw-p 00000000 00:00 0 
7f97a806b000-7f97a8093000 rw-p 00000000 00:00 0 
7f97a8093000-7f97a8094000 r--s 00000000 08:02 5636167                    /var/cache/fontconfig/c05880de57d1f5e948fdfacc138775d9-le64.cache-4
7f97a8094000-7f97a809f000 r--s 00000000 08:02 5636166                    /var/cache/fontconfig/945677eb7aeaf62f1d50efc3fb3ec7d8-le64.cache-4
7f97a809f000-7f97a80a5000 r--s 00000000 08:02 5636164                    /var/cache/fontconfig/2cd17615ca594fa2959ae173292e504c-le64.cache-4
7f97a80a5000-7f97a80a6000 r--s 00000000 08:02 5636163                    /var/cache/fontconfig/e7071f4a29fa870f4323321c154eba04-le64.cache-4
7f97a80a6000-7f97a80a7000 r--s 00000000 08:02 5636162                    /var/cache/fontconfig/0d8c3b2ac0904cb8a57a757ad11a4a08-le64.cache-4
7f97a80a7000-7f97a80ae000 r--s 00000000 08:02 5636161                    /var/cache/fontconfig/a755afe4a08bf5b97852ceb7400b47bc-le64.cache-4
7f97a80ae000-7f97a80c2000 r--s 00000000 08:02 5636160                    /var/cache/fontconfig/04aabc0a78ac019cf9454389977116d2-le64.cache-4
7f97a80c2000-7f97a80c7000 r--s 00000000 08:02 5636155                    /var/cache/fontconfig/8801497958630a81b71ace7c5f9b32a8-le64.cache-4
7f97a80c7000-7f97a80da000 r--s 00000000 08:02 5636150                    /var/cache/fontconfig/d52a8644073d54c13679302ca1180695-le64.cache-4
7f97a80da000-7f97a80dd000 ---p 00000000 00:00 0 
7f97a80dd000-7f97a81db000 rw-p 00000000 00:00 0 
7f97a81db000-7f97a8278000 r-xp 00000000 08:02 3932540                    /usr/lib/x86_64-linux-gnu/libfreetype.so.6.11.1
7f97a8278000-7f97a8477000 ---p 0009d000 08:02 3932540                    /usr/lib/x86_64-linux-gnu/libfreetype.so.6.11.1
7f97a8477000-7f97a847d000 r--p 0009c000 08:02 3932540                    /usr/lib/x86_64-linux-gnu/libfreetype.so.6.11.1
7f97a847d000-7f97a847e000 rw-p 000a2000 08:02 3932540                    /usr/lib/x86_64-linux-gnu/libfreetype.so.6.11.1
7f97a847e000-7f97a84b8000 r-xp 00000000 08:02 3932441                    /usr/lib/x86_64-linux-gnu/libfontconfig.so.1.8.0
7f97a84b8000-7f97a86b7000 ---p 0003a000 08:02 3932441                    /usr/lib/x86_64-linux-gnu/libfontconfig.so.1.8.0
7f97a86b7000-7f97a86b9000 r--p 00039000 08:02 3932441                    /usr/lib/x86_64-linux-gnu/libfontconfig.so.1.8.0
7f97a86b9000-7f97a86ba000 rw-p 0003b000 08:02 3932441                    /usr/lib/x86_64-linux-gnu/libfontconfig.so.1.8.0
7f97a86ba000-7f97a86c3000 r-xp 00000000 08:02 3940459                    /usr/lib/x86_64-linux-gnu/libXrender.so.1.3.0
7f97a86c3000-7f97a88c2000 ---p 00009000 08:02 3940459                    /usr/lib/x86_64-linux-gnu/libXrender.so.1.3.0
7f97a88c2000-7f97a88c3000 r--p 00008000 08:02 3940459                    /usr/lib/x86_64-linux-gnu/libXrender.so.1.3.0
7f97a88c3000-7f97a88c4000 rw-p 00009000 08:02 3940459                    /usr/lib/x86_64-linux-gnu/libXrender.so.1.3.0
7f97a88c4000-7f97a88e9000 r-xp 00000000 08:02 659488                     /lib/x86_64-linux-gnu/libpng12.so.0.50.0
7f97a88e9000-7f97a8ae8000 ---p 00025000 08:02 659488                     /lib/x86_64-linux-gnu/libpng12.so.0.50.0
7f97a8ae8000-7f97a8ae9000 r--p 00024000 08:02 659488                     /lib/x86_64-linux-gnu/libpng12.so.0.50.0
7f97a8ae9000-7f97a8aea000 rw-p 00025000 08:02 659488                     /lib/x86_64-linux-gnu/libpng12.so.0.50.0
7f97a8aea000-7f97a8b2d000 r-xp 00000000 08:02 3941024                    /usr/lib/x86_64-linux-gnu/libjpeg.so.8.0.2
7f97a8b2d000-7f97a8d2d000 ---p 00043000 08:02 3941024                    /usr/lib/x86_64-linux-gnu/libjpeg.so.8.0.2
7f97a8d2d000-7f97a8d2e000 r--p 00043000 08:02 3941024                    /usr/lib/x86_64-linux-gnu/libjpeg.so.8.0.2
7f97a8d2e000-7f97a8d2f000 rw-p 00044000 08:02 3941024                    /usr/lib/x86_64-linux-gnu/libjpeg.so.8.0.2
7f97a8d2f000-7f97a8d3f000 rw-p 00000000 00:00 0 
7f97a8d3f000-7f97a8d43000 r--s 00000000 08:02 5636158                    /var/cache/fontconfig/385c0604a188198f04d133e54aba7fe7-le64.cache-4
7f97a8d43000-7f97a8d4a000 r--s 00000000 08:02 5636154                    /var/cache/fontconfig/3047814df9a2f067bd2d96a2b9c36e5a-le64.cache-4
7f97a8d4a000-7f97a8d50000 r--s 00000000 08:02 5636151                    /var/cache/fontconfig/b47c4e1ecd0709278f4910c18777a504-le64.cache-4
7f97a8d50000-7f97a8d58000 r--s 00000000 08:02 5636149                    /var/cache/fontconfig/3f7329c5293ffd510edef78f73874cfd-le64.cache-4
7f97a8d58000-7f97a8d5a000 r-xp 00000000 00:18 9966269                    /home/dalmir/hpprojects/jwk/c/JWkLib/dist/libJWkLib.so
7f97a8d5a000-7f97a8f59000 ---p 00002000 00:18 9966269                    /home/dalmir/hpprojects/jwk/c/JWkLib/dist/libJWkLib.so
7f97a8f59000-7f97a8f5a000 r--p 00001000 00:18 9966269                    /home/dalmir/hpprojects/jwk/c/JWkLib/dist/libJWkLib.so
7f97a8f5a000-7f97a8f5b000 rw-p 00002000 00:18 9966269                    /home/dalmir/hpprojects/jwk/c/JWkLib/dist/libJWkLib.so
7f97a8f5b000-7f97a8f8c000 rw-p 00000000 00:00 0 
7f97a8f8c000-7f97a8fa2000 r-xp 00000000 08:02 5261218                    /usr/lib/jvm/java-8-oracle/jre/lib/amd64/libnet.so
7f97a8fa2000-7f97a91a2000 ---p 00016000 08:02 5261218                    /usr/lib/jvm/java-8-oracle/jre/lib/amd64/libnet.so
7f97a91a2000-7f97a91a3000 rw-p 00016000 08:02 5261218                    /usr/lib/jvm/java-8-oracle/jre/lib/amd64/libnet.so
7f97a91a3000-7f97a91b4000 r-xp 00000000 08:02 5261222                    /usr/lib/jvm/java-8-oracle/jre/lib/amd64/libnio.so
7f97a91b4000-7f97a93b3000 ---p 00011000 08:02 5261222                    /usr/lib/jvm/java-8-oracle/jre/lib/amd64/libnio.so
7f97a93b3000-7f97a93b4000 rw-p 00010000 08:02 5261222                    /usr/lib/jvm/java-8-oracle/jre/lib/amd64/libnio.so
7f97a93b4000-7f97a93b5000 ---p 00000000 00:00 0 
7f97a93b5000-7f97a94b5000 rw-p 00000000 00:00 0                          [stack:25827]
7f97a94b5000-7f97a94b8000 ---p 00000000 00:00 0 
7f97a94b8000-7f97a95b6000 rw-p 00000000 00:00 0                          [stack:25826]
7f97a95b6000-7f97a95b9000 ---p 00000000 00:00 0 
7f97a95b9000-7f97a96b7000 rw-p 00000000 00:00 0                          [stack:25825]
7f97a96b7000-7f97a96ba000 ---p 00000000 00:00 0 
7f97a96ba000-7f97a97b8000 rw-p 00000000 00:00 0                          [stack:25824]
7f97a97b8000-7f97a97bb000 ---p 00000000 00:00 0 
7f97a97bb000-7f97a98b9000 rw-p 00000000 00:00 0                          [stack:25823]
7f97a98b9000-7f97a98bc000 ---p 00000000 00:00 0 
7f97a98bc000-7f97a99ba000 rw-p 00000000 00:00 0                          [stack:25822]
7f97a99ba000-7f97aa09e000 r--p 00000000 08:02 3939342                    /usr/lib/locale/locale-archive
7f97aa09e000-7f97aa0a1000 ---p 00000000 00:00 0 
7f97aa0a1000-7f97aa19f000 rw-p 00000000 00:00 0                          [stack:25821]
7f97aa19f000-7f97aa1a2000 ---p 00000000 00:00 0 
7f97aa1a2000-7f97aa2a0000 rw-p 00000000 00:00 0                          [stack:25820]
7f97aa2a0000-7f97aa2a1000 ---p 00000000 00:00 0 
7f97aa2a1000-7f97ab334000 rw-p 00000000 00:00 0                          [stack:25819]
7f97ab334000-7f97ab50a000 r--s 03ca8000 08:02 5112376                    /usr/lib/jvm/java-8-oracle/jre/lib/rt.jar
7f97ab50a000-7f97ab9c0000 rw-p 00000000 00:00 0 
7f97ab9c0000-7f97abd80000 ---p 00000000 00:00 0 
7f97abd80000-7f97affa4000 rw-p 00000000 00:00 0 
7f97affa4000-7f97affa5000 ---p 00000000 00:00 0 
7f97affa5000-7f97b00a5000 rw-p 00000000 00:00 0                          [stack:25818]
7f97b00a5000-7f97b00a6000 ---p 00000000 00:00 0 
7f97b00a6000-7f97b01a6000 rw-p 00000000 00:00 0                          [stack:25817]
7f97b01a6000-7f97b01a7000 ---p 00000000 00:00 0 
7f97b01a7000-7f97b02a7000 rw-p 00000000 00:00 0                          [stack:25816]
7f97b02a7000-7f97b02a8000 ---p 00000000 00:00 0 
7f97b02a8000-7f97b03d2000 rw-p 00000000 00:00 0                          [stack:25815]
7f97b03d2000-7f97b0640000 ---p 00000000 00:00 0 
7f97b0640000-7f97b066a000 rw-p 00000000 00:00 0 
7f97b066a000-7f97b08d8000 ---p 00000000 00:00 0 
7f97b08d8000-7f97b08ed000 rw-p 00000000 00:00 0 
7f97b08ed000-7f97b0a24000 ---p 00000000 00:00 0 
7f97b0a24000-7f97b0a2f000 rw-p 00000000 00:00 0 
7f97b0a2f000-7f97b0de5000 ---p 00000000 00:00 0 
7f97b0de5000-7f97b1055000 rwxp 00000000 00:00 0 
7f97b1055000-7f97bfde5000 ---p 00000000 00:00 0 
7f97bfde5000-7f97bfdff000 r-xp 00000000 08:02 5261245                    /usr/lib/jvm/java-8-oracle/jre/lib/amd64/libzip.so
7f97bfdff000-7f97bffff000 ---p 0001a000 08:02 5261245                    /usr/lib/jvm/java-8-oracle/jre/lib/amd64/libzip.so
7f97bffff000-7f97c0000000 rw-p 0001a000 08:02 5261245                    /usr/lib/jvm/java-8-oracle/jre/lib/amd64/libzip.so
7f97c0000000-7f97c010d000 rw-p 00000000 00:00 0 
7f97c010d000-7f97c4000000 ---p 00000000 00:00 0 
7f97c4000000-7f97c4001000 r--s 00000000 08:02 5636159                    /var/cache/fontconfig/1ac9eb803944fde146138c791f5cc56a-le64.cache-4
7f97c4001000-7f97c4002000 r--s 00000000 08:02 5636157                    /var/cache/fontconfig/dc05db6664285cc2f12bf69c139ae4c3-le64.cache-4
7f97c4002000-7f97c4051000 rw-p 00000000 00:00 0 
7f97c4051000-7f97c405c000 r-xp 00000000 08:02 657978                     /lib/x86_64-linux-gnu/libnss_files-2.19.so
7f97c405c000-7f97c425b000 ---p 0000b000 08:02 657978                     /lib/x86_64-linux-gnu/libnss_files-2.19.so
7f97c425b000-7f97c425c000 r--p 0000a000 08:02 657978                     /lib/x86_64-linux-gnu/libnss_files-2.19.so
7f97c425c000-7f97c425d000 rw-p 0000b000 08:02 657978                     /lib/x86_64-linux-gnu/libnss_files-2.19.so
7f97c425d000-7f97c4268000 r-xp 00000000 08:02 656672                     /lib/x86_64-linux-gnu/libnss_nis-2.19.so
7f97c4268000-7f97c4467000 ---p 0000b000 08:02 656672                     /lib/x86_64-linux-gnu/libnss_nis-2.19.so
7f97c4467000-7f97c4468000 r--p 0000a000 08:02 656672                     /lib/x86_64-linux-gnu/libnss_nis-2.19.so
7f97c4468000-7f97c4469000 rw-p 0000b000 08:02 656672                     /lib/x86_64-linux-gnu/libnss_nis-2.19.so
7f97c4469000-7f97c4480000 r-xp 00000000 08:02 657980                     /lib/x86_64-linux-gnu/libnsl-2.19.so
7f97c4480000-7f97c467f000 ---p 00017000 08:02 657980                     /lib/x86_64-linux-gnu/libnsl-2.19.so
7f97c467f000-7f97c4680000 r--p 00016000 08:02 657980                     /lib/x86_64-linux-gnu/libnsl-2.19.so
7f97c4680000-7f97c4681000 rw-p 00017000 08:02 657980                     /lib/x86_64-linux-gnu/libnsl-2.19.so
7f97c4681000-7f97c4683000 rw-p 00000000 00:00 0 
7f97c4683000-7f97c468c000 r-xp 00000000 08:02 657973                     /lib/x86_64-linux-gnu/libnss_compat-2.19.so
7f97c468c000-7f97c488b000 ---p 00009000 08:02 657973                     /lib/x86_64-linux-gnu/libnss_compat-2.19.so
7f97c488b000-7f97c488c000 r--p 00008000 08:02 657973                     /lib/x86_64-linux-gnu/libnss_compat-2.19.so
7f97c488c000-7f97c488d000 rw-p 00009000 08:02 657973                     /lib/x86_64-linux-gnu/libnss_compat-2.19.so
7f97c488d000-7f97c48b7000 r-xp 00000000 08:02 5261233                    /usr/lib/jvm/java-8-oracle/jre/lib/amd64/libjava.so
7f97c48b7000-7f97c4ab7000 ---p 0002a000 08:02 5261233                    /usr/lib/jvm/java-8-oracle/jre/lib/amd64/libjava.so
7f97c4ab7000-7f97c4ab9000 rw-p 0002a000 08:02 5261233                    /usr/lib/jvm/java-8-oracle/jre/lib/amd64/libjava.so
7f97c4ab9000-7f97c4ac6000 r-xp 00000000 08:02 5261246                    /usr/lib/jvm/java-8-oracle/jre/lib/amd64/libverify.so
7f97c4ac6000-7f97c4cc6000 ---p 0000d000 08:02 5261246                    /usr/lib/jvm/java-8-oracle/jre/lib/amd64/libverify.so
7f97c4cc6000-7f97c4cc8000 rw-p 0000d000 08:02 5261246                    /usr/lib/jvm/java-8-oracle/jre/lib/amd64/libverify.so
7f97c4cc8000-7f97c4ccf000 r-xp 00000000 08:02 657976                     /lib/x86_64-linux-gnu/librt-2.19.so
7f97c4ccf000-7f97c4ece000 ---p 00007000 08:02 657976                     /lib/x86_64-linux-gnu/librt-2.19.so
7f97c4ece000-7f97c4ecf000 r--p 00006000 08:02 657976                     /lib/x86_64-linux-gnu/librt-2.19.so
7f97c4ecf000-7f97c4ed0000 rw-p 00007000 08:02 657976                     /lib/x86_64-linux-gnu/librt-2.19.so
7f97c4ed0000-7f97c4fd5000 r-xp 00000000 08:02 657977                     /lib/x86_64-linux-gnu/libm-2.19.so
7f97c4fd5000-7f97c51d4000 ---p 00105000 08:02 657977                     /lib/x86_64-linux-gnu/libm-2.19.so
7f97c51d4000-7f97c51d5000 r--p 00104000 08:02 657977                     /lib/x86_64-linux-gnu/libm-2.19.so
7f97c51d5000-7f97c51d6000 rw-p 00105000 08:02 657977                     /lib/x86_64-linux-gnu/libm-2.19.so
7f97c51d6000-7f97c5e40000 r-xp 00000000 08:02 5387260                    /usr/lib/jvm/java-8-oracle/jre/lib/amd64/server/libjvm.so
7f97c5e40000-7f97c603f000 ---p 00c6a000 08:02 5387260                    /usr/lib/jvm/java-8-oracle/jre/lib/amd64/server/libjvm.so
7f97c603f000-7f97c6116000 rw-p 00c69000 08:02 5387260                    /usr/lib/jvm/java-8-oracle/jre/lib/amd64/server/libjvm.so
7f97c6116000-7f97c6158000 rw-p 00000000 00:00 0 
7f97c6158000-7f97c6314000 r-xp 00000000 08:02 657981                     /lib/x86_64-linux-gnu/libc-2.19.so
7f97c6314000-7f97c6513000 ---p 001bc000 08:02 657981                     /lib/x86_64-linux-gnu/libc-2.19.so
7f97c6513000-7f97c6517000 r--p 001bb000 08:02 657981                     /lib/x86_64-linux-gnu/libc-2.19.so
7f97c6517000-7f97c6519000 rw-p 001bf000 08:02 657981                     /lib/x86_64-linux-gnu/libc-2.19.so
7f97c6519000-7f97c651e000 rw-p 00000000 00:00 0 
7f97c651e000-7f97c6521000 r-xp 00000000 08:02 657970                     /lib/x86_64-linux-gnu/libdl-2.19.so
7f97c6521000-7f97c6720000 ---p 00003000 08:02 657970                     /lib/x86_64-linux-gnu/libdl-2.19.so
7f97c6720000-7f97c6721000 r--p 00002000 08:02 657970                     /lib/x86_64-linux-gnu/libdl-2.19.so
7f97c6721000-7f97c6722000 rw-p 00003000 08:02 657970                     /lib/x86_64-linux-gnu/libdl-2.19.so
7f97c6722000-7f97c6737000 r-xp 00000000 08:02 4723865                    /usr/lib/jvm/java-8-oracle/lib/amd64/jli/libjli.so
7f97c6737000-7f97c6936000 ---p 00015000 08:02 4723865                    /usr/lib/jvm/java-8-oracle/lib/amd64/jli/libjli.so
7f97c6936000-7f97c6937000 rw-p 00014000 08:02 4723865                    /usr/lib/jvm/java-8-oracle/lib/amd64/jli/libjli.so
7f97c6937000-7f97c6950000 r-xp 00000000 08:02 657983                     /lib/x86_64-linux-gnu/libpthread-2.19.so
7f97c6950000-7f97c6b4f000 ---p 00019000 08:02 657983                     /lib/x86_64-linux-gnu/libpthread-2.19.so
7f97c6b4f000-7f97c6b50000 r--p 00018000 08:02 657983                     /lib/x86_64-linux-gnu/libpthread-2.19.so
7f97c6b50000-7f97c6b51000 rw-p 00019000 08:02 657983                     /lib/x86_64-linux-gnu/libpthread-2.19.so
7f97c6b51000-7f97c6b55000 rw-p 00000000 00:00 0 
7f97c6b55000-7f97c6b78000 r-xp 00000000 08:02 657969                     /lib/x86_64-linux-gnu/ld-2.19.so
7f97c6b78000-7f97c6b7a000 r--s 00000000 08:02 5636125                    /var/cache/fontconfig/767a8244fc0220cfb567a839d0392e0b-le64.cache-4
7f97c6b7a000-7f97c6b7b000 r--s 00000000 08:02 5636156                    /var/cache/fontconfig/4794a0821666d79190d59a36cb4f44b5-le64.cache-4
7f97c6b7b000-7f97c6b7f000 r--s 00000000 08:02 5636148                    /var/cache/fontconfig/d589a48862398ed80a3d6066f4f56f4c-le64.cache-4
7f97c6b7f000-7f97c6b8c000 r--s 00000000 08:02 5636399                    /var/cache/fontconfig/e13b20fdb08344e0e664864cc2ede53d-le64.cache-4
7f97c6b8c000-7f97c6c57000 rw-p 00000000 00:00 0 
7f97c6c57000-7f97c6c5a000 ---p 00000000 00:00 0 
7f97c6c5a000-7f97c6d5c000 rw-p 00000000 00:00 0                          [stack:25814]
7f97c6d5c000-7f97c6d5d000 r--s 00000000 08:02 5636153                    /var/cache/fontconfig/56cf4f4769d0f4abc89a4895d7bd3ae1-le64.cache-4
7f97c6d5d000-7f97c6d5e000 r--s 00000000 08:02 5636152                    /var/cache/fontconfig/b9d506c9ac06c20b433354fa67a72993-le64.cache-4
7f97c6d5e000-7f97c6d5f000 r--s 00000000 08:02 5636147                    /var/cache/fontconfig/0c9eb80ebd1c36541ebe2852d3bb0c49-le64.cache-4
7f97c6d5f000-7f97c6d63000 r--s 00000000 08:02 5636274                    /var/cache/fontconfig/7ef2298fde41cc6eeb7af42e48b7d293-le64.cache-4
7f97c6d63000-7f97c6d6a000 r--s 00000000 08:02 4336385                    /usr/lib/x86_64-linux-gnu/gconv/gconv-modules.cache
7f97c6d6a000-7f97c6d6b000 rw-p 00000000 00:00 0 
7f97c6d6b000-7f97c6d73000 rw-s 00000000 08:02 46                         /tmp/hsperfdata_dalmir/25810
7f97c6d73000-7f97c6d74000 rw-p 00000000 00:00 0 
7f97c6d74000-7f97c6d75000 r--p 00000000 00:00 0 
7f97c6d75000-7f97c6d77000 rw-p 00000000 00:00 0 
7f97c6d77000-7f97c6d78000 r--p 00022000 08:02 657969                     /lib/x86_64-linux-gnu/ld-2.19.so
7f97c6d78000-7f97c6d79000 rw-p 00023000 08:02 657969                     /lib/x86_64-linux-gnu/ld-2.19.so
7f97c6d79000-7f97c6d7a000 rw-p 00000000 00:00 0 
7fff87f8c000-7fff87fad000 rw-p 00000000 00:00 0                          [stack]
7fff87fec000-7fff87fee000 r-xp 00000000 00:00 0                          [vdso]
ffffffffff600000-ffffffffff601000 r-xp 00000000 00:00 0                  [vsyscall]

VM Arguments:
jvm_args: -Dfile.encoding=UTF-8 
java_command: jwk.Main
java_class_path (initial): /home/dalmir/hpprojects/jwk/java/JWk/build/classes
Launcher Type: SUN_STANDARD

Environment Variables:
PATH=/home/dalmir/bin:/usr/local/sbin:/usr/local/bin:/usr/sbin:/usr/bin:/sbin:/bin:/usr/games:/usr/local/games
LD_LIBRARY_PATH=/usr/lib/jvm/java-8-oracle/jre/lib/amd64:/usr/lib/jvm/java-8-oracle/jre/lib/i386:
SHELL=/bin/bash
DISPLAY=:0

Signal Handlers:
SIGSEGV: [libjvm.so+0xa77530], sa_mask[0]=11111111011111111101111111111110, sa_flags=SA_RESTART|SA_SIGINFO
SIGBUS: [libjvm.so+0xa77530], sa_mask[0]=11111111011111111101111111111110, sa_flags=SA_RESTART|SA_SIGINFO
SIGFPE: [libjvm.so+0x8e1d90], sa_mask[0]=11111111011111111101111111111110, sa_flags=SA_RESTART|SA_SIGINFO
SIGPIPE: SIG_IGN, sa_mask[0]=00000000000000000000000000000000, sa_flags=none
SIGXFSZ: [libjvm.so+0x8e1d90], sa_mask[0]=11111111011111111101111111111110, sa_flags=SA_RESTART|SA_SIGINFO
SIGILL: [libjvm.so+0x8e1d90], sa_mask[0]=11111111011111111101111111111110, sa_flags=SA_RESTART|SA_SIGINFO
SIGUSR1: SIG_DFL, sa_mask[0]=00000000000000000000000000000000, sa_flags=none
SIGUSR2: [libjvm.so+0x8e35c0], sa_mask[0]=00100000000000000000000000000000, sa_flags=SA_RESTART|SA_SIGINFO
SIGHUP: [libjvm.so+0x8e4980], sa_mask[0]=11111111011111111101111111111110, sa_flags=SA_RESTART|SA_SIGINFO
SIGINT: SIG_IGN, sa_mask[0]=00000000000000000000000000000000, sa_flags=none
SIGTERM: [libjvm.so+0x8e4980], sa_mask[0]=11111111011111111101111111111110, sa_flags=SA_RESTART|SA_SIGINFO
SIGQUIT: [libjvm.so+0x8e4980], sa_mask[0]=11111111011111111101111111111110, sa_flags=SA_RESTART|SA_SIGINFO


---------------  S Y S T E M  ---------------

OS:DISTRIB_ID=Ubuntu
DISTRIB_RELEASE=14.04
DISTRIB_CODENAME=trusty
DISTRIB_DESCRIPTION="Ubuntu 14.04.1 LTS"

uname:Linux 3.13.0-34-generic #60-Ubuntu SMP Wed Aug 13 15:45:27 UTC 2014 x86_64
libc:glibc 2.19 NPTL 2.19 
rlimit: STACK 8192k, CORE 0k, NPROC 63495, NOFILE 4096, AS infinity
load average:2,63 1,70 1,59

/proc/meminfo:
MemTotal:        8156820 kB
MemFree:          150236 kB
Buffers:            2944 kB
Cached:           192884 kB
SwapCached:            0 kB
Active:          5295352 kB
Inactive:         139352 kB
Active(anon):    5240460 kB
Inactive(anon):    89816 kB
Active(file):      54892 kB
Inactive(file):    49536 kB
Unevictable:         112 kB
Mlocked:             112 kB
SwapTotal:             0 kB
SwapFree:              0 kB
Dirty:               512 kB
Writeback:             0 kB
AnonPages:       5239160 kB
Mapped:          2338376 kB
Shmem:             91108 kB
Slab:             122192 kB
SReclaimable:      35936 kB
SUnreclaim:        86256 kB
KernelStack:        9616 kB
PageTables:       117688 kB
NFS_Unstable:          0 kB
Bounce:                0 kB
WritebackTmp:          0 kB
CommitLimit:     4078408 kB
Committed_AS:   16487532 kB
VmallocTotal:   34359738367 kB
VmallocUsed:      126216 kB
VmallocChunk:   34359570940 kB
HardwareCorrupted:     0 kB
AnonHugePages:   1794048 kB
HugePages_Total:       0
HugePages_Free:        0
HugePages_Rsvd:        0
HugePages_Surp:        0
Hugepagesize:       2048 kB
DirectMap4k:     2059924 kB
DirectMap2M:     6311936 kB


CPU:total 4 (4 cores per cpu, 1 threads per core) family 6 model 26 stepping 5, cmov, cx8, fxsr, mmx, sse, sse2, sse3, ssse3, sse4.1, sse4.2, popcnt, tsc, tscinvbit, tscinv

/proc/cpuinfo:
processor	: 0
vendor_id	: GenuineIntel
cpu family	: 6
model		: 26
model name	: Intel(R) Xeon(R) CPU           E5506  @ 2.13GHz
stepping	: 5
microcode	: 0x19
cpu MHz		: 2128.000
cache size	: 4096 KB
physical id	: 0
siblings	: 4
core id		: 0
cpu cores	: 4
apicid		: 0
initial apicid	: 0
fpu		: yes
fpu_exception	: yes
cpuid level	: 11
wp		: yes
flags		: fpu vme de pse tsc msr pae mce cx8 apic sep mtrr pge mca cmov pat pse36 clflush dts acpi mmx fxsr sse sse2 ss ht tm pbe syscall nx rdtscp lm constant_tsc arch_perfmon pebs bts rep_good nopl xtopology nonstop_tsc aperfmperf pni dtes64 monitor ds_cpl vmx est tm2 ssse3 cx16 xtpr pdcm dca sse4_1 sse4_2 popcnt lahf_lm dtherm tpr_shadow vnmi flexpriority ept vpid
bogomips	: 4255.72
clflush size	: 64
cache_alignment	: 64
address sizes	: 40 bits physical, 48 bits virtual
power management:

processor	: 1
vendor_id	: GenuineIntel
cpu family	: 6
model		: 26
model name	: Intel(R) Xeon(R) CPU           E5506  @ 2.13GHz
stepping	: 5
microcode	: 0x19
cpu MHz		: 1596.000
cache size	: 4096 KB
physical id	: 0
siblings	: 4
core id		: 1
cpu cores	: 4
apicid		: 2
initial apicid	: 2
fpu		: yes
fpu_exception	: yes
cpuid level	: 11
wp		: yes
flags		: fpu vme de pse tsc msr pae mce cx8 apic sep mtrr pge mca cmov pat pse36 clflush dts acpi mmx fxsr sse sse2 ss ht tm pbe syscall nx rdtscp lm constant_tsc arch_perfmon pebs bts rep_good nopl xtopology nonstop_tsc aperfmperf pni dtes64 monitor ds_cpl vmx est tm2 ssse3 cx16 xtpr pdcm dca sse4_1 sse4_2 popcnt lahf_lm dtherm tpr_shadow vnmi flexpriority ept vpid
bogomips	: 4255.72
clflush size	: 64
cache_alignment	: 64
address sizes	: 40 bits physical, 48 bits virtual
power management:

processor	: 2
vendor_id	: GenuineIntel
cpu family	: 6
model		: 26
model name	: Intel(R) Xeon(R) CPU           E5506  @ 2.13GHz
stepping	: 5
microcode	: 0x19
cpu MHz		: 1596.000
cache size	: 4096 KB
physical id	: 0
siblings	: 4
core id		: 2
cpu cores	: 4
apicid		: 4
initial apicid	: 4
fpu		: yes
fpu_exception	: yes
cpuid level	: 11
wp		: yes
flags		: fpu vme de pse tsc msr pae mce cx8 apic sep mtrr pge mca cmov pat pse36 clflush dts acpi mmx fxsr sse sse2 ss ht tm pbe syscall nx rdtscp lm constant_tsc arch_perfmon pebs bts rep_good nopl xtopology nonstop_tsc aperfmperf pni dtes64 monitor ds_cpl vmx est tm2 ssse3 cx16 xtpr pdcm dca sse4_1 sse4_2 popcnt lahf_lm dtherm tpr_shadow vnmi flexpriority ept vpid
bogomips	: 4255.72
clflush size	: 64
cache_alignment	: 64
address sizes	: 40 bits physical, 48 bits virtual
power management:

processor	: 3
vendor_id	: GenuineIntel
cpu family	: 6
model		: 26
model name	: Intel(R) Xeon(R) CPU           E5506  @ 2.13GHz
stepping	: 5
microcode	: 0x19
cpu MHz		: 1596.000
cache size	: 4096 KB
physical id	: 0
siblings	: 4
core id		: 3
cpu cores	: 4
apicid		: 6
initial apicid	: 6
fpu		: yes
fpu_exception	: yes
cpuid level	: 11
wp		: yes
flags		: fpu vme de pse tsc msr pae mce cx8 apic sep mtrr pge mca cmov pat pse36 clflush dts acpi mmx fxsr sse sse2 ss ht tm pbe syscall nx rdtscp lm constant_tsc arch_perfmon pebs bts rep_good nopl xtopology nonstop_tsc aperfmperf pni dtes64 monitor ds_cpl vmx est tm2 ssse3 cx16 xtpr pdcm dca sse4_1 sse4_2 popcnt lahf_lm dtherm tpr_shadow vnmi flexpriority ept vpid
bogomips	: 4255.72
clflush size	: 64
cache_alignment	: 64
address sizes	: 40 bits physical, 48 bits virtual
power management:



Memory: 4k page, physical 8156820k(150236k free), swap 0k(0k free)

vm_info: Java HotSpot(TM) 64-Bit Server VM (25.20-b23) for linux-amd64 JRE (1.8.0_20-b26), built on Jul 30 2014 13:13:52 by "java_re" with gcc 4.3.0 20080428 (Red Hat 4.3.0-8)

time: Tue Aug 26 11:59:53 2014
elapsed time: 4 seconds (0d 0h 0m 4s)

