#
# A fatal error has been detected by the Java Runtime Environment:
#
#  SIGSEGV (0xb) at pc=0x00007fa06b224018, pid=14965, tid=140328374834944
#
# JRE version: Java(TM) SE Runtime Environment (8.0_11-b12) (build 1.8.0_11-b12)
# Java VM: Java HotSpot(TM) 64-Bit Server VM (25.11-b03 mixed mode linux-amd64 compressed oops)
# Problematic frame:
# C  [libwkhtmltox.so.0+0x1dfd018]  JSStringIsEqualToUTF8CString+0x9e1a08
#
# Failed to write core dump. Core dumps have been disabled. To enable core dumping, try "ulimit -c unlimited" before starting Java again
#
# If you would like to submit a bug report, please visit:
#   http://bugreport.sun.com/bugreport/crash.jsp
# The crash happened outside the Java Virtual Machine in native code.
# See problematic frame for where to report the bug.
#

---------------  T H R E A D  ---------------

Current thread (0x00007fa0b800a000):  JavaThread "main" [_thread_in_native, id=14969, stack(0x00007fa0bedf1000,0x00007fa0beef2000)]

siginfo:si_signo=SIGSEGV: si_errno=0, si_code=2 (SEGV_ACCERR), si_addr=0x00007fa098e2412e

Registers:
RAX=0x00007fa098e2412e, RBX=0x00007fa09b81c518, RCX=0x00007fa0beef07d0, RDX=0x00007fa0beeeff01
RSP=0x00007fa0beeeffc0, RBP=0x00007fa0beef07d0, RSI=0x00007fa0beef07d0, RDI=0x00007fa09b81c518
R8 =0x0000000000000074, R9 =0x000000000000006f, R10=0x00007fa0beef0580, R11=0x00007fa069995c20
R12=0x00007fa0b8119c60, R13=0x00007fa0beef0058, R14=0x00007fa0beef0230, R15=0x0000000000000000
RIP=0x00007fa06b224018, EFLAGS=0x0000000000010202, CSGSFS=0x0000000000000033, ERR=0x0000000000000007
  TRAPNO=0x000000000000000e

Top of Stack: (sp=0x00007fa0beeeffc0)
0x00007fa0beeeffc0:   0000000000000003 00007fa0beeeffff
0x00007fa0beeeffd0:   00000000ffffffff 00007fa06998d0cd
0x00007fa0beeeffe0:   00007fa0b811a150 00007fa069988df1
0x00007fa0beeefff0:   00007fa0b8119c60 00007fa06b22875e
0x00007fa0beef0000:   00007fa06b2259f9 00007fa069989575
0x00007fa0beef0010:   00007fa0beef0058 00007fa0beef0060
0x00007fa0beef0020:   00007fa0beef0050 000000036999aacf
0x00007fa0beef0030:   00007fa098e242e3 00007fa098e242e0
0x00007fa0beef0040:   0000000000000003 00007fa0beef07d0
0x00007fa0beef0050:   00007fa0b811a8b0 00007fa0b8000020
0x00007fa0beef0060:   00007fa0b8119c60 00007fa0b811a5d0
0x00007fa0beef0070:   00007fa0beef0720 0000000000000010
0x00007fa0beef0080:   0000000000000000 00007fa0b8000020
0x00007fa0beef0090:   0000000000000010 00007fa0b811a0d0
0x00007fa0beef00a0:   00007fa0beef0718 0000000000000000
0x00007fa0beef00b0:   00007fa0beef0220 00007fa0be373600
0x00007fa0beef00c0:   00007fa0b811a0d0 00007fa0beef0230
0x00007fa0beef00d0:   00000000ffffffff 00007fa0b811a0d0
0x00007fa0beef00e0:   00007fa0beef0718 0000000000000000
0x00007fa0beef00f0:   00007fa0beef0220 00007fa069997636
0x00007fa0beef0100:   00007fa0beef0440 00007fa0beef0220
0x00007fa0beef0110:   00007fa0b811a5f0 00007fa09b81c4c0
0x00007fa0beef0120:   00007fa0beef0230 00007fa0beef0720
0x00007fa0beef0130:   00007fa0beef0660 00007fa098e242e0
0x00007fa0beef0140:   00007fa0beef07d0 00007fa0beef0600
0x00007fa0beef0150:   00007fa0b8119630 00007fa0becf8e9c
0x00007fa0beef0160:   00007fa0b8119b80 00000000af0c3fcc
0x00007fa0beef0170:   00007fa0b8119d30 0000000000000008
0x00007fa0beef0180:   00007fa0b8119e40 00007fa0becf9816
0x00007fa0beef0190:   00007fa0b8119ed0 00007fa0beef01d0
0x00007fa0beef01a0:   00007fa0b8119f60 00007fa0beef02e0
0x00007fa0beef01b0:   00007fa0b811a080 0000000002bc30ff 

Instructions: (pc=0x00007fa06b224018)
0x00007fa06b223ff8:   0f 1f 84 00 00 00 00 00 55 48 89 f5 53 48 89 fb
0x00007fa06b224008:   48 83 ec 08 48 8b 06 f0 ff 00 0f 95 c2 48 8b 07
0x00007fa06b224018:   f0 ff 08 0f 95 c2 84 d2 75 08 48 8b 3f e8 06 74
0x00007fa06b224028:   fb ff 48 8b 45 00 48 89 03 48 83 c4 08 48 89 d8 

Register to memory mapping:

RAX=0x00007fa098e2412e: Java_jwk_JWk_convert+0 in /home/dalmir/hpprojects/jwk/c/JWkLib/dist/libJWkLib.so at 0x00007fa098e23000
RBX=0x00007fa09b81c518 is an unknown value
RCX=0x00007fa0beef07d0 is pointing into the stack for thread: 0x00007fa0b800a000
RDX=0x00007fa0beeeff01 is pointing into the stack for thread: 0x00007fa0b800a000
RSP=0x00007fa0beeeffc0 is pointing into the stack for thread: 0x00007fa0b800a000
RBP=0x00007fa0beef07d0 is pointing into the stack for thread: 0x00007fa0b800a000
RSI=0x00007fa0beef07d0 is pointing into the stack for thread: 0x00007fa0b800a000
RDI=0x00007fa09b81c518 is an unknown value
R8 =0x0000000000000074 is an unknown value
R9 =0x000000000000006f is an unknown value
R10=0x00007fa0beef0580 is pointing into the stack for thread: 0x00007fa0b800a000
R11=0x00007fa069995c20: _ZN11wkhtmltopdf8settings9PdfGlobal3setEPKcRK7QString+0 in /usr/local/lib/libwkhtmltox.so.0 at 0x00007fa069427000
R12=0x00007fa0b8119c60 is an unknown value
R13=0x00007fa0beef0058 is pointing into the stack for thread: 0x00007fa0b800a000
R14=0x00007fa0beef0230 is pointing into the stack for thread: 0x00007fa0b800a000
R15=0x0000000000000000 is an unknown value


Stack: [0x00007fa0bedf1000,0x00007fa0beef2000],  sp=0x00007fa0beeeffc0,  free space=1019k
Native frames: (J=compiled Java code, j=interpreted, Vv=VM code, C=native code)
C  [libwkhtmltox.so.0+0x1dfd018]  JSStringIsEqualToUTF8CString+0x9e1a08

Java frames: (J=compiled Java code, j=interpreted, Vv=VM code)
j  jwk.JWk.convert(Ljava/lang/String;Ljava/lang/String;)V+0
j  jwk.JWk.main([Ljava/lang/String;)V+11
v  ~StubRoutines::call_stub

---------------  P R O C E S S  ---------------

Java Threads: ( => current thread )
  0x00007fa0b80e0800 JavaThread "Service Thread" daemon [_thread_blocked, id=14981, stack(0x00007fa09954e000,0x00007fa09964f000)]
  0x00007fa0b80b3000 JavaThread "C1 CompilerThread2" daemon [_thread_blocked, id=14980, stack(0x00007fa09964f000,0x00007fa099750000)]
  0x00007fa0b80b1000 JavaThread "C2 CompilerThread1" daemon [_thread_blocked, id=14979, stack(0x00007fa099750000,0x00007fa099851000)]
  0x00007fa0b80ae000 JavaThread "C2 CompilerThread0" daemon [_thread_blocked, id=14978, stack(0x00007fa099851000,0x00007fa099952000)]
  0x00007fa0b80ac000 JavaThread "Signal Dispatcher" daemon [_thread_blocked, id=14977, stack(0x00007fa099952000,0x00007fa099a53000)]
  0x00007fa0b807c000 JavaThread "Finalizer" daemon [_thread_blocked, id=14976, stack(0x00007fa09a137000,0x00007fa09a238000)]
  0x00007fa0b8078000 JavaThread "Reference Handler" daemon [_thread_blocked, id=14975, stack(0x00007fa09a238000,0x00007fa09a339000)]
=>0x00007fa0b800a000 JavaThread "main" [_thread_in_native, id=14969, stack(0x00007fa0bedf1000,0x00007fa0beef2000)]

Other Threads:
  0x00007fa0b8073000 VMThread [stack: 0x00007fa09a339000,0x00007fa09a43a000] [id=14974]
  0x00007fa0b80e3000 WatcherThread [stack: 0x00007fa09944d000,0x00007fa09954e000] [id=14982]

VM state:not at safepoint (normal execution)

VM Mutex/Monitor currently owned by a thread: None

Heap:
 PSYoungGen      total 1024K, used 398K [0x00000000d6800000, 0x00000000d6980000, 0x0000000100000000)
  eden space 512K, 77% used [0x00000000d6800000,0x00000000d6863990,0x00000000d6880000)
  from space 512K, 0% used [0x00000000d6900000,0x00000000d6900000,0x00000000d6980000)
  to   space 512K, 0% used [0x00000000d6880000,0x00000000d6880000,0x00000000d6900000)
 ParOldGen       total 127488K, used 0K [0x0000000083800000, 0x000000008b480000, 0x00000000d6800000)
  object space 127488K, 0% used [0x0000000083800000,0x0000000083800000,0x000000008b480000)
 Metaspace       used 2581K, capacity 4486K, committed 4864K, reserved 1056768K
  class space    used 274K, capacity 386K, committed 512K, reserved 1048576K

Card table byte_map: [0x00007fa0a885b000,0x00007fa0a8c40000] byte_map_base: 0x00007fa0a843f000

Marking Bits: (ParMarkBitMap*) 0x00007fa0be2c5c20
 Begin Bits: [0x00007fa0a01c0000, 0x00007fa0a20e0000)
 End Bits:   [0x00007fa0a20e0000, 0x00007fa0a4000000)

Polling page: 0x00007fa0bef0e000

CodeCache: size=245760Kb used=1081Kb max_used=1081Kb free=244678Kb
 bounds [0x00007fa0a9000000, 0x00007fa0a9270000, 0x00007fa0b8000000]
 total_blobs=250 nmethods=13 adapters=154
 compilation: enabled

Compilation events (10 events):
Event: 0,077 Thread 0x00007fa0b80b3000    9       3       java.lang.AbstractStringBuilder::ensureCapacityInternal (16 bytes)
Event: 0,077 Thread 0x00007fa0b80b3000 nmethod 9 0x00007fa0a9101550 code [0x00007fa0a91016c0, 0x00007fa0a91018a8]
Event: 0,082 Thread 0x00007fa0b80b3000   10       1       java.lang.Object::<init> (1 bytes)
Event: 0,083 Thread 0x00007fa0b80b3000 nmethod 10 0x00007fa0a910b210 code [0x00007fa0a910b360, 0x00007fa0a910b470]
Event: 0,083 Thread 0x00007fa0b80b3000   11       3       java.util.Arrays::copyOfRange (63 bytes)
Event: 0,084 Thread 0x00007fa0b80b3000 nmethod 11 0x00007fa0a910bcd0 code [0x00007fa0a910bee0, 0x00007fa0a910c998]
Event: 0,088 Thread 0x00007fa0b80b3000   12       1       java.lang.ref.Reference::get (5 bytes)
Event: 0,088 Thread 0x00007fa0b80b3000 nmethod 12 0x00007fa0a910d490 code [0x00007fa0a910d5e0, 0x00007fa0a910d6f0]
Event: 0,089 Thread 0x00007fa0b80b3000   13       1       java.lang.ThreadLocal::access$400 (5 bytes)
Event: 0,089 Thread 0x00007fa0b80b3000 nmethod 13 0x00007fa0a910d750 code [0x00007fa0a910d8a0, 0x00007fa0a910d990]

GC Heap History (0 events):
No events

Deoptimization events (0 events):
No events

Internal exceptions (3 events):
Event: 0,033 Thread 0x00007fa0b800a000 Exception <a 'java/lang/NoSuchMethodError': Method sun.misc.Unsafe.defineClass(Ljava/lang/String;[BII)Ljava/lang/Class; name or signature does not match> (0x00000000d68146e8) thrown at [/HUDSON/workspace/8-2-build-linux-amd64/jdk8u11/648/hotspot/src/share
Event: 0,034 Thread 0x00007fa0b800a000 Exception <a 'java/lang/NoSuchMethodError': Method sun.misc.Unsafe.prefetchRead(Ljava/lang/Object;J)V name or signature does not match> (0x00000000d6814978) thrown at [/HUDSON/workspace/8-2-build-linux-amd64/jdk8u11/648/hotspot/src/share/vm/prims/jni.cpp,
Event: 0,077 Thread 0x00007fa0b800a000 Exception <a 'java/security/PrivilegedActionException'> (0x00000000d6857130) thrown at [/HUDSON/workspace/8-2-build-linux-amd64/jdk8u11/648/hotspot/src/share/vm/prims/jvm.cpp, line 1248]

Events (10 events):
Event: 0,088 loading class java/nio/file/attribute/PosixFileAttributes done
Event: 0,088 loading class sun/nio/fs/UnixFileAttributes done
Event: 0,088 loading class sun/nio/fs/UnixFileStoreAttributes
Event: 0,088 loading class sun/nio/fs/UnixFileStoreAttributes done
Event: 0,088 loading class sun/nio/fs/UnixMountEntry
Event: 0,088 loading class sun/nio/fs/UnixMountEntry done
Event: 0,089 loading class java/net/URI
Event: 0,089 loading class java/net/URI done
Event: 0,090 loading class java/net/URI$Parser
Event: 0,090 loading class java/net/URI$Parser done


Dynamic libraries:
00400000-00401000 r-xp 00000000 08:02 5113632                            /usr/lib/jvm/java-8-oracle/bin/java
00600000-00601000 rw-p 00000000 08:02 5113632                            /usr/lib/jvm/java-8-oracle/bin/java
00b48000-00b69000 rw-p 00000000 00:00 0                                  [heap]
83800000-8b480000 rw-p 00000000 00:00 0 
8b480000-d6800000 ---p 00000000 00:00 0 
d6800000-d6980000 rw-p 00000000 00:00 0 
d6980000-100000000 ---p 00000000 00:00 0 
100000000-100080000 rw-p 00000000 00:00 0 
100080000-140000000 ---p 00000000 00:00 0 
7fa068181000-7fa068184000 r-xp 00000000 08:02 4336373                    /usr/lib/x86_64-linux-gnu/gconv/UTF-16.so
7fa068184000-7fa068383000 ---p 00003000 08:02 4336373                    /usr/lib/x86_64-linux-gnu/gconv/UTF-16.so
7fa068383000-7fa068384000 r--p 00002000 08:02 4336373                    /usr/lib/x86_64-linux-gnu/gconv/UTF-16.so
7fa068384000-7fa068385000 rw-p 00003000 08:02 4336373                    /usr/lib/x86_64-linux-gnu/gconv/UTF-16.so
7fa068385000-7fa06838a000 r-xp 00000000 08:02 3940435                    /usr/lib/x86_64-linux-gnu/libXdmcp.so.6.0.0
7fa06838a000-7fa068589000 ---p 00005000 08:02 3940435                    /usr/lib/x86_64-linux-gnu/libXdmcp.so.6.0.0
7fa068589000-7fa06858a000 r--p 00004000 08:02 3940435                    /usr/lib/x86_64-linux-gnu/libXdmcp.so.6.0.0
7fa06858a000-7fa06858b000 rw-p 00005000 08:02 3940435                    /usr/lib/x86_64-linux-gnu/libXdmcp.so.6.0.0
7fa06858b000-7fa06858d000 r-xp 00000000 08:02 3940424                    /usr/lib/x86_64-linux-gnu/libXau.so.6.0.0
7fa06858d000-7fa06878d000 ---p 00002000 08:02 3940424                    /usr/lib/x86_64-linux-gnu/libXau.so.6.0.0
7fa06878d000-7fa06878e000 r--p 00002000 08:02 3940424                    /usr/lib/x86_64-linux-gnu/libXau.so.6.0.0
7fa06878e000-7fa06878f000 rw-p 00003000 08:02 3940424                    /usr/lib/x86_64-linux-gnu/libXau.so.6.0.0
7fa06878f000-7fa0687ac000 r-xp 00000000 08:02 3941492                    /usr/lib/x86_64-linux-gnu/libxcb.so.1.1.0
7fa0687ac000-7fa0689ac000 ---p 0001d000 08:02 3941492                    /usr/lib/x86_64-linux-gnu/libxcb.so.1.1.0
7fa0689ac000-7fa0689ad000 r--p 0001d000 08:02 3941492                    /usr/lib/x86_64-linux-gnu/libxcb.so.1.1.0
7fa0689ad000-7fa0689ae000 rw-p 0001e000 08:02 3941492                    /usr/lib/x86_64-linux-gnu/libxcb.so.1.1.0
7fa0689ae000-7fa0689d5000 r-xp 00000000 08:02 659395                     /lib/x86_64-linux-gnu/libexpat.so.1.6.0
7fa0689d5000-7fa068bd5000 ---p 00027000 08:02 659395                     /lib/x86_64-linux-gnu/libexpat.so.1.6.0
7fa068bd5000-7fa068bd7000 r--p 00027000 08:02 659395                     /lib/x86_64-linux-gnu/libexpat.so.1.6.0
7fa068bd7000-7fa068bd8000 rw-p 00029000 08:02 659395                     /lib/x86_64-linux-gnu/libexpat.so.1.6.0
7fa068bd8000-7fa068bee000 r-xp 00000000 08:02 659400                     /lib/x86_64-linux-gnu/libgcc_s.so.1
7fa068bee000-7fa068ded000 ---p 00016000 08:02 659400                     /lib/x86_64-linux-gnu/libgcc_s.so.1
7fa068ded000-7fa068dee000 rw-p 00015000 08:02 659400                     /lib/x86_64-linux-gnu/libgcc_s.so.1
7fa068dee000-7fa068ed4000 r-xp 00000000 08:02 3941330                    /usr/lib/x86_64-linux-gnu/libstdc++.so.6.0.19
7fa068ed4000-7fa0690d3000 ---p 000e6000 08:02 3941330                    /usr/lib/x86_64-linux-gnu/libstdc++.so.6.0.19
7fa0690d3000-7fa0690db000 r--p 000e5000 08:02 3941330                    /usr/lib/x86_64-linux-gnu/libstdc++.so.6.0.19
7fa0690db000-7fa0690dd000 rw-p 000ed000 08:02 3941330                    /usr/lib/x86_64-linux-gnu/libstdc++.so.6.0.19
7fa0690dd000-7fa0690f2000 rw-p 00000000 00:00 0 
7fa0690f2000-7fa069222000 r-xp 00000000 08:02 3940420                    /usr/lib/x86_64-linux-gnu/libX11.so.6.3.0
7fa069222000-7fa069422000 ---p 00130000 08:02 3940420                    /usr/lib/x86_64-linux-gnu/libX11.so.6.3.0
7fa069422000-7fa069423000 r--p 00130000 08:02 3940420                    /usr/lib/x86_64-linux-gnu/libX11.so.6.3.0
7fa069423000-7fa069427000 rw-p 00131000 08:02 3940420                    /usr/lib/x86_64-linux-gnu/libX11.so.6.3.0
7fa069427000-7fa06bbab000 r-xp 00000000 08:02 4205335                    /usr/local/lib/libwkhtmltox.so.0.12.1
7fa06bbab000-7fa06bdab000 ---p 02784000 08:02 4205335                    /usr/local/lib/libwkhtmltox.so.0.12.1
7fa06bdab000-7fa06bfb4000 r--p 02784000 08:02 4205335                    /usr/local/lib/libwkhtmltox.so.0.12.1
7fa06bfb4000-7fa06bfcd000 rw-p 0298d000 08:02 4205335                    /usr/local/lib/libwkhtmltox.so.0.12.1
7fa06bfcd000-7fa06c000000 rw-p 00000000 00:00 0 
7fa06c000000-7fa06c021000 rw-p 00000000 00:00 0 
7fa06c021000-7fa070000000 ---p 00000000 00:00 0 
7fa070000000-7fa070021000 rw-p 00000000 00:00 0 
7fa070021000-7fa074000000 ---p 00000000 00:00 0 
7fa074000000-7fa074021000 rw-p 00000000 00:00 0 
7fa074021000-7fa078000000 ---p 00000000 00:00 0 
7fa078000000-7fa07802d000 rw-p 00000000 00:00 0 
7fa07802d000-7fa07c000000 ---p 00000000 00:00 0 
7fa07c000000-7fa07c021000 rw-p 00000000 00:00 0 
7fa07c021000-7fa080000000 ---p 00000000 00:00 0 
7fa080000000-7fa08002e000 rw-p 00000000 00:00 0 
7fa08002e000-7fa084000000 ---p 00000000 00:00 0 
7fa084000000-7fa084021000 rw-p 00000000 00:00 0 
7fa084021000-7fa088000000 ---p 00000000 00:00 0 
7fa088000000-7fa088021000 rw-p 00000000 00:00 0 
7fa088021000-7fa08c000000 ---p 00000000 00:00 0 
7fa08c000000-7fa08c021000 rw-p 00000000 00:00 0 
7fa08c021000-7fa090000000 ---p 00000000 00:00 0 
7fa090000000-7fa090021000 rw-p 00000000 00:00 0 
7fa090021000-7fa094000000 ---p 00000000 00:00 0 
7fa094000000-7fa094021000 rw-p 00000000 00:00 0 
7fa094021000-7fa098000000 ---p 00000000 00:00 0 
7fa0980a6000-7fa0980be000 r-xp 00000000 08:02 659536                     /lib/x86_64-linux-gnu/libz.so.1.2.8
7fa0980be000-7fa0982bd000 ---p 00018000 08:02 659536                     /lib/x86_64-linux-gnu/libz.so.1.2.8
7fa0982bd000-7fa0982be000 r--p 00017000 08:02 659536                     /lib/x86_64-linux-gnu/libz.so.1.2.8
7fa0982be000-7fa0982bf000 rw-p 00018000 08:02 659536                     /lib/x86_64-linux-gnu/libz.so.1.2.8
7fa0982bf000-7fa09835c000 r-xp 00000000 08:02 3932540                    /usr/lib/x86_64-linux-gnu/libfreetype.so.6.11.1
7fa09835c000-7fa09855b000 ---p 0009d000 08:02 3932540                    /usr/lib/x86_64-linux-gnu/libfreetype.so.6.11.1
7fa09855b000-7fa098561000 r--p 0009c000 08:02 3932540                    /usr/lib/x86_64-linux-gnu/libfreetype.so.6.11.1
7fa098561000-7fa098562000 rw-p 000a2000 08:02 3932540                    /usr/lib/x86_64-linux-gnu/libfreetype.so.6.11.1
7fa098562000-7fa09859c000 r-xp 00000000 08:02 3932441                    /usr/lib/x86_64-linux-gnu/libfontconfig.so.1.8.0
7fa09859c000-7fa09879b000 ---p 0003a000 08:02 3932441                    /usr/lib/x86_64-linux-gnu/libfontconfig.so.1.8.0
7fa09879b000-7fa09879d000 r--p 00039000 08:02 3932441                    /usr/lib/x86_64-linux-gnu/libfontconfig.so.1.8.0
7fa09879d000-7fa09879e000 rw-p 0003b000 08:02 3932441                    /usr/lib/x86_64-linux-gnu/libfontconfig.so.1.8.0
7fa09879e000-7fa0987a7000 r-xp 00000000 08:02 3940459                    /usr/lib/x86_64-linux-gnu/libXrender.so.1.3.0
7fa0987a7000-7fa0989a6000 ---p 00009000 08:02 3940459                    /usr/lib/x86_64-linux-gnu/libXrender.so.1.3.0
7fa0989a6000-7fa0989a7000 r--p 00008000 08:02 3940459                    /usr/lib/x86_64-linux-gnu/libXrender.so.1.3.0
7fa0989a7000-7fa0989a8000 rw-p 00009000 08:02 3940459                    /usr/lib/x86_64-linux-gnu/libXrender.so.1.3.0
7fa0989a8000-7fa0989cd000 r-xp 00000000 08:02 659488                     /lib/x86_64-linux-gnu/libpng12.so.0.50.0
7fa0989cd000-7fa098bcc000 ---p 00025000 08:02 659488                     /lib/x86_64-linux-gnu/libpng12.so.0.50.0
7fa098bcc000-7fa098bcd000 r--p 00024000 08:02 659488                     /lib/x86_64-linux-gnu/libpng12.so.0.50.0
7fa098bcd000-7fa098bce000 rw-p 00025000 08:02 659488                     /lib/x86_64-linux-gnu/libpng12.so.0.50.0
7fa098bce000-7fa098c11000 r-xp 00000000 08:02 3941024                    /usr/lib/x86_64-linux-gnu/libjpeg.so.8.0.2
7fa098c11000-7fa098e11000 ---p 00043000 08:02 3941024                    /usr/lib/x86_64-linux-gnu/libjpeg.so.8.0.2
7fa098e11000-7fa098e12000 r--p 00043000 08:02 3941024                    /usr/lib/x86_64-linux-gnu/libjpeg.so.8.0.2
7fa098e12000-7fa098e13000 rw-p 00044000 08:02 3941024                    /usr/lib/x86_64-linux-gnu/libjpeg.so.8.0.2
7fa098e13000-7fa098e23000 rw-p 00000000 00:00 0 
7fa098e23000-7fa098e25000 r-xp 00000000 00:18 9965819                    /home/dalmir/hpprojects/jwk/c/JWkLib/dist/libJWkLib.so
7fa098e25000-7fa099024000 ---p 00002000 00:18 9965819                    /home/dalmir/hpprojects/jwk/c/JWkLib/dist/libJWkLib.so
7fa099024000-7fa099025000 r--p 00001000 00:18 9965819                    /home/dalmir/hpprojects/jwk/c/JWkLib/dist/libJWkLib.so
7fa099025000-7fa099026000 rw-p 00002000 00:18 9965819                    /home/dalmir/hpprojects/jwk/c/JWkLib/dist/libJWkLib.so
7fa099026000-7fa09903c000 r-xp 00000000 08:02 5113690                    /usr/lib/jvm/java-8-oracle/jre/lib/amd64/libnet.so
7fa09903c000-7fa09923b000 ---p 00016000 08:02 5113690                    /usr/lib/jvm/java-8-oracle/jre/lib/amd64/libnet.so
7fa09923b000-7fa09923c000 rw-p 00015000 08:02 5113690                    /usr/lib/jvm/java-8-oracle/jre/lib/amd64/libnet.so
7fa09923c000-7fa09924c000 r-xp 00000000 08:02 5113694                    /usr/lib/jvm/java-8-oracle/jre/lib/amd64/libnio.so
7fa09924c000-7fa09944c000 ---p 00010000 08:02 5113694                    /usr/lib/jvm/java-8-oracle/jre/lib/amd64/libnio.so
7fa09944c000-7fa09944d000 rw-p 00010000 08:02 5113694                    /usr/lib/jvm/java-8-oracle/jre/lib/amd64/libnio.so
7fa09944d000-7fa09944e000 ---p 00000000 00:00 0 
7fa09944e000-7fa09954e000 rw-p 00000000 00:00 0                          [stack:14982]
7fa09954e000-7fa099551000 ---p 00000000 00:00 0 
7fa099551000-7fa09964f000 rw-p 00000000 00:00 0                          [stack:14981]
7fa09964f000-7fa099652000 ---p 00000000 00:00 0 
7fa099652000-7fa099750000 rw-p 00000000 00:00 0                          [stack:14980]
7fa099750000-7fa099753000 ---p 00000000 00:00 0 
7fa099753000-7fa099851000 rw-p 00000000 00:00 0                          [stack:14979]
7fa099851000-7fa099854000 ---p 00000000 00:00 0 
7fa099854000-7fa099952000 rw-p 00000000 00:00 0                          [stack:14978]
7fa099952000-7fa099955000 ---p 00000000 00:00 0 
7fa099955000-7fa099a53000 rw-p 00000000 00:00 0                          [stack:14977]
7fa099a53000-7fa09a137000 r--p 00000000 08:02 3939342                    /usr/lib/locale/locale-archive
7fa09a137000-7fa09a13a000 ---p 00000000 00:00 0 
7fa09a13a000-7fa09a238000 rw-p 00000000 00:00 0                          [stack:14976]
7fa09a238000-7fa09a23b000 ---p 00000000 00:00 0 
7fa09a23b000-7fa09a339000 rw-p 00000000 00:00 0                          [stack:14975]
7fa09a339000-7fa09a33a000 ---p 00000000 00:00 0 
7fa09a33a000-7fa09b248000 rw-p 00000000 00:00 0                          [stack:14974]
7fa09b248000-7fa09b41c000 r--s 03c50000 08:02 5113745                    /usr/lib/jvm/java-8-oracle/jre/lib/rt.jar
7fa09b41c000-7fa09b85c000 rw-p 00000000 00:00 0 
7fa09b85c000-7fa09bc1c000 ---p 00000000 00:00 0 
7fa09bc1c000-7fa09c000000 rw-p 00000000 00:00 0 
7fa09c000000-7fa09c021000 rw-p 00000000 00:00 0 
7fa09c021000-7fa0a0000000 ---p 00000000 00:00 0 
7fa0a00bf000-7fa0a4000000 rw-p 00000000 00:00 0 
7fa0a4000000-7fa0a4021000 rw-p 00000000 00:00 0 
7fa0a4021000-7fa0a8000000 ---p 00000000 00:00 0 
7fa0a800e000-7fa0a800f000 rw-p 00000000 00:00 0 
7fa0a800f000-7fa0a8010000 r--s 00000000 08:02 5636167                    /var/cache/fontconfig/c05880de57d1f5e948fdfacc138775d9-le64.cache-4
7fa0a8010000-7fa0a801b000 r--s 00000000 08:02 5636166                    /var/cache/fontconfig/945677eb7aeaf62f1d50efc3fb3ec7d8-le64.cache-4
7fa0a801b000-7fa0a8021000 r--s 00000000 08:02 5636164                    /var/cache/fontconfig/2cd17615ca594fa2959ae173292e504c-le64.cache-4
7fa0a8021000-7fa0a8022000 r--s 00000000 08:02 5636163                    /var/cache/fontconfig/e7071f4a29fa870f4323321c154eba04-le64.cache-4
7fa0a8022000-7fa0a8029000 r--s 00000000 08:02 5636161                    /var/cache/fontconfig/a755afe4a08bf5b97852ceb7400b47bc-le64.cache-4
7fa0a8029000-7fa0a803d000 r--s 00000000 08:02 5636160                    /var/cache/fontconfig/04aabc0a78ac019cf9454389977116d2-le64.cache-4
7fa0a803d000-7fa0a8041000 r--s 00000000 08:02 5636158                    /var/cache/fontconfig/385c0604a188198f04d133e54aba7fe7-le64.cache-4
7fa0a8041000-7fa0a8046000 r--s 00000000 08:02 5636155                    /var/cache/fontconfig/8801497958630a81b71ace7c5f9b32a8-le64.cache-4
7fa0a8046000-7fa0a804d000 r--s 00000000 08:02 5636154                    /var/cache/fontconfig/3047814df9a2f067bd2d96a2b9c36e5a-le64.cache-4
7fa0a804d000-7fa0a8053000 r--s 00000000 08:02 5636151                    /var/cache/fontconfig/b47c4e1ecd0709278f4910c18777a504-le64.cache-4
7fa0a8053000-7fa0a8066000 r--s 00000000 08:02 5636150                    /var/cache/fontconfig/d52a8644073d54c13679302ca1180695-le64.cache-4
7fa0a8066000-7fa0a81bf000 rw-p 00000000 00:00 0 
7fa0a81bf000-7fa0a81c0000 ---p 00000000 00:00 0 
7fa0a81c0000-7fa0a82c0000 rw-p 00000000 00:00 0                          [stack:14973]
7fa0a82c0000-7fa0a82c1000 ---p 00000000 00:00 0 
7fa0a82c1000-7fa0a83c1000 rw-p 00000000 00:00 0                          [stack:14972]
7fa0a83c1000-7fa0a83c2000 ---p 00000000 00:00 0 
7fa0a83c2000-7fa0a84c2000 rw-p 00000000 00:00 0                          [stack:14971]
7fa0a84c2000-7fa0a84c3000 ---p 00000000 00:00 0 
7fa0a84c3000-7fa0a8602000 rw-p 00000000 00:00 0                          [stack:14970]
7fa0a8602000-7fa0a885b000 ---p 00000000 00:00 0 
7fa0a885b000-7fa0a889a000 rw-p 00000000 00:00 0 
7fa0a889a000-7fa0a8af3000 ---p 00000000 00:00 0 
7fa0a8af3000-7fa0a8af4000 rw-p 00000000 00:00 0 
7fa0a8af4000-7fa0a8c3f000 ---p 00000000 00:00 0 
7fa0a8c3f000-7fa0a8c4a000 rw-p 00000000 00:00 0 
7fa0a8c4a000-7fa0a9000000 ---p 00000000 00:00 0 
7fa0a9000000-7fa0a9270000 rwxp 00000000 00:00 0 
7fa0a9270000-7fa0b8000000 ---p 00000000 00:00 0 
7fa0b8000000-7fa0b8161000 rw-p 00000000 00:00 0 
7fa0b8161000-7fa0bc000000 ---p 00000000 00:00 0 
7fa0bc000000-7fa0bc001000 r--s 00000000 08:02 5636162                    /var/cache/fontconfig/0d8c3b2ac0904cb8a57a757ad11a4a08-le64.cache-4
7fa0bc001000-7fa0bc002000 r--s 00000000 08:02 5636159                    /var/cache/fontconfig/1ac9eb803944fde146138c791f5cc56a-le64.cache-4
7fa0bc002000-7fa0bc00a000 r--s 00000000 08:02 5636149                    /var/cache/fontconfig/3f7329c5293ffd510edef78f73874cfd-le64.cache-4
7fa0bc00a000-7fa0bc02b000 rw-p 00000000 00:00 0 
7fa0bc02b000-7fa0bc047000 r-xp 00000000 08:02 5113717                    /usr/lib/jvm/java-8-oracle/jre/lib/amd64/libzip.so
7fa0bc047000-7fa0bc246000 ---p 0001c000 08:02 5113717                    /usr/lib/jvm/java-8-oracle/jre/lib/amd64/libzip.so
7fa0bc246000-7fa0bc247000 rw-p 0001b000 08:02 5113717                    /usr/lib/jvm/java-8-oracle/jre/lib/amd64/libzip.so
7fa0bc247000-7fa0bc252000 r-xp 00000000 08:02 657978                     /lib/x86_64-linux-gnu/libnss_files-2.19.so
7fa0bc252000-7fa0bc451000 ---p 0000b000 08:02 657978                     /lib/x86_64-linux-gnu/libnss_files-2.19.so
7fa0bc451000-7fa0bc452000 r--p 0000a000 08:02 657978                     /lib/x86_64-linux-gnu/libnss_files-2.19.so
7fa0bc452000-7fa0bc453000 rw-p 0000b000 08:02 657978                     /lib/x86_64-linux-gnu/libnss_files-2.19.so
7fa0bc453000-7fa0bc45e000 r-xp 00000000 08:02 656672                     /lib/x86_64-linux-gnu/libnss_nis-2.19.so
7fa0bc45e000-7fa0bc65d000 ---p 0000b000 08:02 656672                     /lib/x86_64-linux-gnu/libnss_nis-2.19.so
7fa0bc65d000-7fa0bc65e000 r--p 0000a000 08:02 656672                     /lib/x86_64-linux-gnu/libnss_nis-2.19.so
7fa0bc65e000-7fa0bc65f000 rw-p 0000b000 08:02 656672                     /lib/x86_64-linux-gnu/libnss_nis-2.19.so
7fa0bc65f000-7fa0bc676000 r-xp 00000000 08:02 657980                     /lib/x86_64-linux-gnu/libnsl-2.19.so
7fa0bc676000-7fa0bc875000 ---p 00017000 08:02 657980                     /lib/x86_64-linux-gnu/libnsl-2.19.so
7fa0bc875000-7fa0bc876000 r--p 00016000 08:02 657980                     /lib/x86_64-linux-gnu/libnsl-2.19.so
7fa0bc876000-7fa0bc877000 rw-p 00017000 08:02 657980                     /lib/x86_64-linux-gnu/libnsl-2.19.so
7fa0bc877000-7fa0bc879000 rw-p 00000000 00:00 0 
7fa0bc879000-7fa0bc882000 r-xp 00000000 08:02 657973                     /lib/x86_64-linux-gnu/libnss_compat-2.19.so
7fa0bc882000-7fa0bca81000 ---p 00009000 08:02 657973                     /lib/x86_64-linux-gnu/libnss_compat-2.19.so
7fa0bca81000-7fa0bca82000 r--p 00008000 08:02 657973                     /lib/x86_64-linux-gnu/libnss_compat-2.19.so
7fa0bca82000-7fa0bca83000 rw-p 00009000 08:02 657973                     /lib/x86_64-linux-gnu/libnss_compat-2.19.so
7fa0bca83000-7fa0bcaad000 r-xp 00000000 08:02 5113705                    /usr/lib/jvm/java-8-oracle/jre/lib/amd64/libjava.so
7fa0bcaad000-7fa0bccad000 ---p 0002a000 08:02 5113705                    /usr/lib/jvm/java-8-oracle/jre/lib/amd64/libjava.so
7fa0bccad000-7fa0bccaf000 rw-p 0002a000 08:02 5113705                    /usr/lib/jvm/java-8-oracle/jre/lib/amd64/libjava.so
7fa0bccaf000-7fa0bccbc000 r-xp 00000000 08:02 5113718                    /usr/lib/jvm/java-8-oracle/jre/lib/amd64/libverify.so
7fa0bccbc000-7fa0bcebc000 ---p 0000d000 08:02 5113718                    /usr/lib/jvm/java-8-oracle/jre/lib/amd64/libverify.so
7fa0bcebc000-7fa0bcebe000 rw-p 0000d000 08:02 5113718                    /usr/lib/jvm/java-8-oracle/jre/lib/amd64/libverify.so
7fa0bcebe000-7fa0bcec5000 r-xp 00000000 08:02 657976                     /lib/x86_64-linux-gnu/librt-2.19.so
7fa0bcec5000-7fa0bd0c4000 ---p 00007000 08:02 657976                     /lib/x86_64-linux-gnu/librt-2.19.so
7fa0bd0c4000-7fa0bd0c5000 r--p 00006000 08:02 657976                     /lib/x86_64-linux-gnu/librt-2.19.so
7fa0bd0c5000-7fa0bd0c6000 rw-p 00007000 08:02 657976                     /lib/x86_64-linux-gnu/librt-2.19.so
7fa0bd0c6000-7fa0bd1cb000 r-xp 00000000 08:02 657977                     /lib/x86_64-linux-gnu/libm-2.19.so
7fa0bd1cb000-7fa0bd3ca000 ---p 00105000 08:02 657977                     /lib/x86_64-linux-gnu/libm-2.19.so
7fa0bd3ca000-7fa0bd3cb000 r--p 00104000 08:02 657977                     /lib/x86_64-linux-gnu/libm-2.19.so
7fa0bd3cb000-7fa0bd3cc000 rw-p 00105000 08:02 657977                     /lib/x86_64-linux-gnu/libm-2.19.so
7fa0bd3cc000-7fa0bdfe6000 r-xp 00000000 08:02 5387306                    /usr/lib/jvm/java-8-oracle/jre/lib/amd64/server/libjvm.so
7fa0bdfe6000-7fa0be1e6000 ---p 00c1a000 08:02 5387306                    /usr/lib/jvm/java-8-oracle/jre/lib/amd64/server/libjvm.so
7fa0be1e6000-7fa0be2af000 rw-p 00c1a000 08:02 5387306                    /usr/lib/jvm/java-8-oracle/jre/lib/amd64/server/libjvm.so
7fa0be2af000-7fa0be2f0000 rw-p 00000000 00:00 0 
7fa0be2f0000-7fa0be4ac000 r-xp 00000000 08:02 657981                     /lib/x86_64-linux-gnu/libc-2.19.so
7fa0be4ac000-7fa0be6ab000 ---p 001bc000 08:02 657981                     /lib/x86_64-linux-gnu/libc-2.19.so
7fa0be6ab000-7fa0be6af000 r--p 001bb000 08:02 657981                     /lib/x86_64-linux-gnu/libc-2.19.so
7fa0be6af000-7fa0be6b1000 rw-p 001bf000 08:02 657981                     /lib/x86_64-linux-gnu/libc-2.19.so
7fa0be6b1000-7fa0be6b6000 rw-p 00000000 00:00 0 
7fa0be6b6000-7fa0be6b9000 r-xp 00000000 08:02 657970                     /lib/x86_64-linux-gnu/libdl-2.19.so
7fa0be6b9000-7fa0be8b8000 ---p 00003000 08:02 657970                     /lib/x86_64-linux-gnu/libdl-2.19.so
7fa0be8b8000-7fa0be8b9000 r--p 00002000 08:02 657970                     /lib/x86_64-linux-gnu/libdl-2.19.so
7fa0be8b9000-7fa0be8ba000 rw-p 00003000 08:02 657970                     /lib/x86_64-linux-gnu/libdl-2.19.so
7fa0be8ba000-7fa0be8d1000 r-xp 00000000 08:02 4855110                    /usr/lib/jvm/java-8-oracle/lib/amd64/jli/libjli.so
7fa0be8d1000-7fa0bead0000 ---p 00017000 08:02 4855110                    /usr/lib/jvm/java-8-oracle/lib/amd64/jli/libjli.so
7fa0bead0000-7fa0bead1000 rw-p 00016000 08:02 4855110                    /usr/lib/jvm/java-8-oracle/lib/amd64/jli/libjli.so
7fa0bead1000-7fa0beaea000 r-xp 00000000 08:02 657983                     /lib/x86_64-linux-gnu/libpthread-2.19.so
7fa0beaea000-7fa0bece9000 ---p 00019000 08:02 657983                     /lib/x86_64-linux-gnu/libpthread-2.19.so
7fa0bece9000-7fa0becea000 r--p 00018000 08:02 657983                     /lib/x86_64-linux-gnu/libpthread-2.19.so
7fa0becea000-7fa0beceb000 rw-p 00019000 08:02 657983                     /lib/x86_64-linux-gnu/libpthread-2.19.so
7fa0beceb000-7fa0becef000 rw-p 00000000 00:00 0 
7fa0becef000-7fa0bed12000 r-xp 00000000 08:02 657969                     /lib/x86_64-linux-gnu/ld-2.19.so
7fa0bed12000-7fa0bed13000 r--s 00000000 08:02 5636157                    /var/cache/fontconfig/dc05db6664285cc2f12bf69c139ae4c3-le64.cache-4
7fa0bed13000-7fa0bed15000 r--s 00000000 08:02 5636125                    /var/cache/fontconfig/767a8244fc0220cfb567a839d0392e0b-le64.cache-4
7fa0bed15000-7fa0bed19000 r--s 00000000 08:02 5636148                    /var/cache/fontconfig/d589a48862398ed80a3d6066f4f56f4c-le64.cache-4
7fa0bed19000-7fa0bed26000 r--s 00000000 08:02 5636399                    /var/cache/fontconfig/e13b20fdb08344e0e664864cc2ede53d-le64.cache-4
7fa0bed26000-7fa0bedf1000 rw-p 00000000 00:00 0 
7fa0bedf1000-7fa0bedf4000 ---p 00000000 00:00 0 
7fa0bedf4000-7fa0beef6000 rw-p 00000000 00:00 0                          [stack:14969]
7fa0beef6000-7fa0beef7000 r--s 00000000 08:02 5636156                    /var/cache/fontconfig/4794a0821666d79190d59a36cb4f44b5-le64.cache-4
7fa0beef7000-7fa0beef8000 r--s 00000000 08:02 5636153                    /var/cache/fontconfig/56cf4f4769d0f4abc89a4895d7bd3ae1-le64.cache-4
7fa0beef8000-7fa0beef9000 r--s 00000000 08:02 5636152                    /var/cache/fontconfig/b9d506c9ac06c20b433354fa67a72993-le64.cache-4
7fa0beef9000-7fa0beefa000 r--s 00000000 08:02 5636147                    /var/cache/fontconfig/0c9eb80ebd1c36541ebe2852d3bb0c49-le64.cache-4
7fa0beefa000-7fa0beefe000 r--s 00000000 08:02 5636274                    /var/cache/fontconfig/7ef2298fde41cc6eeb7af42e48b7d293-le64.cache-4
7fa0beefe000-7fa0bef05000 r--s 00000000 08:02 4336385                    /usr/lib/x86_64-linux-gnu/gconv/gconv-modules.cache
7fa0bef05000-7fa0bef0d000 rw-s 00000000 08:02 40                         /tmp/hsperfdata_dalmir/14965
7fa0bef0d000-7fa0bef0e000 rw-p 00000000 00:00 0 
7fa0bef0e000-7fa0bef0f000 r--p 00000000 00:00 0 
7fa0bef0f000-7fa0bef11000 rw-p 00000000 00:00 0 
7fa0bef11000-7fa0bef12000 r--p 00022000 08:02 657969                     /lib/x86_64-linux-gnu/ld-2.19.so
7fa0bef12000-7fa0bef13000 rw-p 00023000 08:02 657969                     /lib/x86_64-linux-gnu/ld-2.19.so
7fa0bef13000-7fa0bef14000 rw-p 00000000 00:00 0 
7fff3d1e5000-7fff3d206000 rw-p 00000000 00:00 0                          [stack]
7fff3d361000-7fff3d363000 r-xp 00000000 00:00 0                          [vdso]
ffffffffff600000-ffffffffff601000 r-xp 00000000 00:00 0                  [vsyscall]

VM Arguments:
jvm_args: -Dfile.encoding=UTF-8 
java_command: jwk.JWk
java_class_path (initial): /home/dalmir/hpprojects/jwk/java/JWk/build/classes
Launcher Type: SUN_STANDARD

Environment Variables:
PATH=/home/dalmir/bin:/usr/local/sbin:/usr/local/bin:/usr/sbin:/usr/bin:/sbin:/bin:/usr/games:/usr/local/games
LD_LIBRARY_PATH=/usr/lib/jvm/java-8-oracle/jre/lib/amd64:/usr/lib/jvm/java-8-oracle/jre/lib/i386:
SHELL=/bin/bash
DISPLAY=:0

Signal Handlers:
SIGSEGV: [libjvm.so+0xa2fde0], sa_mask[0]=0x7ffbfeff, sa_flags=0x10000004
SIGBUS: [libjvm.so+0xa2fde0], sa_mask[0]=0x7ffbfeff, sa_flags=0x10000004
SIGFPE: [libjvm.so+0x89b420], sa_mask[0]=0x7ffbfeff, sa_flags=0x10000004
SIGPIPE: [libjvm.so+0x89b420], sa_mask[0]=0x7ffbfeff, sa_flags=0x10000004
SIGXFSZ: [libjvm.so+0x89b420], sa_mask[0]=0x7ffbfeff, sa_flags=0x10000004
SIGILL: [libjvm.so+0x89b420], sa_mask[0]=0x7ffbfeff, sa_flags=0x10000004
SIGUSR1: SIG_DFL, sa_mask[0]=0x00000000, sa_flags=0x00000000
SIGUSR2: [libjvm.so+0x89cbc0], sa_mask[0]=0x00000004, sa_flags=0x10000004
SIGHUP: [libjvm.so+0x89de70], sa_mask[0]=0x7ffbfeff, sa_flags=0x10000004
SIGINT: SIG_IGN, sa_mask[0]=0x00000000, sa_flags=0x00000000
SIGTERM: [libjvm.so+0x89de70], sa_mask[0]=0x7ffbfeff, sa_flags=0x10000004
SIGQUIT: [libjvm.so+0x89de70], sa_mask[0]=0x7ffbfeff, sa_flags=0x10000004


---------------  S Y S T E M  ---------------

OS:DISTRIB_ID=Ubuntu
DISTRIB_RELEASE=14.04
DISTRIB_CODENAME=trusty
DISTRIB_DESCRIPTION="Ubuntu 14.04.1 LTS"

uname:Linux 3.13.0-34-generic #60-Ubuntu SMP Wed Aug 13 15:45:27 UTC 2014 x86_64
libc:glibc 2.19 NPTL 2.19 
rlimit: STACK 8192k, CORE 0k, NPROC 63495, NOFILE 4096, AS infinity
load average:1,85 1,60 1,39

/proc/meminfo:
MemTotal:        8156820 kB
MemFree:          210080 kB
Buffers:          272572 kB
Cached:          3454424 kB
SwapCached:            0 kB
Active:          5521260 kB
Inactive:        1896840 kB
Active(anon):    3692808 kB
Inactive(anon):    70088 kB
Active(file):    1828452 kB
Inactive(file):  1826752 kB
Unevictable:         112 kB
Mlocked:             112 kB
SwapTotal:             0 kB
SwapFree:              0 kB
Dirty:               340 kB
Writeback:             0 kB
AnonPages:       3690968 kB
Mapped:           308404 kB
Shmem:             71796 kB
Slab:             284428 kB
SReclaimable:     224004 kB
SUnreclaim:        60424 kB
KernelStack:        7560 kB
PageTables:        75648 kB
NFS_Unstable:          0 kB
Bounce:                0 kB
WritebackTmp:          0 kB
CommitLimit:     4078408 kB
Committed_AS:   10505024 kB
VmallocTotal:   34359738367 kB
VmallocUsed:      124564 kB
VmallocChunk:   34359571452 kB
HardwareCorrupted:     0 kB
AnonHugePages:   1263616 kB
HugePages_Total:       0
HugePages_Free:        0
HugePages_Rsvd:        0
HugePages_Surp:        0
Hugepagesize:       2048 kB
DirectMap4k:      368276 kB
DirectMap2M:     8003584 kB


CPU:total 4 (4 cores per cpu, 1 threads per core) family 6 model 26 stepping 5, cmov, cx8, fxsr, mmx, sse, sse2, sse3, ssse3, sse4.1, sse4.2, popcnt, tsc, tscinvbit

/proc/cpuinfo:
processor	: 0
vendor_id	: GenuineIntel
cpu family	: 6
model		: 26
model name	: Intel(R) Xeon(R) CPU           E5506  @ 2.13GHz
stepping	: 5
microcode	: 0x19
cpu MHz		: 2128.000
cache size	: 4096 KB
physical id	: 0
siblings	: 4
core id		: 0
cpu cores	: 4
apicid		: 0
initial apicid	: 0
fpu		: yes
fpu_exception	: yes
cpuid level	: 11
wp		: yes
flags		: fpu vme de pse tsc msr pae mce cx8 apic sep mtrr pge mca cmov pat pse36 clflush dts acpi mmx fxsr sse sse2 ss ht tm pbe syscall nx rdtscp lm constant_tsc arch_perfmon pebs bts rep_good nopl xtopology nonstop_tsc aperfmperf pni dtes64 monitor ds_cpl vmx est tm2 ssse3 cx16 xtpr pdcm dca sse4_1 sse4_2 popcnt lahf_lm dtherm tpr_shadow vnmi flexpriority ept vpid
bogomips	: 4255.72
clflush size	: 64
cache_alignment	: 64
address sizes	: 40 bits physical, 48 bits virtual
power management:

processor	: 1
vendor_id	: GenuineIntel
cpu family	: 6
model		: 26
model name	: Intel(R) Xeon(R) CPU           E5506  @ 2.13GHz
stepping	: 5
microcode	: 0x19
cpu MHz		: 1596.000
cache size	: 4096 KB
physical id	: 0
siblings	: 4
core id		: 1
cpu cores	: 4
apicid		: 2
initial apicid	: 2
fpu		: yes
fpu_exception	: yes
cpuid level	: 11
wp		: yes
flags		: fpu vme de pse tsc msr pae mce cx8 apic sep mtrr pge mca cmov pat pse36 clflush dts acpi mmx fxsr sse sse2 ss ht tm pbe syscall nx rdtscp lm constant_tsc arch_perfmon pebs bts rep_good nopl xtopology nonstop_tsc aperfmperf pni dtes64 monitor ds_cpl vmx est tm2 ssse3 cx16 xtpr pdcm dca sse4_1 sse4_2 popcnt lahf_lm dtherm tpr_shadow vnmi flexpriority ept vpid
bogomips	: 4255.72
clflush size	: 64
cache_alignment	: 64
address sizes	: 40 bits physical, 48 bits virtual
power management:

processor	: 2
vendor_id	: GenuineIntel
cpu family	: 6
model		: 26
model name	: Intel(R) Xeon(R) CPU           E5506  @ 2.13GHz
stepping	: 5
microcode	: 0x19
cpu MHz		: 1995.000
cache size	: 4096 KB
physical id	: 0
siblings	: 4
core id		: 2
cpu cores	: 4
apicid		: 4
initial apicid	: 4
fpu		: yes
fpu_exception	: yes
cpuid level	: 11
wp		: yes
flags		: fpu vme de pse tsc msr pae mce cx8 apic sep mtrr pge mca cmov pat pse36 clflush dts acpi mmx fxsr sse sse2 ss ht tm pbe syscall nx rdtscp lm constant_tsc arch_perfmon pebs bts rep_good nopl xtopology nonstop_tsc aperfmperf pni dtes64 monitor ds_cpl vmx est tm2 ssse3 cx16 xtpr pdcm dca sse4_1 sse4_2 popcnt lahf_lm dtherm tpr_shadow vnmi flexpriority ept vpid
bogomips	: 4255.72
clflush size	: 64
cache_alignment	: 64
address sizes	: 40 bits physical, 48 bits virtual
power management:

processor	: 3
vendor_id	: GenuineIntel
cpu family	: 6
model		: 26
model name	: Intel(R) Xeon(R) CPU           E5506  @ 2.13GHz
stepping	: 5
microcode	: 0x19
cpu MHz		: 2128.000
cache size	: 4096 KB
physical id	: 0
siblings	: 4
core id		: 3
cpu cores	: 4
apicid		: 6
initial apicid	: 6
fpu		: yes
fpu_exception	: yes
cpuid level	: 11
wp		: yes
flags		: fpu vme de pse tsc msr pae mce cx8 apic sep mtrr pge mca cmov pat pse36 clflush dts acpi mmx fxsr sse sse2 ss ht tm pbe syscall nx rdtscp lm constant_tsc arch_perfmon pebs bts rep_good nopl xtopology nonstop_tsc aperfmperf pni dtes64 monitor ds_cpl vmx est tm2 ssse3 cx16 xtpr pdcm dca sse4_1 sse4_2 popcnt lahf_lm dtherm tpr_shadow vnmi flexpriority ept vpid
bogomips	: 4255.72
clflush size	: 64
cache_alignment	: 64
address sizes	: 40 bits physical, 48 bits virtual
power management:



Memory: 4k page, physical 8156820k(210080k free), swap 0k(0k free)

vm_info: Java HotSpot(TM) 64-Bit Server VM (25.11-b03) for linux-amd64 JRE (1.8.0_11-b12), built on Jun 16 2014 17:29:59 by "java_re" with gcc 4.3.0 20080428 (Red Hat 4.3.0-8)

time: Mon Aug 25 15:20:19 2014
elapsed time: 0 seconds

