#
# A fatal error has been detected by the Java Runtime Environment:
#
#  SIGSEGV (0xb) at pc=0x00007fa38315465b, pid=25346, tid=140340221835008
#
# JRE version: Java(TM) SE Runtime Environment (8.0_20-b26) (build 1.8.0_20-b26)
# Java VM: Java HotSpot(TM) 64-Bit Server VM (25.20-b23 mixed mode linux-amd64 compressed oops)
# Problematic frame:
# C  [libwkhtmltox.so.0+0x1d2d65b]
#
# Failed to write core dump. Core dumps have been disabled. To enable core dumping, try "ulimit -c unlimited" before starting Java again
#
# If you would like to submit a bug report, please visit:
#   http://bugreport.sun.com/bugreport/crash.jsp
# The crash happened outside the Java Virtual Machine in native code.
# See problematic frame for where to report the bug.
#

---------------  T H R E A D  ---------------

Current thread (0x00007fa3a80e3800):  JavaThread "Thread-1" [_thread_in_native, id=25365, stack(0x00007fa38101f000,0x00007fa381120000)]

siginfo: si_signo: 11 (SIGSEGV), si_code: 1 (SEGV_MAPERR), si_addr: 0x0000000000000020

Registers:
RAX=0x0000000000000000, RBX=0x0000000000000000, RCX=0x000000000000005f, RDX=0x0000000000000000
RSP=0x00007fa38111ce80, RBP=0x0000000000000020, RSI=0x0000000000000000, RDI=0x0000000000000000
R8 =0x0000000000000000, R9 =0x0000000000000001, R10=0x00007fa3af5d9be0, R11=0x000000000000000f
R12=0x00007fa38111d180, R13=0x00007fa34c01a4b0, R14=0x0000000000000002, R15=0x0000000000000001
RIP=0x00007fa38315465b, EFLAGS=0x0000000000010202, CSGSFS=0x0000000000000033, ERR=0x0000000000000004
  TRAPNO=0x000000000000000e

Top of Stack: (sp=0x00007fa38111ce80)
0x00007fa38111ce80:   00007fa38051a3e0 00000000000000a8
0x00007fa38111ce90:   ffff805c7eee30f1 000000000000000b
0x00007fa38111cea0:   0000000000000002 00007fa34c000020
0x00007fa38111ceb0:   0000000000000088 00007fa38111d070
0x00007fa38111cec0:   00007fa34c01a4b0 0000000000000002
0x00007fa38111ced0:   0000000000000000 00007fa3835174c8
0x00007fa38111cee0:   00007fa38111d070 00007fa383517424
0x00007fa38111cef0:   00007fa38111ce6c 00007fa388983f2d
0x00007fa38111cf00:   0000000000000000 00007fa38111d070
0x00007fa38111cf10:   0000000000000000 00007fa38111d180
0x00007fa38111cf20:   00007fa38111d070 0000000000000000
0x00007fa38111cf30:   00007fa38111d180 00007fa383152a64
0x00007fa38111cf40:   00007fa34c01a4b0 00007fa38111d070
0x00007fa38111cf50:   00007fa38111d060 00007fa3831257dd
0x00007fa38111cf60:   00007fa34c01a7c0 00007fa38111d010
0x00007fa38111cf70:   0000000000000000 00007fa38111d020
0x00007fa38111cf80:   00007fa38111cfa0 000000010011d020
0x00007fa38111cf90:   0000000000000000 00007fa34c000020
0x00007fa38111cfa0:   00007fa34c0197b0 00007fa38111d230
0x00007fa38111cfb0:   00007fa34c01a4b0 00007fa3831e1a21
0x00007fa38111cfc0:   00007fa34c017f20 00007fa34c018858
0x00007fa38111cfd0:   00007fa38111d050 00007fa38313bb38
0x00007fa38111cfe0:   00007fa38111d050 00007fa38111d060
0x00007fa38111cff0:   00007fa34c018818 00007fa38111d230
0x00007fa38111d000:   00007fa34c01a4b0 00007fa38111d2b0
0x00007fa38111d010:   0000000000000001 00007fa300000002
0x00007fa38111d020:   0000000000000001 00007fa300000002
0x00007fa38111d030:   00007fa38111d600 000000010000000a
0x00007fa38111d040:   000000000000000a 00007fa3832238a6
0x00007fa38111d050:   00007fa34c016840 0000000000000000
0x00007fa38111d060:   00007fa34c018500 00007fa3832f2b59
0x00007fa38111d070:   00007fa383faa5b0 00007fa34c0185b0 

Instructions: (pc=0x00007fa38315465b)
0x00007fa38315463b:   98 81 fe 66 90 41 54 55 48 89 fd 53 48 89 fb 48
0x00007fa38315464b:   81 ec a0 00 00 00 48 83 c5 20 0f 84 a5 00 00 00
0x00007fa38315465b:   48 8b 57 20 f6 42 04 01 75 4b 31 c0 b9 01 00 00
0x00007fa38315466b:   00 f0 0f b1 0a 0f 94 c1 84 c9 75 08 48 89 ef e8 

Register to memory mapping:

RAX=0x0000000000000000 is an unknown value
RBX=0x0000000000000000 is an unknown value
RCX=0x000000000000005f is an unknown value
RDX=0x0000000000000000 is an unknown value
RSP=0x00007fa38111ce80 is pointing into the stack for thread: 0x00007fa3a80e3800
RBP=0x0000000000000020 is an unknown value
RSI=0x0000000000000000 is an unknown value
RDI=0x0000000000000000 is an unknown value
R8 =0x0000000000000000 is an unknown value
R9 =0x0000000000000001 is an unknown value
R10=0x00007fa3af5d9be0: <offset 0x3bdbe0> in /lib/x86_64-linux-gnu/libc.so.6 at 0x00007fa3af21c000
R11=0x000000000000000f is an unknown value
R12=0x00007fa38111d180 is pointing into the stack for thread: 0x00007fa3a80e3800
R13=0x00007fa34c01a4b0 is an unknown value
R14=0x0000000000000002 is an unknown value
R15=0x0000000000000001 is an unknown value


Stack: [0x00007fa38101f000,0x00007fa381120000],  sp=0x00007fa38111ce80,  free space=1015k
Native frames: (J=compiled Java code, j=interpreted, Vv=VM code, C=native code)
C  [libwkhtmltox.so.0+0x1d2d65b]

Java frames: (J=compiled Java code, j=interpreted, Vv=VM code)
j  jwk.JWk.convertImp(Ljava/lang/String;Ljava/lang/String;Ljava/util/Map;[Ljava/lang/Object;)Z+0
j  jwk.JWk.convert(Ljava/lang/String;Ljava/lang/String;Ljava/util/Map;)V+48
j  jwk.Main$1.run()V+37
v  ~StubRoutines::call_stub

---------------  P R O C E S S  ---------------

Java Threads: ( => current thread )
  0x00007fa3a8009800 JavaThread "DestroyJavaVM" [_thread_blocked, id=25350, stack(0x00007fa3afd1b000,0x00007fa3afe1c000)]
=>0x00007fa3a80e3800 JavaThread "Thread-1" [_thread_in_native, id=25365, stack(0x00007fa38101f000,0x00007fa381120000)]
  0x00007fa3a80b8000 JavaThread "Service Thread" daemon [_thread_blocked, id=25362, stack(0x00007fa38a407000,0x00007fa38a508000)]
  0x00007fa3a80b2800 JavaThread "C1 CompilerThread2" daemon [_thread_blocked, id=25361, stack(0x00007fa38a508000,0x00007fa38a609000)]
  0x00007fa3a80b1000 JavaThread "C2 CompilerThread1" daemon [_thread_blocked, id=25360, stack(0x00007fa38a609000,0x00007fa38a70a000)]
  0x00007fa3a80ae000 JavaThread "C2 CompilerThread0" daemon [_thread_blocked, id=25359, stack(0x00007fa38a70a000,0x00007fa38a80b000)]
  0x00007fa3a80ac000 JavaThread "Signal Dispatcher" daemon [_thread_blocked, id=25358, stack(0x00007fa38a80b000,0x00007fa38a90c000)]
  0x00007fa3a807c000 JavaThread "Finalizer" daemon [_thread_blocked, id=25357, stack(0x00007fa38aff0000,0x00007fa38b0f1000)]
  0x00007fa3a807a000 JavaThread "Reference Handler" daemon [_thread_blocked, id=25356, stack(0x00007fa38b0f1000,0x00007fa38b1f2000)]

Other Threads:
  0x00007fa3a8073000 VMThread [stack: 0x00007fa38b1f2000,0x00007fa38b2f3000] [id=25355]
  0x00007fa3a80ba800 WatcherThread [stack: 0x00007fa38a306000,0x00007fa38a407000] [id=25363]

VM state:not at safepoint (normal execution)

VM Mutex/Monitor currently owned by a thread: None

Heap:
 PSYoungGen      total 37888K, used 3932K [0x00000000d6800000, 0x00000000d9200000, 0x0000000100000000)
  eden space 32768K, 12% used [0x00000000d6800000,0x00000000d6bd7348,0x00000000d8800000)
  from space 5120K, 0% used [0x00000000d8d00000,0x00000000d8d00000,0x00000000d9200000)
  to   space 5120K, 0% used [0x00000000d8800000,0x00000000d8800000,0x00000000d8d00000)
 ParOldGen       total 86016K, used 0K [0x0000000083800000, 0x0000000088c00000, 0x00000000d6800000)
  object space 86016K, 0% used [0x0000000083800000,0x0000000083800000,0x0000000088c00000)
 Metaspace       used 2627K, capacity 4492K, committed 4864K, reserved 1056768K
  class space    used 280K, capacity 388K, committed 512K, reserved 1048576K

Card table byte_map: [0x00007fa3ac755000,0x00007fa3acb3a000] byte_map_base: 0x00007fa3ac339000

Marking Bits: (ParMarkBitMap*) 0x00007fa3af1f1ac0
 Begin Bits: [0x00007fa3901c0000, 0x00007fa3920e0000)
 End Bits:   [0x00007fa3920e0000, 0x00007fa394000000)

Polling page: 0x00007fa3afe38000

CodeCache: size=245760Kb used=1084Kb max_used=1084Kb free=244675Kb
 bounds [0x00007fa399000000, 0x00007fa399270000, 0x00007fa3a8000000]
 total_blobs=252 nmethods=15 adapters=154
 compilation: enabled

Compilation events (10 events):
Event: 0,126 Thread 0x00007fa3a80b2800   11       3       java.util.Arrays::copyOfRange (63 bytes)
Event: 0,127 Thread 0x00007fa3a80b2800 nmethod 11 0x00007fa39910ae10 code [0x00007fa39910b020, 0x00007fa39910bb18]
Event: 0,130 Thread 0x00007fa3a80b2800   12       1       java.lang.ref.Reference::get (5 bytes)
Event: 0,130 Thread 0x00007fa3a80b2800 nmethod 12 0x00007fa39910c010 code [0x00007fa39910c160, 0x00007fa39910c270]
Event: 0,131 Thread 0x00007fa3a80b2800   13       1       java.lang.ThreadLocal::access$400 (5 bytes)
Event: 0,131 Thread 0x00007fa3a80b2800 nmethod 13 0x00007fa39910c2d0 code [0x00007fa39910c420, 0x00007fa39910c510]
Event: 0,138 Thread 0x00007fa3a80b2800   14       3       java.lang.String::getChars (62 bytes)
Event: 0,139 Thread 0x00007fa3a80b2800 nmethod 14 0x00007fa39910e410 code [0x00007fa39910e5c0, 0x00007fa39910e9f8]
Event: 0,148 Thread 0x00007fa3a80b2800   15       3       java.lang.String::startsWith (72 bytes)
Event: 0,149 Thread 0x00007fa3a80b2800 nmethod 15 0x00007fa39910ec10 code [0x00007fa39910ed80, 0x00007fa39910f0b0]

GC Heap History (0 events):
No events

Deoptimization events (0 events):
No events

Internal exceptions (6 events):
Event: 0,035 Thread 0x00007fa3a8009800 Exception <a 'java/lang/NoSuchMethodError': Method sun.misc.Unsafe.defineClass(Ljava/lang/String;[BII)Ljava/lang/Class; name or signature does not match> (0x00000000d6811ad8) thrown at [/HUDSON/workspace/8-2-build-linux-amd64/jdk8u20/1074/hotspot/src/shar
Event: 0,035 Thread 0x00007fa3a8009800 Exception <a 'java/lang/NoSuchMethodError': Method sun.misc.Unsafe.prefetchRead(Ljava/lang/Object;J)V name or signature does not match> (0x00000000d6811d68) thrown at [/HUDSON/workspace/8-2-build-linux-amd64/jdk8u20/1074/hotspot/src/share/vm/prims/jni.cpp
Event: 0,104 Thread 0x00007fa3a8009800 Exception <a 'java/security/PrivilegedActionException'> (0x00000000d6854128) thrown at [/HUDSON/workspace/8-2-build-linux-amd64/jdk8u20/1074/hotspot/src/share/vm/prims/jvm.cpp, line 1275]
Event: 0,130 Thread 0x00007fa3a8009800 Exception <a 'java/security/PrivilegedActionException'> (0x00000000d685a3b0) thrown at [/HUDSON/workspace/8-2-build-linux-amd64/jdk8u20/1074/hotspot/src/share/vm/prims/jvm.cpp, line 1275]
Event: 0,130 Thread 0x00007fa3a8009800 Exception <a 'java/security/PrivilegedActionException'> (0x00000000d685c108) thrown at [/HUDSON/workspace/8-2-build-linux-amd64/jdk8u20/1074/hotspot/src/share/vm/prims/jvm.cpp, line 1275]
Event: 0,148 Thread 0x00007fa3a8009800 Exception <a 'java/security/PrivilegedActionException'> (0x00000000d6862110) thrown at [/HUDSON/workspace/8-2-build-linux-amd64/jdk8u20/1074/hotspot/src/share/vm/prims/jvm.cpp, line 1275]

Events (10 events):
Event: 0,150 Thread 0x00007fa3a80e3800 Thread added: 0x00007fa3a80e3800
Event: 0,150 Thread 0x00007fa3a8009800 Thread exited: 0x00007fa3a8009800
Event: 0,150 Thread 0x00007fa3a8009800 Thread added: 0x00007fa3a8009800
Event: 0,150 loading class java/util/HashMap$EntrySet
Event: 0,150 loading class java/util/HashMap$EntrySet done
Event: 0,150 loading class java/util/HashMap$EntryIterator
Event: 0,150 loading class java/util/HashMap$HashIterator
Event: 0,150 loading class java/util/HashMap$HashIterator done
Event: 0,150 loading class java/util/HashMap$EntryIterator done
Event: 0,403 Thread 0x00007fa3a80e2800 Thread exited: 0x00007fa3a80e2800


Dynamic libraries:
00400000-00401000 r-xp 00000000 08:02 5112280                            /usr/lib/jvm/java-8-oracle/bin/java
00600000-00601000 rw-p 00000000 08:02 5112280                            /usr/lib/jvm/java-8-oracle/bin/java
00ff4000-01015000 rw-p 00000000 00:00 0                                  [heap]
83800000-88c00000 rw-p 00000000 00:00 0 
88c00000-d6800000 ---p 00000000 00:00 0 
d6800000-d9200000 rw-p 00000000 00:00 0 
d9200000-100000000 ---p 00000000 00:00 0 
100000000-100080000 rw-p 00000000 00:00 0 
100080000-140000000 ---p 00000000 00:00 0 
7fa300000000-7fa340000000 rwxp 00000000 00:00 0 
7fa340000000-7fa340021000 rw-p 00000000 00:00 0 
7fa340021000-7fa344000000 ---p 00000000 00:00 0 
7fa344000000-7fa344021000 rw-p 00000000 00:00 0 
7fa344021000-7fa348000000 ---p 00000000 00:00 0 
7fa348000000-7fa348021000 rw-p 00000000 00:00 0 
7fa348021000-7fa34c000000 ---p 00000000 00:00 0 
7fa34c000000-7fa34c029000 rw-p 00000000 00:00 0 
7fa34c029000-7fa350000000 ---p 00000000 00:00 0 
7fa351f74000-7fa352384000 rw-p 00000000 00:00 0 
7fa352384000-7fa35239b000 r-xp 00000000 08:02 656675                     /lib/x86_64-linux-gnu/libresolv-2.19.so
7fa35239b000-7fa35259b000 ---p 00017000 08:02 656675                     /lib/x86_64-linux-gnu/libresolv-2.19.so
7fa35259b000-7fa35259c000 r--p 00017000 08:02 656675                     /lib/x86_64-linux-gnu/libresolv-2.19.so
7fa35259c000-7fa35259d000 rw-p 00018000 08:02 656675                     /lib/x86_64-linux-gnu/libresolv-2.19.so
7fa35259d000-7fa35259f000 rw-p 00000000 00:00 0 
7fa35259f000-7fa3525a0000 ---p 00000000 00:00 0 
7fa3525a0000-7fa352da0000 rw-p 00000000 00:00 0 
7fa352da0000-7fa352da1000 ---p 00000000 00:00 0 
7fa352da1000-7fa3535a1000 rw-p 00000000 00:00 0                          [stack:25368]
7fa3535a1000-7fa3535f5000 r-xp 00000000 08:02 657985                     /lib/x86_64-linux-gnu/libssl.so.1.0.0
7fa3535f5000-7fa3537f5000 ---p 00054000 08:02 657985                     /lib/x86_64-linux-gnu/libssl.so.1.0.0
7fa3537f5000-7fa3537f8000 r--p 00054000 08:02 657985                     /lib/x86_64-linux-gnu/libssl.so.1.0.0
7fa3537f8000-7fa3537fe000 rw-p 00057000 08:02 657985                     /lib/x86_64-linux-gnu/libssl.so.1.0.0
7fa3537fe000-7fa3537ff000 rw-p 00000000 00:00 0 
7fa3537ff000-7fa353800000 ---p 00000000 00:00 0 
7fa353800000-7fa354000000 rw-p 00000000 00:00 0 
7fa354000000-7fa354021000 rw-p 00000000 00:00 0 
7fa354021000-7fa358000000 ---p 00000000 00:00 0 
7fa358000000-7fa3581a4000 rw-p 00000000 00:00 0 
7fa3581a4000-7fa35c000000 ---p 00000000 00:00 0 
7fa35c000000-7fa35c021000 rw-p 00000000 00:00 0 
7fa35c021000-7fa360000000 ---p 00000000 00:00 0 
7fa360000000-7fa360021000 rw-p 00000000 00:00 0 
7fa360021000-7fa364000000 ---p 00000000 00:00 0 
7fa364000000-7fa36404e000 rw-p 00000000 00:00 0 
7fa36404e000-7fa368000000 ---p 00000000 00:00 0 
7fa368000000-7fa368021000 rw-p 00000000 00:00 0 
7fa368021000-7fa36c000000 ---p 00000000 00:00 0 
7fa36c000000-7fa36c021000 rw-p 00000000 00:00 0 
7fa36c021000-7fa370000000 ---p 00000000 00:00 0 
7fa370000000-7fa370021000 rw-p 00000000 00:00 0 
7fa370021000-7fa374000000 ---p 00000000 00:00 0 
7fa374000000-7fa374021000 rw-p 00000000 00:00 0 
7fa374021000-7fa378000000 ---p 00000000 00:00 0 
7fa378000000-7fa378021000 rw-p 00000000 00:00 0 
7fa378021000-7fa37c000000 ---p 00000000 00:00 0 
7fa37c000000-7fa37c021000 rw-p 00000000 00:00 0 
7fa37c021000-7fa380000000 ---p 00000000 00:00 0 
7fa380140000-7fa3802f1000 r-xp 00000000 08:02 657987                     /lib/x86_64-linux-gnu/libcrypto.so.1.0.0
7fa3802f1000-7fa3804f0000 ---p 001b1000 08:02 657987                     /lib/x86_64-linux-gnu/libcrypto.so.1.0.0
7fa3804f0000-7fa38050b000 r--p 001b0000 08:02 657987                     /lib/x86_64-linux-gnu/libcrypto.so.1.0.0
7fa38050b000-7fa380516000 rw-p 001cb000 08:02 657987                     /lib/x86_64-linux-gnu/libcrypto.so.1.0.0
7fa380516000-7fa38061a000 rw-p 00000000 00:00 0 
7fa38061a000-7fa38061b000 ---p 00000000 00:00 0 
7fa38061b000-7fa380e1b000 rw-p 00000000 00:00 0                          [stack:25366]
7fa380e1b000-7fa380e1e000 r-xp 00000000 08:02 4336373                    /usr/lib/x86_64-linux-gnu/gconv/UTF-16.so
7fa380e1e000-7fa38101d000 ---p 00003000 08:02 4336373                    /usr/lib/x86_64-linux-gnu/gconv/UTF-16.so
7fa38101d000-7fa38101e000 r--p 00002000 08:02 4336373                    /usr/lib/x86_64-linux-gnu/gconv/UTF-16.so
7fa38101e000-7fa38101f000 rw-p 00003000 08:02 4336373                    /usr/lib/x86_64-linux-gnu/gconv/UTF-16.so
7fa38101f000-7fa381022000 ---p 00000000 00:00 0 
7fa381022000-7fa381120000 rw-p 00000000 00:00 0                          [stack:25365]
7fa381120000-7fa381123000 ---p 00000000 00:00 0 
7fa381123000-7fa381221000 rw-p 00000000 00:00 0 
7fa381221000-7fa381226000 r-xp 00000000 08:02 3940435                    /usr/lib/x86_64-linux-gnu/libXdmcp.so.6.0.0
7fa381226000-7fa381425000 ---p 00005000 08:02 3940435                    /usr/lib/x86_64-linux-gnu/libXdmcp.so.6.0.0
7fa381425000-7fa381426000 r--p 00004000 08:02 3940435                    /usr/lib/x86_64-linux-gnu/libXdmcp.so.6.0.0
7fa381426000-7fa381427000 rw-p 00005000 08:02 3940435                    /usr/lib/x86_64-linux-gnu/libXdmcp.so.6.0.0
7fa381427000-7fa383bab000 r-xp 00000000 08:02 4205335                    /usr/local/lib/libwkhtmltox.so.0.12.1
7fa383bab000-7fa383dab000 ---p 02784000 08:02 4205335                    /usr/local/lib/libwkhtmltox.so.0.12.1
7fa383dab000-7fa383fb4000 r--p 02784000 08:02 4205335                    /usr/local/lib/libwkhtmltox.so.0.12.1
7fa383fb4000-7fa383fcd000 rw-p 0298d000 08:02 4205335                    /usr/local/lib/libwkhtmltox.so.0.12.1
7fa383fcd000-7fa384000000 rw-p 00000000 00:00 0 
7fa384000000-7fa384021000 rw-p 00000000 00:00 0 
7fa384021000-7fa388000000 ---p 00000000 00:00 0 
7fa3880c2000-7fa3880c4000 r-xp 00000000 08:02 3940424                    /usr/lib/x86_64-linux-gnu/libXau.so.6.0.0
7fa3880c4000-7fa3882c4000 ---p 00002000 08:02 3940424                    /usr/lib/x86_64-linux-gnu/libXau.so.6.0.0
7fa3882c4000-7fa3882c5000 r--p 00002000 08:02 3940424                    /usr/lib/x86_64-linux-gnu/libXau.so.6.0.0
7fa3882c5000-7fa3882c6000 rw-p 00003000 08:02 3940424                    /usr/lib/x86_64-linux-gnu/libXau.so.6.0.0
7fa3882c6000-7fa3882e3000 r-xp 00000000 08:02 3941492                    /usr/lib/x86_64-linux-gnu/libxcb.so.1.1.0
7fa3882e3000-7fa3884e3000 ---p 0001d000 08:02 3941492                    /usr/lib/x86_64-linux-gnu/libxcb.so.1.1.0
7fa3884e3000-7fa3884e4000 r--p 0001d000 08:02 3941492                    /usr/lib/x86_64-linux-gnu/libxcb.so.1.1.0
7fa3884e4000-7fa3884e5000 rw-p 0001e000 08:02 3941492                    /usr/lib/x86_64-linux-gnu/libxcb.so.1.1.0
7fa3884e5000-7fa38850c000 r-xp 00000000 08:02 659395                     /lib/x86_64-linux-gnu/libexpat.so.1.6.0
7fa38850c000-7fa38870c000 ---p 00027000 08:02 659395                     /lib/x86_64-linux-gnu/libexpat.so.1.6.0
7fa38870c000-7fa38870e000 r--p 00027000 08:02 659395                     /lib/x86_64-linux-gnu/libexpat.so.1.6.0
7fa38870e000-7fa38870f000 rw-p 00029000 08:02 659395                     /lib/x86_64-linux-gnu/libexpat.so.1.6.0
7fa38870f000-7fa388725000 r-xp 00000000 08:02 659400                     /lib/x86_64-linux-gnu/libgcc_s.so.1
7fa388725000-7fa388924000 ---p 00016000 08:02 659400                     /lib/x86_64-linux-gnu/libgcc_s.so.1
7fa388924000-7fa388925000 rw-p 00015000 08:02 659400                     /lib/x86_64-linux-gnu/libgcc_s.so.1
7fa388925000-7fa388a0b000 r-xp 00000000 08:02 3941330                    /usr/lib/x86_64-linux-gnu/libstdc++.so.6.0.19
7fa388a0b000-7fa388c0a000 ---p 000e6000 08:02 3941330                    /usr/lib/x86_64-linux-gnu/libstdc++.so.6.0.19
7fa388c0a000-7fa388c12000 r--p 000e5000 08:02 3941330                    /usr/lib/x86_64-linux-gnu/libstdc++.so.6.0.19
7fa388c12000-7fa388c14000 rw-p 000ed000 08:02 3941330                    /usr/lib/x86_64-linux-gnu/libstdc++.so.6.0.19
7fa388c14000-7fa388c29000 rw-p 00000000 00:00 0 
7fa388c29000-7fa388c41000 r-xp 00000000 08:02 659536                     /lib/x86_64-linux-gnu/libz.so.1.2.8
7fa388c41000-7fa388e40000 ---p 00018000 08:02 659536                     /lib/x86_64-linux-gnu/libz.so.1.2.8
7fa388e40000-7fa388e41000 r--p 00017000 08:02 659536                     /lib/x86_64-linux-gnu/libz.so.1.2.8
7fa388e41000-7fa388e42000 rw-p 00018000 08:02 659536                     /lib/x86_64-linux-gnu/libz.so.1.2.8
7fa388e42000-7fa388f72000 r-xp 00000000 08:02 3940420                    /usr/lib/x86_64-linux-gnu/libX11.so.6.3.0
7fa388f72000-7fa389172000 ---p 00130000 08:02 3940420                    /usr/lib/x86_64-linux-gnu/libX11.so.6.3.0
7fa389172000-7fa389173000 r--p 00130000 08:02 3940420                    /usr/lib/x86_64-linux-gnu/libX11.so.6.3.0
7fa389173000-7fa389177000 rw-p 00131000 08:02 3940420                    /usr/lib/x86_64-linux-gnu/libX11.so.6.3.0
7fa389177000-7fa389214000 r-xp 00000000 08:02 3932540                    /usr/lib/x86_64-linux-gnu/libfreetype.so.6.11.1
7fa389214000-7fa389413000 ---p 0009d000 08:02 3932540                    /usr/lib/x86_64-linux-gnu/libfreetype.so.6.11.1
7fa389413000-7fa389419000 r--p 0009c000 08:02 3932540                    /usr/lib/x86_64-linux-gnu/libfreetype.so.6.11.1
7fa389419000-7fa38941a000 rw-p 000a2000 08:02 3932540                    /usr/lib/x86_64-linux-gnu/libfreetype.so.6.11.1
7fa38941a000-7fa389454000 r-xp 00000000 08:02 3932441                    /usr/lib/x86_64-linux-gnu/libfontconfig.so.1.8.0
7fa389454000-7fa389653000 ---p 0003a000 08:02 3932441                    /usr/lib/x86_64-linux-gnu/libfontconfig.so.1.8.0
7fa389653000-7fa389655000 r--p 00039000 08:02 3932441                    /usr/lib/x86_64-linux-gnu/libfontconfig.so.1.8.0
7fa389655000-7fa389656000 rw-p 0003b000 08:02 3932441                    /usr/lib/x86_64-linux-gnu/libfontconfig.so.1.8.0
7fa389656000-7fa38965f000 r-xp 00000000 08:02 3940459                    /usr/lib/x86_64-linux-gnu/libXrender.so.1.3.0
7fa38965f000-7fa38985e000 ---p 00009000 08:02 3940459                    /usr/lib/x86_64-linux-gnu/libXrender.so.1.3.0
7fa38985e000-7fa38985f000 r--p 00008000 08:02 3940459                    /usr/lib/x86_64-linux-gnu/libXrender.so.1.3.0
7fa38985f000-7fa389860000 rw-p 00009000 08:02 3940459                    /usr/lib/x86_64-linux-gnu/libXrender.so.1.3.0
7fa389860000-7fa389885000 r-xp 00000000 08:02 659488                     /lib/x86_64-linux-gnu/libpng12.so.0.50.0
7fa389885000-7fa389a84000 ---p 00025000 08:02 659488                     /lib/x86_64-linux-gnu/libpng12.so.0.50.0
7fa389a84000-7fa389a85000 r--p 00024000 08:02 659488                     /lib/x86_64-linux-gnu/libpng12.so.0.50.0
7fa389a85000-7fa389a86000 rw-p 00025000 08:02 659488                     /lib/x86_64-linux-gnu/libpng12.so.0.50.0
7fa389a86000-7fa389ac9000 r-xp 00000000 08:02 3941024                    /usr/lib/x86_64-linux-gnu/libjpeg.so.8.0.2
7fa389ac9000-7fa389cc9000 ---p 00043000 08:02 3941024                    /usr/lib/x86_64-linux-gnu/libjpeg.so.8.0.2
7fa389cc9000-7fa389cca000 r--p 00043000 08:02 3941024                    /usr/lib/x86_64-linux-gnu/libjpeg.so.8.0.2
7fa389cca000-7fa389ccb000 rw-p 00044000 08:02 3941024                    /usr/lib/x86_64-linux-gnu/libjpeg.so.8.0.2
7fa389ccb000-7fa389cdb000 rw-p 00000000 00:00 0 
7fa389cdb000-7fa389cdd000 r-xp 00000000 00:18 9966269                    /home/dalmir/hpprojects/jwk/c/JWkLib/dist/libJWkLib.so
7fa389cdd000-7fa389edc000 ---p 00002000 00:18 9966269                    /home/dalmir/hpprojects/jwk/c/JWkLib/dist/libJWkLib.so
7fa389edc000-7fa389edd000 r--p 00001000 00:18 9966269                    /home/dalmir/hpprojects/jwk/c/JWkLib/dist/libJWkLib.so
7fa389edd000-7fa389ede000 rw-p 00002000 00:18 9966269                    /home/dalmir/hpprojects/jwk/c/JWkLib/dist/libJWkLib.so
7fa389ede000-7fa389ef4000 r-xp 00000000 08:02 5261218                    /usr/lib/jvm/java-8-oracle/jre/lib/amd64/libnet.so
7fa389ef4000-7fa38a0f4000 ---p 00016000 08:02 5261218                    /usr/lib/jvm/java-8-oracle/jre/lib/amd64/libnet.so
7fa38a0f4000-7fa38a0f5000 rw-p 00016000 08:02 5261218                    /usr/lib/jvm/java-8-oracle/jre/lib/amd64/libnet.so
7fa38a0f5000-7fa38a106000 r-xp 00000000 08:02 5261222                    /usr/lib/jvm/java-8-oracle/jre/lib/amd64/libnio.so
7fa38a106000-7fa38a305000 ---p 00011000 08:02 5261222                    /usr/lib/jvm/java-8-oracle/jre/lib/amd64/libnio.so
7fa38a305000-7fa38a306000 rw-p 00010000 08:02 5261222                    /usr/lib/jvm/java-8-oracle/jre/lib/amd64/libnio.so
7fa38a306000-7fa38a307000 ---p 00000000 00:00 0 
7fa38a307000-7fa38a407000 rw-p 00000000 00:00 0                          [stack:25363]
7fa38a407000-7fa38a40a000 ---p 00000000 00:00 0 
7fa38a40a000-7fa38a508000 rw-p 00000000 00:00 0                          [stack:25362]
7fa38a508000-7fa38a50b000 ---p 00000000 00:00 0 
7fa38a50b000-7fa38a609000 rw-p 00000000 00:00 0                          [stack:25361]
7fa38a609000-7fa38a60c000 ---p 00000000 00:00 0 
7fa38a60c000-7fa38a70a000 rw-p 00000000 00:00 0                          [stack:25360]
7fa38a70a000-7fa38a70d000 ---p 00000000 00:00 0 
7fa38a70d000-7fa38a80b000 rw-p 00000000 00:00 0                          [stack:25359]
7fa38a80b000-7fa38a80e000 ---p 00000000 00:00 0 
7fa38a80e000-7fa38a90c000 rw-p 00000000 00:00 0                          [stack:25358]
7fa38a90c000-7fa38aff0000 r--p 00000000 08:02 3939342                    /usr/lib/locale/locale-archive
7fa38aff0000-7fa38aff3000 ---p 00000000 00:00 0 
7fa38aff3000-7fa38b0f1000 rw-p 00000000 00:00 0                          [stack:25357]
7fa38b0f1000-7fa38b0f4000 ---p 00000000 00:00 0 
7fa38b0f4000-7fa38b1f2000 rw-p 00000000 00:00 0                          [stack:25356]
7fa38b1f2000-7fa38b1f3000 ---p 00000000 00:00 0 
7fa38b1f3000-7fa38c000000 rw-p 00000000 00:00 0                          [stack:25355]
7fa38c000000-7fa38c021000 rw-p 00000000 00:00 0 
7fa38c021000-7fa390000000 ---p 00000000 00:00 0 
7fa3900af000-7fa3900b0000 rw-p 00000000 00:00 0 
7fa3900b0000-7fa3900b7000 rw-p 00000000 00:00 0 
7fa3900b7000-7fa394000000 rw-p 00000000 00:00 0 
7fa394000000-7fa394021000 rw-p 00000000 00:00 0 
7fa394021000-7fa398000000 ---p 00000000 00:00 0 
7fa398000000-7fa398002000 rw-p 00000000 00:00 0 
7fa398002000-7fa398023000 rw-p 00000000 00:00 0 
7fa398023000-7fa398024000 r--s 00000000 08:02 5636167                    /var/cache/fontconfig/c05880de57d1f5e948fdfacc138775d9-le64.cache-4
7fa398024000-7fa39802f000 r--s 00000000 08:02 5636166                    /var/cache/fontconfig/945677eb7aeaf62f1d50efc3fb3ec7d8-le64.cache-4
7fa39802f000-7fa398035000 r--s 00000000 08:02 5636164                    /var/cache/fontconfig/2cd17615ca594fa2959ae173292e504c-le64.cache-4
7fa398035000-7fa398036000 r--s 00000000 08:02 5636163                    /var/cache/fontconfig/e7071f4a29fa870f4323321c154eba04-le64.cache-4
7fa398036000-7fa398037000 r--s 00000000 08:02 5636162                    /var/cache/fontconfig/0d8c3b2ac0904cb8a57a757ad11a4a08-le64.cache-4
7fa398037000-7fa39803e000 r--s 00000000 08:02 5636161                    /var/cache/fontconfig/a755afe4a08bf5b97852ceb7400b47bc-le64.cache-4
7fa39803e000-7fa398052000 r--s 00000000 08:02 5636160                    /var/cache/fontconfig/04aabc0a78ac019cf9454389977116d2-le64.cache-4
7fa398052000-7fa398056000 r--s 00000000 08:02 5636158                    /var/cache/fontconfig/385c0604a188198f04d133e54aba7fe7-le64.cache-4
7fa398056000-7fa39805b000 r--s 00000000 08:02 5636155                    /var/cache/fontconfig/8801497958630a81b71ace7c5f9b32a8-le64.cache-4
7fa39805b000-7fa398062000 r--s 00000000 08:02 5636154                    /var/cache/fontconfig/3047814df9a2f067bd2d96a2b9c36e5a-le64.cache-4
7fa398062000-7fa398068000 r--s 00000000 08:02 5636151                    /var/cache/fontconfig/b47c4e1ecd0709278f4910c18777a504-le64.cache-4
7fa398068000-7fa39807b000 r--s 00000000 08:02 5636150                    /var/cache/fontconfig/d52a8644073d54c13679302ca1180695-le64.cache-4
7fa39807b000-7fa398083000 r--s 00000000 08:02 5636149                    /var/cache/fontconfig/3f7329c5293ffd510edef78f73874cfd-le64.cache-4
7fa398083000-7fa398246000 rw-p 00000000 00:00 0 
7fa398246000-7fa39841c000 r--s 03ca8000 08:02 5112376                    /usr/lib/jvm/java-8-oracle/jre/lib/rt.jar
7fa39841c000-7fa39885c000 rw-p 00000000 00:00 0 
7fa39885c000-7fa398c1c000 ---p 00000000 00:00 0 
7fa398c1c000-7fa399000000 rw-p 00000000 00:00 0 
7fa399000000-7fa399270000 rwxp 00000000 00:00 0 
7fa399270000-7fa3a8000000 ---p 00000000 00:00 0 
7fa3a8000000-7fa3a80e6000 rw-p 00000000 00:00 0 
7fa3a80e6000-7fa3ac000000 ---p 00000000 00:00 0 
7fa3ac000000-7fa3ac001000 r--s 00000000 08:02 5636159                    /var/cache/fontconfig/1ac9eb803944fde146138c791f5cc56a-le64.cache-4
7fa3ac001000-7fa3ac0b9000 rw-p 00000000 00:00 0 
7fa3ac0b9000-7fa3ac0ba000 ---p 00000000 00:00 0 
7fa3ac0ba000-7fa3ac1ba000 rw-p 00000000 00:00 0                          [stack:25354]
7fa3ac1ba000-7fa3ac1bb000 ---p 00000000 00:00 0 
7fa3ac1bb000-7fa3ac2bb000 rw-p 00000000 00:00 0                          [stack:25353]
7fa3ac2bb000-7fa3ac2bc000 ---p 00000000 00:00 0 
7fa3ac2bc000-7fa3ac3bc000 rw-p 00000000 00:00 0                          [stack:25352]
7fa3ac3bc000-7fa3ac3bd000 ---p 00000000 00:00 0 
7fa3ac3bd000-7fa3ac4e7000 rw-p 00000000 00:00 0                          [stack:25351]
7fa3ac4e7000-7fa3ac755000 ---p 00000000 00:00 0 
7fa3ac755000-7fa3ac77f000 rw-p 00000000 00:00 0 
7fa3ac77f000-7fa3ac9ed000 ---p 00000000 00:00 0 
7fa3ac9ed000-7fa3aca02000 rw-p 00000000 00:00 0 
7fa3aca02000-7fa3acb39000 ---p 00000000 00:00 0 
7fa3acb39000-7fa3acb44000 rw-p 00000000 00:00 0 
7fa3acb44000-7fa3acefa000 ---p 00000000 00:00 0 
7fa3acefa000-7fa3acf14000 r-xp 00000000 08:02 5261245                    /usr/lib/jvm/java-8-oracle/jre/lib/amd64/libzip.so
7fa3acf14000-7fa3ad114000 ---p 0001a000 08:02 5261245                    /usr/lib/jvm/java-8-oracle/jre/lib/amd64/libzip.so
7fa3ad114000-7fa3ad115000 rw-p 0001a000 08:02 5261245                    /usr/lib/jvm/java-8-oracle/jre/lib/amd64/libzip.so
7fa3ad115000-7fa3ad120000 r-xp 00000000 08:02 657978                     /lib/x86_64-linux-gnu/libnss_files-2.19.so
7fa3ad120000-7fa3ad31f000 ---p 0000b000 08:02 657978                     /lib/x86_64-linux-gnu/libnss_files-2.19.so
7fa3ad31f000-7fa3ad320000 r--p 0000a000 08:02 657978                     /lib/x86_64-linux-gnu/libnss_files-2.19.so
7fa3ad320000-7fa3ad321000 rw-p 0000b000 08:02 657978                     /lib/x86_64-linux-gnu/libnss_files-2.19.so
7fa3ad321000-7fa3ad32c000 r-xp 00000000 08:02 656672                     /lib/x86_64-linux-gnu/libnss_nis-2.19.so
7fa3ad32c000-7fa3ad52b000 ---p 0000b000 08:02 656672                     /lib/x86_64-linux-gnu/libnss_nis-2.19.so
7fa3ad52b000-7fa3ad52c000 r--p 0000a000 08:02 656672                     /lib/x86_64-linux-gnu/libnss_nis-2.19.so
7fa3ad52c000-7fa3ad52d000 rw-p 0000b000 08:02 656672                     /lib/x86_64-linux-gnu/libnss_nis-2.19.so
7fa3ad52d000-7fa3ad544000 r-xp 00000000 08:02 657980                     /lib/x86_64-linux-gnu/libnsl-2.19.so
7fa3ad544000-7fa3ad743000 ---p 00017000 08:02 657980                     /lib/x86_64-linux-gnu/libnsl-2.19.so
7fa3ad743000-7fa3ad744000 r--p 00016000 08:02 657980                     /lib/x86_64-linux-gnu/libnsl-2.19.so
7fa3ad744000-7fa3ad745000 rw-p 00017000 08:02 657980                     /lib/x86_64-linux-gnu/libnsl-2.19.so
7fa3ad745000-7fa3ad747000 rw-p 00000000 00:00 0 
7fa3ad747000-7fa3ad750000 r-xp 00000000 08:02 657973                     /lib/x86_64-linux-gnu/libnss_compat-2.19.so
7fa3ad750000-7fa3ad94f000 ---p 00009000 08:02 657973                     /lib/x86_64-linux-gnu/libnss_compat-2.19.so
7fa3ad94f000-7fa3ad950000 r--p 00008000 08:02 657973                     /lib/x86_64-linux-gnu/libnss_compat-2.19.so
7fa3ad950000-7fa3ad951000 rw-p 00009000 08:02 657973                     /lib/x86_64-linux-gnu/libnss_compat-2.19.so
7fa3ad951000-7fa3ad97b000 r-xp 00000000 08:02 5261233                    /usr/lib/jvm/java-8-oracle/jre/lib/amd64/libjava.so
7fa3ad97b000-7fa3adb7b000 ---p 0002a000 08:02 5261233                    /usr/lib/jvm/java-8-oracle/jre/lib/amd64/libjava.so
7fa3adb7b000-7fa3adb7d000 rw-p 0002a000 08:02 5261233                    /usr/lib/jvm/java-8-oracle/jre/lib/amd64/libjava.so
7fa3adb7d000-7fa3adb8a000 r-xp 00000000 08:02 5261246                    /usr/lib/jvm/java-8-oracle/jre/lib/amd64/libverify.so
7fa3adb8a000-7fa3add8a000 ---p 0000d000 08:02 5261246                    /usr/lib/jvm/java-8-oracle/jre/lib/amd64/libverify.so
7fa3add8a000-7fa3add8c000 rw-p 0000d000 08:02 5261246                    /usr/lib/jvm/java-8-oracle/jre/lib/amd64/libverify.so
7fa3add8c000-7fa3add93000 r-xp 00000000 08:02 657976                     /lib/x86_64-linux-gnu/librt-2.19.so
7fa3add93000-7fa3adf92000 ---p 00007000 08:02 657976                     /lib/x86_64-linux-gnu/librt-2.19.so
7fa3adf92000-7fa3adf93000 r--p 00006000 08:02 657976                     /lib/x86_64-linux-gnu/librt-2.19.so
7fa3adf93000-7fa3adf94000 rw-p 00007000 08:02 657976                     /lib/x86_64-linux-gnu/librt-2.19.so
7fa3adf94000-7fa3ae099000 r-xp 00000000 08:02 657977                     /lib/x86_64-linux-gnu/libm-2.19.so
7fa3ae099000-7fa3ae298000 ---p 00105000 08:02 657977                     /lib/x86_64-linux-gnu/libm-2.19.so
7fa3ae298000-7fa3ae299000 r--p 00104000 08:02 657977                     /lib/x86_64-linux-gnu/libm-2.19.so
7fa3ae299000-7fa3ae29a000 rw-p 00105000 08:02 657977                     /lib/x86_64-linux-gnu/libm-2.19.so
7fa3ae29a000-7fa3aef04000 r-xp 00000000 08:02 5387260                    /usr/lib/jvm/java-8-oracle/jre/lib/amd64/server/libjvm.so
7fa3aef04000-7fa3af103000 ---p 00c6a000 08:02 5387260                    /usr/lib/jvm/java-8-oracle/jre/lib/amd64/server/libjvm.so
7fa3af103000-7fa3af1da000 rw-p 00c69000 08:02 5387260                    /usr/lib/jvm/java-8-oracle/jre/lib/amd64/server/libjvm.so
7fa3af1da000-7fa3af21c000 rw-p 00000000 00:00 0 
7fa3af21c000-7fa3af3d8000 r-xp 00000000 08:02 657981                     /lib/x86_64-linux-gnu/libc-2.19.so
7fa3af3d8000-7fa3af5d7000 ---p 001bc000 08:02 657981                     /lib/x86_64-linux-gnu/libc-2.19.so
7fa3af5d7000-7fa3af5db000 r--p 001bb000 08:02 657981                     /lib/x86_64-linux-gnu/libc-2.19.so
7fa3af5db000-7fa3af5dd000 rw-p 001bf000 08:02 657981                     /lib/x86_64-linux-gnu/libc-2.19.so
7fa3af5dd000-7fa3af5e2000 rw-p 00000000 00:00 0 
7fa3af5e2000-7fa3af5e5000 r-xp 00000000 08:02 657970                     /lib/x86_64-linux-gnu/libdl-2.19.so
7fa3af5e5000-7fa3af7e4000 ---p 00003000 08:02 657970                     /lib/x86_64-linux-gnu/libdl-2.19.so
7fa3af7e4000-7fa3af7e5000 r--p 00002000 08:02 657970                     /lib/x86_64-linux-gnu/libdl-2.19.so
7fa3af7e5000-7fa3af7e6000 rw-p 00003000 08:02 657970                     /lib/x86_64-linux-gnu/libdl-2.19.so
7fa3af7e6000-7fa3af7fb000 r-xp 00000000 08:02 4723865                    /usr/lib/jvm/java-8-oracle/lib/amd64/jli/libjli.so
7fa3af7fb000-7fa3af9fa000 ---p 00015000 08:02 4723865                    /usr/lib/jvm/java-8-oracle/lib/amd64/jli/libjli.so
7fa3af9fa000-7fa3af9fb000 rw-p 00014000 08:02 4723865                    /usr/lib/jvm/java-8-oracle/lib/amd64/jli/libjli.so
7fa3af9fb000-7fa3afa14000 r-xp 00000000 08:02 657983                     /lib/x86_64-linux-gnu/libpthread-2.19.so
7fa3afa14000-7fa3afc13000 ---p 00019000 08:02 657983                     /lib/x86_64-linux-gnu/libpthread-2.19.so
7fa3afc13000-7fa3afc14000 r--p 00018000 08:02 657983                     /lib/x86_64-linux-gnu/libpthread-2.19.so
7fa3afc14000-7fa3afc15000 rw-p 00019000 08:02 657983                     /lib/x86_64-linux-gnu/libpthread-2.19.so
7fa3afc15000-7fa3afc19000 rw-p 00000000 00:00 0 
7fa3afc19000-7fa3afc3c000 r-xp 00000000 08:02 657969                     /lib/x86_64-linux-gnu/ld-2.19.so
7fa3afc3c000-7fa3afc3d000 r--s 00000000 08:02 5636157                    /var/cache/fontconfig/dc05db6664285cc2f12bf69c139ae4c3-le64.cache-4
7fa3afc3d000-7fa3afc3f000 r--s 00000000 08:02 5636125                    /var/cache/fontconfig/767a8244fc0220cfb567a839d0392e0b-le64.cache-4
7fa3afc3f000-7fa3afc43000 r--s 00000000 08:02 5636148                    /var/cache/fontconfig/d589a48862398ed80a3d6066f4f56f4c-le64.cache-4
7fa3afc43000-7fa3afc50000 r--s 00000000 08:02 5636399                    /var/cache/fontconfig/e13b20fdb08344e0e664864cc2ede53d-le64.cache-4
7fa3afc50000-7fa3afd1b000 rw-p 00000000 00:00 0 
7fa3afd1b000-7fa3afd1e000 ---p 00000000 00:00 0 
7fa3afd1e000-7fa3afe20000 rw-p 00000000 00:00 0                          [stack:25350]
7fa3afe20000-7fa3afe21000 r--s 00000000 08:02 5636156                    /var/cache/fontconfig/4794a0821666d79190d59a36cb4f44b5-le64.cache-4
7fa3afe21000-7fa3afe22000 r--s 00000000 08:02 5636153                    /var/cache/fontconfig/56cf4f4769d0f4abc89a4895d7bd3ae1-le64.cache-4
7fa3afe22000-7fa3afe23000 r--s 00000000 08:02 5636152                    /var/cache/fontconfig/b9d506c9ac06c20b433354fa67a72993-le64.cache-4
7fa3afe23000-7fa3afe24000 r--s 00000000 08:02 5636147                    /var/cache/fontconfig/0c9eb80ebd1c36541ebe2852d3bb0c49-le64.cache-4
7fa3afe24000-7fa3afe28000 r--s 00000000 08:02 5636274                    /var/cache/fontconfig/7ef2298fde41cc6eeb7af42e48b7d293-le64.cache-4
7fa3afe28000-7fa3afe2f000 r--s 00000000 08:02 4336385                    /usr/lib/x86_64-linux-gnu/gconv/gconv-modules.cache
7fa3afe2f000-7fa3afe37000 rw-s 00000000 08:02 46                         /tmp/hsperfdata_dalmir/25346
7fa3afe37000-7fa3afe38000 rw-p 00000000 00:00 0 
7fa3afe38000-7fa3afe39000 r--p 00000000 00:00 0 
7fa3afe39000-7fa3afe3b000 rw-p 00000000 00:00 0 
7fa3afe3b000-7fa3afe3c000 r--p 00022000 08:02 657969                     /lib/x86_64-linux-gnu/ld-2.19.so
7fa3afe3c000-7fa3afe3d000 rw-p 00023000 08:02 657969                     /lib/x86_64-linux-gnu/ld-2.19.so
7fa3afe3d000-7fa3afe3e000 rw-p 00000000 00:00 0 
7fffec79e000-7fffec7bf000 rw-p 00000000 00:00 0                          [stack]
7fffec7fe000-7fffec800000 r-xp 00000000 00:00 0                          [vdso]
ffffffffff600000-ffffffffff601000 r-xp 00000000 00:00 0                  [vsyscall]

VM Arguments:
jvm_args: -Dfile.encoding=UTF-8 
java_command: jwk.Main
java_class_path (initial): /home/dalmir/hpprojects/jwk/java/JWk/build/classes
Launcher Type: SUN_STANDARD

Environment Variables:
PATH=/home/dalmir/bin:/usr/local/sbin:/usr/local/bin:/usr/sbin:/usr/bin:/sbin:/bin:/usr/games:/usr/local/games
LD_LIBRARY_PATH=/usr/lib/jvm/java-8-oracle/jre/lib/amd64:/usr/lib/jvm/java-8-oracle/jre/lib/i386:
SHELL=/bin/bash
DISPLAY=:0

Signal Handlers:
SIGSEGV: [libjvm.so+0xa77530], sa_mask[0]=11111111011111111101111111111110, sa_flags=SA_RESTART|SA_SIGINFO
SIGBUS: [libjvm.so+0xa77530], sa_mask[0]=11111111011111111101111111111110, sa_flags=SA_RESTART|SA_SIGINFO
SIGFPE: [libjvm.so+0x8e1d90], sa_mask[0]=11111111011111111101111111111110, sa_flags=SA_RESTART|SA_SIGINFO
SIGPIPE: SIG_IGN, sa_mask[0]=00000000000000000000000000000000, sa_flags=none
SIGXFSZ: [libjvm.so+0x8e1d90], sa_mask[0]=11111111011111111101111111111110, sa_flags=SA_RESTART|SA_SIGINFO
SIGILL: [libjvm.so+0x8e1d90], sa_mask[0]=11111111011111111101111111111110, sa_flags=SA_RESTART|SA_SIGINFO
SIGUSR1: SIG_DFL, sa_mask[0]=00000000000000000000000000000000, sa_flags=none
SIGUSR2: [libjvm.so+0x8e35c0], sa_mask[0]=00100000000000000000000000000000, sa_flags=SA_RESTART|SA_SIGINFO
SIGHUP: [libjvm.so+0x8e4980], sa_mask[0]=11111111011111111101111111111110, sa_flags=SA_RESTART|SA_SIGINFO
SIGINT: SIG_IGN, sa_mask[0]=00000000000000000000000000000000, sa_flags=none
SIGTERM: [libjvm.so+0x8e4980], sa_mask[0]=11111111011111111101111111111110, sa_flags=SA_RESTART|SA_SIGINFO
SIGQUIT: [libjvm.so+0x8e4980], sa_mask[0]=11111111011111111101111111111110, sa_flags=SA_RESTART|SA_SIGINFO


---------------  S Y S T E M  ---------------

OS:DISTRIB_ID=Ubuntu
DISTRIB_RELEASE=14.04
DISTRIB_CODENAME=trusty
DISTRIB_DESCRIPTION="Ubuntu 14.04.1 LTS"

uname:Linux 3.13.0-34-generic #60-Ubuntu SMP Wed Aug 13 15:45:27 UTC 2014 x86_64
libc:glibc 2.19 NPTL 2.19 
rlimit: STACK 8192k, CORE 0k, NPROC 63495, NOFILE 4096, AS infinity
load average:1,53 1,44 1,59

/proc/meminfo:
MemTotal:        8156820 kB
MemFree:          144440 kB
Buffers:           14812 kB
Cached:           362304 kB
SwapCached:            0 kB
Active:          5222348 kB
Inactive:         223608 kB
Active(anon):    5070188 kB
Inactive(anon):    84472 kB
Active(file):     152160 kB
Inactive(file):   139136 kB
Unevictable:         112 kB
Mlocked:             112 kB
SwapTotal:             0 kB
SwapFree:              0 kB
Dirty:               224 kB
Writeback:             0 kB
AnonPages:       5069032 kB
Mapped:          2372484 kB
Shmem:             85800 kB
Slab:             125292 kB
SReclaimable:      39596 kB
SUnreclaim:        85696 kB
KernelStack:        9432 kB
PageTables:       115984 kB
NFS_Unstable:          0 kB
Bounce:                0 kB
WritebackTmp:          0 kB
CommitLimit:     4078408 kB
Committed_AS:   16209636 kB
VmallocTotal:   34359738367 kB
VmallocUsed:      126216 kB
VmallocChunk:   34359570940 kB
HardwareCorrupted:     0 kB
AnonHugePages:   1818624 kB
HugePages_Total:       0
HugePages_Free:        0
HugePages_Rsvd:        0
HugePages_Surp:        0
Hugepagesize:       2048 kB
DirectMap4k:     2059924 kB
DirectMap2M:     6311936 kB


CPU:total 4 (4 cores per cpu, 1 threads per core) family 6 model 26 stepping 5, cmov, cx8, fxsr, mmx, sse, sse2, sse3, ssse3, sse4.1, sse4.2, popcnt, tsc, tscinvbit, tscinv

/proc/cpuinfo:
processor	: 0
vendor_id	: GenuineIntel
cpu family	: 6
model		: 26
model name	: Intel(R) Xeon(R) CPU           E5506  @ 2.13GHz
stepping	: 5
microcode	: 0x19
cpu MHz		: 1596.000
cache size	: 4096 KB
physical id	: 0
siblings	: 4
core id		: 0
cpu cores	: 4
apicid		: 0
initial apicid	: 0
fpu		: yes
fpu_exception	: yes
cpuid level	: 11
wp		: yes
flags		: fpu vme de pse tsc msr pae mce cx8 apic sep mtrr pge mca cmov pat pse36 clflush dts acpi mmx fxsr sse sse2 ss ht tm pbe syscall nx rdtscp lm constant_tsc arch_perfmon pebs bts rep_good nopl xtopology nonstop_tsc aperfmperf pni dtes64 monitor ds_cpl vmx est tm2 ssse3 cx16 xtpr pdcm dca sse4_1 sse4_2 popcnt lahf_lm dtherm tpr_shadow vnmi flexpriority ept vpid
bogomips	: 4255.72
clflush size	: 64
cache_alignment	: 64
address sizes	: 40 bits physical, 48 bits virtual
power management:

processor	: 1
vendor_id	: GenuineIntel
cpu family	: 6
model		: 26
model name	: Intel(R) Xeon(R) CPU           E5506  @ 2.13GHz
stepping	: 5
microcode	: 0x19
cpu MHz		: 1596.000
cache size	: 4096 KB
physical id	: 0
siblings	: 4
core id		: 1
cpu cores	: 4
apicid		: 2
initial apicid	: 2
fpu		: yes
fpu_exception	: yes
cpuid level	: 11
wp		: yes
flags		: fpu vme de pse tsc msr pae mce cx8 apic sep mtrr pge mca cmov pat pse36 clflush dts acpi mmx fxsr sse sse2 ss ht tm pbe syscall nx rdtscp lm constant_tsc arch_perfmon pebs bts rep_good nopl xtopology nonstop_tsc aperfmperf pni dtes64 monitor ds_cpl vmx est tm2 ssse3 cx16 xtpr pdcm dca sse4_1 sse4_2 popcnt lahf_lm dtherm tpr_shadow vnmi flexpriority ept vpid
bogomips	: 4255.72
clflush size	: 64
cache_alignment	: 64
address sizes	: 40 bits physical, 48 bits virtual
power management:

processor	: 2
vendor_id	: GenuineIntel
cpu family	: 6
model		: 26
model name	: Intel(R) Xeon(R) CPU           E5506  @ 2.13GHz
stepping	: 5
microcode	: 0x19
cpu MHz		: 1596.000
cache size	: 4096 KB
physical id	: 0
siblings	: 4
core id		: 2
cpu cores	: 4
apicid		: 4
initial apicid	: 4
fpu		: yes
fpu_exception	: yes
cpuid level	: 11
wp		: yes
flags		: fpu vme de pse tsc msr pae mce cx8 apic sep mtrr pge mca cmov pat pse36 clflush dts acpi mmx fxsr sse sse2 ss ht tm pbe syscall nx rdtscp lm constant_tsc arch_perfmon pebs bts rep_good nopl xtopology nonstop_tsc aperfmperf pni dtes64 monitor ds_cpl vmx est tm2 ssse3 cx16 xtpr pdcm dca sse4_1 sse4_2 popcnt lahf_lm dtherm tpr_shadow vnmi flexpriority ept vpid
bogomips	: 4255.72
clflush size	: 64
cache_alignment	: 64
address sizes	: 40 bits physical, 48 bits virtual
power management:

processor	: 3
vendor_id	: GenuineIntel
cpu family	: 6
model		: 26
model name	: Intel(R) Xeon(R) CPU           E5506  @ 2.13GHz
stepping	: 5
microcode	: 0x19
cpu MHz		: 2128.000
cache size	: 4096 KB
physical id	: 0
siblings	: 4
core id		: 3
cpu cores	: 4
apicid		: 6
initial apicid	: 6
fpu		: yes
fpu_exception	: yes
cpuid level	: 11
wp		: yes
flags		: fpu vme de pse tsc msr pae mce cx8 apic sep mtrr pge mca cmov pat pse36 clflush dts acpi mmx fxsr sse sse2 ss ht tm pbe syscall nx rdtscp lm constant_tsc arch_perfmon pebs bts rep_good nopl xtopology nonstop_tsc aperfmperf pni dtes64 monitor ds_cpl vmx est tm2 ssse3 cx16 xtpr pdcm dca sse4_1 sse4_2 popcnt lahf_lm dtherm tpr_shadow vnmi flexpriority ept vpid
bogomips	: 4255.72
clflush size	: 64
cache_alignment	: 64
address sizes	: 40 bits physical, 48 bits virtual
power management:



Memory: 4k page, physical 8156820k(144440k free), swap 0k(0k free)

vm_info: Java HotSpot(TM) 64-Bit Server VM (25.20-b23) for linux-amd64 JRE (1.8.0_20-b26), built on Jul 30 2014 13:13:52 by "java_re" with gcc 4.3.0 20080428 (Red Hat 4.3.0-8)

time: Tue Aug 26 11:53:12 2014
elapsed time: 0 seconds (0d 0h 0m 0s)

