#
# A fatal error has been detected by the Java Runtime Environment:
#
#  SIGSEGV (0xb) at pc=0x00007fb41a44565b, pid=25507, tid=140410910820096
#
# JRE version: Java(TM) SE Runtime Environment (8.0_20-b26) (build 1.8.0_20-b26)
# Java VM: Java HotSpot(TM) 64-Bit Server VM (25.20-b23 mixed mode linux-amd64 compressed oops)
# Problematic frame:
# C  [libwkhtmltox.so.0+0x1d2d65b]
#
# Failed to write core dump. Core dumps have been disabled. To enable core dumping, try "ulimit -c unlimited" before starting Java again
#
# If you would like to submit a bug report, please visit:
#   http://bugreport.sun.com/bugreport/crash.jsp
# The crash happened outside the Java Virtual Machine in native code.
# See problematic frame for where to report the bug.
#

---------------  T H R E A D  ---------------

Current thread (0x00007fb4440f4800):  JavaThread "Thread-1" [_thread_in_native, id=25527, stack(0x00007fb3f6664000,0x00007fb3f6765000)]

siginfo: si_signo: 11 (SIGSEGV), si_code: 1 (SEGV_MAPERR), si_addr: 0x0000000000000020

Registers:
RAX=0x0000000000000000, RBX=0x0000000000000000, RCX=0x000000000000005f, RDX=0x0000000000000000
RSP=0x00007fb3f6761e00, RBP=0x0000000000000020, RSI=0x0000000000000000, RDI=0x0000000000000000
R8 =0x0000000000000000, R9 =0x0000000000000001, R10=0x00007fb44cc1cbe0, R11=0x000000000000000f
R12=0x00007fb3f6762100, R13=0x00007fb3e801a4b0, R14=0x0000000000000002, R15=0x0000000000000001
RIP=0x00007fb41a44565b, EFLAGS=0x0000000000010202, CSGSFS=0x0000000000000033, ERR=0x0000000000000004
  TRAPNO=0x000000000000000e

Top of Stack: (sp=0x00007fb3f6761e00)
0x00007fb3f6761e00:   00007fb3f5b5f3e0 00000000000000a8
0x00007fb3f6761e10:   ffff804c0989e171 000000000000000b
0x00007fb3f6761e20:   0000000000000002 00007fb3e8000020
0x00007fb3f6761e30:   0000000000000088 00007fb3f6761ff0
0x00007fb3f6761e40:   00007fb3e801a4b0 0000000000000002
0x00007fb3f6761e50:   0000000000000000 00007fb41a8084c8
0x00007fb3f6761e60:   00007fb3f6761ff0 00007fb41a808424
0x00007fb3f6761e70:   00007fb3f6761dec 00007fb3f732df2d
0x00007fb3f6761e80:   0000000000000000 00007fb3f6761ff0
0x00007fb3f6761e90:   0000000000000000 00007fb3f6762100
0x00007fb3f6761ea0:   00007fb3f6761ff0 0000000000000000
0x00007fb3f6761eb0:   00007fb3f6762100 00007fb41a443a64
0x00007fb3f6761ec0:   00007fb3e801a4b0 00007fb3f6761ff0
0x00007fb3f6761ed0:   00007fb3f6761fe0 00007fb41a4167dd
0x00007fb3f6761ee0:   00007fb3e801a7c0 00007fb3f6761f90
0x00007fb3f6761ef0:   0000000000000000 00007fb3f6761fa0
0x00007fb3f6761f00:   00007fb3f6761f20 0000000100761fa0
0x00007fb3f6761f10:   0000000000000000 00007fb3e8000020
0x00007fb3f6761f20:   00007fb3e8017ac0 00007fb3f67621b0
0x00007fb3f6761f30:   00007fb3e801a4b0 00007fb41a4d2a21
0x00007fb3f6761f40:   00007fb3e8017d90 00007fb3e8018828
0x00007fb3f6761f50:   00007fb3f6761fd0 00007fb41a42cb38
0x00007fb3f6761f60:   00007fb3f6761fd0 00007fb3f6761fe0
0x00007fb3f6761f70:   00007fb3e8019888 00007fb3f67621b0
0x00007fb3f6761f80:   00007fb3e801a4b0 00007fb3f6762230
0x00007fb3f6761f90:   0000000000000001 00007fb400000002
0x00007fb3f6761fa0:   0000000000000001 0000007700000002
0x00007fb3f6761fb0:   0000000000000000 00000001f6761fdf
0x00007fb3f6761fc0:   000000000000000a 00007fb41a5148a6
0x00007fb3f6761fd0:   00007fb3e8017b20 0000000000000000
0x00007fb3f6761fe0:   00007fb3e8017e90 00007fb41a5e3b59
0x00007fb3f6761ff0:   00007fb41b29b5b0 00007fb3e8018500 

Instructions: (pc=0x00007fb41a44565b)
0x00007fb41a44563b:   98 81 fe 66 90 41 54 55 48 89 fd 53 48 89 fb 48
0x00007fb41a44564b:   81 ec a0 00 00 00 48 83 c5 20 0f 84 a5 00 00 00
0x00007fb41a44565b:   48 8b 57 20 f6 42 04 01 75 4b 31 c0 b9 01 00 00
0x00007fb41a44566b:   00 f0 0f b1 0a 0f 94 c1 84 c9 75 08 48 89 ef e8 

Register to memory mapping:

RAX=0x0000000000000000 is an unknown value
RBX=0x0000000000000000 is an unknown value
RCX=0x000000000000005f is an unknown value
RDX=0x0000000000000000 is an unknown value
RSP=0x00007fb3f6761e00 is pointing into the stack for thread: 0x00007fb4440f4800
RBP=0x0000000000000020 is an unknown value
RSI=0x0000000000000000 is an unknown value
RDI=0x0000000000000000 is an unknown value
R8 =0x0000000000000000 is an unknown value
R9 =0x0000000000000001 is an unknown value
R10=0x00007fb44cc1cbe0: <offset 0x3bdbe0> in /lib/x86_64-linux-gnu/libc.so.6 at 0x00007fb44c85f000
R11=0x000000000000000f is an unknown value
R12=0x00007fb3f6762100 is pointing into the stack for thread: 0x00007fb4440f4800
R13=0x00007fb3e801a4b0 is an unknown value
R14=0x0000000000000002 is an unknown value
R15=0x0000000000000001 is an unknown value


Stack: [0x00007fb3f6664000,0x00007fb3f6765000],  sp=0x00007fb3f6761e00,  free space=1015k
Native frames: (J=compiled Java code, j=interpreted, Vv=VM code, C=native code)
C  [libwkhtmltox.so.0+0x1d2d65b]

Java frames: (J=compiled Java code, j=interpreted, Vv=VM code)
j  jwk.JWk.convertImp(Ljava/lang/String;Ljava/lang/String;Ljava/util/Map;[Ljava/lang/Object;)Z+0
j  jwk.JWk.convert(Ljava/lang/String;Ljava/lang/String;Ljava/util/Map;)V+48
j  jwk.Main$1.run()V+37
v  ~StubRoutines::call_stub

---------------  P R O C E S S  ---------------

Java Threads: ( => current thread )
  0x00007fb444009800 JavaThread "DestroyJavaVM" [_thread_blocked, id=25511, stack(0x00007fb44d35e000,0x00007fb44d45f000)]
=>0x00007fb4440f4800 JavaThread "Thread-1" [_thread_in_native, id=25527, stack(0x00007fb3f6664000,0x00007fb3f6765000)]
  0x00007fb4440f3000 JavaThread "Thread-0" [_thread_in_native, id=25526, stack(0x00007fb3f6765000,0x00007fb3f6866000)]
  0x00007fb4440c8800 JavaThread "Service Thread" daemon [_thread_blocked, id=25524, stack(0x00007fb4340d0000,0x00007fb4341d1000)]
  0x00007fb4440b3000 JavaThread "C1 CompilerThread2" daemon [_thread_blocked, id=25523, stack(0x00007fb4341d1000,0x00007fb4342d2000)]
  0x00007fb4440b1000 JavaThread "C2 CompilerThread1" daemon [_thread_blocked, id=25522, stack(0x00007fb4342d2000,0x00007fb4343d3000)]
  0x00007fb4440ae800 JavaThread "C2 CompilerThread0" daemon [_thread_blocked, id=25521, stack(0x00007fb4343d3000,0x00007fb4344d4000)]
  0x00007fb4440ac000 JavaThread "Signal Dispatcher" daemon [_thread_blocked, id=25520, stack(0x00007fb4344d4000,0x00007fb4345d5000)]
  0x00007fb44407c000 JavaThread "Finalizer" daemon [_thread_blocked, id=25519, stack(0x00007fb4345d5000,0x00007fb4346d6000)]
  0x00007fb44407a000 JavaThread "Reference Handler" daemon [_thread_blocked, id=25518, stack(0x00007fb4346d6000,0x00007fb4347d7000)]

Other Threads:
  0x00007fb444073000 VMThread [stack: 0x00007fb4347d7000,0x00007fb4348d8000] [id=25517]
  0x00007fb4440cb000 WatcherThread [stack: 0x00007fb42c0bf000,0x00007fb42c1c0000] [id=25525]

VM state:not at safepoint (normal execution)

VM Mutex/Monitor currently owned by a thread: None

Heap:
 PSYoungGen      total 37888K, used 3277K [0x00000000d6800000, 0x00000000d9200000, 0x0000000100000000)
  eden space 32768K, 10% used [0x00000000d6800000,0x00000000d6b33530,0x00000000d8800000)
  from space 5120K, 0% used [0x00000000d8d00000,0x00000000d8d00000,0x00000000d9200000)
  to   space 5120K, 0% used [0x00000000d8800000,0x00000000d8800000,0x00000000d8d00000)
 ParOldGen       total 86016K, used 0K [0x0000000083800000, 0x0000000088c00000, 0x00000000d6800000)
  object space 86016K, 0% used [0x0000000083800000,0x0000000083800000,0x0000000088c00000)
 Metaspace       used 3225K, capacity 4492K, committed 4864K, reserved 1056768K
  class space    used 353K, capacity 388K, committed 512K, reserved 1048576K

Card table byte_map: [0x00007fb449d98000,0x00007fb44a17d000] byte_map_base: 0x00007fb44997c000

Marking Bits: (ParMarkBitMap*) 0x00007fb44c834ac0
 Begin Bits: [0x00007fb42c1c0000, 0x00007fb42e0e0000)
 End Bits:   [0x00007fb42e0e0000, 0x00007fb430000000)

Polling page: 0x00007fb44d47b000

CodeCache: size=245760Kb used=1114Kb max_used=1114Kb free=244645Kb
 bounds [0x00007fb435000000, 0x00007fb435270000, 0x00007fb444000000]
 total_blobs=274 nmethods=28 adapters=162
 compilation: enabled

Compilation events (10 events):
Event: 0,085 Thread 0x00007fb4440b3000   10       3       java.util.Arrays::copyOfRange (63 bytes)
Event: 0,086 Thread 0x00007fb4440b3000 nmethod 10 0x00007fb43510a910 code [0x00007fb43510ab20, 0x00007fb43510b618]
Event: 0,086 Thread 0x00007fb4440b3000   11       1       java.lang.ref.Reference::get (5 bytes)
Event: 0,087 Thread 0x00007fb4440b3000 nmethod 11 0x00007fb43510bb10 code [0x00007fb43510bc60, 0x00007fb43510bd70]
Event: 0,087 Thread 0x00007fb4440b3000   12       1       java.lang.ThreadLocal::access$400 (5 bytes)
Event: 0,087 Thread 0x00007fb4440b3000 nmethod 12 0x00007fb43510bdd0 code [0x00007fb43510bf20, 0x00007fb43510c010]
Event: 0,095 Thread 0x00007fb4440b3000   13       3       java.lang.String::getChars (62 bytes)
Event: 0,096 Thread 0x00007fb4440b3000 nmethod 13 0x00007fb43510df10 code [0x00007fb43510e0c0, 0x00007fb43510e4f8]
Event: 0,102 Thread 0x00007fb4440b3000   14       3       java.lang.String::startsWith (72 bytes)
Event: 0,102 Thread 0x00007fb4440b3000 nmethod 14 0x00007fb43510e710 code [0x00007fb43510e880, 0x00007fb43510ebb0]

GC Heap History (0 events):
No events

Deoptimization events (0 events):
No events

Internal exceptions (6 events):
Event: 0,033 Thread 0x00007fb444009800 Exception <a 'java/lang/NoSuchMethodError': Method sun.misc.Unsafe.defineClass(Ljava/lang/String;[BII)Ljava/lang/Class; name or signature does not match> (0x00000000d6811c68) thrown at [/HUDSON/workspace/8-2-build-linux-amd64/jdk8u20/1074/hotspot/src/shar
Event: 0,033 Thread 0x00007fb444009800 Exception <a 'java/lang/NoSuchMethodError': Method sun.misc.Unsafe.prefetchRead(Ljava/lang/Object;J)V name or signature does not match> (0x00000000d6811ef8) thrown at [/HUDSON/workspace/8-2-build-linux-amd64/jdk8u20/1074/hotspot/src/share/vm/prims/jni.cpp
Event: 0,080 Thread 0x00007fb444009800 Exception <a 'java/security/PrivilegedActionException'> (0x00000000d6854428) thrown at [/HUDSON/workspace/8-2-build-linux-amd64/jdk8u20/1074/hotspot/src/share/vm/prims/jvm.cpp, line 1275]
Event: 0,086 Thread 0x00007fb444009800 Exception <a 'java/security/PrivilegedActionException'> (0x00000000d685a6b0) thrown at [/HUDSON/workspace/8-2-build-linux-amd64/jdk8u20/1074/hotspot/src/share/vm/prims/jvm.cpp, line 1275]
Event: 0,087 Thread 0x00007fb444009800 Exception <a 'java/security/PrivilegedActionException'> (0x00000000d685c408) thrown at [/HUDSON/workspace/8-2-build-linux-amd64/jdk8u20/1074/hotspot/src/share/vm/prims/jvm.cpp, line 1275]
Event: 0,102 Thread 0x00007fb444009800 Exception <a 'java/security/PrivilegedActionException'> (0x00000000d6862410) thrown at [/HUDSON/workspace/8-2-build-linux-amd64/jdk8u20/1074/hotspot/src/share/vm/prims/jvm.cpp, line 1275]

Events (10 events):
Event: 0,104 loading class java/util/HashMap$HashIterator done
Event: 0,104 loading class java/util/HashMap$EntryIterator done
Event: 0,355 loading class java/util/logging/Logger
Event: 0,356 loading class java/util/logging/Logger done
Event: 0,356 loading class java/util/logging/Handler
Event: 0,356 loading class java/util/logging/Handler done
Event: 0,356 loading class java/util/logging/Level
Event: 0,356 loading class java/util/logging/Level done
Event: 0,356 loading class java/util/logging/Level$KnownLevel
Event: 0,357 loading class java/util/logging/Level$KnownLevel done


Dynamic libraries:
00400000-00401000 r-xp 00000000 08:02 5112280                            /usr/lib/jvm/java-8-oracle/bin/java
00600000-00601000 rw-p 00000000 08:02 5112280                            /usr/lib/jvm/java-8-oracle/bin/java
00a69000-00a8a000 rw-p 00000000 00:00 0                                  [heap]
83800000-88c00000 rw-p 00000000 00:00 0 
88c00000-d6800000 ---p 00000000 00:00 0 
d6800000-d9200000 rw-p 00000000 00:00 0 
d9200000-100000000 ---p 00000000 00:00 0 
100000000-100080000 rw-p 00000000 00:00 0 
100080000-140000000 ---p 00000000 00:00 0 
7fb39c000000-7fb3dc000000 rwxp 00000000 00:00 0 
7fb3dc000000-7fb3dc021000 rw-p 00000000 00:00 0 
7fb3dc021000-7fb3e0000000 ---p 00000000 00:00 0 
7fb3e0000000-7fb3e0021000 rw-p 00000000 00:00 0 
7fb3e0021000-7fb3e4000000 ---p 00000000 00:00 0 
7fb3e73ef000-7fb3e77ff000 rw-p 00000000 00:00 0 
7fb3e77ff000-7fb3e7800000 ---p 00000000 00:00 0 
7fb3e7800000-7fb3e8000000 rw-p 00000000 00:00 0 
7fb3e8000000-7fb3e8029000 rw-p 00000000 00:00 0 
7fb3e8029000-7fb3ec000000 ---p 00000000 00:00 0 
7fb3ec000000-7fb3ec021000 rw-p 00000000 00:00 0 
7fb3ec021000-7fb3f0000000 ---p 00000000 00:00 0 
7fb3f0000000-7fb3f01a3000 rw-p 00000000 00:00 0 
7fb3f01a3000-7fb3f4000000 ---p 00000000 00:00 0 
7fb3f430a000-7fb3f4321000 r-xp 00000000 08:02 656675                     /lib/x86_64-linux-gnu/libresolv-2.19.so
7fb3f4321000-7fb3f4521000 ---p 00017000 08:02 656675                     /lib/x86_64-linux-gnu/libresolv-2.19.so
7fb3f4521000-7fb3f4522000 r--p 00017000 08:02 656675                     /lib/x86_64-linux-gnu/libresolv-2.19.so
7fb3f4522000-7fb3f4523000 rw-p 00018000 08:02 656675                     /lib/x86_64-linux-gnu/libresolv-2.19.so
7fb3f4523000-7fb3f4525000 rw-p 00000000 00:00 0 
7fb3f4525000-7fb3f4526000 ---p 00000000 00:00 0 
7fb3f4526000-7fb3f4d26000 rw-p 00000000 00:00 0                          [stack:25530]
7fb3f4d26000-7fb3f4d7a000 r-xp 00000000 08:02 657985                     /lib/x86_64-linux-gnu/libssl.so.1.0.0
7fb3f4d7a000-7fb3f4f7a000 ---p 00054000 08:02 657985                     /lib/x86_64-linux-gnu/libssl.so.1.0.0
7fb3f4f7a000-7fb3f4f7d000 r--p 00054000 08:02 657985                     /lib/x86_64-linux-gnu/libssl.so.1.0.0
7fb3f4f7d000-7fb3f4f83000 rw-p 00057000 08:02 657985                     /lib/x86_64-linux-gnu/libssl.so.1.0.0
7fb3f4f83000-7fb3f4f84000 rw-p 00000000 00:00 0 
7fb3f4f84000-7fb3f5135000 r-xp 00000000 08:02 657987                     /lib/x86_64-linux-gnu/libcrypto.so.1.0.0
7fb3f5135000-7fb3f5334000 ---p 001b1000 08:02 657987                     /lib/x86_64-linux-gnu/libcrypto.so.1.0.0
7fb3f5334000-7fb3f534f000 r--p 001b0000 08:02 657987                     /lib/x86_64-linux-gnu/libcrypto.so.1.0.0
7fb3f534f000-7fb3f535a000 rw-p 001cb000 08:02 657987                     /lib/x86_64-linux-gnu/libcrypto.so.1.0.0
7fb3f535a000-7fb3f535e000 rw-p 00000000 00:00 0 
7fb3f535e000-7fb3f535f000 ---p 00000000 00:00 0 
7fb3f535f000-7fb3f5c5f000 rw-p 00000000 00:00 0 
7fb3f5c5f000-7fb3f5c60000 ---p 00000000 00:00 0 
7fb3f5c60000-7fb3f6460000 rw-p 00000000 00:00 0                          [stack:25528]
7fb3f6460000-7fb3f6463000 r-xp 00000000 08:02 4336373                    /usr/lib/x86_64-linux-gnu/gconv/UTF-16.so
7fb3f6463000-7fb3f6662000 ---p 00003000 08:02 4336373                    /usr/lib/x86_64-linux-gnu/gconv/UTF-16.so
7fb3f6662000-7fb3f6663000 r--p 00002000 08:02 4336373                    /usr/lib/x86_64-linux-gnu/gconv/UTF-16.so
7fb3f6663000-7fb3f6664000 rw-p 00003000 08:02 4336373                    /usr/lib/x86_64-linux-gnu/gconv/UTF-16.so
7fb3f6664000-7fb3f6667000 ---p 00000000 00:00 0 
7fb3f6667000-7fb3f6765000 rw-p 00000000 00:00 0                          [stack:25527]
7fb3f6765000-7fb3f6768000 ---p 00000000 00:00 0 
7fb3f6768000-7fb3f6866000 rw-p 00000000 00:00 0                          [stack:25526]
7fb3f6866000-7fb3f686b000 r-xp 00000000 08:02 3940435                    /usr/lib/x86_64-linux-gnu/libXdmcp.so.6.0.0
7fb3f686b000-7fb3f6a6a000 ---p 00005000 08:02 3940435                    /usr/lib/x86_64-linux-gnu/libXdmcp.so.6.0.0
7fb3f6a6a000-7fb3f6a6b000 r--p 00004000 08:02 3940435                    /usr/lib/x86_64-linux-gnu/libXdmcp.so.6.0.0
7fb3f6a6b000-7fb3f6a6c000 rw-p 00005000 08:02 3940435                    /usr/lib/x86_64-linux-gnu/libXdmcp.so.6.0.0
7fb3f6a6c000-7fb3f6a6e000 r-xp 00000000 08:02 3940424                    /usr/lib/x86_64-linux-gnu/libXau.so.6.0.0
7fb3f6a6e000-7fb3f6c6e000 ---p 00002000 08:02 3940424                    /usr/lib/x86_64-linux-gnu/libXau.so.6.0.0
7fb3f6c6e000-7fb3f6c6f000 r--p 00002000 08:02 3940424                    /usr/lib/x86_64-linux-gnu/libXau.so.6.0.0
7fb3f6c6f000-7fb3f6c70000 rw-p 00003000 08:02 3940424                    /usr/lib/x86_64-linux-gnu/libXau.so.6.0.0
7fb3f6c70000-7fb3f6c8d000 r-xp 00000000 08:02 3941492                    /usr/lib/x86_64-linux-gnu/libxcb.so.1.1.0
7fb3f6c8d000-7fb3f6e8d000 ---p 0001d000 08:02 3941492                    /usr/lib/x86_64-linux-gnu/libxcb.so.1.1.0
7fb3f6e8d000-7fb3f6e8e000 r--p 0001d000 08:02 3941492                    /usr/lib/x86_64-linux-gnu/libxcb.so.1.1.0
7fb3f6e8e000-7fb3f6e8f000 rw-p 0001e000 08:02 3941492                    /usr/lib/x86_64-linux-gnu/libxcb.so.1.1.0
7fb3f6e8f000-7fb3f6eb6000 r-xp 00000000 08:02 659395                     /lib/x86_64-linux-gnu/libexpat.so.1.6.0
7fb3f6eb6000-7fb3f70b6000 ---p 00027000 08:02 659395                     /lib/x86_64-linux-gnu/libexpat.so.1.6.0
7fb3f70b6000-7fb3f70b8000 r--p 00027000 08:02 659395                     /lib/x86_64-linux-gnu/libexpat.so.1.6.0
7fb3f70b8000-7fb3f70b9000 rw-p 00029000 08:02 659395                     /lib/x86_64-linux-gnu/libexpat.so.1.6.0
7fb3f70b9000-7fb3f70cf000 r-xp 00000000 08:02 659400                     /lib/x86_64-linux-gnu/libgcc_s.so.1
7fb3f70cf000-7fb3f72ce000 ---p 00016000 08:02 659400                     /lib/x86_64-linux-gnu/libgcc_s.so.1
7fb3f72ce000-7fb3f72cf000 rw-p 00015000 08:02 659400                     /lib/x86_64-linux-gnu/libgcc_s.so.1
7fb3f72cf000-7fb3f73b5000 r-xp 00000000 08:02 3941330                    /usr/lib/x86_64-linux-gnu/libstdc++.so.6.0.19
7fb3f73b5000-7fb3f75b4000 ---p 000e6000 08:02 3941330                    /usr/lib/x86_64-linux-gnu/libstdc++.so.6.0.19
7fb3f75b4000-7fb3f75bc000 r--p 000e5000 08:02 3941330                    /usr/lib/x86_64-linux-gnu/libstdc++.so.6.0.19
7fb3f75bc000-7fb3f75be000 rw-p 000ed000 08:02 3941330                    /usr/lib/x86_64-linux-gnu/libstdc++.so.6.0.19
7fb3f75be000-7fb3f75d3000 rw-p 00000000 00:00 0 
7fb3f75d3000-7fb3f75eb000 r-xp 00000000 08:02 659536                     /lib/x86_64-linux-gnu/libz.so.1.2.8
7fb3f75eb000-7fb3f77ea000 ---p 00018000 08:02 659536                     /lib/x86_64-linux-gnu/libz.so.1.2.8
7fb3f77ea000-7fb3f77eb000 r--p 00017000 08:02 659536                     /lib/x86_64-linux-gnu/libz.so.1.2.8
7fb3f77eb000-7fb3f77ec000 rw-p 00018000 08:02 659536                     /lib/x86_64-linux-gnu/libz.so.1.2.8
7fb3f77ec000-7fb3f791c000 r-xp 00000000 08:02 3940420                    /usr/lib/x86_64-linux-gnu/libX11.so.6.3.0
7fb3f791c000-7fb3f7b1c000 ---p 00130000 08:02 3940420                    /usr/lib/x86_64-linux-gnu/libX11.so.6.3.0
7fb3f7b1c000-7fb3f7b1d000 r--p 00130000 08:02 3940420                    /usr/lib/x86_64-linux-gnu/libX11.so.6.3.0
7fb3f7b1d000-7fb3f7b21000 rw-p 00131000 08:02 3940420                    /usr/lib/x86_64-linux-gnu/libX11.so.6.3.0
7fb3f7b21000-7fb3f7bbe000 r-xp 00000000 08:02 3932540                    /usr/lib/x86_64-linux-gnu/libfreetype.so.6.11.1
7fb3f7bbe000-7fb3f7dbd000 ---p 0009d000 08:02 3932540                    /usr/lib/x86_64-linux-gnu/libfreetype.so.6.11.1
7fb3f7dbd000-7fb3f7dc3000 r--p 0009c000 08:02 3932540                    /usr/lib/x86_64-linux-gnu/libfreetype.so.6.11.1
7fb3f7dc3000-7fb3f7dc4000 rw-p 000a2000 08:02 3932540                    /usr/lib/x86_64-linux-gnu/libfreetype.so.6.11.1
7fb3f7dc4000-7fb3f7dfe000 r-xp 00000000 08:02 3932441                    /usr/lib/x86_64-linux-gnu/libfontconfig.so.1.8.0
7fb3f7dfe000-7fb3f7ffd000 ---p 0003a000 08:02 3932441                    /usr/lib/x86_64-linux-gnu/libfontconfig.so.1.8.0
7fb3f7ffd000-7fb3f7fff000 r--p 00039000 08:02 3932441                    /usr/lib/x86_64-linux-gnu/libfontconfig.so.1.8.0
7fb3f7fff000-7fb3f8000000 rw-p 0003b000 08:02 3932441                    /usr/lib/x86_64-linux-gnu/libfontconfig.so.1.8.0
7fb3f8000000-7fb3f8021000 rw-p 00000000 00:00 0 
7fb3f8021000-7fb3fc000000 ---p 00000000 00:00 0 
7fb3fc000000-7fb3fc021000 rw-p 00000000 00:00 0 
7fb3fc021000-7fb400000000 ---p 00000000 00:00 0 
7fb400000000-7fb400021000 rw-p 00000000 00:00 0 
7fb400021000-7fb404000000 ---p 00000000 00:00 0 
7fb404000000-7fb404066000 rw-p 00000000 00:00 0 
7fb404066000-7fb408000000 ---p 00000000 00:00 0 
7fb408000000-7fb408021000 rw-p 00000000 00:00 0 
7fb408021000-7fb40c000000 ---p 00000000 00:00 0 
7fb40c000000-7fb40c036000 rw-p 00000000 00:00 0 
7fb40c036000-7fb410000000 ---p 00000000 00:00 0 
7fb410000000-7fb410021000 rw-p 00000000 00:00 0 
7fb410021000-7fb414000000 ---p 00000000 00:00 0 
7fb414000000-7fb414021000 rw-p 00000000 00:00 0 
7fb414021000-7fb418000000 ---p 00000000 00:00 0 
7fb418093000-7fb41809c000 r-xp 00000000 08:02 3940459                    /usr/lib/x86_64-linux-gnu/libXrender.so.1.3.0
7fb41809c000-7fb41829b000 ---p 00009000 08:02 3940459                    /usr/lib/x86_64-linux-gnu/libXrender.so.1.3.0
7fb41829b000-7fb41829c000 r--p 00008000 08:02 3940459                    /usr/lib/x86_64-linux-gnu/libXrender.so.1.3.0
7fb41829c000-7fb41829d000 rw-p 00009000 08:02 3940459                    /usr/lib/x86_64-linux-gnu/libXrender.so.1.3.0
7fb41829d000-7fb4182c2000 r-xp 00000000 08:02 659488                     /lib/x86_64-linux-gnu/libpng12.so.0.50.0
7fb4182c2000-7fb4184c1000 ---p 00025000 08:02 659488                     /lib/x86_64-linux-gnu/libpng12.so.0.50.0
7fb4184c1000-7fb4184c2000 r--p 00024000 08:02 659488                     /lib/x86_64-linux-gnu/libpng12.so.0.50.0
7fb4184c2000-7fb4184c3000 rw-p 00025000 08:02 659488                     /lib/x86_64-linux-gnu/libpng12.so.0.50.0
7fb4184c3000-7fb418506000 r-xp 00000000 08:02 3941024                    /usr/lib/x86_64-linux-gnu/libjpeg.so.8.0.2
7fb418506000-7fb418706000 ---p 00043000 08:02 3941024                    /usr/lib/x86_64-linux-gnu/libjpeg.so.8.0.2
7fb418706000-7fb418707000 r--p 00043000 08:02 3941024                    /usr/lib/x86_64-linux-gnu/libjpeg.so.8.0.2
7fb418707000-7fb418708000 rw-p 00044000 08:02 3941024                    /usr/lib/x86_64-linux-gnu/libjpeg.so.8.0.2
7fb418708000-7fb418718000 rw-p 00000000 00:00 0 
7fb418718000-7fb41ae9c000 r-xp 00000000 08:02 4205335                    /usr/local/lib/libwkhtmltox.so.0.12.1
7fb41ae9c000-7fb41b09c000 ---p 02784000 08:02 4205335                    /usr/local/lib/libwkhtmltox.so.0.12.1
7fb41b09c000-7fb41b2a5000 r--p 02784000 08:02 4205335                    /usr/local/lib/libwkhtmltox.so.0.12.1
7fb41b2a5000-7fb41b2be000 rw-p 0298d000 08:02 4205335                    /usr/local/lib/libwkhtmltox.so.0.12.1
7fb41b2be000-7fb41b2f1000 rw-p 00000000 00:00 0 
7fb41b2f1000-7fb41b2f3000 r-xp 00000000 00:18 9966269                    /home/dalmir/hpprojects/jwk/c/JWkLib/dist/libJWkLib.so
7fb41b2f3000-7fb41b4f2000 ---p 00002000 00:18 9966269                    /home/dalmir/hpprojects/jwk/c/JWkLib/dist/libJWkLib.so
7fb41b4f2000-7fb41b4f3000 r--p 00001000 00:18 9966269                    /home/dalmir/hpprojects/jwk/c/JWkLib/dist/libJWkLib.so
7fb41b4f3000-7fb41b4f4000 rw-p 00002000 00:18 9966269                    /home/dalmir/hpprojects/jwk/c/JWkLib/dist/libJWkLib.so
7fb41b4f4000-7fb41b50a000 r-xp 00000000 08:02 5261218                    /usr/lib/jvm/java-8-oracle/jre/lib/amd64/libnet.so
7fb41b50a000-7fb41b70a000 ---p 00016000 08:02 5261218                    /usr/lib/jvm/java-8-oracle/jre/lib/amd64/libnet.so
7fb41b70a000-7fb41b70b000 rw-p 00016000 08:02 5261218                    /usr/lib/jvm/java-8-oracle/jre/lib/amd64/libnet.so
7fb41b70b000-7fb41b71c000 r-xp 00000000 08:02 5261222                    /usr/lib/jvm/java-8-oracle/jre/lib/amd64/libnio.so
7fb41b71c000-7fb41b91b000 ---p 00011000 08:02 5261222                    /usr/lib/jvm/java-8-oracle/jre/lib/amd64/libnio.so
7fb41b91b000-7fb41b91c000 rw-p 00010000 08:02 5261222                    /usr/lib/jvm/java-8-oracle/jre/lib/amd64/libnio.so
7fb41b91c000-7fb41c000000 r--p 00000000 08:02 3939342                    /usr/lib/locale/locale-archive
7fb41c000000-7fb41c021000 rw-p 00000000 00:00 0 
7fb41c021000-7fb420000000 ---p 00000000 00:00 0 
7fb420000000-7fb420021000 rw-p 00000000 00:00 0 
7fb420021000-7fb424000000 ---p 00000000 00:00 0 
7fb424000000-7fb424021000 rw-p 00000000 00:00 0 
7fb424021000-7fb428000000 ---p 00000000 00:00 0 
7fb428000000-7fb428021000 rw-p 00000000 00:00 0 
7fb428021000-7fb42c000000 ---p 00000000 00:00 0 
7fb42c0a3000-7fb42c0bf000 r--s 00393000 08:02 5112362                    /usr/lib/jvm/java-8-oracle/jre/lib/ext/cldrdata.jar
7fb42c0bf000-7fb42c0c0000 ---p 00000000 00:00 0 
7fb42c0c0000-7fb430000000 rw-p 00000000 00:00 0                          [stack:25525]
7fb430000000-7fb430021000 rw-p 00000000 00:00 0 
7fb430021000-7fb434000000 ---p 00000000 00:00 0 
7fb434013000-7fb43401d000 r--s 00116000 08:02 5112360                    /usr/lib/jvm/java-8-oracle/jre/lib/ext/localedata.jar
7fb43401d000-7fb43401e000 rw-p 00000000 00:00 0 
7fb43401e000-7fb434027000 rw-p 00000000 00:00 0 
7fb434027000-7fb43404f000 rw-p 00000000 00:00 0 
7fb43404f000-7fb434050000 r--s 00000000 08:02 5636167                    /var/cache/fontconfig/c05880de57d1f5e948fdfacc138775d9-le64.cache-4
7fb434050000-7fb43405b000 r--s 00000000 08:02 5636166                    /var/cache/fontconfig/945677eb7aeaf62f1d50efc3fb3ec7d8-le64.cache-4
7fb43405b000-7fb434061000 r--s 00000000 08:02 5636164                    /var/cache/fontconfig/2cd17615ca594fa2959ae173292e504c-le64.cache-4
7fb434061000-7fb434068000 r--s 00000000 08:02 5636161                    /var/cache/fontconfig/a755afe4a08bf5b97852ceb7400b47bc-le64.cache-4
7fb434068000-7fb43407c000 r--s 00000000 08:02 5636160                    /var/cache/fontconfig/04aabc0a78ac019cf9454389977116d2-le64.cache-4
7fb43407c000-7fb434080000 r--s 00000000 08:02 5636158                    /var/cache/fontconfig/385c0604a188198f04d133e54aba7fe7-le64.cache-4
7fb434080000-7fb434085000 r--s 00000000 08:02 5636155                    /var/cache/fontconfig/8801497958630a81b71ace7c5f9b32a8-le64.cache-4
7fb434085000-7fb43408c000 r--s 00000000 08:02 5636154                    /var/cache/fontconfig/3047814df9a2f067bd2d96a2b9c36e5a-le64.cache-4
7fb43408c000-7fb43409f000 r--s 00000000 08:02 5636150                    /var/cache/fontconfig/d52a8644073d54c13679302ca1180695-le64.cache-4
7fb43409f000-7fb4340d0000 rw-p 00000000 00:00 0 
7fb4340d0000-7fb4340d3000 ---p 00000000 00:00 0 
7fb4340d3000-7fb4341d1000 rw-p 00000000 00:00 0                          [stack:25524]
7fb4341d1000-7fb4341d4000 ---p 00000000 00:00 0 
7fb4341d4000-7fb4342d2000 rw-p 00000000 00:00 0                          [stack:25523]
7fb4342d2000-7fb4342d5000 ---p 00000000 00:00 0 
7fb4342d5000-7fb4343d3000 rw-p 00000000 00:00 0                          [stack:25522]
7fb4343d3000-7fb4343d6000 ---p 00000000 00:00 0 
7fb4343d6000-7fb4344d4000 rw-p 00000000 00:00 0                          [stack:25521]
7fb4344d4000-7fb4344d7000 ---p 00000000 00:00 0 
7fb4344d7000-7fb4345d5000 rw-p 00000000 00:00 0                          [stack:25520]
7fb4345d5000-7fb4345d8000 ---p 00000000 00:00 0 
7fb4345d8000-7fb4346d6000 rw-p 00000000 00:00 0                          [stack:25519]
7fb4346d6000-7fb4346d9000 ---p 00000000 00:00 0 
7fb4346d9000-7fb4347d7000 rw-p 00000000 00:00 0                          [stack:25518]
7fb4347d7000-7fb4347d8000 ---p 00000000 00:00 0 
7fb4347d8000-7fb435000000 rw-p 00000000 00:00 0                          [stack:25517]
7fb435000000-7fb435270000 rwxp 00000000 00:00 0 
7fb435270000-7fb444000000 ---p 00000000 00:00 0 
7fb444000000-7fb4440f6000 rw-p 00000000 00:00 0 
7fb4440f6000-7fb448000000 ---p 00000000 00:00 0 
7fb448000000-7fb448001000 r--s 00000000 08:02 5636163                    /var/cache/fontconfig/e7071f4a29fa870f4323321c154eba04-le64.cache-4
7fb448001000-7fb448002000 r--s 00000000 08:02 5636162                    /var/cache/fontconfig/0d8c3b2ac0904cb8a57a757ad11a4a08-le64.cache-4
7fb448002000-7fb448003000 r--s 00000000 08:02 5636159                    /var/cache/fontconfig/1ac9eb803944fde146138c791f5cc56a-le64.cache-4
7fb448003000-7fb448004000 r--s 00000000 08:02 5636157                    /var/cache/fontconfig/dc05db6664285cc2f12bf69c139ae4c3-le64.cache-4
7fb448004000-7fb44800a000 r--s 00000000 08:02 5636151                    /var/cache/fontconfig/b47c4e1ecd0709278f4910c18777a504-le64.cache-4
7fb44800a000-7fb448012000 r--s 00000000 08:02 5636149                    /var/cache/fontconfig/3f7329c5293ffd510edef78f73874cfd-le64.cache-4
7fb448012000-7fb4488cc000 rw-p 00000000 00:00 0 
7fb4488cc000-7fb448aa2000 r--s 03ca8000 08:02 5112376                    /usr/lib/jvm/java-8-oracle/jre/lib/rt.jar
7fb448aa2000-7fb448f58000 rw-p 00000000 00:00 0 
7fb448f58000-7fb449318000 ---p 00000000 00:00 0 
7fb449318000-7fb4496fc000 rw-p 00000000 00:00 0 
7fb4496fc000-7fb4496fd000 ---p 00000000 00:00 0 
7fb4496fd000-7fb4497fd000 rw-p 00000000 00:00 0                          [stack:25515]
7fb4497fd000-7fb4497fe000 ---p 00000000 00:00 0 
7fb4497fe000-7fb4498fe000 rw-p 00000000 00:00 0                          [stack:25514]
7fb4498fe000-7fb4498ff000 ---p 00000000 00:00 0 
7fb4498ff000-7fb4499ff000 rw-p 00000000 00:00 0                          [stack:25513]
7fb4499ff000-7fb449a00000 ---p 00000000 00:00 0 
7fb449a00000-7fb449b2a000 rw-p 00000000 00:00 0                          [stack:25512]
7fb449b2a000-7fb449d98000 ---p 00000000 00:00 0 
7fb449d98000-7fb449dc2000 rw-p 00000000 00:00 0 
7fb449dc2000-7fb44a030000 ---p 00000000 00:00 0 
7fb44a030000-7fb44a045000 rw-p 00000000 00:00 0 
7fb44a045000-7fb44a17c000 ---p 00000000 00:00 0 
7fb44a17c000-7fb44a187000 rw-p 00000000 00:00 0 
7fb44a187000-7fb44a53d000 ---p 00000000 00:00 0 
7fb44a53d000-7fb44a557000 r-xp 00000000 08:02 5261245                    /usr/lib/jvm/java-8-oracle/jre/lib/amd64/libzip.so
7fb44a557000-7fb44a757000 ---p 0001a000 08:02 5261245                    /usr/lib/jvm/java-8-oracle/jre/lib/amd64/libzip.so
7fb44a757000-7fb44a758000 rw-p 0001a000 08:02 5261245                    /usr/lib/jvm/java-8-oracle/jre/lib/amd64/libzip.so
7fb44a758000-7fb44a763000 r-xp 00000000 08:02 657978                     /lib/x86_64-linux-gnu/libnss_files-2.19.so
7fb44a763000-7fb44a962000 ---p 0000b000 08:02 657978                     /lib/x86_64-linux-gnu/libnss_files-2.19.so
7fb44a962000-7fb44a963000 r--p 0000a000 08:02 657978                     /lib/x86_64-linux-gnu/libnss_files-2.19.so
7fb44a963000-7fb44a964000 rw-p 0000b000 08:02 657978                     /lib/x86_64-linux-gnu/libnss_files-2.19.so
7fb44a964000-7fb44a96f000 r-xp 00000000 08:02 656672                     /lib/x86_64-linux-gnu/libnss_nis-2.19.so
7fb44a96f000-7fb44ab6e000 ---p 0000b000 08:02 656672                     /lib/x86_64-linux-gnu/libnss_nis-2.19.so
7fb44ab6e000-7fb44ab6f000 r--p 0000a000 08:02 656672                     /lib/x86_64-linux-gnu/libnss_nis-2.19.so
7fb44ab6f000-7fb44ab70000 rw-p 0000b000 08:02 656672                     /lib/x86_64-linux-gnu/libnss_nis-2.19.so
7fb44ab70000-7fb44ab87000 r-xp 00000000 08:02 657980                     /lib/x86_64-linux-gnu/libnsl-2.19.so
7fb44ab87000-7fb44ad86000 ---p 00017000 08:02 657980                     /lib/x86_64-linux-gnu/libnsl-2.19.so
7fb44ad86000-7fb44ad87000 r--p 00016000 08:02 657980                     /lib/x86_64-linux-gnu/libnsl-2.19.so
7fb44ad87000-7fb44ad88000 rw-p 00017000 08:02 657980                     /lib/x86_64-linux-gnu/libnsl-2.19.so
7fb44ad88000-7fb44ad8a000 rw-p 00000000 00:00 0 
7fb44ad8a000-7fb44ad93000 r-xp 00000000 08:02 657973                     /lib/x86_64-linux-gnu/libnss_compat-2.19.so
7fb44ad93000-7fb44af92000 ---p 00009000 08:02 657973                     /lib/x86_64-linux-gnu/libnss_compat-2.19.so
7fb44af92000-7fb44af93000 r--p 00008000 08:02 657973                     /lib/x86_64-linux-gnu/libnss_compat-2.19.so
7fb44af93000-7fb44af94000 rw-p 00009000 08:02 657973                     /lib/x86_64-linux-gnu/libnss_compat-2.19.so
7fb44af94000-7fb44afbe000 r-xp 00000000 08:02 5261233                    /usr/lib/jvm/java-8-oracle/jre/lib/amd64/libjava.so
7fb44afbe000-7fb44b1be000 ---p 0002a000 08:02 5261233                    /usr/lib/jvm/java-8-oracle/jre/lib/amd64/libjava.so
7fb44b1be000-7fb44b1c0000 rw-p 0002a000 08:02 5261233                    /usr/lib/jvm/java-8-oracle/jre/lib/amd64/libjava.so
7fb44b1c0000-7fb44b1cd000 r-xp 00000000 08:02 5261246                    /usr/lib/jvm/java-8-oracle/jre/lib/amd64/libverify.so
7fb44b1cd000-7fb44b3cd000 ---p 0000d000 08:02 5261246                    /usr/lib/jvm/java-8-oracle/jre/lib/amd64/libverify.so
7fb44b3cd000-7fb44b3cf000 rw-p 0000d000 08:02 5261246                    /usr/lib/jvm/java-8-oracle/jre/lib/amd64/libverify.so
7fb44b3cf000-7fb44b3d6000 r-xp 00000000 08:02 657976                     /lib/x86_64-linux-gnu/librt-2.19.so
7fb44b3d6000-7fb44b5d5000 ---p 00007000 08:02 657976                     /lib/x86_64-linux-gnu/librt-2.19.so
7fb44b5d5000-7fb44b5d6000 r--p 00006000 08:02 657976                     /lib/x86_64-linux-gnu/librt-2.19.so
7fb44b5d6000-7fb44b5d7000 rw-p 00007000 08:02 657976                     /lib/x86_64-linux-gnu/librt-2.19.so
7fb44b5d7000-7fb44b6dc000 r-xp 00000000 08:02 657977                     /lib/x86_64-linux-gnu/libm-2.19.so
7fb44b6dc000-7fb44b8db000 ---p 00105000 08:02 657977                     /lib/x86_64-linux-gnu/libm-2.19.so
7fb44b8db000-7fb44b8dc000 r--p 00104000 08:02 657977                     /lib/x86_64-linux-gnu/libm-2.19.so
7fb44b8dc000-7fb44b8dd000 rw-p 00105000 08:02 657977                     /lib/x86_64-linux-gnu/libm-2.19.so
7fb44b8dd000-7fb44c547000 r-xp 00000000 08:02 5387260                    /usr/lib/jvm/java-8-oracle/jre/lib/amd64/server/libjvm.so
7fb44c547000-7fb44c746000 ---p 00c6a000 08:02 5387260                    /usr/lib/jvm/java-8-oracle/jre/lib/amd64/server/libjvm.so
7fb44c746000-7fb44c81d000 rw-p 00c69000 08:02 5387260                    /usr/lib/jvm/java-8-oracle/jre/lib/amd64/server/libjvm.so
7fb44c81d000-7fb44c85f000 rw-p 00000000 00:00 0 
7fb44c85f000-7fb44ca1b000 r-xp 00000000 08:02 657981                     /lib/x86_64-linux-gnu/libc-2.19.so
7fb44ca1b000-7fb44cc1a000 ---p 001bc000 08:02 657981                     /lib/x86_64-linux-gnu/libc-2.19.so
7fb44cc1a000-7fb44cc1e000 r--p 001bb000 08:02 657981                     /lib/x86_64-linux-gnu/libc-2.19.so
7fb44cc1e000-7fb44cc20000 rw-p 001bf000 08:02 657981                     /lib/x86_64-linux-gnu/libc-2.19.so
7fb44cc20000-7fb44cc25000 rw-p 00000000 00:00 0 
7fb44cc25000-7fb44cc28000 r-xp 00000000 08:02 657970                     /lib/x86_64-linux-gnu/libdl-2.19.so
7fb44cc28000-7fb44ce27000 ---p 00003000 08:02 657970                     /lib/x86_64-linux-gnu/libdl-2.19.so
7fb44ce27000-7fb44ce28000 r--p 00002000 08:02 657970                     /lib/x86_64-linux-gnu/libdl-2.19.so
7fb44ce28000-7fb44ce29000 rw-p 00003000 08:02 657970                     /lib/x86_64-linux-gnu/libdl-2.19.so
7fb44ce29000-7fb44ce3e000 r-xp 00000000 08:02 4723865                    /usr/lib/jvm/java-8-oracle/lib/amd64/jli/libjli.so
7fb44ce3e000-7fb44d03d000 ---p 00015000 08:02 4723865                    /usr/lib/jvm/java-8-oracle/lib/amd64/jli/libjli.so
7fb44d03d000-7fb44d03e000 rw-p 00014000 08:02 4723865                    /usr/lib/jvm/java-8-oracle/lib/amd64/jli/libjli.so
7fb44d03e000-7fb44d057000 r-xp 00000000 08:02 657983                     /lib/x86_64-linux-gnu/libpthread-2.19.so
7fb44d057000-7fb44d256000 ---p 00019000 08:02 657983                     /lib/x86_64-linux-gnu/libpthread-2.19.so
7fb44d256000-7fb44d257000 r--p 00018000 08:02 657983                     /lib/x86_64-linux-gnu/libpthread-2.19.so
7fb44d257000-7fb44d258000 rw-p 00019000 08:02 657983                     /lib/x86_64-linux-gnu/libpthread-2.19.so
7fb44d258000-7fb44d25c000 rw-p 00000000 00:00 0 
7fb44d25c000-7fb44d27f000 r-xp 00000000 08:02 657969                     /lib/x86_64-linux-gnu/ld-2.19.so
7fb44d27f000-7fb44d281000 r--s 00000000 08:02 5636125                    /var/cache/fontconfig/767a8244fc0220cfb567a839d0392e0b-le64.cache-4
7fb44d281000-7fb44d282000 r--s 00000000 08:02 5636156                    /var/cache/fontconfig/4794a0821666d79190d59a36cb4f44b5-le64.cache-4
7fb44d282000-7fb44d286000 r--s 00000000 08:02 5636148                    /var/cache/fontconfig/d589a48862398ed80a3d6066f4f56f4c-le64.cache-4
7fb44d286000-7fb44d293000 r--s 00000000 08:02 5636399                    /var/cache/fontconfig/e13b20fdb08344e0e664864cc2ede53d-le64.cache-4
7fb44d293000-7fb44d35e000 rw-p 00000000 00:00 0 
7fb44d35e000-7fb44d361000 ---p 00000000 00:00 0 
7fb44d361000-7fb44d463000 rw-p 00000000 00:00 0                          [stack:25511]
7fb44d463000-7fb44d464000 r--s 00000000 08:02 5636153                    /var/cache/fontconfig/56cf4f4769d0f4abc89a4895d7bd3ae1-le64.cache-4
7fb44d464000-7fb44d465000 r--s 00000000 08:02 5636152                    /var/cache/fontconfig/b9d506c9ac06c20b433354fa67a72993-le64.cache-4
7fb44d465000-7fb44d466000 r--s 00000000 08:02 5636147                    /var/cache/fontconfig/0c9eb80ebd1c36541ebe2852d3bb0c49-le64.cache-4
7fb44d466000-7fb44d46a000 r--s 00000000 08:02 5636274                    /var/cache/fontconfig/7ef2298fde41cc6eeb7af42e48b7d293-le64.cache-4
7fb44d46a000-7fb44d471000 r--s 00000000 08:02 4336385                    /usr/lib/x86_64-linux-gnu/gconv/gconv-modules.cache
7fb44d471000-7fb44d472000 rw-p 00000000 00:00 0 
7fb44d472000-7fb44d47a000 rw-s 00000000 08:02 46                         /tmp/hsperfdata_dalmir/25507
7fb44d47a000-7fb44d47b000 rw-p 00000000 00:00 0 
7fb44d47b000-7fb44d47c000 r--p 00000000 00:00 0 
7fb44d47c000-7fb44d47e000 rw-p 00000000 00:00 0 
7fb44d47e000-7fb44d47f000 r--p 00022000 08:02 657969                     /lib/x86_64-linux-gnu/ld-2.19.so
7fb44d47f000-7fb44d480000 rw-p 00023000 08:02 657969                     /lib/x86_64-linux-gnu/ld-2.19.so
7fb44d480000-7fb44d481000 rw-p 00000000 00:00 0 
7fffcbfd9000-7fffcbffa000 rw-p 00000000 00:00 0                          [stack]
7fffcbffe000-7fffcc000000 r-xp 00000000 00:00 0                          [vdso]
ffffffffff600000-ffffffffff601000 r-xp 00000000 00:00 0                  [vsyscall]

VM Arguments:
jvm_args: -Dfile.encoding=UTF-8 
java_command: jwk.Main
java_class_path (initial): /home/dalmir/hpprojects/jwk/java/JWk/build/classes
Launcher Type: SUN_STANDARD

Environment Variables:
PATH=/home/dalmir/bin:/usr/local/sbin:/usr/local/bin:/usr/sbin:/usr/bin:/sbin:/bin:/usr/games:/usr/local/games
LD_LIBRARY_PATH=/usr/lib/jvm/java-8-oracle/jre/lib/amd64:/usr/lib/jvm/java-8-oracle/jre/lib/i386:
SHELL=/bin/bash
DISPLAY=:0

Signal Handlers:
SIGSEGV: [libjvm.so+0xa77530], sa_mask[0]=11111111011111111101111111111110, sa_flags=SA_RESTART|SA_SIGINFO
SIGBUS: [libjvm.so+0xa77530], sa_mask[0]=11111111011111111101111111111110, sa_flags=SA_RESTART|SA_SIGINFO
SIGFPE: [libjvm.so+0x8e1d90], sa_mask[0]=11111111011111111101111111111110, sa_flags=SA_RESTART|SA_SIGINFO
SIGPIPE: SIG_IGN, sa_mask[0]=00000000000000000000000000000000, sa_flags=none
SIGXFSZ: [libjvm.so+0x8e1d90], sa_mask[0]=11111111011111111101111111111110, sa_flags=SA_RESTART|SA_SIGINFO
SIGILL: [libjvm.so+0x8e1d90], sa_mask[0]=11111111011111111101111111111110, sa_flags=SA_RESTART|SA_SIGINFO
SIGUSR1: SIG_DFL, sa_mask[0]=00000000000000000000000000000000, sa_flags=none
SIGUSR2: [libjvm.so+0x8e35c0], sa_mask[0]=00100000000000000000000000000000, sa_flags=SA_RESTART|SA_SIGINFO
SIGHUP: [libjvm.so+0x8e4980], sa_mask[0]=11111111011111111101111111111110, sa_flags=SA_RESTART|SA_SIGINFO
SIGINT: SIG_IGN, sa_mask[0]=00000000000000000000000000000000, sa_flags=none
SIGTERM: [libjvm.so+0x8e4980], sa_mask[0]=11111111011111111101111111111110, sa_flags=SA_RESTART|SA_SIGINFO
SIGQUIT: [libjvm.so+0x8e4980], sa_mask[0]=11111111011111111101111111111110, sa_flags=SA_RESTART|SA_SIGINFO


---------------  S Y S T E M  ---------------

OS:DISTRIB_ID=Ubuntu
DISTRIB_RELEASE=14.04
DISTRIB_CODENAME=trusty
DISTRIB_DESCRIPTION="Ubuntu 14.04.1 LTS"

uname:Linux 3.13.0-34-generic #60-Ubuntu SMP Wed Aug 13 15:45:27 UTC 2014 x86_64
libc:glibc 2.19 NPTL 2.19 
rlimit: STACK 8192k, CORE 0k, NPROC 63495, NOFILE 4096, AS infinity
load average:0,83 1,20 1,47

/proc/meminfo:
MemTotal:        8156820 kB
MemFree:          140340 kB
Buffers:           16852 kB
Cached:           374508 kB
SwapCached:            0 kB
Active:          5212992 kB
Inactive:         236580 kB
Active(anon):    5059644 kB
Inactive(anon):    83796 kB
Active(file):     153348 kB
Inactive(file):   152784 kB
Unevictable:         112 kB
Mlocked:             112 kB
SwapTotal:             0 kB
SwapFree:              0 kB
Dirty:               524 kB
Writeback:             0 kB
AnonPages:       5058048 kB
Mapped:          2371968 kB
Shmem:             85088 kB
Slab:             125224 kB
SReclaimable:      39600 kB
SUnreclaim:        85624 kB
KernelStack:        9360 kB
PageTables:       115776 kB
NFS_Unstable:          0 kB
Bounce:                0 kB
WritebackTmp:          0 kB
CommitLimit:     4078408 kB
Committed_AS:   16208448 kB
VmallocTotal:   34359738367 kB
VmallocUsed:      126216 kB
VmallocChunk:   34359570940 kB
HardwareCorrupted:     0 kB
AnonHugePages:   1812480 kB
HugePages_Total:       0
HugePages_Free:        0
HugePages_Rsvd:        0
HugePages_Surp:        0
Hugepagesize:       2048 kB
DirectMap4k:     2059924 kB
DirectMap2M:     6311936 kB


CPU:total 4 (4 cores per cpu, 1 threads per core) family 6 model 26 stepping 5, cmov, cx8, fxsr, mmx, sse, sse2, sse3, ssse3, sse4.1, sse4.2, popcnt, tsc, tscinvbit, tscinv

/proc/cpuinfo:
processor	: 0
vendor_id	: GenuineIntel
cpu family	: 6
model		: 26
model name	: Intel(R) Xeon(R) CPU           E5506  @ 2.13GHz
stepping	: 5
microcode	: 0x19
cpu MHz		: 2128.000
cache size	: 4096 KB
physical id	: 0
siblings	: 4
core id		: 0
cpu cores	: 4
apicid		: 0
initial apicid	: 0
fpu		: yes
fpu_exception	: yes
cpuid level	: 11
wp		: yes
flags		: fpu vme de pse tsc msr pae mce cx8 apic sep mtrr pge mca cmov pat pse36 clflush dts acpi mmx fxsr sse sse2 ss ht tm pbe syscall nx rdtscp lm constant_tsc arch_perfmon pebs bts rep_good nopl xtopology nonstop_tsc aperfmperf pni dtes64 monitor ds_cpl vmx est tm2 ssse3 cx16 xtpr pdcm dca sse4_1 sse4_2 popcnt lahf_lm dtherm tpr_shadow vnmi flexpriority ept vpid
bogomips	: 4255.72
clflush size	: 64
cache_alignment	: 64
address sizes	: 40 bits physical, 48 bits virtual
power management:

processor	: 1
vendor_id	: GenuineIntel
cpu family	: 6
model		: 26
model name	: Intel(R) Xeon(R) CPU           E5506  @ 2.13GHz
stepping	: 5
microcode	: 0x19
cpu MHz		: 1596.000
cache size	: 4096 KB
physical id	: 0
siblings	: 4
core id		: 1
cpu cores	: 4
apicid		: 2
initial apicid	: 2
fpu		: yes
fpu_exception	: yes
cpuid level	: 11
wp		: yes
flags		: fpu vme de pse tsc msr pae mce cx8 apic sep mtrr pge mca cmov pat pse36 clflush dts acpi mmx fxsr sse sse2 ss ht tm pbe syscall nx rdtscp lm constant_tsc arch_perfmon pebs bts rep_good nopl xtopology nonstop_tsc aperfmperf pni dtes64 monitor ds_cpl vmx est tm2 ssse3 cx16 xtpr pdcm dca sse4_1 sse4_2 popcnt lahf_lm dtherm tpr_shadow vnmi flexpriority ept vpid
bogomips	: 4255.72
clflush size	: 64
cache_alignment	: 64
address sizes	: 40 bits physical, 48 bits virtual
power management:

processor	: 2
vendor_id	: GenuineIntel
cpu family	: 6
model		: 26
model name	: Intel(R) Xeon(R) CPU           E5506  @ 2.13GHz
stepping	: 5
microcode	: 0x19
cpu MHz		: 2128.000
cache size	: 4096 KB
physical id	: 0
siblings	: 4
core id		: 2
cpu cores	: 4
apicid		: 4
initial apicid	: 4
fpu		: yes
fpu_exception	: yes
cpuid level	: 11
wp		: yes
flags		: fpu vme de pse tsc msr pae mce cx8 apic sep mtrr pge mca cmov pat pse36 clflush dts acpi mmx fxsr sse sse2 ss ht tm pbe syscall nx rdtscp lm constant_tsc arch_perfmon pebs bts rep_good nopl xtopology nonstop_tsc aperfmperf pni dtes64 monitor ds_cpl vmx est tm2 ssse3 cx16 xtpr pdcm dca sse4_1 sse4_2 popcnt lahf_lm dtherm tpr_shadow vnmi flexpriority ept vpid
bogomips	: 4255.72
clflush size	: 64
cache_alignment	: 64
address sizes	: 40 bits physical, 48 bits virtual
power management:

processor	: 3
vendor_id	: GenuineIntel
cpu family	: 6
model		: 26
model name	: Intel(R) Xeon(R) CPU           E5506  @ 2.13GHz
stepping	: 5
microcode	: 0x19
cpu MHz		: 2128.000
cache size	: 4096 KB
physical id	: 0
siblings	: 4
core id		: 3
cpu cores	: 4
apicid		: 6
initial apicid	: 6
fpu		: yes
fpu_exception	: yes
cpuid level	: 11
wp		: yes
flags		: fpu vme de pse tsc msr pae mce cx8 apic sep mtrr pge mca cmov pat pse36 clflush dts acpi mmx fxsr sse sse2 ss ht tm pbe syscall nx rdtscp lm constant_tsc arch_perfmon pebs bts rep_good nopl xtopology nonstop_tsc aperfmperf pni dtes64 monitor ds_cpl vmx est tm2 ssse3 cx16 xtpr pdcm dca sse4_1 sse4_2 popcnt lahf_lm dtherm tpr_shadow vnmi flexpriority ept vpid
bogomips	: 4255.72
clflush size	: 64
cache_alignment	: 64
address sizes	: 40 bits physical, 48 bits virtual
power management:



Memory: 4k page, physical 8156820k(140340k free), swap 0k(0k free)

vm_info: Java HotSpot(TM) 64-Bit Server VM (25.20-b23) for linux-amd64 JRE (1.8.0_20-b26), built on Jul 30 2014 13:13:52 by "java_re" with gcc 4.3.0 20080428 (Red Hat 4.3.0-8)

time: Tue Aug 26 11:56:07 2014
elapsed time: 0 seconds (0d 0h 0m 0s)

