#
# A fatal error has been detected by the Java Runtime Environment:
#
#  SIGSEGV (0xb) at pc=0x00007f007d311bb0, pid=25224, tid=139640121050880
#
# JRE version: Java(TM) SE Runtime Environment (8.0_20-b26) (build 1.8.0_20-b26)
# Java VM: Java HotSpot(TM) 64-Bit Server VM (25.20-b23 mixed mode linux-amd64 compressed oops)
# Problematic frame:
# C  [libwkhtmltox.so.0+0x919bb0]
#
# Failed to write core dump. Core dumps have been disabled. To enable core dumping, try "ulimit -c unlimited" before starting Java again
#
# If you would like to submit a bug report, please visit:
#   http://bugreport.sun.com/bugreport/crash.jsp
# The crash happened outside the Java Virtual Machine in native code.
# See problematic frame for where to report the bug.
#

---------------  T H R E A D  ---------------

Current thread (0x00007f00c00d5800):  JavaThread "Thread-1" [_thread_in_native, id=25243, stack(0x00007f007fbfc000,0x00007f007fcfd000)]

siginfo: si_signo: 11 (SIGSEGV), si_code: 1 (SEGV_MAPERR), si_addr: 0x0000000000000000

Registers:
RAX=0x0000000000000400, RBX=0x00007f007402c280, RCX=0x00007f007c049800, RDX=0x00007f007c049800
RSP=0x00007f007fcfa2c0, RBP=0x00007f007402c280, RSI=0x0000000000000000, RDI=0x00007f007c049400
R8 =0x00007f007c0372f0, R9 =0x00007f0068000078, R10=0x0000000000000001, R11=0x000000008cef0000
R12=0x00007f007fcfa3e0, R13=0x0000000000000001, R14=0x0000000000000000, R15=0x0000000000000040
RIP=0x00007f007d311bb0, EFLAGS=0x0000000000010206, CSGSFS=0x0000000000000033, ERR=0x0000000000000004
  TRAPNO=0x000000000000000e

Top of Stack: (sp=0x00007f007fcfa2c0)
0x00007f007fcfa2c0:   00000000000000a8 0000000000000400
0x00007f007fcfa2d0:   0000000000000001 00007f007402c280
0x00007f007fcfa2e0:   0000000000000000 00000040c8d49600
0x00007f007fcfa2f0:   00007f007fcfa510 00007f007402c280
0x00007f007fcfa300:   00007f007402c280 00007f007fcfa3e0
0x00007f007fcfa310:   0000000000000001 00007f0068016e10
0x00007f007fcfa320:   0000000000000000 00007f007d3124fe
0x00007f007fcfa330:   00007f007c050170 00007f0000000000
0x00007f007fcfa340:   00007f007402c280 0000000000000000
0x00007f007fcfa350:   00007f007c037300 0000000000000008
0x00007f007fcfa360:   00007f007fcfa510 00007f007d00216d
0x00007f007fcfa370:   00007f009c078478 00007f007c09d680
0x00007f007fcfa380:   00007f007402c280 00007f007fcfa3e0
0x00007f007fcfa390:   00007f007fcfa510 0000000000000000
0x00007f007fcfa3a0:   00007f007fcfa510 00007f007d312dd5
0x00007f007fcfa3b0:   00007f007fcfa510 00007f007c0b8910
0x00007f007fcfa3c0:   00007f007c09d680 00007f007d2f97d6
0x00007f007fcfa3d0:   00007f007c0c5ac8 000000007cfaa140
0x00007f007fcfa3e0:   00007f007c0b8910 000000007cf9d6f0
0x00007f007fcfa3f0:   0000000000000000 0000000000000000
0x00007f007fcfa400:   0000000000000000 0000000000000000
0x00007f007fcfa410:   00007f0000000000 0000000000000000
0x00007f007fcfa420:   0000000000000000 0000000000000000
0x00007f007fcfa430:   0000000000000000 00007f0000000000
0x00007f007fcfa440:   0000000000000000 0000000000000000
0x00007f007fcfa450:   0000000000000000 0000000000000000
0x00007f007fcfa460:   0000000000000000 000000007cfaaade
0x00007f007fcfa470:   0000000000000000 0000000000000000
0x00007f007fcfa480:   0000000000000000 00007f007cff0c01
0x00007f007fcfa490:   0000000000000000 0000000000000000
0x00007f007fcfa4a0:   0000000000000000 0000000000000000
0x00007f007fcfa4b0:   0000000000000000 00007f007c09da08 

Instructions: (pc=0x00007f007d311bb0)
0x00007f007d311b90:   45 85 ff 48 89 03 0f 84 c3 02 00 00 41 8d 47 ff
0x00007f007d311ba0:   48 c1 e0 04 49 8d 44 06 10 48 89 44 24 08 66 90
0x00007f007d311bb0:   49 8b 3e 31 f6 e8 66 df ce ff 84 c0 0f 85 e7 01
0x00007f007d311bc0:   00 00 49 8b 3e 48 83 ff ff 0f 84 da 01 00 00 48 

Register to memory mapping:

RAX=0x0000000000000400 is an unknown value
RBX=0x00007f007402c280 is an unknown value
RCX=0x00007f007c049800 is an unknown value
RDX=0x00007f007c049800 is an unknown value
RSP=0x00007f007fcfa2c0 is pointing into the stack for thread: 0x00007f00c00d5800
RBP=0x00007f007402c280 is an unknown value
RSI=0x0000000000000000 is an unknown value
RDI=0x00007f007c049400 is an unknown value
R8 =0x00007f007c0372f0 is an unknown value
R9 =0x00007f0068000078 is an unknown value
R10=0x0000000000000001 is an unknown value
R11=0x000000008cef0000 is an unallocated location in the heap
R12=0x00007f007fcfa3e0 is pointing into the stack for thread: 0x00007f00c00d5800
R13=0x0000000000000001 is an unknown value
R14=0x0000000000000000 is an unknown value
R15=0x0000000000000040 is an unknown value


Stack: [0x00007f007fbfc000,0x00007f007fcfd000],  sp=0x00007f007fcfa2c0,  free space=1016k
Native frames: (J=compiled Java code, j=interpreted, Vv=VM code, C=native code)
C  [libwkhtmltox.so.0+0x919bb0]

Java frames: (J=compiled Java code, j=interpreted, Vv=VM code)
j  jwk.JWk.convertImp(Ljava/lang/String;Ljava/lang/String;Ljava/util/Map;[Ljava/lang/Object;)Z+0
j  jwk.JWk.convert(Ljava/lang/String;Ljava/lang/String;Ljava/util/Map;)V+48
j  jwk.Main$1.run()V+40
v  ~StubRoutines::call_stub

---------------  P R O C E S S  ---------------

Java Threads: ( => current thread )
  0x00007f00c0009800 JavaThread "DestroyJavaVM" [_thread_blocked, id=25228, stack(0x00007f00c97c5000,0x00007f00c98c6000)]
=>0x00007f00c00d5800 JavaThread "Thread-1" [_thread_in_native, id=25243, stack(0x00007f007fbfc000,0x00007f007fcfd000)]
  0x00007f00c00d4000 JavaThread "Thread-0" [_thread_in_native, id=25242, stack(0x00007f007fcfd000,0x00007f007fdfe000)]
  0x00007f00c00c0800 JavaThread "Service Thread" daemon [_thread_blocked, id=25240, stack(0x00007f007feff000,0x00007f0080000000)]
  0x00007f00c00b3000 JavaThread "C1 CompilerThread2" daemon [_thread_blocked, id=25239, stack(0x00007f009c0bf000,0x00007f009c1c0000)]
  0x00007f00c00b1000 JavaThread "C2 CompilerThread1" daemon [_thread_blocked, id=25238, stack(0x00007f00b0013000,0x00007f00b0114000)]
  0x00007f00c00ae000 JavaThread "C2 CompilerThread0" daemon [_thread_blocked, id=25237, stack(0x00007f00b0114000,0x00007f00b0215000)]
  0x00007f00c00ac000 JavaThread "Signal Dispatcher" daemon [_thread_blocked, id=25236, stack(0x00007f00b0215000,0x00007f00b0316000)]
  0x00007f00c007c000 JavaThread "Finalizer" daemon [_thread_blocked, id=25235, stack(0x00007f00b09fa000,0x00007f00b0afb000)]
  0x00007f00c007a000 JavaThread "Reference Handler" daemon [_thread_blocked, id=25234, stack(0x00007f00b0afb000,0x00007f00b0bfc000)]

Other Threads:
  0x00007f00c0073000 VMThread [stack: 0x00007f00b0bfc000,0x00007f00b0cfd000] [id=25233]
  0x00007f00c00c3000 WatcherThread [stack: 0x00007f007fdfe000,0x00007f007feff000] [id=25241]

VM state:not at safepoint (normal execution)

VM Mutex/Monitor currently owned by a thread: None

Heap:
 PSYoungGen      total 37888K, used 3932K [0x00000000d6800000, 0x00000000d9200000, 0x0000000100000000)
  eden space 32768K, 12% used [0x00000000d6800000,0x00000000d6bd7318,0x00000000d8800000)
  from space 5120K, 0% used [0x00000000d8d00000,0x00000000d8d00000,0x00000000d9200000)
  to   space 5120K, 0% used [0x00000000d8800000,0x00000000d8800000,0x00000000d8d00000)
 ParOldGen       total 86016K, used 0K [0x0000000083800000, 0x0000000088c00000, 0x00000000d6800000)
  object space 86016K, 0% used [0x0000000083800000,0x0000000083800000,0x0000000088c00000)
 Metaspace       used 2627K, capacity 4492K, committed 4864K, reserved 1056768K
  class space    used 280K, capacity 388K, committed 512K, reserved 1048576K

Card table byte_map: [0x00007f00c61ff000,0x00007f00c65e4000] byte_map_base: 0x00007f00c5de3000

Marking Bits: (ParMarkBitMap*) 0x00007f00c8c9bac0
 Begin Bits: [0x00007f009c1c0000, 0x00007f009e0e0000)
 End Bits:   [0x00007f009e0e0000, 0x00007f00a0000000)

Polling page: 0x00007f00c98e2000

CodeCache: size=245760Kb used=1085Kb max_used=1085Kb free=244674Kb
 bounds [0x00007f00b1000000, 0x00007f00b1270000, 0x00007f00c0000000]
 total_blobs=253 nmethods=16 adapters=154
 compilation: enabled

Compilation events (10 events):
Event: 0,341 Thread 0x00007f00c00b3000   12       1       java.lang.ref.Reference::get (5 bytes)
Event: 0,341 Thread 0x00007f00c00b3000 nmethod 12 0x00007f00b110c150 code [0x00007f00b110c2a0, 0x00007f00b110c3b0]
Event: 0,341 Thread 0x00007f00c00b3000   13       1       java.lang.ThreadLocal::access$400 (5 bytes)
Event: 0,341 Thread 0x00007f00c00b3000 nmethod 13 0x00007f00b110c410 code [0x00007f00b110c560, 0x00007f00b110c650]
Event: 0,344 Thread 0x00007f00c00b3000   14       3       java.lang.String::startsWith (72 bytes)
Event: 0,345 Thread 0x00007f00c00b3000 nmethod 14 0x00007f00b110c6d0 code [0x00007f00b110c840, 0x00007f00b110cb70]
Event: 0,345 Thread 0x00007f00c00b3000   15       3       java.lang.String::getChars (62 bytes)
Event: 0,346 Thread 0x00007f00c00b3000 nmethod 15 0x00007f00b110cd50 code [0x00007f00b110cf00, 0x00007f00b110d338]
Event: 0,667 Thread 0x00007f00c00b3000   16       3       java.lang.System::getSecurityManager (4 bytes)
Event: 0,667 Thread 0x00007f00c00b3000 nmethod 16 0x00007f00b110f3d0 code [0x00007f00b110f520, 0x00007f00b110f650]

GC Heap History (0 events):
No events

Deoptimization events (0 events):
No events

Internal exceptions (6 events):
Event: 0,233 Thread 0x00007f00c0009800 Exception <a 'java/lang/NoSuchMethodError': Method sun.misc.Unsafe.defineClass(Ljava/lang/String;[BII)Ljava/lang/Class; name or signature does not match> (0x00000000d6811c68) thrown at [/HUDSON/workspace/8-2-build-linux-amd64/jdk8u20/1074/hotspot/src/shar
Event: 0,233 Thread 0x00007f00c0009800 Exception <a 'java/lang/NoSuchMethodError': Method sun.misc.Unsafe.prefetchRead(Ljava/lang/Object;J)V name or signature does not match> (0x00000000d6811ef8) thrown at [/HUDSON/workspace/8-2-build-linux-amd64/jdk8u20/1074/hotspot/src/share/vm/prims/jni.cpp
Event: 0,313 Thread 0x00007f00c0009800 Exception <a 'java/security/PrivilegedActionException'> (0x00000000d68542b8) thrown at [/HUDSON/workspace/8-2-build-linux-amd64/jdk8u20/1074/hotspot/src/share/vm/prims/jvm.cpp, line 1275]
Event: 0,340 Thread 0x00007f00c0009800 Exception <a 'java/security/PrivilegedActionException'> (0x00000000d685a4f8) thrown at [/HUDSON/workspace/8-2-build-linux-amd64/jdk8u20/1074/hotspot/src/share/vm/prims/jvm.cpp, line 1275]
Event: 0,341 Thread 0x00007f00c0009800 Exception <a 'java/security/PrivilegedActionException'> (0x00000000d685c278) thrown at [/HUDSON/workspace/8-2-build-linux-amd64/jdk8u20/1074/hotspot/src/share/vm/prims/jvm.cpp, line 1275]
Event: 0,344 Thread 0x00007f00c00d4000 Exception <a 'java/security/PrivilegedActionException'> (0x00000000d69ebcb0) thrown at [/HUDSON/workspace/8-2-build-linux-amd64/jdk8u20/1074/hotspot/src/share/vm/prims/jvm.cpp, line 1275]

Events (10 events):
Event: 0,389 loading class java/net/URI
Event: 0,390 loading class java/net/URI done
Event: 0,390 loading class java/net/URI$Parser
Event: 0,390 loading class java/net/URI$Parser done
Event: 0,666 loading class java/util/HashMap$EntrySet
Event: 0,667 loading class java/util/HashMap$EntrySet done
Event: 0,667 loading class java/util/HashMap$EntryIterator
Event: 0,667 loading class java/util/HashMap$HashIterator
Event: 0,672 loading class java/util/HashMap$HashIterator done
Event: 0,672 loading class java/util/HashMap$EntryIterator done


Dynamic libraries:
00400000-00401000 r-xp 00000000 08:02 5112280                            /usr/lib/jvm/java-8-oracle/bin/java
00600000-00601000 rw-p 00000000 08:02 5112280                            /usr/lib/jvm/java-8-oracle/bin/java
00bd1000-00bf2000 rw-p 00000000 00:00 0                                  [heap]
83800000-88c00000 rw-p 00000000 00:00 0 
88c00000-d6800000 ---p 00000000 00:00 0 
d6800000-d9200000 rw-p 00000000 00:00 0 
d9200000-100000000 ---p 00000000 00:00 0 
100000000-100080000 rw-p 00000000 00:00 0 
100080000-140000000 ---p 00000000 00:00 0 
7f0064000000-7f0064021000 rw-p 00000000 00:00 0 
7f0064021000-7f0068000000 ---p 00000000 00:00 0 
7f0068000000-7f006805b000 rw-p 00000000 00:00 0 
7f006805b000-7f006c000000 ---p 00000000 00:00 0 
7f006d264000-7f006d2b8000 r-xp 00000000 08:02 657985                     /lib/x86_64-linux-gnu/libssl.so.1.0.0
7f006d2b8000-7f006d4b8000 ---p 00054000 08:02 657985                     /lib/x86_64-linux-gnu/libssl.so.1.0.0
7f006d4b8000-7f006d4bb000 r--p 00054000 08:02 657985                     /lib/x86_64-linux-gnu/libssl.so.1.0.0
7f006d4bb000-7f006d4c1000 rw-p 00057000 08:02 657985                     /lib/x86_64-linux-gnu/libssl.so.1.0.0
7f006d4c1000-7f006d4c2000 rw-p 00000000 00:00 0 
7f006d4c2000-7f006d673000 r-xp 00000000 08:02 657987                     /lib/x86_64-linux-gnu/libcrypto.so.1.0.0
7f006d673000-7f006d872000 ---p 001b1000 08:02 657987                     /lib/x86_64-linux-gnu/libcrypto.so.1.0.0
7f006d872000-7f006d88d000 r--p 001b0000 08:02 657987                     /lib/x86_64-linux-gnu/libcrypto.so.1.0.0
7f006d88d000-7f006d898000 rw-p 001cb000 08:02 657987                     /lib/x86_64-linux-gnu/libcrypto.so.1.0.0
7f006d898000-7f006d89c000 rw-p 00000000 00:00 0 
7f006d89c000-7f006d89d000 ---p 00000000 00:00 0 
7f006d89d000-7f006e09d000 rw-p 00000000 00:00 0                          [stack:25245]
7f006e09d000-7f006e09e000 ---p 00000000 00:00 0 
7f006e09e000-7f006e89e000 rw-p 00000000 00:00 0                          [stack:25244]
7f006e89e000-7f006e8a1000 r-xp 00000000 08:02 4336373                    /usr/lib/x86_64-linux-gnu/gconv/UTF-16.so
7f006e8a1000-7f006eaa0000 ---p 00003000 08:02 4336373                    /usr/lib/x86_64-linux-gnu/gconv/UTF-16.so
7f006eaa0000-7f006eaa1000 r--p 00002000 08:02 4336373                    /usr/lib/x86_64-linux-gnu/gconv/UTF-16.so
7f006eaa1000-7f006eaa2000 rw-p 00003000 08:02 4336373                    /usr/lib/x86_64-linux-gnu/gconv/UTF-16.so
7f006eaa2000-7f006eaa7000 r-xp 00000000 08:02 3940435                    /usr/lib/x86_64-linux-gnu/libXdmcp.so.6.0.0
7f006eaa7000-7f006eca6000 ---p 00005000 08:02 3940435                    /usr/lib/x86_64-linux-gnu/libXdmcp.so.6.0.0
7f006eca6000-7f006eca7000 r--p 00004000 08:02 3940435                    /usr/lib/x86_64-linux-gnu/libXdmcp.so.6.0.0
7f006eca7000-7f006eca8000 rw-p 00005000 08:02 3940435                    /usr/lib/x86_64-linux-gnu/libXdmcp.so.6.0.0
7f006eca8000-7f006ecaa000 r-xp 00000000 08:02 3940424                    /usr/lib/x86_64-linux-gnu/libXau.so.6.0.0
7f006ecaa000-7f006eeaa000 ---p 00002000 08:02 3940424                    /usr/lib/x86_64-linux-gnu/libXau.so.6.0.0
7f006eeaa000-7f006eeab000 r--p 00002000 08:02 3940424                    /usr/lib/x86_64-linux-gnu/libXau.so.6.0.0
7f006eeab000-7f006eeac000 rw-p 00003000 08:02 3940424                    /usr/lib/x86_64-linux-gnu/libXau.so.6.0.0
7f006eeac000-7f006eec9000 r-xp 00000000 08:02 3941492                    /usr/lib/x86_64-linux-gnu/libxcb.so.1.1.0
7f006eec9000-7f006f0c9000 ---p 0001d000 08:02 3941492                    /usr/lib/x86_64-linux-gnu/libxcb.so.1.1.0
7f006f0c9000-7f006f0ca000 r--p 0001d000 08:02 3941492                    /usr/lib/x86_64-linux-gnu/libxcb.so.1.1.0
7f006f0ca000-7f006f0cb000 rw-p 0001e000 08:02 3941492                    /usr/lib/x86_64-linux-gnu/libxcb.so.1.1.0
7f006f0cb000-7f006f0f2000 r-xp 00000000 08:02 659395                     /lib/x86_64-linux-gnu/libexpat.so.1.6.0
7f006f0f2000-7f006f2f2000 ---p 00027000 08:02 659395                     /lib/x86_64-linux-gnu/libexpat.so.1.6.0
7f006f2f2000-7f006f2f4000 r--p 00027000 08:02 659395                     /lib/x86_64-linux-gnu/libexpat.so.1.6.0
7f006f2f4000-7f006f2f5000 rw-p 00029000 08:02 659395                     /lib/x86_64-linux-gnu/libexpat.so.1.6.0
7f006f2f5000-7f006f30b000 r-xp 00000000 08:02 659400                     /lib/x86_64-linux-gnu/libgcc_s.so.1
7f006f30b000-7f006f50a000 ---p 00016000 08:02 659400                     /lib/x86_64-linux-gnu/libgcc_s.so.1
7f006f50a000-7f006f50b000 rw-p 00015000 08:02 659400                     /lib/x86_64-linux-gnu/libgcc_s.so.1
7f006f50b000-7f006f5f1000 r-xp 00000000 08:02 3941330                    /usr/lib/x86_64-linux-gnu/libstdc++.so.6.0.19
7f006f5f1000-7f006f7f0000 ---p 000e6000 08:02 3941330                    /usr/lib/x86_64-linux-gnu/libstdc++.so.6.0.19
7f006f7f0000-7f006f7f8000 r--p 000e5000 08:02 3941330                    /usr/lib/x86_64-linux-gnu/libstdc++.so.6.0.19
7f006f7f8000-7f006f7fa000 rw-p 000ed000 08:02 3941330                    /usr/lib/x86_64-linux-gnu/libstdc++.so.6.0.19
7f006f7fa000-7f006f80f000 rw-p 00000000 00:00 0 
7f006f80f000-7f006f827000 r-xp 00000000 08:02 659536                     /lib/x86_64-linux-gnu/libz.so.1.2.8
7f006f827000-7f006fa26000 ---p 00018000 08:02 659536                     /lib/x86_64-linux-gnu/libz.so.1.2.8
7f006fa26000-7f006fa27000 r--p 00017000 08:02 659536                     /lib/x86_64-linux-gnu/libz.so.1.2.8
7f006fa27000-7f006fa28000 rw-p 00018000 08:02 659536                     /lib/x86_64-linux-gnu/libz.so.1.2.8
7f006fa28000-7f006fb58000 r-xp 00000000 08:02 3940420                    /usr/lib/x86_64-linux-gnu/libX11.so.6.3.0
7f006fb58000-7f006fd58000 ---p 00130000 08:02 3940420                    /usr/lib/x86_64-linux-gnu/libX11.so.6.3.0
7f006fd58000-7f006fd59000 r--p 00130000 08:02 3940420                    /usr/lib/x86_64-linux-gnu/libX11.so.6.3.0
7f006fd59000-7f006fd5d000 rw-p 00131000 08:02 3940420                    /usr/lib/x86_64-linux-gnu/libX11.so.6.3.0
7f006fd5d000-7f006fdfa000 r-xp 00000000 08:02 3932540                    /usr/lib/x86_64-linux-gnu/libfreetype.so.6.11.1
7f006fdfa000-7f006fff9000 ---p 0009d000 08:02 3932540                    /usr/lib/x86_64-linux-gnu/libfreetype.so.6.11.1
7f006fff9000-7f006ffff000 r--p 0009c000 08:02 3932540                    /usr/lib/x86_64-linux-gnu/libfreetype.so.6.11.1
7f006ffff000-7f0070000000 rw-p 000a2000 08:02 3932540                    /usr/lib/x86_64-linux-gnu/libfreetype.so.6.11.1
7f0070000000-7f0070021000 rw-p 00000000 00:00 0 
7f0070021000-7f0074000000 ---p 00000000 00:00 0 
7f0074000000-7f0074095000 rw-p 00000000 00:00 0 
7f0074095000-7f0078000000 ---p 00000000 00:00 0 
7f0078000000-7f0078021000 rw-p 00000000 00:00 0 
7f0078021000-7f007c000000 ---p 00000000 00:00 0 
7f007c037000-7f007c137000 rw-p 00000000 00:00 0 
7f007c137000-7f007c171000 r-xp 00000000 08:02 3932441                    /usr/lib/x86_64-linux-gnu/libfontconfig.so.1.8.0
7f007c171000-7f007c370000 ---p 0003a000 08:02 3932441                    /usr/lib/x86_64-linux-gnu/libfontconfig.so.1.8.0
7f007c370000-7f007c372000 r--p 00039000 08:02 3932441                    /usr/lib/x86_64-linux-gnu/libfontconfig.so.1.8.0
7f007c372000-7f007c373000 rw-p 0003b000 08:02 3932441                    /usr/lib/x86_64-linux-gnu/libfontconfig.so.1.8.0
7f007c373000-7f007c37c000 r-xp 00000000 08:02 3940459                    /usr/lib/x86_64-linux-gnu/libXrender.so.1.3.0
7f007c37c000-7f007c57b000 ---p 00009000 08:02 3940459                    /usr/lib/x86_64-linux-gnu/libXrender.so.1.3.0
7f007c57b000-7f007c57c000 r--p 00008000 08:02 3940459                    /usr/lib/x86_64-linux-gnu/libXrender.so.1.3.0
7f007c57c000-7f007c57d000 rw-p 00009000 08:02 3940459                    /usr/lib/x86_64-linux-gnu/libXrender.so.1.3.0
7f007c57d000-7f007c5a2000 r-xp 00000000 08:02 659488                     /lib/x86_64-linux-gnu/libpng12.so.0.50.0
7f007c5a2000-7f007c7a1000 ---p 00025000 08:02 659488                     /lib/x86_64-linux-gnu/libpng12.so.0.50.0
7f007c7a1000-7f007c7a2000 r--p 00024000 08:02 659488                     /lib/x86_64-linux-gnu/libpng12.so.0.50.0
7f007c7a2000-7f007c7a3000 rw-p 00025000 08:02 659488                     /lib/x86_64-linux-gnu/libpng12.so.0.50.0
7f007c7a3000-7f007c7e6000 r-xp 00000000 08:02 3941024                    /usr/lib/x86_64-linux-gnu/libjpeg.so.8.0.2
7f007c7e6000-7f007c9e6000 ---p 00043000 08:02 3941024                    /usr/lib/x86_64-linux-gnu/libjpeg.so.8.0.2
7f007c9e6000-7f007c9e7000 r--p 00043000 08:02 3941024                    /usr/lib/x86_64-linux-gnu/libjpeg.so.8.0.2
7f007c9e7000-7f007c9e8000 rw-p 00044000 08:02 3941024                    /usr/lib/x86_64-linux-gnu/libjpeg.so.8.0.2
7f007c9e8000-7f007c9f8000 rw-p 00000000 00:00 0 
7f007c9f8000-7f007f17c000 r-xp 00000000 08:02 4205335                    /usr/local/lib/libwkhtmltox.so.0.12.1
7f007f17c000-7f007f37c000 ---p 02784000 08:02 4205335                    /usr/local/lib/libwkhtmltox.so.0.12.1
7f007f37c000-7f007f585000 r--p 02784000 08:02 4205335                    /usr/local/lib/libwkhtmltox.so.0.12.1
7f007f585000-7f007f59e000 rw-p 0298d000 08:02 4205335                    /usr/local/lib/libwkhtmltox.so.0.12.1
7f007f59e000-7f007f5d1000 rw-p 00000000 00:00 0 
7f007f5d1000-7f007f5d3000 r-xp 00000000 00:18 9966269                    /home/dalmir/hpprojects/jwk/c/JWkLib/dist/libJWkLib.so
7f007f5d3000-7f007f7d2000 ---p 00002000 00:18 9966269                    /home/dalmir/hpprojects/jwk/c/JWkLib/dist/libJWkLib.so
7f007f7d2000-7f007f7d3000 r--p 00001000 00:18 9966269                    /home/dalmir/hpprojects/jwk/c/JWkLib/dist/libJWkLib.so
7f007f7d3000-7f007f7d4000 rw-p 00002000 00:18 9966269                    /home/dalmir/hpprojects/jwk/c/JWkLib/dist/libJWkLib.so
7f007f7d4000-7f007f7ea000 r-xp 00000000 08:02 5261218                    /usr/lib/jvm/java-8-oracle/jre/lib/amd64/libnet.so
7f007f7ea000-7f007f9ea000 ---p 00016000 08:02 5261218                    /usr/lib/jvm/java-8-oracle/jre/lib/amd64/libnet.so
7f007f9ea000-7f007f9eb000 rw-p 00016000 08:02 5261218                    /usr/lib/jvm/java-8-oracle/jre/lib/amd64/libnet.so
7f007f9eb000-7f007f9fc000 r-xp 00000000 08:02 5261222                    /usr/lib/jvm/java-8-oracle/jre/lib/amd64/libnio.so
7f007f9fc000-7f007fbfb000 ---p 00011000 08:02 5261222                    /usr/lib/jvm/java-8-oracle/jre/lib/amd64/libnio.so
7f007fbfb000-7f007fbfc000 rw-p 00010000 08:02 5261222                    /usr/lib/jvm/java-8-oracle/jre/lib/amd64/libnio.so
7f007fbfc000-7f007fbff000 ---p 00000000 00:00 0 
7f007fbff000-7f007fcfd000 rw-p 00000000 00:00 0                          [stack:25243]
7f007fcfd000-7f007fd00000 ---p 00000000 00:00 0 
7f007fd00000-7f007fdfe000 rw-p 00000000 00:00 0                          [stack:25242]
7f007fdfe000-7f007fdff000 ---p 00000000 00:00 0 
7f007fdff000-7f007feff000 rw-p 00000000 00:00 0                          [stack:25241]
7f007feff000-7f007ff02000 ---p 00000000 00:00 0 
7f007ff02000-7f0080000000 rw-p 00000000 00:00 0                          [stack:25240]
7f0080000000-7f0080021000 rw-p 00000000 00:00 0 
7f0080021000-7f0084000000 ---p 00000000 00:00 0 
7f0084000000-7f008403d000 rw-p 00000000 00:00 0 
7f008403d000-7f0088000000 ---p 00000000 00:00 0 
7f0088000000-7f0088021000 rw-p 00000000 00:00 0 
7f0088021000-7f008c000000 ---p 00000000 00:00 0 
7f008c000000-7f008c021000 rw-p 00000000 00:00 0 
7f008c021000-7f0090000000 ---p 00000000 00:00 0 
7f0090000000-7f0090021000 rw-p 00000000 00:00 0 
7f0090021000-7f0094000000 ---p 00000000 00:00 0 
7f0094000000-7f0094021000 rw-p 00000000 00:00 0 
7f0094021000-7f0098000000 ---p 00000000 00:00 0 
7f0098000000-7f0098021000 rw-p 00000000 00:00 0 
7f0098021000-7f009c000000 ---p 00000000 00:00 0 
7f009c037000-7f009c038000 r--s 00000000 08:02 5636167                    /var/cache/fontconfig/c05880de57d1f5e948fdfacc138775d9-le64.cache-4
7f009c038000-7f009c043000 r--s 00000000 08:02 5636166                    /var/cache/fontconfig/945677eb7aeaf62f1d50efc3fb3ec7d8-le64.cache-4
7f009c054000-7f009c05a000 r--s 00000000 08:02 5636164                    /var/cache/fontconfig/2cd17615ca594fa2959ae173292e504c-le64.cache-4
7f009c05a000-7f009c05b000 r--s 00000000 08:02 5636163                    /var/cache/fontconfig/e7071f4a29fa870f4323321c154eba04-le64.cache-4
7f009c05c000-7f009c05d000 r--s 00000000 08:02 5636162                    /var/cache/fontconfig/0d8c3b2ac0904cb8a57a757ad11a4a08-le64.cache-4
7f009c05e000-7f009c065000 r--s 00000000 08:02 5636161                    /var/cache/fontconfig/a755afe4a08bf5b97852ceb7400b47bc-le64.cache-4
7f009c068000-7f009c080000 rw-p 00000000 00:00 0 
7f009c080000-7f009c094000 r--s 00000000 08:02 5636160                    /var/cache/fontconfig/04aabc0a78ac019cf9454389977116d2-le64.cache-4
7f009c094000-7f009c095000 r--s 00000000 08:02 5636159                    /var/cache/fontconfig/1ac9eb803944fde146138c791f5cc56a-le64.cache-4
7f009c096000-7f009c09a000 r--s 00000000 08:02 5636158                    /var/cache/fontconfig/385c0604a188198f04d133e54aba7fe7-le64.cache-4
7f009c09f000-7f009c0a0000 r--s 00000000 08:02 5636157                    /var/cache/fontconfig/dc05db6664285cc2f12bf69c139ae4c3-le64.cache-4
7f009c0a2000-7f009c0a4000 r--s 00000000 08:02 5636125                    /var/cache/fontconfig/767a8244fc0220cfb567a839d0392e0b-le64.cache-4
7f009c0a5000-7f009c0a6000 r--s 00000000 08:02 5636156                    /var/cache/fontconfig/4794a0821666d79190d59a36cb4f44b5-le64.cache-4
7f009c0a6000-7f009c0ab000 r--s 00000000 08:02 5636155                    /var/cache/fontconfig/8801497958630a81b71ace7c5f9b32a8-le64.cache-4
7f009c0b2000-7f009c0b9000 r--s 00000000 08:02 5636154                    /var/cache/fontconfig/3047814df9a2f067bd2d96a2b9c36e5a-le64.cache-4
7f009c0b9000-7f009c0bf000 r--s 00000000 08:02 5636151                    /var/cache/fontconfig/b47c4e1ecd0709278f4910c18777a504-le64.cache-4
7f009c0bf000-7f009c0c2000 ---p 00000000 00:00 0 
7f009c0c2000-7f00a0000000 rw-p 00000000 00:00 0                          [stack:25239]
7f00a0000000-7f00a0021000 rw-p 00000000 00:00 0 
7f00a0021000-7f00a4000000 ---p 00000000 00:00 0 
7f00a4000000-7f00a4021000 rw-p 00000000 00:00 0 
7f00a4021000-7f00a8000000 ---p 00000000 00:00 0 
7f00a8000000-7f00a8021000 rw-p 00000000 00:00 0 
7f00a8021000-7f00ac000000 ---p 00000000 00:00 0 
7f00ac000000-7f00ac021000 rw-p 00000000 00:00 0 
7f00ac021000-7f00b0000000 ---p 00000000 00:00 0 
7f00b0003000-7f00b0013000 rw-p 00000000 00:00 0 
7f00b0013000-7f00b0016000 ---p 00000000 00:00 0 
7f00b0016000-7f00b0114000 rw-p 00000000 00:00 0                          [stack:25238]
7f00b0114000-7f00b0117000 ---p 00000000 00:00 0 
7f00b0117000-7f00b0215000 rw-p 00000000 00:00 0                          [stack:25237]
7f00b0215000-7f00b0218000 ---p 00000000 00:00 0 
7f00b0218000-7f00b0316000 rw-p 00000000 00:00 0                          [stack:25236]
7f00b0316000-7f00b09fa000 r--p 00000000 08:02 3939342                    /usr/lib/locale/locale-archive
7f00b09fa000-7f00b09fd000 ---p 00000000 00:00 0 
7f00b09fd000-7f00b0afb000 rw-p 00000000 00:00 0                          [stack:25235]
7f00b0afb000-7f00b0afe000 ---p 00000000 00:00 0 
7f00b0afe000-7f00b0bfc000 rw-p 00000000 00:00 0                          [stack:25234]
7f00b0bfc000-7f00b0bfd000 ---p 00000000 00:00 0 
7f00b0bfd000-7f00b1000000 rw-p 00000000 00:00 0                          [stack:25233]
7f00b1000000-7f00b1270000 rwxp 00000000 00:00 0 
7f00b1270000-7f00c0000000 ---p 00000000 00:00 0 
7f00c0000000-7f00c00d7000 rw-p 00000000 00:00 0 
7f00c00d7000-7f00c4000000 ---p 00000000 00:00 0 
7f00c4000000-7f00c4001000 r--s 00000000 08:02 5636153                    /var/cache/fontconfig/56cf4f4769d0f4abc89a4895d7bd3ae1-le64.cache-4
7f00c4008000-7f00c401b000 r--s 00000000 08:02 5636150                    /var/cache/fontconfig/d52a8644073d54c13679302ca1180695-le64.cache-4
7f00c401b000-7f00c4023000 r--s 00000000 08:02 5636149                    /var/cache/fontconfig/3f7329c5293ffd510edef78f73874cfd-le64.cache-4
7f00c4023000-7f00c4d33000 rw-p 00000000 00:00 0 
7f00c4d33000-7f00c4f09000 r--s 03ca8000 08:02 5112376                    /usr/lib/jvm/java-8-oracle/jre/lib/rt.jar
7f00c4f09000-7f00c53bf000 rw-p 00000000 00:00 0 
7f00c53bf000-7f00c577f000 ---p 00000000 00:00 0 
7f00c577f000-7f00c5b63000 rw-p 00000000 00:00 0 
7f00c5b63000-7f00c5b64000 ---p 00000000 00:00 0 
7f00c5b64000-7f00c5c64000 rw-p 00000000 00:00 0                          [stack:25232]
7f00c5c64000-7f00c5c65000 ---p 00000000 00:00 0 
7f00c5c65000-7f00c5d65000 rw-p 00000000 00:00 0                          [stack:25231]
7f00c5d65000-7f00c5d66000 ---p 00000000 00:00 0 
7f00c5d66000-7f00c5e66000 rw-p 00000000 00:00 0                          [stack:25230]
7f00c5e66000-7f00c5e67000 ---p 00000000 00:00 0 
7f00c5e67000-7f00c5f91000 rw-p 00000000 00:00 0                          [stack:25229]
7f00c5f91000-7f00c61ff000 ---p 00000000 00:00 0 
7f00c61ff000-7f00c6229000 rw-p 00000000 00:00 0 
7f00c6229000-7f00c6497000 ---p 00000000 00:00 0 
7f00c6497000-7f00c64ac000 rw-p 00000000 00:00 0 
7f00c64ac000-7f00c65e3000 ---p 00000000 00:00 0 
7f00c65e3000-7f00c65ee000 rw-p 00000000 00:00 0 
7f00c65ee000-7f00c69a4000 ---p 00000000 00:00 0 
7f00c69a4000-7f00c69be000 r-xp 00000000 08:02 5261245                    /usr/lib/jvm/java-8-oracle/jre/lib/amd64/libzip.so
7f00c69be000-7f00c6bbe000 ---p 0001a000 08:02 5261245                    /usr/lib/jvm/java-8-oracle/jre/lib/amd64/libzip.so
7f00c6bbe000-7f00c6bbf000 rw-p 0001a000 08:02 5261245                    /usr/lib/jvm/java-8-oracle/jre/lib/amd64/libzip.so
7f00c6bbf000-7f00c6bca000 r-xp 00000000 08:02 657978                     /lib/x86_64-linux-gnu/libnss_files-2.19.so
7f00c6bca000-7f00c6dc9000 ---p 0000b000 08:02 657978                     /lib/x86_64-linux-gnu/libnss_files-2.19.so
7f00c6dc9000-7f00c6dca000 r--p 0000a000 08:02 657978                     /lib/x86_64-linux-gnu/libnss_files-2.19.so
7f00c6dca000-7f00c6dcb000 rw-p 0000b000 08:02 657978                     /lib/x86_64-linux-gnu/libnss_files-2.19.so
7f00c6dcb000-7f00c6dd6000 r-xp 00000000 08:02 656672                     /lib/x86_64-linux-gnu/libnss_nis-2.19.so
7f00c6dd6000-7f00c6fd5000 ---p 0000b000 08:02 656672                     /lib/x86_64-linux-gnu/libnss_nis-2.19.so
7f00c6fd5000-7f00c6fd6000 r--p 0000a000 08:02 656672                     /lib/x86_64-linux-gnu/libnss_nis-2.19.so
7f00c6fd6000-7f00c6fd7000 rw-p 0000b000 08:02 656672                     /lib/x86_64-linux-gnu/libnss_nis-2.19.so
7f00c6fd7000-7f00c6fee000 r-xp 00000000 08:02 657980                     /lib/x86_64-linux-gnu/libnsl-2.19.so
7f00c6fee000-7f00c71ed000 ---p 00017000 08:02 657980                     /lib/x86_64-linux-gnu/libnsl-2.19.so
7f00c71ed000-7f00c71ee000 r--p 00016000 08:02 657980                     /lib/x86_64-linux-gnu/libnsl-2.19.so
7f00c71ee000-7f00c71ef000 rw-p 00017000 08:02 657980                     /lib/x86_64-linux-gnu/libnsl-2.19.so
7f00c71ef000-7f00c71f1000 rw-p 00000000 00:00 0 
7f00c71f1000-7f00c71fa000 r-xp 00000000 08:02 657973                     /lib/x86_64-linux-gnu/libnss_compat-2.19.so
7f00c71fa000-7f00c73f9000 ---p 00009000 08:02 657973                     /lib/x86_64-linux-gnu/libnss_compat-2.19.so
7f00c73f9000-7f00c73fa000 r--p 00008000 08:02 657973                     /lib/x86_64-linux-gnu/libnss_compat-2.19.so
7f00c73fa000-7f00c73fb000 rw-p 00009000 08:02 657973                     /lib/x86_64-linux-gnu/libnss_compat-2.19.so
7f00c73fb000-7f00c7425000 r-xp 00000000 08:02 5261233                    /usr/lib/jvm/java-8-oracle/jre/lib/amd64/libjava.so
7f00c7425000-7f00c7625000 ---p 0002a000 08:02 5261233                    /usr/lib/jvm/java-8-oracle/jre/lib/amd64/libjava.so
7f00c7625000-7f00c7627000 rw-p 0002a000 08:02 5261233                    /usr/lib/jvm/java-8-oracle/jre/lib/amd64/libjava.so
7f00c7627000-7f00c7634000 r-xp 00000000 08:02 5261246                    /usr/lib/jvm/java-8-oracle/jre/lib/amd64/libverify.so
7f00c7634000-7f00c7834000 ---p 0000d000 08:02 5261246                    /usr/lib/jvm/java-8-oracle/jre/lib/amd64/libverify.so
7f00c7834000-7f00c7836000 rw-p 0000d000 08:02 5261246                    /usr/lib/jvm/java-8-oracle/jre/lib/amd64/libverify.so
7f00c7836000-7f00c783d000 r-xp 00000000 08:02 657976                     /lib/x86_64-linux-gnu/librt-2.19.so
7f00c783d000-7f00c7a3c000 ---p 00007000 08:02 657976                     /lib/x86_64-linux-gnu/librt-2.19.so
7f00c7a3c000-7f00c7a3d000 r--p 00006000 08:02 657976                     /lib/x86_64-linux-gnu/librt-2.19.so
7f00c7a3d000-7f00c7a3e000 rw-p 00007000 08:02 657976                     /lib/x86_64-linux-gnu/librt-2.19.so
7f00c7a3e000-7f00c7b43000 r-xp 00000000 08:02 657977                     /lib/x86_64-linux-gnu/libm-2.19.so
7f00c7b43000-7f00c7d42000 ---p 00105000 08:02 657977                     /lib/x86_64-linux-gnu/libm-2.19.so
7f00c7d42000-7f00c7d43000 r--p 00104000 08:02 657977                     /lib/x86_64-linux-gnu/libm-2.19.so
7f00c7d43000-7f00c7d44000 rw-p 00105000 08:02 657977                     /lib/x86_64-linux-gnu/libm-2.19.so
7f00c7d44000-7f00c89ae000 r-xp 00000000 08:02 5387260                    /usr/lib/jvm/java-8-oracle/jre/lib/amd64/server/libjvm.so
7f00c89ae000-7f00c8bad000 ---p 00c6a000 08:02 5387260                    /usr/lib/jvm/java-8-oracle/jre/lib/amd64/server/libjvm.so
7f00c8bad000-7f00c8c84000 rw-p 00c69000 08:02 5387260                    /usr/lib/jvm/java-8-oracle/jre/lib/amd64/server/libjvm.so
7f00c8c84000-7f00c8cc6000 rw-p 00000000 00:00 0 
7f00c8cc6000-7f00c8e82000 r-xp 00000000 08:02 657981                     /lib/x86_64-linux-gnu/libc-2.19.so
7f00c8e82000-7f00c9081000 ---p 001bc000 08:02 657981                     /lib/x86_64-linux-gnu/libc-2.19.so
7f00c9081000-7f00c9085000 r--p 001bb000 08:02 657981                     /lib/x86_64-linux-gnu/libc-2.19.so
7f00c9085000-7f00c9087000 rw-p 001bf000 08:02 657981                     /lib/x86_64-linux-gnu/libc-2.19.so
7f00c9087000-7f00c908c000 rw-p 00000000 00:00 0 
7f00c908c000-7f00c908f000 r-xp 00000000 08:02 657970                     /lib/x86_64-linux-gnu/libdl-2.19.so
7f00c908f000-7f00c928e000 ---p 00003000 08:02 657970                     /lib/x86_64-linux-gnu/libdl-2.19.so
7f00c928e000-7f00c928f000 r--p 00002000 08:02 657970                     /lib/x86_64-linux-gnu/libdl-2.19.so
7f00c928f000-7f00c9290000 rw-p 00003000 08:02 657970                     /lib/x86_64-linux-gnu/libdl-2.19.so
7f00c9290000-7f00c92a5000 r-xp 00000000 08:02 4723865                    /usr/lib/jvm/java-8-oracle/lib/amd64/jli/libjli.so
7f00c92a5000-7f00c94a4000 ---p 00015000 08:02 4723865                    /usr/lib/jvm/java-8-oracle/lib/amd64/jli/libjli.so
7f00c94a4000-7f00c94a5000 rw-p 00014000 08:02 4723865                    /usr/lib/jvm/java-8-oracle/lib/amd64/jli/libjli.so
7f00c94a5000-7f00c94be000 r-xp 00000000 08:02 657983                     /lib/x86_64-linux-gnu/libpthread-2.19.so
7f00c94be000-7f00c96bd000 ---p 00019000 08:02 657983                     /lib/x86_64-linux-gnu/libpthread-2.19.so
7f00c96bd000-7f00c96be000 r--p 00018000 08:02 657983                     /lib/x86_64-linux-gnu/libpthread-2.19.so
7f00c96be000-7f00c96bf000 rw-p 00019000 08:02 657983                     /lib/x86_64-linux-gnu/libpthread-2.19.so
7f00c96bf000-7f00c96c3000 rw-p 00000000 00:00 0 
7f00c96c3000-7f00c96e6000 r-xp 00000000 08:02 657969                     /lib/x86_64-linux-gnu/ld-2.19.so
7f00c96e7000-7f00c96e8000 r--s 00000000 08:02 5636152                    /var/cache/fontconfig/b9d506c9ac06c20b433354fa67a72993-le64.cache-4
7f00c96e8000-7f00c96ec000 r--s 00000000 08:02 5636148                    /var/cache/fontconfig/d589a48862398ed80a3d6066f4f56f4c-le64.cache-4
7f00c96ec000-7f00c96ed000 r--s 00000000 08:02 5636147                    /var/cache/fontconfig/0c9eb80ebd1c36541ebe2852d3bb0c49-le64.cache-4
7f00c96ed000-7f00c96fa000 r--s 00000000 08:02 5636399                    /var/cache/fontconfig/e13b20fdb08344e0e664864cc2ede53d-le64.cache-4
7f00c96fa000-7f00c97c5000 rw-p 00000000 00:00 0 
7f00c97c5000-7f00c97c8000 ---p 00000000 00:00 0 
7f00c97c8000-7f00c98ca000 rw-p 00000000 00:00 0                          [stack:25228]
7f00c98ca000-7f00c98ce000 r--s 00000000 08:02 5636274                    /var/cache/fontconfig/7ef2298fde41cc6eeb7af42e48b7d293-le64.cache-4
7f00c98d0000-7f00c98d2000 rw-p 00000000 00:00 0 
7f00c98d2000-7f00c98d9000 r--s 00000000 08:02 4336385                    /usr/lib/x86_64-linux-gnu/gconv/gconv-modules.cache
7f00c98d9000-7f00c98e1000 rw-s 00000000 08:02 46                         /tmp/hsperfdata_dalmir/25224
7f00c98e1000-7f00c98e2000 rw-p 00000000 00:00 0 
7f00c98e2000-7f00c98e3000 r--p 00000000 00:00 0 
7f00c98e3000-7f00c98e5000 rw-p 00000000 00:00 0 
7f00c98e5000-7f00c98e6000 r--p 00022000 08:02 657969                     /lib/x86_64-linux-gnu/ld-2.19.so
7f00c98e6000-7f00c98e7000 rw-p 00023000 08:02 657969                     /lib/x86_64-linux-gnu/ld-2.19.so
7f00c98e7000-7f00c98e8000 rw-p 00000000 00:00 0 
7fffb0c66000-7fffb0c87000 rw-p 00000000 00:00 0                          [stack]
7fffb0dcf000-7fffb0dd1000 r-xp 00000000 00:00 0                          [vdso]
ffffffffff600000-ffffffffff601000 r-xp 00000000 00:00 0                  [vsyscall]

VM Arguments:
jvm_args: -Dfile.encoding=UTF-8 
java_command: jwk.Main
java_class_path (initial): /home/dalmir/hpprojects/jwk/java/JWk/build/classes
Launcher Type: SUN_STANDARD

Environment Variables:
PATH=/home/dalmir/bin:/usr/local/sbin:/usr/local/bin:/usr/sbin:/usr/bin:/sbin:/bin:/usr/games:/usr/local/games
LD_LIBRARY_PATH=/usr/lib/jvm/java-8-oracle/jre/lib/amd64:/usr/lib/jvm/java-8-oracle/jre/lib/i386:
SHELL=/bin/bash
DISPLAY=:0

Signal Handlers:
SIGSEGV: [libjvm.so+0xa77530], sa_mask[0]=11111111011111111101111111111110, sa_flags=SA_RESTART|SA_SIGINFO
SIGBUS: [libjvm.so+0xa77530], sa_mask[0]=11111111011111111101111111111110, sa_flags=SA_RESTART|SA_SIGINFO
SIGFPE: [libjvm.so+0x8e1d90], sa_mask[0]=11111111011111111101111111111110, sa_flags=SA_RESTART|SA_SIGINFO
SIGPIPE: [libjvm.so+0x8e1d90], sa_mask[0]=11111111011111111101111111111110, sa_flags=SA_RESTART|SA_SIGINFO
SIGXFSZ: [libjvm.so+0x8e1d90], sa_mask[0]=11111111011111111101111111111110, sa_flags=SA_RESTART|SA_SIGINFO
SIGILL: [libjvm.so+0x8e1d90], sa_mask[0]=11111111011111111101111111111110, sa_flags=SA_RESTART|SA_SIGINFO
SIGUSR1: SIG_DFL, sa_mask[0]=00000000000000000000000000000000, sa_flags=none
SIGUSR2: [libjvm.so+0x8e35c0], sa_mask[0]=00100000000000000000000000000000, sa_flags=SA_RESTART|SA_SIGINFO
SIGHUP: [libjvm.so+0x8e4980], sa_mask[0]=11111111011111111101111111111110, sa_flags=SA_RESTART|SA_SIGINFO
SIGINT: SIG_IGN, sa_mask[0]=00000000000000000000000000000000, sa_flags=none
SIGTERM: [libjvm.so+0x8e4980], sa_mask[0]=11111111011111111101111111111110, sa_flags=SA_RESTART|SA_SIGINFO
SIGQUIT: [libjvm.so+0x8e4980], sa_mask[0]=11111111011111111101111111111110, sa_flags=SA_RESTART|SA_SIGINFO


---------------  S Y S T E M  ---------------

OS:DISTRIB_ID=Ubuntu
DISTRIB_RELEASE=14.04
DISTRIB_CODENAME=trusty
DISTRIB_DESCRIPTION="Ubuntu 14.04.1 LTS"

uname:Linux 3.13.0-34-generic #60-Ubuntu SMP Wed Aug 13 15:45:27 UTC 2014 x86_64
libc:glibc 2.19 NPTL 2.19 
rlimit: STACK 8192k, CORE 0k, NPROC 63495, NOFILE 4096, AS infinity
load average:1,99 1,44 1,61

/proc/meminfo:
MemTotal:        8156820 kB
MemFree:          179688 kB
Buffers:           11980 kB
Cached:           336308 kB
SwapCached:            0 kB
Active:          5190300 kB
Inactive:         220264 kB
Active(anon):    5064216 kB
Inactive(anon):    83628 kB
Active(file):     126084 kB
Inactive(file):   136636 kB
Unevictable:         112 kB
Mlocked:             112 kB
SwapTotal:             0 kB
SwapFree:              0 kB
Dirty:               516 kB
Writeback:             0 kB
AnonPages:       5063036 kB
Mapped:          2368644 kB
Shmem:             84920 kB
Slab:             125152 kB
SReclaimable:      39596 kB
SUnreclaim:        85556 kB
KernelStack:        9456 kB
PageTables:       115912 kB
NFS_Unstable:          0 kB
Bounce:                0 kB
WritebackTmp:          0 kB
CommitLimit:     4078408 kB
Committed_AS:   16216632 kB
VmallocTotal:   34359738367 kB
VmallocUsed:      126216 kB
VmallocChunk:   34359570940 kB
HardwareCorrupted:     0 kB
AnonHugePages:   1785856 kB
HugePages_Total:       0
HugePages_Free:        0
HugePages_Rsvd:        0
HugePages_Surp:        0
Hugepagesize:       2048 kB
DirectMap4k:     2059924 kB
DirectMap2M:     6311936 kB


CPU:total 4 (4 cores per cpu, 1 threads per core) family 6 model 26 stepping 5, cmov, cx8, fxsr, mmx, sse, sse2, sse3, ssse3, sse4.1, sse4.2, popcnt, tsc, tscinvbit, tscinv

/proc/cpuinfo:
processor	: 0
vendor_id	: GenuineIntel
cpu family	: 6
model		: 26
model name	: Intel(R) Xeon(R) CPU           E5506  @ 2.13GHz
stepping	: 5
microcode	: 0x19
cpu MHz		: 1596.000
cache size	: 4096 KB
physical id	: 0
siblings	: 4
core id		: 0
cpu cores	: 4
apicid		: 0
initial apicid	: 0
fpu		: yes
fpu_exception	: yes
cpuid level	: 11
wp		: yes
flags		: fpu vme de pse tsc msr pae mce cx8 apic sep mtrr pge mca cmov pat pse36 clflush dts acpi mmx fxsr sse sse2 ss ht tm pbe syscall nx rdtscp lm constant_tsc arch_perfmon pebs bts rep_good nopl xtopology nonstop_tsc aperfmperf pni dtes64 monitor ds_cpl vmx est tm2 ssse3 cx16 xtpr pdcm dca sse4_1 sse4_2 popcnt lahf_lm dtherm tpr_shadow vnmi flexpriority ept vpid
bogomips	: 4255.72
clflush size	: 64
cache_alignment	: 64
address sizes	: 40 bits physical, 48 bits virtual
power management:

processor	: 1
vendor_id	: GenuineIntel
cpu family	: 6
model		: 26
model name	: Intel(R) Xeon(R) CPU           E5506  @ 2.13GHz
stepping	: 5
microcode	: 0x19
cpu MHz		: 1729.000
cache size	: 4096 KB
physical id	: 0
siblings	: 4
core id		: 1
cpu cores	: 4
apicid		: 2
initial apicid	: 2
fpu		: yes
fpu_exception	: yes
cpuid level	: 11
wp		: yes
flags		: fpu vme de pse tsc msr pae mce cx8 apic sep mtrr pge mca cmov pat pse36 clflush dts acpi mmx fxsr sse sse2 ss ht tm pbe syscall nx rdtscp lm constant_tsc arch_perfmon pebs bts rep_good nopl xtopology nonstop_tsc aperfmperf pni dtes64 monitor ds_cpl vmx est tm2 ssse3 cx16 xtpr pdcm dca sse4_1 sse4_2 popcnt lahf_lm dtherm tpr_shadow vnmi flexpriority ept vpid
bogomips	: 4255.72
clflush size	: 64
cache_alignment	: 64
address sizes	: 40 bits physical, 48 bits virtual
power management:

processor	: 2
vendor_id	: GenuineIntel
cpu family	: 6
model		: 26
model name	: Intel(R) Xeon(R) CPU           E5506  @ 2.13GHz
stepping	: 5
microcode	: 0x19
cpu MHz		: 2128.000
cache size	: 4096 KB
physical id	: 0
siblings	: 4
core id		: 2
cpu cores	: 4
apicid		: 4
initial apicid	: 4
fpu		: yes
fpu_exception	: yes
cpuid level	: 11
wp		: yes
flags		: fpu vme de pse tsc msr pae mce cx8 apic sep mtrr pge mca cmov pat pse36 clflush dts acpi mmx fxsr sse sse2 ss ht tm pbe syscall nx rdtscp lm constant_tsc arch_perfmon pebs bts rep_good nopl xtopology nonstop_tsc aperfmperf pni dtes64 monitor ds_cpl vmx est tm2 ssse3 cx16 xtpr pdcm dca sse4_1 sse4_2 popcnt lahf_lm dtherm tpr_shadow vnmi flexpriority ept vpid
bogomips	: 4255.72
clflush size	: 64
cache_alignment	: 64
address sizes	: 40 bits physical, 48 bits virtual
power management:

processor	: 3
vendor_id	: GenuineIntel
cpu family	: 6
model		: 26
model name	: Intel(R) Xeon(R) CPU           E5506  @ 2.13GHz
stepping	: 5
microcode	: 0x19
cpu MHz		: 1596.000
cache size	: 4096 KB
physical id	: 0
siblings	: 4
core id		: 3
cpu cores	: 4
apicid		: 6
initial apicid	: 6
fpu		: yes
fpu_exception	: yes
cpuid level	: 11
wp		: yes
flags		: fpu vme de pse tsc msr pae mce cx8 apic sep mtrr pge mca cmov pat pse36 clflush dts acpi mmx fxsr sse sse2 ss ht tm pbe syscall nx rdtscp lm constant_tsc arch_perfmon pebs bts rep_good nopl xtopology nonstop_tsc aperfmperf pni dtes64 monitor ds_cpl vmx est tm2 ssse3 cx16 xtpr pdcm dca sse4_1 sse4_2 popcnt lahf_lm dtherm tpr_shadow vnmi flexpriority ept vpid
bogomips	: 4255.72
clflush size	: 64
cache_alignment	: 64
address sizes	: 40 bits physical, 48 bits virtual
power management:



Memory: 4k page, physical 8156820k(179504k free), swap 0k(0k free)

vm_info: Java HotSpot(TM) 64-Bit Server VM (25.20-b23) for linux-amd64 JRE (1.8.0_20-b26), built on Jul 30 2014 13:13:52 by "java_re" with gcc 4.3.0 20080428 (Red Hat 4.3.0-8)

time: Tue Aug 26 11:51:06 2014
elapsed time: 1 seconds (0d 0h 0m 1s)

