#
# A fatal error has been detected by the Java Runtime Environment:
#
#  SIGSEGV (0xb) at pc=0x00007faa07b3f79a, pid=16212, tid=140368272029440
#
# JRE version: Java(TM) SE Runtime Environment (8.0_11-b12) (build 1.8.0_11-b12)
# Java VM: Java HotSpot(TM) 64-Bit Server VM (25.11-b03 mixed mode linux-amd64 compressed oops)
# Problematic frame:
# V  [libjvm.so+0x68579a]  JNI_ArgumentPusherVaArg::JNI_ArgumentPusherVaArg(_jmethodID*, __va_list_tag*)+0xa
#
# Failed to write core dump. Core dumps have been disabled. To enable core dumping, try "ulimit -c unlimited" before starting Java again
#
# If you would like to submit a bug report, please visit:
#   http://bugreport.sun.com/bugreport/crash.jsp
#

---------------  T H R E A D  ---------------

Current thread (0x00007faa0000a000):  JavaThread "main" [_thread_in_vm, id=16216, stack(0x00007faa08edf000,0x00007faa08fe0000)]

siginfo:si_signo=SIGSEGV: si_errno=0, si_code=1 (SEGV_MAPERR), si_addr=0x0000000000000000

Registers:
RAX=0x00007faa08fde680, RBX=0x00007faa08fde5d0, RCX=0x00007faa07b2654c, RDX=0x00007faa08fde630
RSP=0x00007faa08fde590, RBP=0x00007faa08fde5a0, RSI=0x0000000000000000, RDI=0x00007faa08fde5d0
R8 =0x00007faa07b264d0, R9 =0x73746f682f383436, R10=0x00007faa0879bfe0, R11=0x0000000000000000
R12=0x00007faa08fde630, R13=0x0000000000000000, R14=0x00007faa08fde610, R15=0x00007faa0000a1e0
RIP=0x00007faa07b3f79a, EFLAGS=0x0000000000010287, CSGSFS=0x0000000000000033, ERR=0x0000000000000004
  TRAPNO=0x000000000000000e

Top of Stack: (sp=0x00007faa08fde590)
0x00007faa08fde590:   00007faa08fde5d0 00007faa0000a000
0x00007faa08fde5a0:   00007faa08fde760 00007faa07b2663f
0x00007faa08fde5b0:   00007faa000dec01 00007faa0000a000
0x00007faa08fde5c0:   00007faa00007280 00007faa08fde8d0
0x00007faa08fde5d0:   00007faa0000a470 000000000000061f
0x00007faa08fde5e0:   00007faa08fde660 00007faa079e6489
0x00007faa08fde5f0:   00007faa07f4f848 00007faa0000061f
0x00007faa08fde600:   00007fa9e2eef64b 00007faa07f4f848
0x00007faa08fde610:   00007faa0000a000 00007faa00007300
0x00007faa08fde620:   000000000000061f 00007faa07f4f848
0x00007faa08fde630:   0000003000000018 00007faa08fde770
0x00007faa08fde640:   00007faa08fde680 0000000000000000
0x00007faa08fde650:   00007faa0000000c 00007fa9e2eef64b
0x00007faa08fde660:   00007faa0000a000 00007faa07b1fcc5
0x00007faa08fde670:   00007faa0000a000 00007faa0000a000
0x00007faa08fde680:   00007faa08fde6a0 00007faa00074550
0x00007faa08fde690:   00007faa0000a1e0 00007fa9e2eef64f
0x00007faa08fde6a0:   00007faa07b264d0 73746f682f383436
0x00007faa08fde6b0:   00007faa08fde6f0 00007faa0000a1e0
0x00007faa08fde6c0:   0000000000000000 0000000000000000
0x00007faa08fde6d0:   00007faa08fde760 00007faa07b200db
0x00007faa08fde6e0:   00007faa0000a000 00007faa00074550
0x00007faa08fde6f0:   00007faa0000a000 00007faa00007300
0x00007faa08fde700:   00007faa000000bf 00007faa07f6cad0
0x00007faa08fde710:   00007faa0000a000 00007faa0000a858
0x00007faa08fde720:   00007faa0000a000 00007faa08fde770
0x00007faa08fde730:   00007faa04af4598 00007faa04af4598
0x00007faa08fde740:   0000000000000000 00007faa04af4590
0x00007faa08fde750:   00007faa08fde8e8 00007faa0000a000
0x00007faa08fde760:   00007faa08fde840 00007fa9e2eef3ea
0x00007faa08fde770:   00007faa04af4598 00007faa08fde8d0
0x00007faa08fde780:   00007faa08fde8d8 00007faa08fde8e0 

Instructions: (pc=0x00007faa07b3f79a)
0x00007faa07b3f77a:   8b 64 24 08 48 89 03 48 8b 1c 24 c9 c3 90 90 90
0x00007faa07b3f78a:   90 90 90 90 90 90 55 48 89 e5 41 54 49 89 d4 53
0x00007faa07b3f79a:   48 8b 06 48 89 fb 48 8b 40 08 0f b7 50 22 48 8b
0x00007faa07b3f7aa:   40 08 48 8b 74 d0 50 e8 3a ec 2c 00 48 8d 05 33 

Register to memory mapping:

RAX=0x00007faa08fde680 is pointing into the stack for thread: 0x00007faa0000a000
RBX=0x00007faa08fde5d0 is pointing into the stack for thread: 0x00007faa0000a000
RCX=0x00007faa07b2654c: <offset 0x66c54c> in /usr/lib/jvm/java-8-oracle/jre/lib/amd64/server/libjvm.so at 0x00007faa074ba000
RDX=0x00007faa08fde630 is pointing into the stack for thread: 0x00007faa0000a000
RSP=0x00007faa08fde590 is pointing into the stack for thread: 0x00007faa0000a000
RBP=0x00007faa08fde5a0 is pointing into the stack for thread: 0x00007faa0000a000
RSI=0x0000000000000000 is an unknown value
RDI=0x00007faa08fde5d0 is pointing into the stack for thread: 0x00007faa0000a000
R8 =0x00007faa07b264d0: <offset 0x66c4d0> in /usr/lib/jvm/java-8-oracle/jre/lib/amd64/server/libjvm.so at 0x00007faa074ba000
R9 =0x73746f682f383436 is an unknown value
R10=0x00007faa0879bfe0: <offset 0x3bdfe0> in /lib/x86_64-linux-gnu/libc.so.6 at 0x00007faa083de000
R11=0x0000000000000000 is an unknown value
R12=0x00007faa08fde630 is pointing into the stack for thread: 0x00007faa0000a000
R13=0x0000000000000000 is an unknown value
R14=0x00007faa08fde610 is pointing into the stack for thread: 0x00007faa0000a000
R15=0x00007faa0000a1e0 is an unknown value


Stack: [0x00007faa08edf000,0x00007faa08fe0000],  sp=0x00007faa08fde590,  free space=1021k
Native frames: (J=compiled Java code, j=interpreted, Vv=VM code, C=native code)
V  [libjvm.so+0x68579a]  JNI_ArgumentPusherVaArg::JNI_ArgumentPusherVaArg(_jmethodID*, __va_list_tag*)+0xa
V  [libjvm.so+0x66c63f]  jni_CallObjectMethod+0x16f
C  [libJWkLib.so+0x13ea]  Java_jwk_JWk_convert+0x2dc
j  jwk.JWk.convert(Ljava/lang/String;Ljava/lang/String;Ljava/util/Map;)V+0
j  jwk.JWk.main([Ljava/lang/String;)V+31
v  ~StubRoutines::call_stub
V  [libjvm.so+0x627466]  JavaCalls::call_helper(JavaValue*, methodHandle*, JavaCallArguments*, Thread*)+0x1056
V  [libjvm.so+0x66ef76]  jni_invoke_static(JNIEnv_*, JavaValue*, _jobject*, JNICallType, _jmethodID*, JNI_ArgumentPusher*, Thread*)+0x346
V  [libjvm.so+0x680c5a]  jni_CallStaticVoidMethod+0x17a
C  [libjli.so+0x77e4]  JavaMain+0x844

Java frames: (J=compiled Java code, j=interpreted, Vv=VM code)
j  jwk.JWk.convert(Ljava/lang/String;Ljava/lang/String;Ljava/util/Map;)V+0
j  jwk.JWk.main([Ljava/lang/String;)V+31
v  ~StubRoutines::call_stub

---------------  P R O C E S S  ---------------

Java Threads: ( => current thread )
  0x00007faa000c8800 JavaThread "Service Thread" daemon [_thread_blocked, id=16228, stack(0x00007fa9e3619000,0x00007fa9e371a000)]
  0x00007faa000b3000 JavaThread "C1 CompilerThread2" daemon [_thread_blocked, id=16227, stack(0x00007fa9e371a000,0x00007fa9e381b000)]
  0x00007faa000b1000 JavaThread "C2 CompilerThread1" daemon [_thread_blocked, id=16226, stack(0x00007fa9e381b000,0x00007fa9e391c000)]
  0x00007faa000ae000 JavaThread "C2 CompilerThread0" daemon [_thread_blocked, id=16225, stack(0x00007fa9e80bf000,0x00007fa9e81c0000)]
  0x00007faa000ac000 JavaThread "Signal Dispatcher" daemon [_thread_blocked, id=16224, stack(0x00007fa9f00af000,0x00007fa9f01b0000)]
  0x00007faa0007c000 JavaThread "Finalizer" daemon [_thread_blocked, id=16223, stack(0x00007fa9f01b0000,0x00007fa9f02b1000)]
  0x00007faa00078000 JavaThread "Reference Handler" daemon [_thread_blocked, id=16222, stack(0x00007fa9f02b1000,0x00007fa9f03b2000)]
=>0x00007faa0000a000 JavaThread "main" [_thread_in_vm, id=16216, stack(0x00007faa08edf000,0x00007faa08fe0000)]

Other Threads:
  0x00007faa00073000 VMThread [stack: 0x00007fa9f03b2000,0x00007fa9f04b3000] [id=16221]
  0x00007faa000cb000 WatcherThread [stack: 0x00007fa9e3518000,0x00007fa9e3619000] [id=16229]

VM state:not at safepoint (normal execution)

VM Mutex/Monitor currently owned by a thread: None

Heap:
 PSYoungGen      total 1024K, used 409K [0x00000000d6800000, 0x00000000d6980000, 0x0000000100000000)
  eden space 512K, 79% used [0x00000000d6800000,0x00000000d6866438,0x00000000d6880000)
  from space 512K, 0% used [0x00000000d6900000,0x00000000d6900000,0x00000000d6980000)
  to   space 512K, 0% used [0x00000000d6880000,0x00000000d6880000,0x00000000d6900000)
 ParOldGen       total 127488K, used 0K [0x0000000083800000, 0x000000008b480000, 0x00000000d6800000)
  object space 127488K, 0% used [0x0000000083800000,0x0000000083800000,0x000000008b480000)
 Metaspace       used 2590K, capacity 4486K, committed 4864K, reserved 1056768K
  class space    used 276K, capacity 386K, committed 512K, reserved 1048576K

Card table byte_map: [0x00007faa05974000,0x00007faa05d59000] byte_map_base: 0x00007faa05558000

Marking Bits: (ParMarkBitMap*) 0x00007faa083b3c20
 Begin Bits: [0x00007fa9e81c0000, 0x00007fa9ea0e0000)
 End Bits:   [0x00007fa9ea0e0000, 0x00007fa9ec000000)

Polling page: 0x00007faa08ffc000

CodeCache: size=245760Kb used=1081Kb max_used=1081Kb free=244678Kb
 bounds [0x00007fa9f1000000, 0x00007fa9f1270000, 0x00007faa00000000]
 total_blobs=250 nmethods=13 adapters=154
 compilation: enabled

Compilation events (10 events):
Event: 0,274 Thread 0x00007faa000b3000    9       3       java.lang.AbstractStringBuilder::ensureCapacityInternal (16 bytes)
Event: 0,274 Thread 0x00007faa000b3000 nmethod 9 0x00007fa9f1101650 code [0x00007fa9f11017c0, 0x00007fa9f11019a8]
Event: 0,288 Thread 0x00007faa000b3000   10       1       java.lang.Object::<init> (1 bytes)
Event: 0,288 Thread 0x00007faa000b3000 nmethod 10 0x00007fa9f110b190 code [0x00007fa9f110b2e0, 0x00007fa9f110b3f0]
Event: 0,306 Thread 0x00007faa000b3000   11       3       java.util.Arrays::copyOfRange (63 bytes)
Event: 0,307 Thread 0x00007faa000b3000 nmethod 11 0x00007fa9f110bc50 code [0x00007fa9f110be60, 0x00007fa9f110c918]
Event: 0,332 Thread 0x00007faa000b3000   12       1       java.lang.ref.Reference::get (5 bytes)
Event: 0,333 Thread 0x00007faa000b3000 nmethod 12 0x00007fa9f110d210 code [0x00007fa9f110d360, 0x00007fa9f110d470]
Event: 0,333 Thread 0x00007faa000b3000   13       1       java.lang.ThreadLocal::access$400 (5 bytes)
Event: 0,333 Thread 0x00007faa000b3000 nmethod 13 0x00007fa9f110d4d0 code [0x00007fa9f110d620, 0x00007fa9f110d710]

GC Heap History (0 events):
No events

Deoptimization events (0 events):
No events

Internal exceptions (8 events):
Event: 0,172 Thread 0x00007faa0000a000 Exception <a 'java/lang/NoSuchMethodError': Method sun.misc.Unsafe.defineClass(Ljava/lang/String;[BII)Ljava/lang/Class; name or signature does not match> (0x00000000d68146e8) thrown at [/HUDSON/workspace/8-2-build-linux-amd64/jdk8u11/648/hotspot/src/share
Event: 0,172 Thread 0x00007faa0000a000 Exception <a 'java/lang/NoSuchMethodError': Method sun.misc.Unsafe.prefetchRead(Ljava/lang/Object;J)V name or signature does not match> (0x00000000d6814978) thrown at [/HUDSON/workspace/8-2-build-linux-amd64/jdk8u11/648/hotspot/src/share/vm/prims/jni.cpp,
Event: 0,274 Thread 0x00007faa0000a000 Exception <a 'java/security/PrivilegedActionException'> (0x00000000d6857130) thrown at [/HUDSON/workspace/8-2-build-linux-amd64/jdk8u11/648/hotspot/src/share/vm/prims/jvm.cpp, line 1248]
Event: 0,600 Thread 0x00007faa0000a000 Exception <a 'java/lang/NoSuchMethodError': next> (0x00000000d6863e20) thrown at [/HUDSON/workspace/8-2-build-linux-amd64/jdk8u11/648/hotspot/src/share/vm/prims/jni.cpp, line 1567]
Event: 0,600 Thread 0x00007faa0000a000 Exception <a 'java/security/PrivilegedActionException'> (0x00000000d68643f0) thrown at [/HUDSON/workspace/8-2-build-linux-amd64/jdk8u11/648/hotspot/src/share/vm/prims/jvm.cpp, line 1248]
Event: 0,600 Thread 0x00007faa0000a000 Exception <a 'java/security/PrivilegedActionException'> (0x00000000d6865320) thrown at [/HUDSON/workspace/8-2-build-linux-amd64/jdk8u11/648/hotspot/src/share/vm/prims/jvm.cpp, line 1248]
Event: 0,600 Thread 0x00007faa0000a000 Exception <a 'java/lang/NoClassDefFoundError': java/util/Map/Entry> (0x00000000d6865528) thrown at [/HUDSON/workspace/8-2-build-linux-amd64/jdk8u11/648/hotspot/src/share/vm/classfile/systemDictionary.cpp, line 191]
Event: 0,600 Thread 0x00007faa0000a000 Exception <a 'java/lang/NoSuchMethodError': get> (0x00000000d6865708) thrown at [/HUDSON/workspace/8-2-build-linux-amd64/jdk8u11/648/hotspot/src/share/vm/prims/jni.cpp, line 1567]

Events (10 events):
Event: 0,334 loading class java/net/URI$Parser
Event: 0,334 loading class java/net/URI$Parser done
Event: 0,599 loading class java/util/HashMap$EntrySet
Event: 0,599 loading class java/util/HashMap$EntrySet done
Event: 0,599 loading class java/util/HashMap$EntryIterator
Event: 0,599 loading class java/util/HashMap$HashIterator
Event: 0,600 loading class java/util/HashMap$HashIterator done
Event: 0,600 loading class java/util/HashMap$EntryIterator done
Event: 0,600 loading class java/util/Map/Entry
Event: 0,600 loading class java/util/Map/Entry done


Dynamic libraries:
00400000-00401000 r-xp 00000000 08:02 5113632                            /usr/lib/jvm/java-8-oracle/bin/java
00600000-00601000 rw-p 00000000 08:02 5113632                            /usr/lib/jvm/java-8-oracle/bin/java
00b0a000-00b2b000 rw-p 00000000 00:00 0                                  [heap]
83800000-8b480000 rw-p 00000000 00:00 0 
8b480000-d6800000 ---p 00000000 00:00 0 
d6800000-d6980000 rw-p 00000000 00:00 0 
d6980000-100000000 ---p 00000000 00:00 0 
100000000-100080000 rw-p 00000000 00:00 0 
100080000-140000000 ---p 00000000 00:00 0 
7fa9b21ce000-7fa9b2436000 rw-p 00000000 00:00 0 
7fa9b2436000-7fa9b243b000 r-xp 00000000 08:02 3940435                    /usr/lib/x86_64-linux-gnu/libXdmcp.so.6.0.0
7fa9b243b000-7fa9b263a000 ---p 00005000 08:02 3940435                    /usr/lib/x86_64-linux-gnu/libXdmcp.so.6.0.0
7fa9b263a000-7fa9b263b000 r--p 00004000 08:02 3940435                    /usr/lib/x86_64-linux-gnu/libXdmcp.so.6.0.0
7fa9b263b000-7fa9b263c000 rw-p 00005000 08:02 3940435                    /usr/lib/x86_64-linux-gnu/libXdmcp.so.6.0.0
7fa9b263c000-7fa9b263e000 r-xp 00000000 08:02 3940424                    /usr/lib/x86_64-linux-gnu/libXau.so.6.0.0
7fa9b263e000-7fa9b283e000 ---p 00002000 08:02 3940424                    /usr/lib/x86_64-linux-gnu/libXau.so.6.0.0
7fa9b283e000-7fa9b283f000 r--p 00002000 08:02 3940424                    /usr/lib/x86_64-linux-gnu/libXau.so.6.0.0
7fa9b283f000-7fa9b2840000 rw-p 00003000 08:02 3940424                    /usr/lib/x86_64-linux-gnu/libXau.so.6.0.0
7fa9b2840000-7fa9b285d000 r-xp 00000000 08:02 3941492                    /usr/lib/x86_64-linux-gnu/libxcb.so.1.1.0
7fa9b285d000-7fa9b2a5d000 ---p 0001d000 08:02 3941492                    /usr/lib/x86_64-linux-gnu/libxcb.so.1.1.0
7fa9b2a5d000-7fa9b2a5e000 r--p 0001d000 08:02 3941492                    /usr/lib/x86_64-linux-gnu/libxcb.so.1.1.0
7fa9b2a5e000-7fa9b2a5f000 rw-p 0001e000 08:02 3941492                    /usr/lib/x86_64-linux-gnu/libxcb.so.1.1.0
7fa9b2a5f000-7fa9b2a86000 r-xp 00000000 08:02 659395                     /lib/x86_64-linux-gnu/libexpat.so.1.6.0
7fa9b2a86000-7fa9b2c86000 ---p 00027000 08:02 659395                     /lib/x86_64-linux-gnu/libexpat.so.1.6.0
7fa9b2c86000-7fa9b2c88000 r--p 00027000 08:02 659395                     /lib/x86_64-linux-gnu/libexpat.so.1.6.0
7fa9b2c88000-7fa9b2c89000 rw-p 00029000 08:02 659395                     /lib/x86_64-linux-gnu/libexpat.so.1.6.0
7fa9b2c89000-7fa9b2c9f000 r-xp 00000000 08:02 659400                     /lib/x86_64-linux-gnu/libgcc_s.so.1
7fa9b2c9f000-7fa9b2e9e000 ---p 00016000 08:02 659400                     /lib/x86_64-linux-gnu/libgcc_s.so.1
7fa9b2e9e000-7fa9b2e9f000 rw-p 00015000 08:02 659400                     /lib/x86_64-linux-gnu/libgcc_s.so.1
7fa9b2e9f000-7fa9b2f85000 r-xp 00000000 08:02 3941330                    /usr/lib/x86_64-linux-gnu/libstdc++.so.6.0.19
7fa9b2f85000-7fa9b3184000 ---p 000e6000 08:02 3941330                    /usr/lib/x86_64-linux-gnu/libstdc++.so.6.0.19
7fa9b3184000-7fa9b318c000 r--p 000e5000 08:02 3941330                    /usr/lib/x86_64-linux-gnu/libstdc++.so.6.0.19
7fa9b318c000-7fa9b318e000 rw-p 000ed000 08:02 3941330                    /usr/lib/x86_64-linux-gnu/libstdc++.so.6.0.19
7fa9b318e000-7fa9b31a3000 rw-p 00000000 00:00 0 
7fa9b31a3000-7fa9b31bb000 r-xp 00000000 08:02 659536                     /lib/x86_64-linux-gnu/libz.so.1.2.8
7fa9b31bb000-7fa9b33ba000 ---p 00018000 08:02 659536                     /lib/x86_64-linux-gnu/libz.so.1.2.8
7fa9b33ba000-7fa9b33bb000 r--p 00017000 08:02 659536                     /lib/x86_64-linux-gnu/libz.so.1.2.8
7fa9b33bb000-7fa9b33bc000 rw-p 00018000 08:02 659536                     /lib/x86_64-linux-gnu/libz.so.1.2.8
7fa9b33bc000-7fa9b34ec000 r-xp 00000000 08:02 3940420                    /usr/lib/x86_64-linux-gnu/libX11.so.6.3.0
7fa9b34ec000-7fa9b36ec000 ---p 00130000 08:02 3940420                    /usr/lib/x86_64-linux-gnu/libX11.so.6.3.0
7fa9b36ec000-7fa9b36ed000 r--p 00130000 08:02 3940420                    /usr/lib/x86_64-linux-gnu/libX11.so.6.3.0
7fa9b36ed000-7fa9b36f1000 rw-p 00131000 08:02 3940420                    /usr/lib/x86_64-linux-gnu/libX11.so.6.3.0
7fa9b36f1000-7fa9b378e000 r-xp 00000000 08:02 3932540                    /usr/lib/x86_64-linux-gnu/libfreetype.so.6.11.1
7fa9b378e000-7fa9b398d000 ---p 0009d000 08:02 3932540                    /usr/lib/x86_64-linux-gnu/libfreetype.so.6.11.1
7fa9b398d000-7fa9b3993000 r--p 0009c000 08:02 3932540                    /usr/lib/x86_64-linux-gnu/libfreetype.so.6.11.1
7fa9b3993000-7fa9b3994000 rw-p 000a2000 08:02 3932540                    /usr/lib/x86_64-linux-gnu/libfreetype.so.6.11.1
7fa9b3994000-7fa9b39ce000 r-xp 00000000 08:02 3932441                    /usr/lib/x86_64-linux-gnu/libfontconfig.so.1.8.0
7fa9b39ce000-7fa9b3bcd000 ---p 0003a000 08:02 3932441                    /usr/lib/x86_64-linux-gnu/libfontconfig.so.1.8.0
7fa9b3bcd000-7fa9b3bcf000 r--p 00039000 08:02 3932441                    /usr/lib/x86_64-linux-gnu/libfontconfig.so.1.8.0
7fa9b3bcf000-7fa9b3bd0000 rw-p 0003b000 08:02 3932441                    /usr/lib/x86_64-linux-gnu/libfontconfig.so.1.8.0
7fa9b3bd0000-7fa9b3bd9000 r-xp 00000000 08:02 3940459                    /usr/lib/x86_64-linux-gnu/libXrender.so.1.3.0
7fa9b3bd9000-7fa9b3dd8000 ---p 00009000 08:02 3940459                    /usr/lib/x86_64-linux-gnu/libXrender.so.1.3.0
7fa9b3dd8000-7fa9b3dd9000 r--p 00008000 08:02 3940459                    /usr/lib/x86_64-linux-gnu/libXrender.so.1.3.0
7fa9b3dd9000-7fa9b3dda000 rw-p 00009000 08:02 3940459                    /usr/lib/x86_64-linux-gnu/libXrender.so.1.3.0
7fa9b3dda000-7fa9b3dff000 r-xp 00000000 08:02 659488                     /lib/x86_64-linux-gnu/libpng12.so.0.50.0
7fa9b3dff000-7fa9b3ffe000 ---p 00025000 08:02 659488                     /lib/x86_64-linux-gnu/libpng12.so.0.50.0
7fa9b3ffe000-7fa9b3fff000 r--p 00024000 08:02 659488                     /lib/x86_64-linux-gnu/libpng12.so.0.50.0
7fa9b3fff000-7fa9b4000000 rw-p 00025000 08:02 659488                     /lib/x86_64-linux-gnu/libpng12.so.0.50.0
7fa9b4000000-7fa9b4021000 rw-p 00000000 00:00 0 
7fa9b4021000-7fa9b8000000 ---p 00000000 00:00 0 
7fa9b8000000-7fa9b8021000 rw-p 00000000 00:00 0 
7fa9b8021000-7fa9bc000000 ---p 00000000 00:00 0 
7fa9bc000000-7fa9bc021000 rw-p 00000000 00:00 0 
7fa9bc021000-7fa9c0000000 ---p 00000000 00:00 0 
7fa9c0000000-7fa9c002d000 rw-p 00000000 00:00 0 
7fa9c002d000-7fa9c4000000 ---p 00000000 00:00 0 
7fa9c4000000-7fa9c4021000 rw-p 00000000 00:00 0 
7fa9c4021000-7fa9c8000000 ---p 00000000 00:00 0 
7fa9c8000000-7fa9c803e000 rw-p 00000000 00:00 0 
7fa9c803e000-7fa9cc000000 ---p 00000000 00:00 0 
7fa9cc000000-7fa9cc021000 rw-p 00000000 00:00 0 
7fa9cc021000-7fa9d0000000 ---p 00000000 00:00 0 
7fa9d0000000-7fa9d0021000 rw-p 00000000 00:00 0 
7fa9d0021000-7fa9d4000000 ---p 00000000 00:00 0 
7fa9d4000000-7fa9d4021000 rw-p 00000000 00:00 0 
7fa9d4021000-7fa9d8000000 ---p 00000000 00:00 0 
7fa9d8000000-7fa9d8021000 rw-p 00000000 00:00 0 
7fa9d8021000-7fa9dc000000 ---p 00000000 00:00 0 
7fa9dc000000-7fa9dc021000 rw-p 00000000 00:00 0 
7fa9dc021000-7fa9e0000000 ---p 00000000 00:00 0 
7fa9e00c0000-7fa9e0103000 r-xp 00000000 08:02 3941024                    /usr/lib/x86_64-linux-gnu/libjpeg.so.8.0.2
7fa9e0103000-7fa9e0303000 ---p 00043000 08:02 3941024                    /usr/lib/x86_64-linux-gnu/libjpeg.so.8.0.2
7fa9e0303000-7fa9e0304000 r--p 00043000 08:02 3941024                    /usr/lib/x86_64-linux-gnu/libjpeg.so.8.0.2
7fa9e0304000-7fa9e0305000 rw-p 00044000 08:02 3941024                    /usr/lib/x86_64-linux-gnu/libjpeg.so.8.0.2
7fa9e0305000-7fa9e0315000 rw-p 00000000 00:00 0 
7fa9e0315000-7fa9e2a99000 r-xp 00000000 08:02 4205335                    /usr/local/lib/libwkhtmltox.so.0.12.1
7fa9e2a99000-7fa9e2c99000 ---p 02784000 08:02 4205335                    /usr/local/lib/libwkhtmltox.so.0.12.1
7fa9e2c99000-7fa9e2ea2000 r--p 02784000 08:02 4205335                    /usr/local/lib/libwkhtmltox.so.0.12.1
7fa9e2ea2000-7fa9e2ebb000 rw-p 0298d000 08:02 4205335                    /usr/local/lib/libwkhtmltox.so.0.12.1
7fa9e2ebb000-7fa9e2eee000 rw-p 00000000 00:00 0 
7fa9e2eee000-7fa9e2ef0000 r-xp 00000000 00:18 9965819                    /home/dalmir/hpprojects/jwk/c/JWkLib/dist/libJWkLib.so
7fa9e2ef0000-7fa9e30ef000 ---p 00002000 00:18 9965819                    /home/dalmir/hpprojects/jwk/c/JWkLib/dist/libJWkLib.so
7fa9e30ef000-7fa9e30f0000 r--p 00001000 00:18 9965819                    /home/dalmir/hpprojects/jwk/c/JWkLib/dist/libJWkLib.so
7fa9e30f0000-7fa9e30f1000 rw-p 00002000 00:18 9965819                    /home/dalmir/hpprojects/jwk/c/JWkLib/dist/libJWkLib.so
7fa9e30f1000-7fa9e3107000 r-xp 00000000 08:02 5113690                    /usr/lib/jvm/java-8-oracle/jre/lib/amd64/libnet.so
7fa9e3107000-7fa9e3306000 ---p 00016000 08:02 5113690                    /usr/lib/jvm/java-8-oracle/jre/lib/amd64/libnet.so
7fa9e3306000-7fa9e3307000 rw-p 00015000 08:02 5113690                    /usr/lib/jvm/java-8-oracle/jre/lib/amd64/libnet.so
7fa9e3307000-7fa9e3317000 r-xp 00000000 08:02 5113694                    /usr/lib/jvm/java-8-oracle/jre/lib/amd64/libnio.so
7fa9e3317000-7fa9e3517000 ---p 00010000 08:02 5113694                    /usr/lib/jvm/java-8-oracle/jre/lib/amd64/libnio.so
7fa9e3517000-7fa9e3518000 rw-p 00010000 08:02 5113694                    /usr/lib/jvm/java-8-oracle/jre/lib/amd64/libnio.so
7fa9e3518000-7fa9e3519000 ---p 00000000 00:00 0 
7fa9e3519000-7fa9e3619000 rw-p 00000000 00:00 0                          [stack:16229]
7fa9e3619000-7fa9e361c000 ---p 00000000 00:00 0 
7fa9e361c000-7fa9e371a000 rw-p 00000000 00:00 0                          [stack:16228]
7fa9e371a000-7fa9e371d000 ---p 00000000 00:00 0 
7fa9e371d000-7fa9e381b000 rw-p 00000000 00:00 0                          [stack:16227]
7fa9e381b000-7fa9e381e000 ---p 00000000 00:00 0 
7fa9e381e000-7fa9e391c000 rw-p 00000000 00:00 0                          [stack:16226]
7fa9e391c000-7fa9e4000000 r--p 00000000 08:02 3939342                    /usr/lib/locale/locale-archive
7fa9e4000000-7fa9e4021000 rw-p 00000000 00:00 0 
7fa9e4021000-7fa9e8000000 ---p 00000000 00:00 0 
7fa9e80bf000-7fa9e80c2000 ---p 00000000 00:00 0 
7fa9e80c2000-7fa9ec000000 rw-p 00000000 00:00 0                          [stack:16225]
7fa9ec000000-7fa9ec021000 rw-p 00000000 00:00 0 
7fa9ec021000-7fa9f0000000 ---p 00000000 00:00 0 
7fa9f007e000-7fa9f00af000 rw-p 00000000 00:00 0 
7fa9f00af000-7fa9f00b2000 ---p 00000000 00:00 0 
7fa9f00b2000-7fa9f01b0000 rw-p 00000000 00:00 0                          [stack:16224]
7fa9f01b0000-7fa9f01b3000 ---p 00000000 00:00 0 
7fa9f01b3000-7fa9f02b1000 rw-p 00000000 00:00 0                          [stack:16223]
7fa9f02b1000-7fa9f02b4000 ---p 00000000 00:00 0 
7fa9f02b4000-7fa9f03b2000 rw-p 00000000 00:00 0                          [stack:16222]
7fa9f03b2000-7fa9f03b3000 ---p 00000000 00:00 0 
7fa9f03b3000-7fa9f1000000 rw-p 00000000 00:00 0                          [stack:16221]
7fa9f1000000-7fa9f1270000 rwxp 00000000 00:00 0 
7fa9f1270000-7faa00000000 ---p 00000000 00:00 0 
7faa00000000-7faa000fc000 rw-p 00000000 00:00 0 
7faa000fc000-7faa04000000 ---p 00000000 00:00 0 
7faa04015000-7faa044aa000 rw-p 00000000 00:00 0 
7faa044aa000-7faa0467e000 r--s 03c50000 08:02 5113745                    /usr/lib/jvm/java-8-oracle/jre/lib/rt.jar
7faa0467e000-7faa04b34000 rw-p 00000000 00:00 0 
7faa04b34000-7faa04ef4000 ---p 00000000 00:00 0 
7faa04ef4000-7faa052d8000 rw-p 00000000 00:00 0 
7faa052d8000-7faa052d9000 ---p 00000000 00:00 0 
7faa052d9000-7faa053d9000 rw-p 00000000 00:00 0                          [stack:16220]
7faa053d9000-7faa053da000 ---p 00000000 00:00 0 
7faa053da000-7faa054da000 rw-p 00000000 00:00 0                          [stack:16219]
7faa054da000-7faa054db000 ---p 00000000 00:00 0 
7faa054db000-7faa055db000 rw-p 00000000 00:00 0                          [stack:16218]
7faa055db000-7faa055dc000 ---p 00000000 00:00 0 
7faa055dc000-7faa0571b000 rw-p 00000000 00:00 0                          [stack:16217]
7faa0571b000-7faa05974000 ---p 00000000 00:00 0 
7faa05974000-7faa059b3000 rw-p 00000000 00:00 0 
7faa059b3000-7faa05c0c000 ---p 00000000 00:00 0 
7faa05c0c000-7faa05c0d000 rw-p 00000000 00:00 0 
7faa05c0d000-7faa05d58000 ---p 00000000 00:00 0 
7faa05d58000-7faa05d63000 rw-p 00000000 00:00 0 
7faa05d63000-7faa06119000 ---p 00000000 00:00 0 
7faa06119000-7faa06135000 r-xp 00000000 08:02 5113717                    /usr/lib/jvm/java-8-oracle/jre/lib/amd64/libzip.so
7faa06135000-7faa06334000 ---p 0001c000 08:02 5113717                    /usr/lib/jvm/java-8-oracle/jre/lib/amd64/libzip.so
7faa06334000-7faa06335000 rw-p 0001b000 08:02 5113717                    /usr/lib/jvm/java-8-oracle/jre/lib/amd64/libzip.so
7faa06335000-7faa06340000 r-xp 00000000 08:02 657978                     /lib/x86_64-linux-gnu/libnss_files-2.19.so
7faa06340000-7faa0653f000 ---p 0000b000 08:02 657978                     /lib/x86_64-linux-gnu/libnss_files-2.19.so
7faa0653f000-7faa06540000 r--p 0000a000 08:02 657978                     /lib/x86_64-linux-gnu/libnss_files-2.19.so
7faa06540000-7faa06541000 rw-p 0000b000 08:02 657978                     /lib/x86_64-linux-gnu/libnss_files-2.19.so
7faa06541000-7faa0654c000 r-xp 00000000 08:02 656672                     /lib/x86_64-linux-gnu/libnss_nis-2.19.so
7faa0654c000-7faa0674b000 ---p 0000b000 08:02 656672                     /lib/x86_64-linux-gnu/libnss_nis-2.19.so
7faa0674b000-7faa0674c000 r--p 0000a000 08:02 656672                     /lib/x86_64-linux-gnu/libnss_nis-2.19.so
7faa0674c000-7faa0674d000 rw-p 0000b000 08:02 656672                     /lib/x86_64-linux-gnu/libnss_nis-2.19.so
7faa0674d000-7faa06764000 r-xp 00000000 08:02 657980                     /lib/x86_64-linux-gnu/libnsl-2.19.so
7faa06764000-7faa06963000 ---p 00017000 08:02 657980                     /lib/x86_64-linux-gnu/libnsl-2.19.so
7faa06963000-7faa06964000 r--p 00016000 08:02 657980                     /lib/x86_64-linux-gnu/libnsl-2.19.so
7faa06964000-7faa06965000 rw-p 00017000 08:02 657980                     /lib/x86_64-linux-gnu/libnsl-2.19.so
7faa06965000-7faa06967000 rw-p 00000000 00:00 0 
7faa06967000-7faa06970000 r-xp 00000000 08:02 657973                     /lib/x86_64-linux-gnu/libnss_compat-2.19.so
7faa06970000-7faa06b6f000 ---p 00009000 08:02 657973                     /lib/x86_64-linux-gnu/libnss_compat-2.19.so
7faa06b6f000-7faa06b70000 r--p 00008000 08:02 657973                     /lib/x86_64-linux-gnu/libnss_compat-2.19.so
7faa06b70000-7faa06b71000 rw-p 00009000 08:02 657973                     /lib/x86_64-linux-gnu/libnss_compat-2.19.so
7faa06b71000-7faa06b9b000 r-xp 00000000 08:02 5113705                    /usr/lib/jvm/java-8-oracle/jre/lib/amd64/libjava.so
7faa06b9b000-7faa06d9b000 ---p 0002a000 08:02 5113705                    /usr/lib/jvm/java-8-oracle/jre/lib/amd64/libjava.so
7faa06d9b000-7faa06d9d000 rw-p 0002a000 08:02 5113705                    /usr/lib/jvm/java-8-oracle/jre/lib/amd64/libjava.so
7faa06d9d000-7faa06daa000 r-xp 00000000 08:02 5113718                    /usr/lib/jvm/java-8-oracle/jre/lib/amd64/libverify.so
7faa06daa000-7faa06faa000 ---p 0000d000 08:02 5113718                    /usr/lib/jvm/java-8-oracle/jre/lib/amd64/libverify.so
7faa06faa000-7faa06fac000 rw-p 0000d000 08:02 5113718                    /usr/lib/jvm/java-8-oracle/jre/lib/amd64/libverify.so
7faa06fac000-7faa06fb3000 r-xp 00000000 08:02 657976                     /lib/x86_64-linux-gnu/librt-2.19.so
7faa06fb3000-7faa071b2000 ---p 00007000 08:02 657976                     /lib/x86_64-linux-gnu/librt-2.19.so
7faa071b2000-7faa071b3000 r--p 00006000 08:02 657976                     /lib/x86_64-linux-gnu/librt-2.19.so
7faa071b3000-7faa071b4000 rw-p 00007000 08:02 657976                     /lib/x86_64-linux-gnu/librt-2.19.so
7faa071b4000-7faa072b9000 r-xp 00000000 08:02 657977                     /lib/x86_64-linux-gnu/libm-2.19.so
7faa072b9000-7faa074b8000 ---p 00105000 08:02 657977                     /lib/x86_64-linux-gnu/libm-2.19.so
7faa074b8000-7faa074b9000 r--p 00104000 08:02 657977                     /lib/x86_64-linux-gnu/libm-2.19.so
7faa074b9000-7faa074ba000 rw-p 00105000 08:02 657977                     /lib/x86_64-linux-gnu/libm-2.19.so
7faa074ba000-7faa080d4000 r-xp 00000000 08:02 5387306                    /usr/lib/jvm/java-8-oracle/jre/lib/amd64/server/libjvm.so
7faa080d4000-7faa082d4000 ---p 00c1a000 08:02 5387306                    /usr/lib/jvm/java-8-oracle/jre/lib/amd64/server/libjvm.so
7faa082d4000-7faa0839d000 rw-p 00c1a000 08:02 5387306                    /usr/lib/jvm/java-8-oracle/jre/lib/amd64/server/libjvm.so
7faa0839d000-7faa083de000 rw-p 00000000 00:00 0 
7faa083de000-7faa0859a000 r-xp 00000000 08:02 657981                     /lib/x86_64-linux-gnu/libc-2.19.so
7faa0859a000-7faa08799000 ---p 001bc000 08:02 657981                     /lib/x86_64-linux-gnu/libc-2.19.so
7faa08799000-7faa0879d000 r--p 001bb000 08:02 657981                     /lib/x86_64-linux-gnu/libc-2.19.so
7faa0879d000-7faa0879f000 rw-p 001bf000 08:02 657981                     /lib/x86_64-linux-gnu/libc-2.19.so
7faa0879f000-7faa087a4000 rw-p 00000000 00:00 0 
7faa087a4000-7faa087a7000 r-xp 00000000 08:02 657970                     /lib/x86_64-linux-gnu/libdl-2.19.so
7faa087a7000-7faa089a6000 ---p 00003000 08:02 657970                     /lib/x86_64-linux-gnu/libdl-2.19.so
7faa089a6000-7faa089a7000 r--p 00002000 08:02 657970                     /lib/x86_64-linux-gnu/libdl-2.19.so
7faa089a7000-7faa089a8000 rw-p 00003000 08:02 657970                     /lib/x86_64-linux-gnu/libdl-2.19.so
7faa089a8000-7faa089bf000 r-xp 00000000 08:02 4855110                    /usr/lib/jvm/java-8-oracle/lib/amd64/jli/libjli.so
7faa089bf000-7faa08bbe000 ---p 00017000 08:02 4855110                    /usr/lib/jvm/java-8-oracle/lib/amd64/jli/libjli.so
7faa08bbe000-7faa08bbf000 rw-p 00016000 08:02 4855110                    /usr/lib/jvm/java-8-oracle/lib/amd64/jli/libjli.so
7faa08bbf000-7faa08bd8000 r-xp 00000000 08:02 657983                     /lib/x86_64-linux-gnu/libpthread-2.19.so
7faa08bd8000-7faa08dd7000 ---p 00019000 08:02 657983                     /lib/x86_64-linux-gnu/libpthread-2.19.so
7faa08dd7000-7faa08dd8000 r--p 00018000 08:02 657983                     /lib/x86_64-linux-gnu/libpthread-2.19.so
7faa08dd8000-7faa08dd9000 rw-p 00019000 08:02 657983                     /lib/x86_64-linux-gnu/libpthread-2.19.so
7faa08dd9000-7faa08ddd000 rw-p 00000000 00:00 0 
7faa08ddd000-7faa08e00000 r-xp 00000000 08:02 657969                     /lib/x86_64-linux-gnu/ld-2.19.so
7faa08e14000-7faa08edf000 rw-p 00000000 00:00 0 
7faa08edf000-7faa08ee2000 ---p 00000000 00:00 0 
7faa08ee2000-7faa08fe4000 rw-p 00000000 00:00 0                          [stack:16216]
7faa08ff1000-7faa08ff3000 rw-p 00000000 00:00 0 
7faa08ff3000-7faa08ffb000 rw-s 00000000 08:02 42                         /tmp/hsperfdata_dalmir/16212
7faa08ffb000-7faa08ffc000 rw-p 00000000 00:00 0 
7faa08ffc000-7faa08ffd000 r--p 00000000 00:00 0 
7faa08ffd000-7faa08fff000 rw-p 00000000 00:00 0 
7faa08fff000-7faa09000000 r--p 00022000 08:02 657969                     /lib/x86_64-linux-gnu/ld-2.19.so
7faa09000000-7faa09001000 rw-p 00023000 08:02 657969                     /lib/x86_64-linux-gnu/ld-2.19.so
7faa09001000-7faa09002000 rw-p 00000000 00:00 0 
7fff4cb30000-7fff4cb51000 rw-p 00000000 00:00 0                          [stack]
7fff4cbfe000-7fff4cc00000 r-xp 00000000 00:00 0                          [vdso]
ffffffffff600000-ffffffffff601000 r-xp 00000000 00:00 0                  [vsyscall]

VM Arguments:
jvm_args: -Dfile.encoding=UTF-8 
java_command: jwk.JWk
java_class_path (initial): /home/dalmir/hpprojects/jwk/java/JWk/build/classes
Launcher Type: SUN_STANDARD

Environment Variables:
PATH=/home/dalmir/bin:/usr/local/sbin:/usr/local/bin:/usr/sbin:/usr/bin:/sbin:/bin:/usr/games:/usr/local/games
LD_LIBRARY_PATH=/usr/lib/jvm/java-8-oracle/jre/lib/amd64:/usr/lib/jvm/java-8-oracle/jre/lib/i386:
SHELL=/bin/bash
DISPLAY=:0

Signal Handlers:
SIGSEGV: [libjvm.so+0xa2fde0], sa_mask[0]=0x7ffbfeff, sa_flags=0x10000004
SIGBUS: [libjvm.so+0xa2fde0], sa_mask[0]=0x7ffbfeff, sa_flags=0x10000004
SIGFPE: [libjvm.so+0x89b420], sa_mask[0]=0x7ffbfeff, sa_flags=0x10000004
SIGPIPE: [libjvm.so+0x89b420], sa_mask[0]=0x7ffbfeff, sa_flags=0x10000004
SIGXFSZ: [libjvm.so+0x89b420], sa_mask[0]=0x7ffbfeff, sa_flags=0x10000004
SIGILL: [libjvm.so+0x89b420], sa_mask[0]=0x7ffbfeff, sa_flags=0x10000004
SIGUSR1: SIG_DFL, sa_mask[0]=0x00000000, sa_flags=0x00000000
SIGUSR2: [libjvm.so+0x89cbc0], sa_mask[0]=0x00000004, sa_flags=0x10000004
SIGHUP: [libjvm.so+0x89de70], sa_mask[0]=0x7ffbfeff, sa_flags=0x10000004
SIGINT: SIG_IGN, sa_mask[0]=0x00000000, sa_flags=0x00000000
SIGTERM: [libjvm.so+0x89de70], sa_mask[0]=0x7ffbfeff, sa_flags=0x10000004
SIGQUIT: [libjvm.so+0x89de70], sa_mask[0]=0x7ffbfeff, sa_flags=0x10000004


---------------  S Y S T E M  ---------------

OS:DISTRIB_ID=Ubuntu
DISTRIB_RELEASE=14.04
DISTRIB_CODENAME=trusty
DISTRIB_DESCRIPTION="Ubuntu 14.04.1 LTS"

uname:Linux 3.13.0-34-generic #60-Ubuntu SMP Wed Aug 13 15:45:27 UTC 2014 x86_64
libc:glibc 2.19 NPTL 2.19 
rlimit: STACK 8192k, CORE 0k, NPROC 63495, NOFILE 4096, AS infinity
load average:1,01 1,66 1,66

/proc/meminfo:
MemTotal:        8156820 kB
MemFree:          139876 kB
Buffers:           69160 kB
Cached:          1296568 kB
SwapCached:            0 kB
Active:          4720972 kB
Inactive:         730592 kB
Active(anon):    4087568 kB
Inactive(anon):    82712 kB
Active(file):     633404 kB
Inactive(file):   647880 kB
Unevictable:         112 kB
Mlocked:             112 kB
SwapTotal:             0 kB
SwapFree:              0 kB
Dirty:              1036 kB
Writeback:             0 kB
AnonPages:       4085872 kB
Mapped:          2448932 kB
Shmem:             84524 kB
Slab:             168088 kB
SReclaimable:      88536 kB
SUnreclaim:        79552 kB
KernelStack:        8248 kB
PageTables:        85776 kB
NFS_Unstable:          0 kB
Bounce:                0 kB
WritebackTmp:          0 kB
CommitLimit:     4078408 kB
Committed_AS:   13300220 kB
VmallocTotal:   34359738367 kB
VmallocUsed:      126184 kB
VmallocChunk:   34359571452 kB
HardwareCorrupted:     0 kB
AnonHugePages:   1413120 kB
HugePages_Total:       0
HugePages_Free:        0
HugePages_Rsvd:        0
HugePages_Surp:        0
Hugepagesize:       2048 kB
DirectMap4k:      419476 kB
DirectMap2M:     7952384 kB


CPU:total 4 (4 cores per cpu, 1 threads per core) family 6 model 26 stepping 5, cmov, cx8, fxsr, mmx, sse, sse2, sse3, ssse3, sse4.1, sse4.2, popcnt, tsc, tscinvbit

/proc/cpuinfo:
processor	: 0
vendor_id	: GenuineIntel
cpu family	: 6
model		: 26
model name	: Intel(R) Xeon(R) CPU           E5506  @ 2.13GHz
stepping	: 5
microcode	: 0x19
cpu MHz		: 1596.000
cache size	: 4096 KB
physical id	: 0
siblings	: 4
core id		: 0
cpu cores	: 4
apicid		: 0
initial apicid	: 0
fpu		: yes
fpu_exception	: yes
cpuid level	: 11
wp		: yes
flags		: fpu vme de pse tsc msr pae mce cx8 apic sep mtrr pge mca cmov pat pse36 clflush dts acpi mmx fxsr sse sse2 ss ht tm pbe syscall nx rdtscp lm constant_tsc arch_perfmon pebs bts rep_good nopl xtopology nonstop_tsc aperfmperf pni dtes64 monitor ds_cpl vmx est tm2 ssse3 cx16 xtpr pdcm dca sse4_1 sse4_2 popcnt lahf_lm dtherm tpr_shadow vnmi flexpriority ept vpid
bogomips	: 4255.72
clflush size	: 64
cache_alignment	: 64
address sizes	: 40 bits physical, 48 bits virtual
power management:

processor	: 1
vendor_id	: GenuineIntel
cpu family	: 6
model		: 26
model name	: Intel(R) Xeon(R) CPU           E5506  @ 2.13GHz
stepping	: 5
microcode	: 0x19
cpu MHz		: 2128.000
cache size	: 4096 KB
physical id	: 0
siblings	: 4
core id		: 1
cpu cores	: 4
apicid		: 2
initial apicid	: 2
fpu		: yes
fpu_exception	: yes
cpuid level	: 11
wp		: yes
flags		: fpu vme de pse tsc msr pae mce cx8 apic sep mtrr pge mca cmov pat pse36 clflush dts acpi mmx fxsr sse sse2 ss ht tm pbe syscall nx rdtscp lm constant_tsc arch_perfmon pebs bts rep_good nopl xtopology nonstop_tsc aperfmperf pni dtes64 monitor ds_cpl vmx est tm2 ssse3 cx16 xtpr pdcm dca sse4_1 sse4_2 popcnt lahf_lm dtherm tpr_shadow vnmi flexpriority ept vpid
bogomips	: 4255.72
clflush size	: 64
cache_alignment	: 64
address sizes	: 40 bits physical, 48 bits virtual
power management:

processor	: 2
vendor_id	: GenuineIntel
cpu family	: 6
model		: 26
model name	: Intel(R) Xeon(R) CPU           E5506  @ 2.13GHz
stepping	: 5
microcode	: 0x19
cpu MHz		: 1596.000
cache size	: 4096 KB
physical id	: 0
siblings	: 4
core id		: 2
cpu cores	: 4
apicid		: 4
initial apicid	: 4
fpu		: yes
fpu_exception	: yes
cpuid level	: 11
wp		: yes
flags		: fpu vme de pse tsc msr pae mce cx8 apic sep mtrr pge mca cmov pat pse36 clflush dts acpi mmx fxsr sse sse2 ss ht tm pbe syscall nx rdtscp lm constant_tsc arch_perfmon pebs bts rep_good nopl xtopology nonstop_tsc aperfmperf pni dtes64 monitor ds_cpl vmx est tm2 ssse3 cx16 xtpr pdcm dca sse4_1 sse4_2 popcnt lahf_lm dtherm tpr_shadow vnmi flexpriority ept vpid
bogomips	: 4255.72
clflush size	: 64
cache_alignment	: 64
address sizes	: 40 bits physical, 48 bits virtual
power management:

processor	: 3
vendor_id	: GenuineIntel
cpu family	: 6
model		: 26
model name	: Intel(R) Xeon(R) CPU           E5506  @ 2.13GHz
stepping	: 5
microcode	: 0x19
cpu MHz		: 2128.000
cache size	: 4096 KB
physical id	: 0
siblings	: 4
core id		: 3
cpu cores	: 4
apicid		: 6
initial apicid	: 6
fpu		: yes
fpu_exception	: yes
cpuid level	: 11
wp		: yes
flags		: fpu vme de pse tsc msr pae mce cx8 apic sep mtrr pge mca cmov pat pse36 clflush dts acpi mmx fxsr sse sse2 ss ht tm pbe syscall nx rdtscp lm constant_tsc arch_perfmon pebs bts rep_good nopl xtopology nonstop_tsc aperfmperf pni dtes64 monitor ds_cpl vmx est tm2 ssse3 cx16 xtpr pdcm dca sse4_1 sse4_2 popcnt lahf_lm dtherm tpr_shadow vnmi flexpriority ept vpid
bogomips	: 4255.72
clflush size	: 64
cache_alignment	: 64
address sizes	: 40 bits physical, 48 bits virtual
power management:



Memory: 4k page, physical 8156820k(139876k free), swap 0k(0k free)

vm_info: Java HotSpot(TM) 64-Bit Server VM (25.11-b03) for linux-amd64 JRE (1.8.0_11-b12), built on Jun 16 2014 17:29:59 by "java_re" with gcc 4.3.0 20080428 (Red Hat 4.3.0-8)

time: Mon Aug 25 15:53:35 2014
elapsed time: 0 seconds

