#
# A fatal error has been detected by the Java Runtime Environment:
#
#  SIGSEGV (0xb) at pc=0x00007fb80e4d9720, pid=26352, tid=140428461274880
#
# JRE version: Java(TM) SE Runtime Environment (8.0_20-b26) (build 1.8.0_20-b26)
# Java VM: Java HotSpot(TM) 64-Bit Server VM (25.20-b23 mixed mode linux-amd64 compressed oops)
# Problematic frame:
# C  [libwkhtmltox.so.0+0x10b2720]
#
# Failed to write core dump. Core dumps have been disabled. To enable core dumping, try "ulimit -c unlimited" before starting Java again
#
# If you would like to submit a bug report, please visit:
#   http://bugreport.sun.com/bugreport/crash.jsp
# The crash happened outside the Java Virtual Machine in native code.
# See problematic frame for where to report the bug.
#

---------------  T H R E A D  ---------------

Current thread (0x00007fb858103000):  JavaThread "Thread-0" [_thread_in_native, id=26370, stack(0x00007fb80c7cf000,0x00007fb80c8d0000)]

siginfo: si_signo: 11 (SIGSEGV), si_code: 1 (SEGV_MAPERR), si_addr: 0x0000000000000000

Registers:
RAX=0x00000000000003f0, RBX=0x00007fb80c3ce2a0, RCX=0x00007fb80c3e4000, RDX=0x00007fb80c3e4000
RSP=0x00007fb80c8cdfa0, RBP=0x0000000000000000, RSI=0x0000000000000000, RDI=0x0000000000000000
R8 =0x00007fb80c3e3800, R9 =0x00007fb80ffe5a00, R10=0x00007fb80ffe59d0, R11=0x00007fb80ffe5a00
R12=0x0000000000000400, R13=0x0000000000000000, R14=0x00007fb80c8ce0a0, R15=0x00007fb80c3ce2a0
RIP=0x00007fb80e4d9720, EFLAGS=0x0000000000010206, CSGSFS=0x0000000000000033, ERR=0x0000000000000004
  TRAPNO=0x000000000000000e

Top of Stack: (sp=0x00007fb80c8cdfa0)
0x00007fb80c8cdfa0:   0000000000000028 00007fb80c3d8f00
0x00007fb80c8cdfb0:   00007fb80401bdc0 00007fb804001f90
0x00007fb80c8cdfc0:   0000000000000000 00007fb80e4d9b5e
0x00007fb80c8cdfd0:   00007fb80c8ce090 00007fb80c8ce098
0x00007fb80c8cdfe0:   00007fb80c3dbe88 000000010d181f2d
0x00007fb80c8cdff0:   00007fb80c3d8f00 00007fb80c3d8f00
0x00007fb80c8ce000:   00007fb80401bdc0 00007fb804001f90
0x00007fb80c8ce010:   00007fb80401c0e0 00007fb804014c70
0x00007fb80c8ce020:   00007fb80401bef0 00007fb80e4d9f25
0x00007fb80c8ce030:   00007fb80c3dbe88 00007fb80c3dbe88
0x00007fb80c8ce040:   00007fb804016680 00007fb80da1ff45
0x00007fb80c8ce050:   00007fb80c3e1f00 00007fb8400565f8
0x00007fb80c8ce060:   00007fb804016260 00000000000000f0
0x00007fb80c8ce070:   00007fb80c3d2cb0 00007fb80401bdc0
0x00007fb80c8ce080:   00007fb804016560 00007fb80da1ff45
0x00007fb80c8ce090:   00007fb80401bdc0 00007fb80c3d8f00
0x00007fb80c8ce0a0:   00007fb800000011 00007fb80c3d8f00
0x00007fb80c8ce0b0:   00007fb80c3d8000 00007fb80e91a9be
0x00007fb80c8ce0c0:   00007fb804001f90 00007fb80c3d46c8
0x00007fb80c8ce0d0:   00007fb80c3d8f00 00007fb804016760
0x00007fb80c8ce0e0:   00007fb804001f90 00007fb80401bdc0
0x00007fb80c8ce0f0:   00007fb80401b7b8 00007fb80dcab672
0x00007fb80c8ce100:   00007fb804001f90 00007fb80401bdc0
0x00007fb80c8ce110:   00007fb80401bdc0 00007fb80c8ce1d0
0x00007fb80c8ce120:   00007fb80c3d46c8 00007fb80401b7a0
0x00007fb80c8ce130:   00007fb80401b7a8 00007fb80dd9b867
0x00007fb80c8ce140:   00007fb80401b7a0 00007fb80401b7a8
0x00007fb80c8ce150:   00007fb80401b7b8 00007fb85e856600
0x00007fb80c8ce160:   00007fb80c8ce1d0 0000000000000120
0x00007fb80c8ce170:   00007fb804016760 00007fb80401b710
0x00007fb80c8ce180:   00007fb80401bdc0 00007fb80c8ce1d0
0x00007fb80c8ce190:   00007fb80401b7a0 00007fb80d9d0757 

Instructions: (pc=0x00007fb80e4d9720)
0x00007fb80e4d9700:   84 32 01 00 00 41 8d 44 24 ff 48 89 ef 48 c1 e0
0x00007fb80e4d9710:   04 4c 8d 64 05 10 66 2e 0f 1f 84 00 00 00 00 00
0x00007fb80e4d9720:   4c 8b 07 4d 85 c0 0f 84 fe 00 00 00 49 83 f8 ff
0x00007fb80e4d9730:   0f 84 f4 00 00 00 4c 89 c0 4c 89 c2 44 8b 6b 0c 

Register to memory mapping:

RAX=0x00000000000003f0 is an unknown value
RBX=0x00007fb80c3ce2a0 is an unknown value
RCX=0x00007fb80c3e4000 is an unknown value
RDX=0x00007fb80c3e4000 is an unknown value
RSP=0x00007fb80c8cdfa0 is pointing into the stack for thread: 0x00007fb858103000
RBP=0x0000000000000000 is an unknown value
RSI=0x0000000000000000 is an unknown value
RDI=0x0000000000000000 is an unknown value
R8 =0x00007fb80c3e3800 is an unknown value
R9 =0x00007fb80ffe5a00: <offset 0x2bbea00> in /usr/local/lib/libwkhtmltox.so.0 at 0x00007fb80d427000
R10=0x00007fb80ffe59d0: <offset 0x2bbe9d0> in /usr/local/lib/libwkhtmltox.so.0 at 0x00007fb80d427000
R11=0x00007fb80ffe5a00: <offset 0x2bbea00> in /usr/local/lib/libwkhtmltox.so.0 at 0x00007fb80d427000
R12=0x0000000000000400 is an unknown value
R13=0x0000000000000000 is an unknown value
R14=0x00007fb80c8ce0a0 is pointing into the stack for thread: 0x00007fb858103000
R15=0x00007fb80c3ce2a0 is an unknown value


Stack: [0x00007fb80c7cf000,0x00007fb80c8d0000],  sp=0x00007fb80c8cdfa0,  free space=1019k
Native frames: (J=compiled Java code, j=interpreted, Vv=VM code, C=native code)
C  [libwkhtmltox.so.0+0x10b2720]

Java frames: (J=compiled Java code, j=interpreted, Vv=VM code)
j  jwk.JWk.convertImp(Ljava/lang/String;Ljava/lang/String;Ljava/util/Map;[Ljava/lang/Object;)Z+0
j  jwk.JWk.convert(Ljava/lang/String;Ljava/lang/String;Ljava/util/Map;)V+48
j  jwk.Main$1.run()V+37
v  ~StubRoutines::call_stub

---------------  P R O C E S S  ---------------

Java Threads: ( => current thread )
  0x00007fb858009800 JavaThread "DestroyJavaVM" [_thread_blocked, id=26356, stack(0x00007fb85f2d2000,0x00007fb85f3d3000)]
  0x00007fb858104000 JavaThread "Thread-1" [_thread_in_native, id=26371, stack(0x00007fb80c6ce000,0x00007fb80c7cf000)]
=>0x00007fb858103000 JavaThread "Thread-0" [_thread_in_native, id=26370, stack(0x00007fb80c7cf000,0x00007fb80c8d0000)]
  0x00007fb8580d8800 JavaThread "Service Thread" daemon [_thread_blocked, id=26368, stack(0x00007fb839a31000,0x00007fb839b32000)]
  0x00007fb8580b3000 JavaThread "C1 CompilerThread2" daemon [_thread_blocked, id=26367, stack(0x00007fb839b32000,0x00007fb839c33000)]
  0x00007fb8580b1000 JavaThread "C2 CompilerThread1" daemon [_thread_blocked, id=26366, stack(0x00007fb839c33000,0x00007fb839d34000)]
  0x00007fb8580ae800 JavaThread "C2 CompilerThread0" daemon [_thread_blocked, id=26365, stack(0x00007fb839d34000,0x00007fb839e35000)]
  0x00007fb8580ac000 JavaThread "Signal Dispatcher" daemon [_thread_blocked, id=26364, stack(0x00007fb839e35000,0x00007fb839f36000)]
  0x00007fb85807c000 JavaThread "Finalizer" daemon [_thread_blocked, id=26363, stack(0x00007fb83a61a000,0x00007fb83a71b000)]
  0x00007fb85807a000 JavaThread "Reference Handler" daemon [_thread_blocked, id=26362, stack(0x00007fb83a71b000,0x00007fb83a81c000)]

Other Threads:
  0x00007fb858073000 VMThread [stack: 0x00007fb83a81c000,0x00007fb83a91d000] [id=26361]
  0x00007fb8580db000 WatcherThread [stack: 0x00007fb839930000,0x00007fb839a31000] [id=26369]

VM state:not at safepoint (normal execution)

VM Mutex/Monitor currently owned by a thread: None

Heap:
 PSYoungGen      total 37888K, used 3932K [0x00000000d6800000, 0x00000000d9200000, 0x0000000100000000)
  eden space 32768K, 12% used [0x00000000d6800000,0x00000000d6bd7348,0x00000000d8800000)
  from space 5120K, 0% used [0x00000000d8d00000,0x00000000d8d00000,0x00000000d9200000)
  to   space 5120K, 0% used [0x00000000d8800000,0x00000000d8800000,0x00000000d8d00000)
 ParOldGen       total 86016K, used 0K [0x0000000083800000, 0x0000000088c00000, 0x00000000d6800000)
  object space 86016K, 0% used [0x0000000083800000,0x0000000083800000,0x0000000088c00000)
 Metaspace       used 2626K, capacity 4492K, committed 4864K, reserved 1056768K
  class space    used 280K, capacity 388K, committed 512K, reserved 1048576K

Card table byte_map: [0x00007fb848c1b000,0x00007fb849000000] byte_map_base: 0x00007fb8487ff000

Marking Bits: (ParMarkBitMap*) 0x00007fb85e7a8ac0
 Begin Bits: [0x00007fb8401c0000, 0x00007fb8420e0000)
 End Bits:   [0x00007fb8420e0000, 0x00007fb844000000)

Polling page: 0x00007fb85f3ef000

CodeCache: size=245760Kb used=1083Kb max_used=1083Kb free=244676Kb
 bounds [0x00007fb849000000, 0x00007fb849270000, 0x00007fb858000000]
 total_blobs=251 nmethods=14 adapters=154
 compilation: enabled

Compilation events (10 events):
Event: 0,085 Thread 0x00007fb8580b3000   10       3       java.util.Arrays::copyOfRange (63 bytes)
Event: 0,087 Thread 0x00007fb8580b3000 nmethod 10 0x00007fb84910a850 code [0x00007fb84910aa60, 0x00007fb84910b558]
Event: 0,087 Thread 0x00007fb8580b3000   11       1       java.lang.ref.Reference::get (5 bytes)
Event: 0,087 Thread 0x00007fb8580b3000 nmethod 11 0x00007fb84910bfd0 code [0x00007fb84910c120, 0x00007fb84910c230]
Event: 0,088 Thread 0x00007fb8580b3000   12       1       java.lang.ThreadLocal::access$400 (5 bytes)
Event: 0,088 Thread 0x00007fb8580b3000 nmethod 12 0x00007fb84910c290 code [0x00007fb84910c3e0, 0x00007fb84910c4d0]
Event: 0,094 Thread 0x00007fb8580b3000   13       3       java.lang.String::getChars (62 bytes)
Event: 0,095 Thread 0x00007fb8580b3000 nmethod 13 0x00007fb84910e210 code [0x00007fb84910e3c0, 0x00007fb84910e7f8]
Event: 0,103 Thread 0x00007fb8580b3000   14       3       java.lang.String::startsWith (72 bytes)
Event: 0,103 Thread 0x00007fb8580b3000 nmethod 14 0x00007fb84910ea10 code [0x00007fb84910eb80, 0x00007fb84910eeb0]

GC Heap History (0 events):
No events

Deoptimization events (0 events):
No events

Internal exceptions (6 events):
Event: 0,036 Thread 0x00007fb858009800 Exception <a 'java/lang/NoSuchMethodError': Method sun.misc.Unsafe.defineClass(Ljava/lang/String;[BII)Ljava/lang/Class; name or signature does not match> (0x00000000d6811c68) thrown at [/HUDSON/workspace/8-2-build-linux-amd64/jdk8u20/1074/hotspot/src/shar
Event: 0,036 Thread 0x00007fb858009800 Exception <a 'java/lang/NoSuchMethodError': Method sun.misc.Unsafe.prefetchRead(Ljava/lang/Object;J)V name or signature does not match> (0x00000000d6811ef8) thrown at [/HUDSON/workspace/8-2-build-linux-amd64/jdk8u20/1074/hotspot/src/share/vm/prims/jni.cpp
Event: 0,079 Thread 0x00007fb858009800 Exception <a 'java/security/PrivilegedActionException'> (0x00000000d68542b8) thrown at [/HUDSON/workspace/8-2-build-linux-amd64/jdk8u20/1074/hotspot/src/share/vm/prims/jvm.cpp, line 1275]
Event: 0,087 Thread 0x00007fb858009800 Exception <a 'java/security/PrivilegedActionException'> (0x00000000d685a540) thrown at [/HUDSON/workspace/8-2-build-linux-amd64/jdk8u20/1074/hotspot/src/share/vm/prims/jvm.cpp, line 1275]
Event: 0,088 Thread 0x00007fb858009800 Exception <a 'java/security/PrivilegedActionException'> (0x00000000d685c298) thrown at [/HUDSON/workspace/8-2-build-linux-amd64/jdk8u20/1074/hotspot/src/share/vm/prims/jvm.cpp, line 1275]
Event: 0,103 Thread 0x00007fb858009800 Exception <a 'java/security/PrivilegedActionException'> (0x00000000d68622a0) thrown at [/HUDSON/workspace/8-2-build-linux-amd64/jdk8u20/1074/hotspot/src/share/vm/prims/jvm.cpp, line 1275]

Events (10 events):
Event: 0,104 Thread 0x00007fb858103000 Thread added: 0x00007fb858103000
Event: 0,104 loading class java/util/HashMap$EntrySet
Event: 0,104 Thread 0x00007fb858104000 Thread added: 0x00007fb858104000
Event: 0,105 Thread 0x00007fb858009800 Thread exited: 0x00007fb858009800
Event: 0,105 loading class java/util/HashMap$EntrySet done
Event: 0,105 Thread 0x00007fb858009800 Thread added: 0x00007fb858009800
Event: 0,105 loading class java/util/HashMap$EntryIterator
Event: 0,105 loading class java/util/HashMap$HashIterator
Event: 0,105 loading class java/util/HashMap$HashIterator done
Event: 0,105 loading class java/util/HashMap$EntryIterator done


Dynamic libraries:
00400000-00401000 r-xp 00000000 08:02 5112280                            /usr/lib/jvm/java-8-oracle/bin/java
00600000-00601000 rw-p 00000000 08:02 5112280                            /usr/lib/jvm/java-8-oracle/bin/java
0245c000-0247d000 rw-p 00000000 00:00 0                                  [heap]
83800000-88c00000 rw-p 00000000 00:00 0 
88c00000-d6800000 ---p 00000000 00:00 0 
d6800000-d9200000 rw-p 00000000 00:00 0 
d9200000-100000000 ---p 00000000 00:00 0 
100000000-100080000 rw-p 00000000 00:00 0 
100080000-140000000 ---p 00000000 00:00 0 
7fb7b0000000-7fb7f0000000 rwxp 00000000 00:00 0 
7fb7f0000000-7fb7f0021000 rw-p 00000000 00:00 0 
7fb7f0021000-7fb7f4000000 ---p 00000000 00:00 0 
7fb7f4000000-7fb7f4021000 rw-p 00000000 00:00 0 
7fb7f4021000-7fb7f8000000 ---p 00000000 00:00 0 
7fb7f8000000-7fb7f8021000 rw-p 00000000 00:00 0 
7fb7f8021000-7fb7fc000000 ---p 00000000 00:00 0 
7fb7fc000000-7fb7fc0f4000 rw-p 00000000 00:00 0 
7fb7fc0f4000-7fb800000000 ---p 00000000 00:00 0 
7fb8015f7000-7fb801a07000 rw-p 00000000 00:00 0 
7fb801a07000-7fb801a1e000 r-xp 00000000 08:02 656675                     /lib/x86_64-linux-gnu/libresolv-2.19.so
7fb801a1e000-7fb801c1e000 ---p 00017000 08:02 656675                     /lib/x86_64-linux-gnu/libresolv-2.19.so
7fb801c1e000-7fb801c1f000 r--p 00017000 08:02 656675                     /lib/x86_64-linux-gnu/libresolv-2.19.so
7fb801c1f000-7fb801c20000 rw-p 00018000 08:02 656675                     /lib/x86_64-linux-gnu/libresolv-2.19.so
7fb801c20000-7fb801c22000 rw-p 00000000 00:00 0 
7fb801c22000-7fb801c23000 ---p 00000000 00:00 0 
7fb801c23000-7fb802423000 rw-p 00000000 00:00 0                          [stack:26375]
7fb802423000-7fb802424000 ---p 00000000 00:00 0 
7fb802424000-7fb802c24000 rw-p 00000000 00:00 0                          [stack:26374]
7fb802c24000-7fb802dd5000 r-xp 00000000 08:02 657987                     /lib/x86_64-linux-gnu/libcrypto.so.1.0.0
7fb802dd5000-7fb802fd4000 ---p 001b1000 08:02 657987                     /lib/x86_64-linux-gnu/libcrypto.so.1.0.0
7fb802fd4000-7fb802fef000 r--p 001b0000 08:02 657987                     /lib/x86_64-linux-gnu/libcrypto.so.1.0.0
7fb802fef000-7fb802ffa000 rw-p 001cb000 08:02 657987                     /lib/x86_64-linux-gnu/libcrypto.so.1.0.0
7fb802ffa000-7fb802ffe000 rw-p 00000000 00:00 0 
7fb802ffe000-7fb802fff000 ---p 00000000 00:00 0 
7fb802fff000-7fb8037ff000 rw-p 00000000 00:00 0                          [stack:26373]
7fb8037ff000-7fb803800000 ---p 00000000 00:00 0 
7fb803800000-7fb804000000 rw-p 00000000 00:00 0                          [stack:26372]
7fb804000000-7fb80405d000 rw-p 00000000 00:00 0 
7fb80405d000-7fb808000000 ---p 00000000 00:00 0 
7fb808000000-7fb808021000 rw-p 00000000 00:00 0 
7fb808021000-7fb80c000000 ---p 00000000 00:00 0 
7fb80c16c000-7fb80c1c0000 r-xp 00000000 08:02 657985                     /lib/x86_64-linux-gnu/libssl.so.1.0.0
7fb80c1c0000-7fb80c3c0000 ---p 00054000 08:02 657985                     /lib/x86_64-linux-gnu/libssl.so.1.0.0
7fb80c3c0000-7fb80c3c3000 r--p 00054000 08:02 657985                     /lib/x86_64-linux-gnu/libssl.so.1.0.0
7fb80c3c3000-7fb80c3c9000 rw-p 00057000 08:02 657985                     /lib/x86_64-linux-gnu/libssl.so.1.0.0
7fb80c3c9000-7fb80c4ca000 rw-p 00000000 00:00 0 
7fb80c4ca000-7fb80c4cd000 r-xp 00000000 08:02 4336373                    /usr/lib/x86_64-linux-gnu/gconv/UTF-16.so
7fb80c4cd000-7fb80c6cc000 ---p 00003000 08:02 4336373                    /usr/lib/x86_64-linux-gnu/gconv/UTF-16.so
7fb80c6cc000-7fb80c6cd000 r--p 00002000 08:02 4336373                    /usr/lib/x86_64-linux-gnu/gconv/UTF-16.so
7fb80c6cd000-7fb80c6ce000 rw-p 00003000 08:02 4336373                    /usr/lib/x86_64-linux-gnu/gconv/UTF-16.so
7fb80c6ce000-7fb80c6d1000 ---p 00000000 00:00 0 
7fb80c6d1000-7fb80c7cf000 rw-p 00000000 00:00 0                          [stack:26371]
7fb80c7cf000-7fb80c7d2000 ---p 00000000 00:00 0 
7fb80c7d2000-7fb80c8d0000 rw-p 00000000 00:00 0                          [stack:26370]
7fb80c8d0000-7fb80c8d5000 r-xp 00000000 08:02 3940435                    /usr/lib/x86_64-linux-gnu/libXdmcp.so.6.0.0
7fb80c8d5000-7fb80cad4000 ---p 00005000 08:02 3940435                    /usr/lib/x86_64-linux-gnu/libXdmcp.so.6.0.0
7fb80cad4000-7fb80cad5000 r--p 00004000 08:02 3940435                    /usr/lib/x86_64-linux-gnu/libXdmcp.so.6.0.0
7fb80cad5000-7fb80cad6000 rw-p 00005000 08:02 3940435                    /usr/lib/x86_64-linux-gnu/libXdmcp.so.6.0.0
7fb80cad6000-7fb80cad8000 r-xp 00000000 08:02 3940424                    /usr/lib/x86_64-linux-gnu/libXau.so.6.0.0
7fb80cad8000-7fb80ccd8000 ---p 00002000 08:02 3940424                    /usr/lib/x86_64-linux-gnu/libXau.so.6.0.0
7fb80ccd8000-7fb80ccd9000 r--p 00002000 08:02 3940424                    /usr/lib/x86_64-linux-gnu/libXau.so.6.0.0
7fb80ccd9000-7fb80ccda000 rw-p 00003000 08:02 3940424                    /usr/lib/x86_64-linux-gnu/libXau.so.6.0.0
7fb80ccda000-7fb80ccf7000 r-xp 00000000 08:02 3941492                    /usr/lib/x86_64-linux-gnu/libxcb.so.1.1.0
7fb80ccf7000-7fb80cef7000 ---p 0001d000 08:02 3941492                    /usr/lib/x86_64-linux-gnu/libxcb.so.1.1.0
7fb80cef7000-7fb80cef8000 r--p 0001d000 08:02 3941492                    /usr/lib/x86_64-linux-gnu/libxcb.so.1.1.0
7fb80cef8000-7fb80cef9000 rw-p 0001e000 08:02 3941492                    /usr/lib/x86_64-linux-gnu/libxcb.so.1.1.0
7fb80cef9000-7fb80cf20000 r-xp 00000000 08:02 659395                     /lib/x86_64-linux-gnu/libexpat.so.1.6.0
7fb80cf20000-7fb80d120000 ---p 00027000 08:02 659395                     /lib/x86_64-linux-gnu/libexpat.so.1.6.0
7fb80d120000-7fb80d122000 r--p 00027000 08:02 659395                     /lib/x86_64-linux-gnu/libexpat.so.1.6.0
7fb80d122000-7fb80d123000 rw-p 00029000 08:02 659395                     /lib/x86_64-linux-gnu/libexpat.so.1.6.0
7fb80d123000-7fb80d209000 r-xp 00000000 08:02 3941330                    /usr/lib/x86_64-linux-gnu/libstdc++.so.6.0.19
7fb80d209000-7fb80d408000 ---p 000e6000 08:02 3941330                    /usr/lib/x86_64-linux-gnu/libstdc++.so.6.0.19
7fb80d408000-7fb80d410000 r--p 000e5000 08:02 3941330                    /usr/lib/x86_64-linux-gnu/libstdc++.so.6.0.19
7fb80d410000-7fb80d412000 rw-p 000ed000 08:02 3941330                    /usr/lib/x86_64-linux-gnu/libstdc++.so.6.0.19
7fb80d412000-7fb80d427000 rw-p 00000000 00:00 0 
7fb80d427000-7fb80fbab000 r-xp 00000000 08:02 4205335                    /usr/local/lib/libwkhtmltox.so.0.12.1
7fb80fbab000-7fb80fdab000 ---p 02784000 08:02 4205335                    /usr/local/lib/libwkhtmltox.so.0.12.1
7fb80fdab000-7fb80ffb4000 r--p 02784000 08:02 4205335                    /usr/local/lib/libwkhtmltox.so.0.12.1
7fb80ffb4000-7fb80ffcd000 rw-p 0298d000 08:02 4205335                    /usr/local/lib/libwkhtmltox.so.0.12.1
7fb80ffcd000-7fb810000000 rw-p 00000000 00:00 0 
7fb810000000-7fb810021000 rw-p 00000000 00:00 0 
7fb810021000-7fb814000000 ---p 00000000 00:00 0 
7fb814000000-7fb814021000 rw-p 00000000 00:00 0 
7fb814021000-7fb818000000 ---p 00000000 00:00 0 
7fb818000000-7fb81803e000 rw-p 00000000 00:00 0 
7fb81803e000-7fb81c000000 ---p 00000000 00:00 0 
7fb81c000000-7fb81c021000 rw-p 00000000 00:00 0 
7fb81c021000-7fb820000000 ---p 00000000 00:00 0 
7fb820000000-7fb820021000 rw-p 00000000 00:00 0 
7fb820021000-7fb824000000 ---p 00000000 00:00 0 
7fb824000000-7fb824021000 rw-p 00000000 00:00 0 
7fb824021000-7fb828000000 ---p 00000000 00:00 0 
7fb828000000-7fb828021000 rw-p 00000000 00:00 0 
7fb828021000-7fb82c000000 ---p 00000000 00:00 0 
7fb82c000000-7fb82c021000 rw-p 00000000 00:00 0 
7fb82c021000-7fb830000000 ---p 00000000 00:00 0 
7fb830000000-7fb830021000 rw-p 00000000 00:00 0 
7fb830021000-7fb834000000 ---p 00000000 00:00 0 
7fb834000000-7fb834021000 rw-p 00000000 00:00 0 
7fb834021000-7fb838000000 ---p 00000000 00:00 0 
7fb83803d000-7fb838053000 r-xp 00000000 08:02 659400                     /lib/x86_64-linux-gnu/libgcc_s.so.1
7fb838053000-7fb838252000 ---p 00016000 08:02 659400                     /lib/x86_64-linux-gnu/libgcc_s.so.1
7fb838252000-7fb838253000 rw-p 00015000 08:02 659400                     /lib/x86_64-linux-gnu/libgcc_s.so.1
7fb838253000-7fb83826b000 r-xp 00000000 08:02 659536                     /lib/x86_64-linux-gnu/libz.so.1.2.8
7fb83826b000-7fb83846a000 ---p 00018000 08:02 659536                     /lib/x86_64-linux-gnu/libz.so.1.2.8
7fb83846a000-7fb83846b000 r--p 00017000 08:02 659536                     /lib/x86_64-linux-gnu/libz.so.1.2.8
7fb83846b000-7fb83846c000 rw-p 00018000 08:02 659536                     /lib/x86_64-linux-gnu/libz.so.1.2.8
7fb83846c000-7fb83859c000 r-xp 00000000 08:02 3940420                    /usr/lib/x86_64-linux-gnu/libX11.so.6.3.0
7fb83859c000-7fb83879c000 ---p 00130000 08:02 3940420                    /usr/lib/x86_64-linux-gnu/libX11.so.6.3.0
7fb83879c000-7fb83879d000 r--p 00130000 08:02 3940420                    /usr/lib/x86_64-linux-gnu/libX11.so.6.3.0
7fb83879d000-7fb8387a1000 rw-p 00131000 08:02 3940420                    /usr/lib/x86_64-linux-gnu/libX11.so.6.3.0
7fb8387a1000-7fb83883e000 r-xp 00000000 08:02 3932540                    /usr/lib/x86_64-linux-gnu/libfreetype.so.6.11.1
7fb83883e000-7fb838a3d000 ---p 0009d000 08:02 3932540                    /usr/lib/x86_64-linux-gnu/libfreetype.so.6.11.1
7fb838a3d000-7fb838a43000 r--p 0009c000 08:02 3932540                    /usr/lib/x86_64-linux-gnu/libfreetype.so.6.11.1
7fb838a43000-7fb838a44000 rw-p 000a2000 08:02 3932540                    /usr/lib/x86_64-linux-gnu/libfreetype.so.6.11.1
7fb838a44000-7fb838a7e000 r-xp 00000000 08:02 3932441                    /usr/lib/x86_64-linux-gnu/libfontconfig.so.1.8.0
7fb838a7e000-7fb838c7d000 ---p 0003a000 08:02 3932441                    /usr/lib/x86_64-linux-gnu/libfontconfig.so.1.8.0
7fb838c7d000-7fb838c7f000 r--p 00039000 08:02 3932441                    /usr/lib/x86_64-linux-gnu/libfontconfig.so.1.8.0
7fb838c7f000-7fb838c80000 rw-p 0003b000 08:02 3932441                    /usr/lib/x86_64-linux-gnu/libfontconfig.so.1.8.0
7fb838c80000-7fb838c89000 r-xp 00000000 08:02 3940459                    /usr/lib/x86_64-linux-gnu/libXrender.so.1.3.0
7fb838c89000-7fb838e88000 ---p 00009000 08:02 3940459                    /usr/lib/x86_64-linux-gnu/libXrender.so.1.3.0
7fb838e88000-7fb838e89000 r--p 00008000 08:02 3940459                    /usr/lib/x86_64-linux-gnu/libXrender.so.1.3.0
7fb838e89000-7fb838e8a000 rw-p 00009000 08:02 3940459                    /usr/lib/x86_64-linux-gnu/libXrender.so.1.3.0
7fb838e8a000-7fb838eaf000 r-xp 00000000 08:02 659488                     /lib/x86_64-linux-gnu/libpng12.so.0.50.0
7fb838eaf000-7fb8390ae000 ---p 00025000 08:02 659488                     /lib/x86_64-linux-gnu/libpng12.so.0.50.0
7fb8390ae000-7fb8390af000 r--p 00024000 08:02 659488                     /lib/x86_64-linux-gnu/libpng12.so.0.50.0
7fb8390af000-7fb8390b0000 rw-p 00025000 08:02 659488                     /lib/x86_64-linux-gnu/libpng12.so.0.50.0
7fb8390b0000-7fb8390f3000 r-xp 00000000 08:02 3941024                    /usr/lib/x86_64-linux-gnu/libjpeg.so.8.0.2
7fb8390f3000-7fb8392f3000 ---p 00043000 08:02 3941024                    /usr/lib/x86_64-linux-gnu/libjpeg.so.8.0.2
7fb8392f3000-7fb8392f4000 r--p 00043000 08:02 3941024                    /usr/lib/x86_64-linux-gnu/libjpeg.so.8.0.2
7fb8392f4000-7fb8392f5000 rw-p 00044000 08:02 3941024                    /usr/lib/x86_64-linux-gnu/libjpeg.so.8.0.2
7fb8392f5000-7fb839305000 rw-p 00000000 00:00 0 
7fb839305000-7fb839307000 r-xp 00000000 00:18 9966784                    /home/dalmir/hpprojects/jwk/c/JWkLib/dist/libJWkLib.so
7fb839307000-7fb839506000 ---p 00002000 00:18 9966784                    /home/dalmir/hpprojects/jwk/c/JWkLib/dist/libJWkLib.so
7fb839506000-7fb839507000 r--p 00001000 00:18 9966784                    /home/dalmir/hpprojects/jwk/c/JWkLib/dist/libJWkLib.so
7fb839507000-7fb839508000 rw-p 00002000 00:18 9966784                    /home/dalmir/hpprojects/jwk/c/JWkLib/dist/libJWkLib.so
7fb839508000-7fb83951e000 r-xp 00000000 08:02 5261218                    /usr/lib/jvm/java-8-oracle/jre/lib/amd64/libnet.so
7fb83951e000-7fb83971e000 ---p 00016000 08:02 5261218                    /usr/lib/jvm/java-8-oracle/jre/lib/amd64/libnet.so
7fb83971e000-7fb83971f000 rw-p 00016000 08:02 5261218                    /usr/lib/jvm/java-8-oracle/jre/lib/amd64/libnet.so
7fb83971f000-7fb839730000 r-xp 00000000 08:02 5261222                    /usr/lib/jvm/java-8-oracle/jre/lib/amd64/libnio.so
7fb839730000-7fb83992f000 ---p 00011000 08:02 5261222                    /usr/lib/jvm/java-8-oracle/jre/lib/amd64/libnio.so
7fb83992f000-7fb839930000 rw-p 00010000 08:02 5261222                    /usr/lib/jvm/java-8-oracle/jre/lib/amd64/libnio.so
7fb839930000-7fb839931000 ---p 00000000 00:00 0 
7fb839931000-7fb839a31000 rw-p 00000000 00:00 0                          [stack:26369]
7fb839a31000-7fb839a34000 ---p 00000000 00:00 0 
7fb839a34000-7fb839b32000 rw-p 00000000 00:00 0                          [stack:26368]
7fb839b32000-7fb839b35000 ---p 00000000 00:00 0 
7fb839b35000-7fb839c33000 rw-p 00000000 00:00 0                          [stack:26367]
7fb839c33000-7fb839c36000 ---p 00000000 00:00 0 
7fb839c36000-7fb839d34000 rw-p 00000000 00:00 0                          [stack:26366]
7fb839d34000-7fb839d37000 ---p 00000000 00:00 0 
7fb839d37000-7fb839e35000 rw-p 00000000 00:00 0                          [stack:26365]
7fb839e35000-7fb839e38000 ---p 00000000 00:00 0 
7fb839e38000-7fb839f36000 rw-p 00000000 00:00 0                          [stack:26364]
7fb839f36000-7fb83a61a000 r--p 00000000 08:02 3939342                    /usr/lib/locale/locale-archive
7fb83a61a000-7fb83a61d000 ---p 00000000 00:00 0 
7fb83a61d000-7fb83a71b000 rw-p 00000000 00:00 0                          [stack:26363]
7fb83a71b000-7fb83a71e000 ---p 00000000 00:00 0 
7fb83a71e000-7fb83a81c000 rw-p 00000000 00:00 0                          [stack:26362]
7fb83a81c000-7fb83a81d000 ---p 00000000 00:00 0 
7fb83a81d000-7fb83b62a000 rw-p 00000000 00:00 0                          [stack:26361]
7fb83b62a000-7fb83b800000 r--s 03ca8000 08:02 5112376                    /usr/lib/jvm/java-8-oracle/jre/lib/rt.jar
7fb83b800000-7fb83bc40000 rw-p 00000000 00:00 0 
7fb83bc40000-7fb83c000000 ---p 00000000 00:00 0 
7fb83c000000-7fb83c021000 rw-p 00000000 00:00 0 
7fb83c021000-7fb840000000 ---p 00000000 00:00 0 
7fb840028000-7fb84003c000 r--p 00000000 08:02 4853050                    /usr/share/fonts/type1/gsfonts/n019003l.pfb
7fb84003c000-7fb840045000 rw-p 00000000 00:00 0 
7fb840045000-7fb84006e000 rw-p 00000000 00:00 0 
7fb84006e000-7fb84006f000 r--s 00000000 08:02 5636167                    /var/cache/fontconfig/c05880de57d1f5e948fdfacc138775d9-le64.cache-4
7fb84006f000-7fb84007a000 r--s 00000000 08:02 5636166                    /var/cache/fontconfig/945677eb7aeaf62f1d50efc3fb3ec7d8-le64.cache-4
7fb84007a000-7fb840080000 r--s 00000000 08:02 5636164                    /var/cache/fontconfig/2cd17615ca594fa2959ae173292e504c-le64.cache-4
7fb840080000-7fb840081000 r--s 00000000 08:02 5636163                    /var/cache/fontconfig/e7071f4a29fa870f4323321c154eba04-le64.cache-4
7fb840081000-7fb840088000 r--s 00000000 08:02 5636161                    /var/cache/fontconfig/a755afe4a08bf5b97852ceb7400b47bc-le64.cache-4
7fb840088000-7fb84009c000 r--s 00000000 08:02 5636160                    /var/cache/fontconfig/04aabc0a78ac019cf9454389977116d2-le64.cache-4
7fb84009c000-7fb8400a0000 r--s 00000000 08:02 5636158                    /var/cache/fontconfig/385c0604a188198f04d133e54aba7fe7-le64.cache-4
7fb8400a0000-7fb8400a5000 r--s 00000000 08:02 5636155                    /var/cache/fontconfig/8801497958630a81b71ace7c5f9b32a8-le64.cache-4
7fb8400a5000-7fb8400ac000 r--s 00000000 08:02 5636154                    /var/cache/fontconfig/3047814df9a2f067bd2d96a2b9c36e5a-le64.cache-4
7fb8400ac000-7fb8400bf000 r--s 00000000 08:02 5636150                    /var/cache/fontconfig/d52a8644073d54c13679302ca1180695-le64.cache-4
7fb8400bf000-7fb844000000 rw-p 00000000 00:00 0 
7fb844000000-7fb844021000 rw-p 00000000 00:00 0 
7fb844021000-7fb848000000 ---p 00000000 00:00 0 
7fb848000000-7fb848006000 r--s 00000000 08:02 5636151                    /var/cache/fontconfig/b47c4e1ecd0709278f4910c18777a504-le64.cache-4
7fb848006000-7fb84857f000 rw-p 00000000 00:00 0 
7fb84857f000-7fb848580000 ---p 00000000 00:00 0 
7fb848580000-7fb848680000 rw-p 00000000 00:00 0                          [stack:26360]
7fb848680000-7fb848681000 ---p 00000000 00:00 0 
7fb848681000-7fb848781000 rw-p 00000000 00:00 0                          [stack:26359]
7fb848781000-7fb848782000 ---p 00000000 00:00 0 
7fb848782000-7fb848882000 rw-p 00000000 00:00 0                          [stack:26358]
7fb848882000-7fb848883000 ---p 00000000 00:00 0 
7fb848883000-7fb8489ad000 rw-p 00000000 00:00 0                          [stack:26357]
7fb8489ad000-7fb848c1b000 ---p 00000000 00:00 0 
7fb848c1b000-7fb848c45000 rw-p 00000000 00:00 0 
7fb848c45000-7fb848eb3000 ---p 00000000 00:00 0 
7fb848eb3000-7fb848ec8000 rw-p 00000000 00:00 0 
7fb848ec8000-7fb848fff000 ---p 00000000 00:00 0 
7fb848fff000-7fb849000000 rw-p 00000000 00:00 0 
7fb849000000-7fb849270000 rwxp 00000000 00:00 0 
7fb849270000-7fb858000000 ---p 00000000 00:00 0 
7fb858000000-7fb858106000 rw-p 00000000 00:00 0 
7fb858106000-7fb85c000000 ---p 00000000 00:00 0 
7fb85c000000-7fb85c001000 r--s 00000000 08:02 5636162                    /var/cache/fontconfig/0d8c3b2ac0904cb8a57a757ad11a4a08-le64.cache-4
7fb85c001000-7fb85c002000 r--s 00000000 08:02 5636159                    /var/cache/fontconfig/1ac9eb803944fde146138c791f5cc56a-le64.cache-4
7fb85c002000-7fb85c003000 r--s 00000000 08:02 5636157                    /var/cache/fontconfig/dc05db6664285cc2f12bf69c139ae4c3-le64.cache-4
7fb85c003000-7fb85c00b000 r--s 00000000 08:02 5636149                    /var/cache/fontconfig/3f7329c5293ffd510edef78f73874cfd-le64.cache-4
7fb85c00b000-7fb85c0fb000 rw-p 00000000 00:00 0 
7fb85c0fb000-7fb85c4b1000 ---p 00000000 00:00 0 
7fb85c4b1000-7fb85c4cb000 r-xp 00000000 08:02 5261245                    /usr/lib/jvm/java-8-oracle/jre/lib/amd64/libzip.so
7fb85c4cb000-7fb85c6cb000 ---p 0001a000 08:02 5261245                    /usr/lib/jvm/java-8-oracle/jre/lib/amd64/libzip.so
7fb85c6cb000-7fb85c6cc000 rw-p 0001a000 08:02 5261245                    /usr/lib/jvm/java-8-oracle/jre/lib/amd64/libzip.so
7fb85c6cc000-7fb85c6d7000 r-xp 00000000 08:02 657978                     /lib/x86_64-linux-gnu/libnss_files-2.19.so
7fb85c6d7000-7fb85c8d6000 ---p 0000b000 08:02 657978                     /lib/x86_64-linux-gnu/libnss_files-2.19.so
7fb85c8d6000-7fb85c8d7000 r--p 0000a000 08:02 657978                     /lib/x86_64-linux-gnu/libnss_files-2.19.so
7fb85c8d7000-7fb85c8d8000 rw-p 0000b000 08:02 657978                     /lib/x86_64-linux-gnu/libnss_files-2.19.so
7fb85c8d8000-7fb85c8e3000 r-xp 00000000 08:02 656672                     /lib/x86_64-linux-gnu/libnss_nis-2.19.so
7fb85c8e3000-7fb85cae2000 ---p 0000b000 08:02 656672                     /lib/x86_64-linux-gnu/libnss_nis-2.19.so
7fb85cae2000-7fb85cae3000 r--p 0000a000 08:02 656672                     /lib/x86_64-linux-gnu/libnss_nis-2.19.so
7fb85cae3000-7fb85cae4000 rw-p 0000b000 08:02 656672                     /lib/x86_64-linux-gnu/libnss_nis-2.19.so
7fb85cae4000-7fb85cafb000 r-xp 00000000 08:02 657980                     /lib/x86_64-linux-gnu/libnsl-2.19.so
7fb85cafb000-7fb85ccfa000 ---p 00017000 08:02 657980                     /lib/x86_64-linux-gnu/libnsl-2.19.so
7fb85ccfa000-7fb85ccfb000 r--p 00016000 08:02 657980                     /lib/x86_64-linux-gnu/libnsl-2.19.so
7fb85ccfb000-7fb85ccfc000 rw-p 00017000 08:02 657980                     /lib/x86_64-linux-gnu/libnsl-2.19.so
7fb85ccfc000-7fb85ccfe000 rw-p 00000000 00:00 0 
7fb85ccfe000-7fb85cd07000 r-xp 00000000 08:02 657973                     /lib/x86_64-linux-gnu/libnss_compat-2.19.so
7fb85cd07000-7fb85cf06000 ---p 00009000 08:02 657973                     /lib/x86_64-linux-gnu/libnss_compat-2.19.so
7fb85cf06000-7fb85cf07000 r--p 00008000 08:02 657973                     /lib/x86_64-linux-gnu/libnss_compat-2.19.so
7fb85cf07000-7fb85cf08000 rw-p 00009000 08:02 657973                     /lib/x86_64-linux-gnu/libnss_compat-2.19.so
7fb85cf08000-7fb85cf32000 r-xp 00000000 08:02 5261233                    /usr/lib/jvm/java-8-oracle/jre/lib/amd64/libjava.so
7fb85cf32000-7fb85d132000 ---p 0002a000 08:02 5261233                    /usr/lib/jvm/java-8-oracle/jre/lib/amd64/libjava.so
7fb85d132000-7fb85d134000 rw-p 0002a000 08:02 5261233                    /usr/lib/jvm/java-8-oracle/jre/lib/amd64/libjava.so
7fb85d134000-7fb85d141000 r-xp 00000000 08:02 5261246                    /usr/lib/jvm/java-8-oracle/jre/lib/amd64/libverify.so
7fb85d141000-7fb85d341000 ---p 0000d000 08:02 5261246                    /usr/lib/jvm/java-8-oracle/jre/lib/amd64/libverify.so
7fb85d341000-7fb85d343000 rw-p 0000d000 08:02 5261246                    /usr/lib/jvm/java-8-oracle/jre/lib/amd64/libverify.so
7fb85d343000-7fb85d34a000 r-xp 00000000 08:02 657976                     /lib/x86_64-linux-gnu/librt-2.19.so
7fb85d34a000-7fb85d549000 ---p 00007000 08:02 657976                     /lib/x86_64-linux-gnu/librt-2.19.so
7fb85d549000-7fb85d54a000 r--p 00006000 08:02 657976                     /lib/x86_64-linux-gnu/librt-2.19.so
7fb85d54a000-7fb85d54b000 rw-p 00007000 08:02 657976                     /lib/x86_64-linux-gnu/librt-2.19.so
7fb85d54b000-7fb85d650000 r-xp 00000000 08:02 657977                     /lib/x86_64-linux-gnu/libm-2.19.so
7fb85d650000-7fb85d84f000 ---p 00105000 08:02 657977                     /lib/x86_64-linux-gnu/libm-2.19.so
7fb85d84f000-7fb85d850000 r--p 00104000 08:02 657977                     /lib/x86_64-linux-gnu/libm-2.19.so
7fb85d850000-7fb85d851000 rw-p 00105000 08:02 657977                     /lib/x86_64-linux-gnu/libm-2.19.so
7fb85d851000-7fb85e4bb000 r-xp 00000000 08:02 5387260                    /usr/lib/jvm/java-8-oracle/jre/lib/amd64/server/libjvm.so
7fb85e4bb000-7fb85e6ba000 ---p 00c6a000 08:02 5387260                    /usr/lib/jvm/java-8-oracle/jre/lib/amd64/server/libjvm.so
7fb85e6ba000-7fb85e791000 rw-p 00c69000 08:02 5387260                    /usr/lib/jvm/java-8-oracle/jre/lib/amd64/server/libjvm.so
7fb85e791000-7fb85e7d3000 rw-p 00000000 00:00 0 
7fb85e7d3000-7fb85e98f000 r-xp 00000000 08:02 657981                     /lib/x86_64-linux-gnu/libc-2.19.so
7fb85e98f000-7fb85eb8e000 ---p 001bc000 08:02 657981                     /lib/x86_64-linux-gnu/libc-2.19.so
7fb85eb8e000-7fb85eb92000 r--p 001bb000 08:02 657981                     /lib/x86_64-linux-gnu/libc-2.19.so
7fb85eb92000-7fb85eb94000 rw-p 001bf000 08:02 657981                     /lib/x86_64-linux-gnu/libc-2.19.so
7fb85eb94000-7fb85eb99000 rw-p 00000000 00:00 0 
7fb85eb99000-7fb85eb9c000 r-xp 00000000 08:02 657970                     /lib/x86_64-linux-gnu/libdl-2.19.so
7fb85eb9c000-7fb85ed9b000 ---p 00003000 08:02 657970                     /lib/x86_64-linux-gnu/libdl-2.19.so
7fb85ed9b000-7fb85ed9c000 r--p 00002000 08:02 657970                     /lib/x86_64-linux-gnu/libdl-2.19.so
7fb85ed9c000-7fb85ed9d000 rw-p 00003000 08:02 657970                     /lib/x86_64-linux-gnu/libdl-2.19.so
7fb85ed9d000-7fb85edb2000 r-xp 00000000 08:02 4723865                    /usr/lib/jvm/java-8-oracle/lib/amd64/jli/libjli.so
7fb85edb2000-7fb85efb1000 ---p 00015000 08:02 4723865                    /usr/lib/jvm/java-8-oracle/lib/amd64/jli/libjli.so
7fb85efb1000-7fb85efb2000 rw-p 00014000 08:02 4723865                    /usr/lib/jvm/java-8-oracle/lib/amd64/jli/libjli.so
7fb85efb2000-7fb85efcb000 r-xp 00000000 08:02 657983                     /lib/x86_64-linux-gnu/libpthread-2.19.so
7fb85efcb000-7fb85f1ca000 ---p 00019000 08:02 657983                     /lib/x86_64-linux-gnu/libpthread-2.19.so
7fb85f1ca000-7fb85f1cb000 r--p 00018000 08:02 657983                     /lib/x86_64-linux-gnu/libpthread-2.19.so
7fb85f1cb000-7fb85f1cc000 rw-p 00019000 08:02 657983                     /lib/x86_64-linux-gnu/libpthread-2.19.so
7fb85f1cc000-7fb85f1d0000 rw-p 00000000 00:00 0 
7fb85f1d0000-7fb85f1f3000 r-xp 00000000 08:02 657969                     /lib/x86_64-linux-gnu/ld-2.19.so
7fb85f1f3000-7fb85f1f5000 r--s 00000000 08:02 5636125                    /var/cache/fontconfig/767a8244fc0220cfb567a839d0392e0b-le64.cache-4
7fb85f1f5000-7fb85f1f6000 r--s 00000000 08:02 5636156                    /var/cache/fontconfig/4794a0821666d79190d59a36cb4f44b5-le64.cache-4
7fb85f1f6000-7fb85f1fa000 r--s 00000000 08:02 5636148                    /var/cache/fontconfig/d589a48862398ed80a3d6066f4f56f4c-le64.cache-4
7fb85f1fa000-7fb85f207000 r--s 00000000 08:02 5636399                    /var/cache/fontconfig/e13b20fdb08344e0e664864cc2ede53d-le64.cache-4
7fb85f207000-7fb85f2d2000 rw-p 00000000 00:00 0 
7fb85f2d2000-7fb85f2d5000 ---p 00000000 00:00 0 
7fb85f2d5000-7fb85f3d7000 rw-p 00000000 00:00 0                          [stack:26356]
7fb85f3d7000-7fb85f3d8000 r--s 00000000 08:02 5636153                    /var/cache/fontconfig/56cf4f4769d0f4abc89a4895d7bd3ae1-le64.cache-4
7fb85f3d8000-7fb85f3d9000 r--s 00000000 08:02 5636152                    /var/cache/fontconfig/b9d506c9ac06c20b433354fa67a72993-le64.cache-4
7fb85f3d9000-7fb85f3da000 r--s 00000000 08:02 5636147                    /var/cache/fontconfig/0c9eb80ebd1c36541ebe2852d3bb0c49-le64.cache-4
7fb85f3da000-7fb85f3de000 r--s 00000000 08:02 5636274                    /var/cache/fontconfig/7ef2298fde41cc6eeb7af42e48b7d293-le64.cache-4
7fb85f3de000-7fb85f3e5000 r--s 00000000 08:02 4336385                    /usr/lib/x86_64-linux-gnu/gconv/gconv-modules.cache
7fb85f3e5000-7fb85f3e6000 rw-p 00000000 00:00 0 
7fb85f3e6000-7fb85f3ee000 rw-s 00000000 08:02 46                         /tmp/hsperfdata_dalmir/26352
7fb85f3ee000-7fb85f3ef000 rw-p 00000000 00:00 0 
7fb85f3ef000-7fb85f3f0000 r--p 00000000 00:00 0 
7fb85f3f0000-7fb85f3f2000 rw-p 00000000 00:00 0 
7fb85f3f2000-7fb85f3f3000 r--p 00022000 08:02 657969                     /lib/x86_64-linux-gnu/ld-2.19.so
7fb85f3f3000-7fb85f3f4000 rw-p 00023000 08:02 657969                     /lib/x86_64-linux-gnu/ld-2.19.so
7fb85f3f4000-7fb85f3f5000 rw-p 00000000 00:00 0 
7fffae841000-7fffae862000 rw-p 00000000 00:00 0                          [stack]
7fffae9fe000-7fffaea00000 r-xp 00000000 00:00 0                          [vdso]
ffffffffff600000-ffffffffff601000 r-xp 00000000 00:00 0                  [vsyscall]

VM Arguments:
jvm_args: -Dfile.encoding=UTF-8 
java_command: jwk.Main
java_class_path (initial): /home/dalmir/hpprojects/jwk/java/JWk/build/classes
Launcher Type: SUN_STANDARD

Environment Variables:
PATH=/home/dalmir/bin:/usr/local/sbin:/usr/local/bin:/usr/sbin:/usr/bin:/sbin:/bin:/usr/games:/usr/local/games
LD_LIBRARY_PATH=/usr/lib/jvm/java-8-oracle/jre/lib/amd64:/usr/lib/jvm/java-8-oracle/jre/lib/i386:
SHELL=/bin/bash
DISPLAY=:0

Signal Handlers:
SIGSEGV: [libjvm.so+0xa77530], sa_mask[0]=11111111011111111101111111111110, sa_flags=SA_RESTART|SA_SIGINFO
SIGBUS: [libjvm.so+0xa77530], sa_mask[0]=11111111011111111101111111111110, sa_flags=SA_RESTART|SA_SIGINFO
SIGFPE: [libjvm.so+0x8e1d90], sa_mask[0]=11111111011111111101111111111110, sa_flags=SA_RESTART|SA_SIGINFO
SIGPIPE: SIG_IGN, sa_mask[0]=00000000000000000000000000000000, sa_flags=none
SIGXFSZ: [libjvm.so+0x8e1d90], sa_mask[0]=11111111011111111101111111111110, sa_flags=SA_RESTART|SA_SIGINFO
SIGILL: [libjvm.so+0x8e1d90], sa_mask[0]=11111111011111111101111111111110, sa_flags=SA_RESTART|SA_SIGINFO
SIGUSR1: SIG_DFL, sa_mask[0]=00000000000000000000000000000000, sa_flags=none
SIGUSR2: [libjvm.so+0x8e35c0], sa_mask[0]=00100000000000000000000000000000, sa_flags=SA_RESTART|SA_SIGINFO
SIGHUP: [libjvm.so+0x8e4980], sa_mask[0]=11111111011111111101111111111110, sa_flags=SA_RESTART|SA_SIGINFO
SIGINT: SIG_IGN, sa_mask[0]=00000000000000000000000000000000, sa_flags=none
SIGTERM: [libjvm.so+0x8e4980], sa_mask[0]=11111111011111111101111111111110, sa_flags=SA_RESTART|SA_SIGINFO
SIGQUIT: [libjvm.so+0x8e4980], sa_mask[0]=11111111011111111101111111111110, sa_flags=SA_RESTART|SA_SIGINFO


---------------  S Y S T E M  ---------------

OS:DISTRIB_ID=Ubuntu
DISTRIB_RELEASE=14.04
DISTRIB_CODENAME=trusty
DISTRIB_DESCRIPTION="Ubuntu 14.04.1 LTS"

uname:Linux 3.13.0-34-generic #60-Ubuntu SMP Wed Aug 13 15:45:27 UTC 2014 x86_64
libc:glibc 2.19 NPTL 2.19 
rlimit: STACK 8192k, CORE 0k, NPROC 63495, NOFILE 4096, AS infinity
load average:1,04 0,80 0,75

/proc/meminfo:
MemTotal:        8156820 kB
MemFree:          142040 kB
Buffers:           11372 kB
Cached:           343180 kB
SwapCached:            0 kB
Active:          5245680 kB
Inactive:         199744 kB
Active(anon):    5092288 kB
Inactive(anon):    78040 kB
Active(file):     153392 kB
Inactive(file):   121704 kB
Unevictable:         112 kB
Mlocked:             112 kB
SwapTotal:             0 kB
SwapFree:              0 kB
Dirty:               508 kB
Writeback:             0 kB
AnonPages:       5091008 kB
Mapped:          2340896 kB
Shmem:             79456 kB
Slab:             123572 kB
SReclaimable:      37588 kB
SUnreclaim:        85984 kB
KernelStack:        9224 kB
PageTables:       116324 kB
NFS_Unstable:          0 kB
Bounce:                0 kB
WritebackTmp:          0 kB
CommitLimit:     4078408 kB
Committed_AS:   16217456 kB
VmallocTotal:   34359738367 kB
VmallocUsed:      126216 kB
VmallocChunk:   34359570940 kB
HardwareCorrupted:     0 kB
AnonHugePages:   1773568 kB
HugePages_Total:       0
HugePages_Free:        0
HugePages_Rsvd:        0
HugePages_Surp:        0
Hugepagesize:       2048 kB
DirectMap4k:     2164372 kB
DirectMap2M:     6207488 kB


CPU:total 4 (4 cores per cpu, 1 threads per core) family 6 model 26 stepping 5, cmov, cx8, fxsr, mmx, sse, sse2, sse3, ssse3, sse4.1, sse4.2, popcnt, tsc, tscinvbit, tscinv

/proc/cpuinfo:
processor	: 0
vendor_id	: GenuineIntel
cpu family	: 6
model		: 26
model name	: Intel(R) Xeon(R) CPU           E5506  @ 2.13GHz
stepping	: 5
microcode	: 0x19
cpu MHz		: 1596.000
cache size	: 4096 KB
physical id	: 0
siblings	: 4
core id		: 0
cpu cores	: 4
apicid		: 0
initial apicid	: 0
fpu		: yes
fpu_exception	: yes
cpuid level	: 11
wp		: yes
flags		: fpu vme de pse tsc msr pae mce cx8 apic sep mtrr pge mca cmov pat pse36 clflush dts acpi mmx fxsr sse sse2 ss ht tm pbe syscall nx rdtscp lm constant_tsc arch_perfmon pebs bts rep_good nopl xtopology nonstop_tsc aperfmperf pni dtes64 monitor ds_cpl vmx est tm2 ssse3 cx16 xtpr pdcm dca sse4_1 sse4_2 popcnt lahf_lm dtherm tpr_shadow vnmi flexpriority ept vpid
bogomips	: 4255.72
clflush size	: 64
cache_alignment	: 64
address sizes	: 40 bits physical, 48 bits virtual
power management:

processor	: 1
vendor_id	: GenuineIntel
cpu family	: 6
model		: 26
model name	: Intel(R) Xeon(R) CPU           E5506  @ 2.13GHz
stepping	: 5
microcode	: 0x19
cpu MHz		: 2128.000
cache size	: 4096 KB
physical id	: 0
siblings	: 4
core id		: 1
cpu cores	: 4
apicid		: 2
initial apicid	: 2
fpu		: yes
fpu_exception	: yes
cpuid level	: 11
wp		: yes
flags		: fpu vme de pse tsc msr pae mce cx8 apic sep mtrr pge mca cmov pat pse36 clflush dts acpi mmx fxsr sse sse2 ss ht tm pbe syscall nx rdtscp lm constant_tsc arch_perfmon pebs bts rep_good nopl xtopology nonstop_tsc aperfmperf pni dtes64 monitor ds_cpl vmx est tm2 ssse3 cx16 xtpr pdcm dca sse4_1 sse4_2 popcnt lahf_lm dtherm tpr_shadow vnmi flexpriority ept vpid
bogomips	: 4255.72
clflush size	: 64
cache_alignment	: 64
address sizes	: 40 bits physical, 48 bits virtual
power management:

processor	: 2
vendor_id	: GenuineIntel
cpu family	: 6
model		: 26
model name	: Intel(R) Xeon(R) CPU           E5506  @ 2.13GHz
stepping	: 5
microcode	: 0x19
cpu MHz		: 2128.000
cache size	: 4096 KB
physical id	: 0
siblings	: 4
core id		: 2
cpu cores	: 4
apicid		: 4
initial apicid	: 4
fpu		: yes
fpu_exception	: yes
cpuid level	: 11
wp		: yes
flags		: fpu vme de pse tsc msr pae mce cx8 apic sep mtrr pge mca cmov pat pse36 clflush dts acpi mmx fxsr sse sse2 ss ht tm pbe syscall nx rdtscp lm constant_tsc arch_perfmon pebs bts rep_good nopl xtopology nonstop_tsc aperfmperf pni dtes64 monitor ds_cpl vmx est tm2 ssse3 cx16 xtpr pdcm dca sse4_1 sse4_2 popcnt lahf_lm dtherm tpr_shadow vnmi flexpriority ept vpid
bogomips	: 4255.72
clflush size	: 64
cache_alignment	: 64
address sizes	: 40 bits physical, 48 bits virtual
power management:

processor	: 3
vendor_id	: GenuineIntel
cpu family	: 6
model		: 26
model name	: Intel(R) Xeon(R) CPU           E5506  @ 2.13GHz
stepping	: 5
microcode	: 0x19
cpu MHz		: 2128.000
cache size	: 4096 KB
physical id	: 0
siblings	: 4
core id		: 3
cpu cores	: 4
apicid		: 6
initial apicid	: 6
fpu		: yes
fpu_exception	: yes
cpuid level	: 11
wp		: yes
flags		: fpu vme de pse tsc msr pae mce cx8 apic sep mtrr pge mca cmov pat pse36 clflush dts acpi mmx fxsr sse sse2 ss ht tm pbe syscall nx rdtscp lm constant_tsc arch_perfmon pebs bts rep_good nopl xtopology nonstop_tsc aperfmperf pni dtes64 monitor ds_cpl vmx est tm2 ssse3 cx16 xtpr pdcm dca sse4_1 sse4_2 popcnt lahf_lm dtherm tpr_shadow vnmi flexpriority ept vpid
bogomips	: 4255.72
clflush size	: 64
cache_alignment	: 64
address sizes	: 40 bits physical, 48 bits virtual
power management:



Memory: 4k page, physical 8156820k(142040k free), swap 0k(0k free)

vm_info: Java HotSpot(TM) 64-Bit Server VM (25.20-b23) for linux-amd64 JRE (1.8.0_20-b26), built on Jul 30 2014 13:13:52 by "java_re" with gcc 4.3.0 20080428 (Red Hat 4.3.0-8)

time: Tue Aug 26 13:22:28 2014
elapsed time: 0 seconds (0d 0h 0m 0s)

