#
# A fatal error has been detected by the Java Runtime Environment:
#
#  SIGSEGV (0xb) at pc=0x00007f8c7315465b, pid=25283, tid=140241168090880
#
# JRE version: Java(TM) SE Runtime Environment (8.0_20-b26) (build 1.8.0_20-b26)
# Java VM: Java HotSpot(TM) 64-Bit Server VM (25.20-b23 mixed mode linux-amd64 compressed oops)
# Problematic frame:
# C  [libwkhtmltox.so.0+0x1d2d65b]
#
# Failed to write core dump. Core dumps have been disabled. To enable core dumping, try "ulimit -c unlimited" before starting Java again
#
# If you would like to submit a bug report, please visit:
#   http://bugreport.sun.com/bugreport/crash.jsp
# The crash happened outside the Java Virtual Machine in native code.
# See problematic frame for where to report the bug.
#

---------------  T H R E A D  ---------------

Current thread (0x00007f8cc00e4000):  JavaThread "Thread-1" [_thread_in_native, id=25302, stack(0x00007f8c70f1c000,0x00007f8c7101d000)]

siginfo: si_signo: 11 (SIGSEGV), si_code: 1 (SEGV_MAPERR), si_addr: 0x0000000000000020

Registers:
RAX=0x0000000000000000, RBX=0x0000000000000000, RCX=0x000000000000005f, RDX=0x0000000000000000
RSP=0x00007f8c71019e00, RBP=0x0000000000000020, RSI=0x0000000000000000, RDI=0x0000000000000000
R8 =0x0000000000000000, R9 =0x0000000000000001, R10=0x00007f8cc7475be0, R11=0x000000000000000f
R12=0x00007f8c7101a100, R13=0x00007f8c5c01a460, R14=0x0000000000000002, R15=0x0000000000000001
RIP=0x00007f8c7315465b, EFLAGS=0x0000000000010202, CSGSFS=0x0000000000000033, ERR=0x0000000000000004
  TRAPNO=0x000000000000000e

Top of Stack: (sp=0x00007f8c71019e00)
0x00007f8c71019e00:   00007f8c704173e0 00000000000000a8
0x00007f8c71019e10:   ffff80738efe6171 000000000000000b
0x00007f8c71019e20:   0000000000000002 00007f8c5c000020
0x00007f8c71019e30:   0000000000000088 00007f8c71019ff0
0x00007f8c71019e40:   00007f8c5c01a460 0000000000000002
0x00007f8c71019e50:   0000000000000000 00007f8c735174c8
0x00007f8c71019e60:   00007f8c71019ff0 00007f8c73517424
0x00007f8c71019e70:   00007f8c71019dec 00007f8c98882f2d
0x00007f8c71019e80:   0000000000000000 00007f8c71019ff0
0x00007f8c71019e90:   0000000000000000 00007f8c7101a100
0x00007f8c71019ea0:   00007f8c71019ff0 0000000000000000
0x00007f8c71019eb0:   00007f8c7101a100 00007f8c73152a64
0x00007f8c71019ec0:   00007f8c5c01a460 00007f8c71019ff0
0x00007f8c71019ed0:   00007f8c71019fe0 00007f8c731257dd
0x00007f8c71019ee0:   00007f8c5c01a770 00007f8c71019f90
0x00007f8c71019ef0:   0000000000000000 00007f8c71019fa0
0x00007f8c71019f00:   00007f8c71019f20 0000000100019fa0
0x00007f8c71019f10:   0000000000000000 00007f8c5c000020
0x00007f8c71019f20:   00007f8c5c017de0 00007f8c7101a1b0
0x00007f8c71019f30:   00007f8c5c01a460 00007f8c731e1a21
0x00007f8c71019f40:   00007f8c5c019830 00007f8c5c017ef8
0x00007f8c71019f50:   00007f8c71019fd0 00007f8c7313bb38
0x00007f8c71019f60:   00007f8c71019fd0 00007f8c71019fe0
0x00007f8c71019f70:   00007f8c5c018718 00007f8c7101a1b0
0x00007f8c71019f80:   00007f8c5c01a460 00007f8c7101a230
0x00007f8c71019f90:   0000000000000001 00007f8c00000002
0x00007f8c71019fa0:   0000000000000001 0000007700000002
0x00007f8c71019fb0:   0000000000000000 0000000171019fdf
0x00007f8c71019fc0:   000000000000000a 00007f8c732238a6
0x00007f8c71019fd0:   00007f8c5c017ad0 0000000000000000
0x00007f8c71019fe0:   00007f8c5c0184b0 00007f8c732f2b59
0x00007f8c71019ff0:   00007f8c73faa5b0 00007f8c5c018560 

Instructions: (pc=0x00007f8c7315465b)
0x00007f8c7315463b:   98 81 fe 66 90 41 54 55 48 89 fd 53 48 89 fb 48
0x00007f8c7315464b:   81 ec a0 00 00 00 48 83 c5 20 0f 84 a5 00 00 00
0x00007f8c7315465b:   48 8b 57 20 f6 42 04 01 75 4b 31 c0 b9 01 00 00
0x00007f8c7315466b:   00 f0 0f b1 0a 0f 94 c1 84 c9 75 08 48 89 ef e8 

Register to memory mapping:

RAX=0x0000000000000000 is an unknown value
RBX=0x0000000000000000 is an unknown value
RCX=0x000000000000005f is an unknown value
RDX=0x0000000000000000 is an unknown value
RSP=0x00007f8c71019e00 is pointing into the stack for thread: 0x00007f8cc00e4000
RBP=0x0000000000000020 is an unknown value
RSI=0x0000000000000000 is an unknown value
RDI=0x0000000000000000 is an unknown value
R8 =0x0000000000000000 is an unknown value
R9 =0x0000000000000001 is an unknown value
R10=0x00007f8cc7475be0: <offset 0x3bdbe0> in /lib/x86_64-linux-gnu/libc.so.6 at 0x00007f8cc70b8000
R11=0x000000000000000f is an unknown value
R12=0x00007f8c7101a100 is pointing into the stack for thread: 0x00007f8cc00e4000
R13=0x00007f8c5c01a460 is an unknown value
R14=0x0000000000000002 is an unknown value
R15=0x0000000000000001 is an unknown value


Stack: [0x00007f8c70f1c000,0x00007f8c7101d000],  sp=0x00007f8c71019e00,  free space=1015k
Native frames: (J=compiled Java code, j=interpreted, Vv=VM code, C=native code)
C  [libwkhtmltox.so.0+0x1d2d65b]

Java frames: (J=compiled Java code, j=interpreted, Vv=VM code)
j  jwk.JWk.convertImp(Ljava/lang/String;Ljava/lang/String;Ljava/util/Map;[Ljava/lang/Object;)Z+0
j  jwk.JWk.convert(Ljava/lang/String;Ljava/lang/String;Ljava/util/Map;)V+48
j  jwk.Main$1.run()V+37
v  ~StubRoutines::call_stub

---------------  P R O C E S S  ---------------

Java Threads: ( => current thread )
  0x00007f8cc0009800 JavaThread "DestroyJavaVM" [_thread_blocked, id=25287, stack(0x00007f8cc7bb7000,0x00007f8cc7cb8000)]
=>0x00007f8cc00e4000 JavaThread "Thread-1" [_thread_in_native, id=25302, stack(0x00007f8c70f1c000,0x00007f8c7101d000)]
  0x00007f8cc00e2800 JavaThread "Thread-0" [_thread_in_native, id=25301, stack(0x00007f8c980c4000,0x00007f8c981c5000)]
  0x00007f8cc00b8800 JavaThread "Service Thread" daemon [_thread_blocked, id=25299, stack(0x00007f8c9a306000,0x00007f8c9a407000)]
  0x00007f8cc00b3000 JavaThread "C1 CompilerThread2" daemon [_thread_blocked, id=25298, stack(0x00007f8c9a407000,0x00007f8c9a508000)]
  0x00007f8cc00b1000 JavaThread "C2 CompilerThread1" daemon [_thread_blocked, id=25297, stack(0x00007f8c9a508000,0x00007f8c9a609000)]
  0x00007f8cc00ae000 JavaThread "C2 CompilerThread0" daemon [_thread_blocked, id=25296, stack(0x00007f8c9a609000,0x00007f8c9a70a000)]
  0x00007f8cc00ac000 JavaThread "Signal Dispatcher" daemon [_thread_blocked, id=25295, stack(0x00007f8c9a70a000,0x00007f8c9a80b000)]
  0x00007f8cc007c000 JavaThread "Finalizer" daemon [_thread_blocked, id=25294, stack(0x00007f8c9aeef000,0x00007f8c9aff0000)]
  0x00007f8cc007a000 JavaThread "Reference Handler" daemon [_thread_blocked, id=25293, stack(0x00007f8c9aff0000,0x00007f8c9b0f1000)]

Other Threads:
  0x00007f8cc0073000 VMThread [stack: 0x00007f8c9b0f1000,0x00007f8c9b1f2000] [id=25292]
  0x00007f8cc00ba800 WatcherThread [stack: 0x00007f8c9a205000,0x00007f8c9a306000] [id=25300]

VM state:not at safepoint (normal execution)

VM Mutex/Monitor currently owned by a thread: None

Heap:
 PSYoungGen      total 37888K, used 3932K [0x00000000d6800000, 0x00000000d9200000, 0x0000000100000000)
  eden space 32768K, 12% used [0x00000000d6800000,0x00000000d6bd7348,0x00000000d8800000)
  from space 5120K, 0% used [0x00000000d8d00000,0x00000000d8d00000,0x00000000d9200000)
  to   space 5120K, 0% used [0x00000000d8800000,0x00000000d8800000,0x00000000d8d00000)
 ParOldGen       total 86016K, used 0K [0x0000000083800000, 0x0000000088c00000, 0x00000000d6800000)
  object space 86016K, 0% used [0x0000000083800000,0x0000000083800000,0x0000000088c00000)
 Metaspace       used 2947K, capacity 4492K, committed 4864K, reserved 1056768K
  class space    used 315K, capacity 388K, committed 512K, reserved 1048576K

Card table byte_map: [0x00007f8cc45f1000,0x00007f8cc49d6000] byte_map_base: 0x00007f8cc41d5000

Marking Bits: (ParMarkBitMap*) 0x00007f8cc708dac0
 Begin Bits: [0x00007f8ca01c0000, 0x00007f8ca20e0000)
 End Bits:   [0x00007f8ca20e0000, 0x00007f8ca4000000)

Polling page: 0x00007f8cc7cd4000

CodeCache: size=245760Kb used=1088Kb max_used=1088Kb free=244671Kb
 bounds [0x00007f8cb1000000, 0x00007f8cb1270000, 0x00007f8cc0000000]
 total_blobs=259 nmethods=16 adapters=160
 compilation: enabled

Compilation events (10 events):
Event: 0,131 Thread 0x00007f8cc00b3000   12       1       java.lang.ref.Reference::get (5 bytes)
Event: 0,131 Thread 0x00007f8cc00b3000 nmethod 12 0x00007f8cb110c010 code [0x00007f8cb110c160, 0x00007f8cb110c270]
Event: 0,132 Thread 0x00007f8cc00b3000   13       1       java.lang.ThreadLocal::access$400 (5 bytes)
Event: 0,132 Thread 0x00007f8cc00b3000 nmethod 13 0x00007f8cb110c2d0 code [0x00007f8cb110c420, 0x00007f8cb110c510]
Event: 0,138 Thread 0x00007f8cc00b3000   14       3       java.lang.String::getChars (62 bytes)
Event: 0,138 Thread 0x00007f8cc00b3000 nmethod 14 0x00007f8cb110e410 code [0x00007f8cb110e5c0, 0x00007f8cb110e9f8]
Event: 0,148 Thread 0x00007f8cc00b3000   15       3       java.lang.String::startsWith (72 bytes)
Event: 0,149 Thread 0x00007f8cc00b3000 nmethod 15 0x00007f8cb110ec10 code [0x00007f8cb110ed80, 0x00007f8cb110f0b0]
Event: 0,426 Thread 0x00007f8cc00b3000   16       3       java.lang.System::getSecurityManager (4 bytes)
Event: 0,427 Thread 0x00007f8cc00b3000 nmethod 16 0x00007f8cb110f290 code [0x00007f8cb110f3e0, 0x00007f8cb110f510]

GC Heap History (0 events):
No events

Deoptimization events (0 events):
No events

Internal exceptions (6 events):
Event: 0,064 Thread 0x00007f8cc0009800 Exception <a 'java/lang/NoSuchMethodError': Method sun.misc.Unsafe.defineClass(Ljava/lang/String;[BII)Ljava/lang/Class; name or signature does not match> (0x00000000d6811c68) thrown at [/HUDSON/workspace/8-2-build-linux-amd64/jdk8u20/1074/hotspot/src/shar
Event: 0,064 Thread 0x00007f8cc0009800 Exception <a 'java/lang/NoSuchMethodError': Method sun.misc.Unsafe.prefetchRead(Ljava/lang/Object;J)V name or signature does not match> (0x00000000d6811ef8) thrown at [/HUDSON/workspace/8-2-build-linux-amd64/jdk8u20/1074/hotspot/src/share/vm/prims/jni.cpp
Event: 0,121 Thread 0x00007f8cc0009800 Exception <a 'java/security/PrivilegedActionException'> (0x00000000d68542b8) thrown at [/HUDSON/workspace/8-2-build-linux-amd64/jdk8u20/1074/hotspot/src/share/vm/prims/jvm.cpp, line 1275]
Event: 0,131 Thread 0x00007f8cc0009800 Exception <a 'java/security/PrivilegedActionException'> (0x00000000d685a540) thrown at [/HUDSON/workspace/8-2-build-linux-amd64/jdk8u20/1074/hotspot/src/share/vm/prims/jvm.cpp, line 1275]
Event: 0,132 Thread 0x00007f8cc0009800 Exception <a 'java/security/PrivilegedActionException'> (0x00000000d685c298) thrown at [/HUDSON/workspace/8-2-build-linux-amd64/jdk8u20/1074/hotspot/src/share/vm/prims/jvm.cpp, line 1275]
Event: 0,149 Thread 0x00007f8cc0009800 Exception <a 'java/security/PrivilegedActionException'> (0x00000000d68622a0) thrown at [/HUDSON/workspace/8-2-build-linux-amd64/jdk8u20/1074/hotspot/src/share/vm/prims/jvm.cpp, line 1275]

Events (10 events):
Event: 0,173 Thread 0x00007f8cc00e4000 Thread added: 0x00007f8cc00e4000
Event: 0,173 Thread 0x00007f8cc0009800 Thread exited: 0x00007f8cc0009800
Event: 0,173 Thread 0x00007f8cc0009800 Thread added: 0x00007f8cc0009800
Event: 0,427 loading class java/util/logging/Logger
Event: 0,427 loading class java/util/logging/Logger done
Event: 0,427 loading class java/util/logging/Handler
Event: 0,428 loading class java/util/logging/Handler done
Event: 0,428 loading class java/util/logging/Level
Event: 0,428 loading class java/util/logging/Level done
Event: 0,428 loading class java/util/logging/Level$KnownLevel


Dynamic libraries:
00400000-00401000 r-xp 00000000 08:02 5112280                            /usr/lib/jvm/java-8-oracle/bin/java
00600000-00601000 rw-p 00000000 08:02 5112280                            /usr/lib/jvm/java-8-oracle/bin/java
0223f000-02260000 rw-p 00000000 00:00 0                                  [heap]
83800000-88c00000 rw-p 00000000 00:00 0 
88c00000-d6800000 ---p 00000000 00:00 0 
d6800000-d9200000 rw-p 00000000 00:00 0 
d9200000-100000000 ---p 00000000 00:00 0 
100000000-100080000 rw-p 00000000 00:00 0 
100080000-140000000 ---p 00000000 00:00 0 
7f8c14000000-7f8c54000000 rwxp 00000000 00:00 0 
7f8c54000000-7f8c54021000 rw-p 00000000 00:00 0 
7f8c54021000-7f8c58000000 ---p 00000000 00:00 0 
7f8c5c000000-7f8c5c029000 rw-p 00000000 00:00 0 
7f8c5c029000-7f8c60000000 ---p 00000000 00:00 0 
7f8c60000000-7f8c60021000 rw-p 00000000 00:00 0 
7f8c60021000-7f8c64000000 ---p 00000000 00:00 0 
7f8c64000000-7f8c64021000 rw-p 00000000 00:00 0 
7f8c64021000-7f8c68000000 ---p 00000000 00:00 0 
7f8c69f74000-7f8c6a384000 rw-p 00000000 00:00 0 
7f8c6a384000-7f8c6a39b000 r-xp 00000000 08:02 656675                     /lib/x86_64-linux-gnu/libresolv-2.19.so
7f8c6a39b000-7f8c6a59b000 ---p 00017000 08:02 656675                     /lib/x86_64-linux-gnu/libresolv-2.19.so
7f8c6a59b000-7f8c6a59c000 r--p 00017000 08:02 656675                     /lib/x86_64-linux-gnu/libresolv-2.19.so
7f8c6a59c000-7f8c6a59d000 rw-p 00018000 08:02 656675                     /lib/x86_64-linux-gnu/libresolv-2.19.so
7f8c6a59d000-7f8c6a59f000 rw-p 00000000 00:00 0 
7f8c6a59f000-7f8c6a5a0000 ---p 00000000 00:00 0 
7f8c6a5a0000-7f8c6ada0000 rw-p 00000000 00:00 0 
7f8c6ada0000-7f8c6ada1000 ---p 00000000 00:00 0 
7f8c6ada1000-7f8c6b5a1000 rw-p 00000000 00:00 0                          [stack:25305]
7f8c6b5a1000-7f8c6b5f5000 r-xp 00000000 08:02 657985                     /lib/x86_64-linux-gnu/libssl.so.1.0.0
7f8c6b5f5000-7f8c6b7f5000 ---p 00054000 08:02 657985                     /lib/x86_64-linux-gnu/libssl.so.1.0.0
7f8c6b7f5000-7f8c6b7f8000 r--p 00054000 08:02 657985                     /lib/x86_64-linux-gnu/libssl.so.1.0.0
7f8c6b7f8000-7f8c6b7fe000 rw-p 00057000 08:02 657985                     /lib/x86_64-linux-gnu/libssl.so.1.0.0
7f8c6b7fe000-7f8c6b7ff000 rw-p 00000000 00:00 0 
7f8c6b7ff000-7f8c6b800000 ---p 00000000 00:00 0 
7f8c6b800000-7f8c6c000000 rw-p 00000000 00:00 0 
7f8c6c000000-7f8c6c1a4000 rw-p 00000000 00:00 0 
7f8c6c1a4000-7f8c70000000 ---p 00000000 00:00 0 
7f8c7003d000-7f8c701ee000 r-xp 00000000 08:02 657987                     /lib/x86_64-linux-gnu/libcrypto.so.1.0.0
7f8c701ee000-7f8c703ed000 ---p 001b1000 08:02 657987                     /lib/x86_64-linux-gnu/libcrypto.so.1.0.0
7f8c703ed000-7f8c70408000 r--p 001b0000 08:02 657987                     /lib/x86_64-linux-gnu/libcrypto.so.1.0.0
7f8c70408000-7f8c70413000 rw-p 001cb000 08:02 657987                     /lib/x86_64-linux-gnu/libcrypto.so.1.0.0
7f8c70413000-7f8c70517000 rw-p 00000000 00:00 0 
7f8c70517000-7f8c70518000 ---p 00000000 00:00 0 
7f8c70518000-7f8c70d18000 rw-p 00000000 00:00 0                          [stack:25303]
7f8c70d18000-7f8c70d1b000 r-xp 00000000 08:02 4336373                    /usr/lib/x86_64-linux-gnu/gconv/UTF-16.so
7f8c70d1b000-7f8c70f1a000 ---p 00003000 08:02 4336373                    /usr/lib/x86_64-linux-gnu/gconv/UTF-16.so
7f8c70f1a000-7f8c70f1b000 r--p 00002000 08:02 4336373                    /usr/lib/x86_64-linux-gnu/gconv/UTF-16.so
7f8c70f1b000-7f8c70f1c000 rw-p 00003000 08:02 4336373                    /usr/lib/x86_64-linux-gnu/gconv/UTF-16.so
7f8c70f1c000-7f8c70f1f000 ---p 00000000 00:00 0 
7f8c70f1f000-7f8c7101d000 rw-p 00000000 00:00 0                          [stack:25302]
7f8c7101d000-7f8c71022000 r-xp 00000000 08:02 3940435                    /usr/lib/x86_64-linux-gnu/libXdmcp.so.6.0.0
7f8c71022000-7f8c71221000 ---p 00005000 08:02 3940435                    /usr/lib/x86_64-linux-gnu/libXdmcp.so.6.0.0
7f8c71221000-7f8c71222000 r--p 00004000 08:02 3940435                    /usr/lib/x86_64-linux-gnu/libXdmcp.so.6.0.0
7f8c71222000-7f8c71223000 rw-p 00005000 08:02 3940435                    /usr/lib/x86_64-linux-gnu/libXdmcp.so.6.0.0
7f8c71223000-7f8c71225000 r-xp 00000000 08:02 3940424                    /usr/lib/x86_64-linux-gnu/libXau.so.6.0.0
7f8c71225000-7f8c71425000 ---p 00002000 08:02 3940424                    /usr/lib/x86_64-linux-gnu/libXau.so.6.0.0
7f8c71425000-7f8c71426000 r--p 00002000 08:02 3940424                    /usr/lib/x86_64-linux-gnu/libXau.so.6.0.0
7f8c71426000-7f8c71427000 rw-p 00003000 08:02 3940424                    /usr/lib/x86_64-linux-gnu/libXau.so.6.0.0
7f8c71427000-7f8c73bab000 r-xp 00000000 08:02 4205335                    /usr/local/lib/libwkhtmltox.so.0.12.1
7f8c73bab000-7f8c73dab000 ---p 02784000 08:02 4205335                    /usr/local/lib/libwkhtmltox.so.0.12.1
7f8c73dab000-7f8c73fb4000 r--p 02784000 08:02 4205335                    /usr/local/lib/libwkhtmltox.so.0.12.1
7f8c73fb4000-7f8c73fcd000 rw-p 0298d000 08:02 4205335                    /usr/local/lib/libwkhtmltox.so.0.12.1
7f8c73fcd000-7f8c74000000 rw-p 00000000 00:00 0 
7f8c74000000-7f8c74021000 rw-p 00000000 00:00 0 
7f8c74021000-7f8c78000000 ---p 00000000 00:00 0 
7f8c78000000-7f8c78021000 rw-p 00000000 00:00 0 
7f8c78021000-7f8c7c000000 ---p 00000000 00:00 0 
7f8c7c000000-7f8c7c021000 rw-p 00000000 00:00 0 
7f8c7c021000-7f8c80000000 ---p 00000000 00:00 0 
7f8c80000000-7f8c80021000 rw-p 00000000 00:00 0 
7f8c80021000-7f8c84000000 ---p 00000000 00:00 0 
7f8c84000000-7f8c84021000 rw-p 00000000 00:00 0 
7f8c84021000-7f8c88000000 ---p 00000000 00:00 0 
7f8c88000000-7f8c8804e000 rw-p 00000000 00:00 0 
7f8c8804e000-7f8c8c000000 ---p 00000000 00:00 0 
7f8c8c000000-7f8c8c021000 rw-p 00000000 00:00 0 
7f8c8c021000-7f8c90000000 ---p 00000000 00:00 0 
7f8c90000000-7f8c90021000 rw-p 00000000 00:00 0 
7f8c90021000-7f8c94000000 ---p 00000000 00:00 0 
7f8c94000000-7f8c94021000 rw-p 00000000 00:00 0 
7f8c94021000-7f8c98000000 ---p 00000000 00:00 0 
7f8c980c4000-7f8c980c7000 ---p 00000000 00:00 0 
7f8c980c7000-7f8c981c5000 rw-p 00000000 00:00 0                          [stack:25301]
7f8c981c5000-7f8c981e2000 r-xp 00000000 08:02 3941492                    /usr/lib/x86_64-linux-gnu/libxcb.so.1.1.0
7f8c981e2000-7f8c983e2000 ---p 0001d000 08:02 3941492                    /usr/lib/x86_64-linux-gnu/libxcb.so.1.1.0
7f8c983e2000-7f8c983e3000 r--p 0001d000 08:02 3941492                    /usr/lib/x86_64-linux-gnu/libxcb.so.1.1.0
7f8c983e3000-7f8c983e4000 rw-p 0001e000 08:02 3941492                    /usr/lib/x86_64-linux-gnu/libxcb.so.1.1.0
7f8c983e4000-7f8c9840b000 r-xp 00000000 08:02 659395                     /lib/x86_64-linux-gnu/libexpat.so.1.6.0
7f8c9840b000-7f8c9860b000 ---p 00027000 08:02 659395                     /lib/x86_64-linux-gnu/libexpat.so.1.6.0
7f8c9860b000-7f8c9860d000 r--p 00027000 08:02 659395                     /lib/x86_64-linux-gnu/libexpat.so.1.6.0
7f8c9860d000-7f8c9860e000 rw-p 00029000 08:02 659395                     /lib/x86_64-linux-gnu/libexpat.so.1.6.0
7f8c9860e000-7f8c98624000 r-xp 00000000 08:02 659400                     /lib/x86_64-linux-gnu/libgcc_s.so.1
7f8c98624000-7f8c98823000 ---p 00016000 08:02 659400                     /lib/x86_64-linux-gnu/libgcc_s.so.1
7f8c98823000-7f8c98824000 rw-p 00015000 08:02 659400                     /lib/x86_64-linux-gnu/libgcc_s.so.1
7f8c98824000-7f8c9890a000 r-xp 00000000 08:02 3941330                    /usr/lib/x86_64-linux-gnu/libstdc++.so.6.0.19
7f8c9890a000-7f8c98b09000 ---p 000e6000 08:02 3941330                    /usr/lib/x86_64-linux-gnu/libstdc++.so.6.0.19
7f8c98b09000-7f8c98b11000 r--p 000e5000 08:02 3941330                    /usr/lib/x86_64-linux-gnu/libstdc++.so.6.0.19
7f8c98b11000-7f8c98b13000 rw-p 000ed000 08:02 3941330                    /usr/lib/x86_64-linux-gnu/libstdc++.so.6.0.19
7f8c98b13000-7f8c98b28000 rw-p 00000000 00:00 0 
7f8c98b28000-7f8c98b40000 r-xp 00000000 08:02 659536                     /lib/x86_64-linux-gnu/libz.so.1.2.8
7f8c98b40000-7f8c98d3f000 ---p 00018000 08:02 659536                     /lib/x86_64-linux-gnu/libz.so.1.2.8
7f8c98d3f000-7f8c98d40000 r--p 00017000 08:02 659536                     /lib/x86_64-linux-gnu/libz.so.1.2.8
7f8c98d40000-7f8c98d41000 rw-p 00018000 08:02 659536                     /lib/x86_64-linux-gnu/libz.so.1.2.8
7f8c98d41000-7f8c98e71000 r-xp 00000000 08:02 3940420                    /usr/lib/x86_64-linux-gnu/libX11.so.6.3.0
7f8c98e71000-7f8c99071000 ---p 00130000 08:02 3940420                    /usr/lib/x86_64-linux-gnu/libX11.so.6.3.0
7f8c99071000-7f8c99072000 r--p 00130000 08:02 3940420                    /usr/lib/x86_64-linux-gnu/libX11.so.6.3.0
7f8c99072000-7f8c99076000 rw-p 00131000 08:02 3940420                    /usr/lib/x86_64-linux-gnu/libX11.so.6.3.0
7f8c99076000-7f8c99113000 r-xp 00000000 08:02 3932540                    /usr/lib/x86_64-linux-gnu/libfreetype.so.6.11.1
7f8c99113000-7f8c99312000 ---p 0009d000 08:02 3932540                    /usr/lib/x86_64-linux-gnu/libfreetype.so.6.11.1
7f8c99312000-7f8c99318000 r--p 0009c000 08:02 3932540                    /usr/lib/x86_64-linux-gnu/libfreetype.so.6.11.1
7f8c99318000-7f8c99319000 rw-p 000a2000 08:02 3932540                    /usr/lib/x86_64-linux-gnu/libfreetype.so.6.11.1
7f8c99319000-7f8c99353000 r-xp 00000000 08:02 3932441                    /usr/lib/x86_64-linux-gnu/libfontconfig.so.1.8.0
7f8c99353000-7f8c99552000 ---p 0003a000 08:02 3932441                    /usr/lib/x86_64-linux-gnu/libfontconfig.so.1.8.0
7f8c99552000-7f8c99554000 r--p 00039000 08:02 3932441                    /usr/lib/x86_64-linux-gnu/libfontconfig.so.1.8.0
7f8c99554000-7f8c99555000 rw-p 0003b000 08:02 3932441                    /usr/lib/x86_64-linux-gnu/libfontconfig.so.1.8.0
7f8c99555000-7f8c9955e000 r-xp 00000000 08:02 3940459                    /usr/lib/x86_64-linux-gnu/libXrender.so.1.3.0
7f8c9955e000-7f8c9975d000 ---p 00009000 08:02 3940459                    /usr/lib/x86_64-linux-gnu/libXrender.so.1.3.0
7f8c9975d000-7f8c9975e000 r--p 00008000 08:02 3940459                    /usr/lib/x86_64-linux-gnu/libXrender.so.1.3.0
7f8c9975e000-7f8c9975f000 rw-p 00009000 08:02 3940459                    /usr/lib/x86_64-linux-gnu/libXrender.so.1.3.0
7f8c9975f000-7f8c99784000 r-xp 00000000 08:02 659488                     /lib/x86_64-linux-gnu/libpng12.so.0.50.0
7f8c99784000-7f8c99983000 ---p 00025000 08:02 659488                     /lib/x86_64-linux-gnu/libpng12.so.0.50.0
7f8c99983000-7f8c99984000 r--p 00024000 08:02 659488                     /lib/x86_64-linux-gnu/libpng12.so.0.50.0
7f8c99984000-7f8c99985000 rw-p 00025000 08:02 659488                     /lib/x86_64-linux-gnu/libpng12.so.0.50.0
7f8c99985000-7f8c999c8000 r-xp 00000000 08:02 3941024                    /usr/lib/x86_64-linux-gnu/libjpeg.so.8.0.2
7f8c999c8000-7f8c99bc8000 ---p 00043000 08:02 3941024                    /usr/lib/x86_64-linux-gnu/libjpeg.so.8.0.2
7f8c99bc8000-7f8c99bc9000 r--p 00043000 08:02 3941024                    /usr/lib/x86_64-linux-gnu/libjpeg.so.8.0.2
7f8c99bc9000-7f8c99bca000 rw-p 00044000 08:02 3941024                    /usr/lib/x86_64-linux-gnu/libjpeg.so.8.0.2
7f8c99bca000-7f8c99bda000 rw-p 00000000 00:00 0 
7f8c99bda000-7f8c99bdc000 r-xp 00000000 00:18 9966269                    /home/dalmir/hpprojects/jwk/c/JWkLib/dist/libJWkLib.so
7f8c99bdc000-7f8c99ddb000 ---p 00002000 00:18 9966269                    /home/dalmir/hpprojects/jwk/c/JWkLib/dist/libJWkLib.so
7f8c99ddb000-7f8c99ddc000 r--p 00001000 00:18 9966269                    /home/dalmir/hpprojects/jwk/c/JWkLib/dist/libJWkLib.so
7f8c99ddc000-7f8c99ddd000 rw-p 00002000 00:18 9966269                    /home/dalmir/hpprojects/jwk/c/JWkLib/dist/libJWkLib.so
7f8c99ddd000-7f8c99df3000 r-xp 00000000 08:02 5261218                    /usr/lib/jvm/java-8-oracle/jre/lib/amd64/libnet.so
7f8c99df3000-7f8c99ff3000 ---p 00016000 08:02 5261218                    /usr/lib/jvm/java-8-oracle/jre/lib/amd64/libnet.so
7f8c99ff3000-7f8c99ff4000 rw-p 00016000 08:02 5261218                    /usr/lib/jvm/java-8-oracle/jre/lib/amd64/libnet.so
7f8c99ff4000-7f8c9a005000 r-xp 00000000 08:02 5261222                    /usr/lib/jvm/java-8-oracle/jre/lib/amd64/libnio.so
7f8c9a005000-7f8c9a204000 ---p 00011000 08:02 5261222                    /usr/lib/jvm/java-8-oracle/jre/lib/amd64/libnio.so
7f8c9a204000-7f8c9a205000 rw-p 00010000 08:02 5261222                    /usr/lib/jvm/java-8-oracle/jre/lib/amd64/libnio.so
7f8c9a205000-7f8c9a206000 ---p 00000000 00:00 0 
7f8c9a206000-7f8c9a306000 rw-p 00000000 00:00 0                          [stack:25300]
7f8c9a306000-7f8c9a309000 ---p 00000000 00:00 0 
7f8c9a309000-7f8c9a407000 rw-p 00000000 00:00 0                          [stack:25299]
7f8c9a407000-7f8c9a40a000 ---p 00000000 00:00 0 
7f8c9a40a000-7f8c9a508000 rw-p 00000000 00:00 0                          [stack:25298]
7f8c9a508000-7f8c9a50b000 ---p 00000000 00:00 0 
7f8c9a50b000-7f8c9a609000 rw-p 00000000 00:00 0                          [stack:25297]
7f8c9a609000-7f8c9a60c000 ---p 00000000 00:00 0 
7f8c9a60c000-7f8c9a70a000 rw-p 00000000 00:00 0                          [stack:25296]
7f8c9a70a000-7f8c9a70d000 ---p 00000000 00:00 0 
7f8c9a70d000-7f8c9a80b000 rw-p 00000000 00:00 0                          [stack:25295]
7f8c9a80b000-7f8c9aeef000 r--p 00000000 08:02 3939342                    /usr/lib/locale/locale-archive
7f8c9aeef000-7f8c9aef2000 ---p 00000000 00:00 0 
7f8c9aef2000-7f8c9aff0000 rw-p 00000000 00:00 0                          [stack:25294]
7f8c9aff0000-7f8c9aff3000 ---p 00000000 00:00 0 
7f8c9aff3000-7f8c9b0f1000 rw-p 00000000 00:00 0                          [stack:25293]
7f8c9b0f1000-7f8c9b0f2000 ---p 00000000 00:00 0 
7f8c9b0f2000-7f8c9c000000 rw-p 00000000 00:00 0                          [stack:25292]
7f8c9c000000-7f8c9c021000 rw-p 00000000 00:00 0 
7f8c9c021000-7f8ca0000000 ---p 00000000 00:00 0 
7f8ca004c000-7f8ca004d000 rw-p 00000000 00:00 0 
7f8ca004d000-7f8ca0056000 rw-p 00000000 00:00 0 
7f8ca0056000-7f8ca007f000 rw-p 00000000 00:00 0 
7f8ca007f000-7f8ca0080000 r--s 00000000 08:02 5636167                    /var/cache/fontconfig/c05880de57d1f5e948fdfacc138775d9-le64.cache-4
7f8ca0080000-7f8ca008b000 r--s 00000000 08:02 5636166                    /var/cache/fontconfig/945677eb7aeaf62f1d50efc3fb3ec7d8-le64.cache-4
7f8ca008b000-7f8ca0091000 r--s 00000000 08:02 5636164                    /var/cache/fontconfig/2cd17615ca594fa2959ae173292e504c-le64.cache-4
7f8ca0091000-7f8ca0098000 r--s 00000000 08:02 5636161                    /var/cache/fontconfig/a755afe4a08bf5b97852ceb7400b47bc-le64.cache-4
7f8ca0098000-7f8ca00ac000 r--s 00000000 08:02 5636160                    /var/cache/fontconfig/04aabc0a78ac019cf9454389977116d2-le64.cache-4
7f8ca00ac000-7f8ca00bf000 r--s 00000000 08:02 5636150                    /var/cache/fontconfig/d52a8644073d54c13679302ca1180695-le64.cache-4
7f8ca00bf000-7f8ca4000000 rw-p 00000000 00:00 0 
7f8ca4000000-7f8ca4021000 rw-p 00000000 00:00 0 
7f8ca4021000-7f8ca8000000 ---p 00000000 00:00 0 
7f8ca8000000-7f8ca8021000 rw-p 00000000 00:00 0 
7f8ca8021000-7f8cac000000 ---p 00000000 00:00 0 
7f8cac000000-7f8cac021000 rw-p 00000000 00:00 0 
7f8cac021000-7f8cb0000000 ---p 00000000 00:00 0 
7f8cb0000000-7f8cb0001000 r--s 00000000 08:02 5636163                    /var/cache/fontconfig/e7071f4a29fa870f4323321c154eba04-le64.cache-4
7f8cb0001000-7f8cb0002000 r--s 00000000 08:02 5636162                    /var/cache/fontconfig/0d8c3b2ac0904cb8a57a757ad11a4a08-le64.cache-4
7f8cb0002000-7f8cb0006000 r--s 00000000 08:02 5636158                    /var/cache/fontconfig/385c0604a188198f04d133e54aba7fe7-le64.cache-4
7f8cb0006000-7f8cb000b000 r--s 00000000 08:02 5636155                    /var/cache/fontconfig/8801497958630a81b71ace7c5f9b32a8-le64.cache-4
7f8cb000b000-7f8cb0012000 r--s 00000000 08:02 5636154                    /var/cache/fontconfig/3047814df9a2f067bd2d96a2b9c36e5a-le64.cache-4
7f8cb0012000-7f8cb001a000 r--s 00000000 08:02 5636149                    /var/cache/fontconfig/3f7329c5293ffd510edef78f73874cfd-le64.cache-4
7f8cb001a000-7f8cb00cf000 rw-p 00000000 00:00 0 
7f8cb00cf000-7f8cb02a5000 r--s 03ca8000 08:02 5112376                    /usr/lib/jvm/java-8-oracle/jre/lib/rt.jar
7f8cb02a5000-7f8cb075b000 rw-p 00000000 00:00 0 
7f8cb075b000-7f8cb0b1b000 ---p 00000000 00:00 0 
7f8cb0b1b000-7f8cb0eff000 rw-p 00000000 00:00 0 
7f8cb0eff000-7f8cb0f00000 ---p 00000000 00:00 0 
7f8cb0f00000-7f8cb1000000 rw-p 00000000 00:00 0                          [stack:25291]
7f8cb1000000-7f8cb1270000 rwxp 00000000 00:00 0 
7f8cb1270000-7f8cc0000000 ---p 00000000 00:00 0 
7f8cc0000000-7f8cc00e6000 rw-p 00000000 00:00 0 
7f8cc00e6000-7f8cc4000000 ---p 00000000 00:00 0 
7f8cc4000000-7f8cc4001000 r--s 00000000 08:02 5636159                    /var/cache/fontconfig/1ac9eb803944fde146138c791f5cc56a-le64.cache-4
7f8cc4001000-7f8cc4007000 r--s 00000000 08:02 5636151                    /var/cache/fontconfig/b47c4e1ecd0709278f4910c18777a504-le64.cache-4
7f8cc4007000-7f8cc4056000 rw-p 00000000 00:00 0 
7f8cc4056000-7f8cc4057000 ---p 00000000 00:00 0 
7f8cc4057000-7f8cc4157000 rw-p 00000000 00:00 0                          [stack:25290]
7f8cc4157000-7f8cc4158000 ---p 00000000 00:00 0 
7f8cc4158000-7f8cc4258000 rw-p 00000000 00:00 0                          [stack:25289]
7f8cc4258000-7f8cc4259000 ---p 00000000 00:00 0 
7f8cc4259000-7f8cc4383000 rw-p 00000000 00:00 0                          [stack:25288]
7f8cc4383000-7f8cc45f1000 ---p 00000000 00:00 0 
7f8cc45f1000-7f8cc461b000 rw-p 00000000 00:00 0 
7f8cc461b000-7f8cc4889000 ---p 00000000 00:00 0 
7f8cc4889000-7f8cc489e000 rw-p 00000000 00:00 0 
7f8cc489e000-7f8cc49d5000 ---p 00000000 00:00 0 
7f8cc49d5000-7f8cc49e0000 rw-p 00000000 00:00 0 
7f8cc49e0000-7f8cc4d96000 ---p 00000000 00:00 0 
7f8cc4d96000-7f8cc4db0000 r-xp 00000000 08:02 5261245                    /usr/lib/jvm/java-8-oracle/jre/lib/amd64/libzip.so
7f8cc4db0000-7f8cc4fb0000 ---p 0001a000 08:02 5261245                    /usr/lib/jvm/java-8-oracle/jre/lib/amd64/libzip.so
7f8cc4fb0000-7f8cc4fb1000 rw-p 0001a000 08:02 5261245                    /usr/lib/jvm/java-8-oracle/jre/lib/amd64/libzip.so
7f8cc4fb1000-7f8cc4fbc000 r-xp 00000000 08:02 657978                     /lib/x86_64-linux-gnu/libnss_files-2.19.so
7f8cc4fbc000-7f8cc51bb000 ---p 0000b000 08:02 657978                     /lib/x86_64-linux-gnu/libnss_files-2.19.so
7f8cc51bb000-7f8cc51bc000 r--p 0000a000 08:02 657978                     /lib/x86_64-linux-gnu/libnss_files-2.19.so
7f8cc51bc000-7f8cc51bd000 rw-p 0000b000 08:02 657978                     /lib/x86_64-linux-gnu/libnss_files-2.19.so
7f8cc51bd000-7f8cc51c8000 r-xp 00000000 08:02 656672                     /lib/x86_64-linux-gnu/libnss_nis-2.19.so
7f8cc51c8000-7f8cc53c7000 ---p 0000b000 08:02 656672                     /lib/x86_64-linux-gnu/libnss_nis-2.19.so
7f8cc53c7000-7f8cc53c8000 r--p 0000a000 08:02 656672                     /lib/x86_64-linux-gnu/libnss_nis-2.19.so
7f8cc53c8000-7f8cc53c9000 rw-p 0000b000 08:02 656672                     /lib/x86_64-linux-gnu/libnss_nis-2.19.so
7f8cc53c9000-7f8cc53e0000 r-xp 00000000 08:02 657980                     /lib/x86_64-linux-gnu/libnsl-2.19.so
7f8cc53e0000-7f8cc55df000 ---p 00017000 08:02 657980                     /lib/x86_64-linux-gnu/libnsl-2.19.so
7f8cc55df000-7f8cc55e0000 r--p 00016000 08:02 657980                     /lib/x86_64-linux-gnu/libnsl-2.19.so
7f8cc55e0000-7f8cc55e1000 rw-p 00017000 08:02 657980                     /lib/x86_64-linux-gnu/libnsl-2.19.so
7f8cc55e1000-7f8cc55e3000 rw-p 00000000 00:00 0 
7f8cc55e3000-7f8cc55ec000 r-xp 00000000 08:02 657973                     /lib/x86_64-linux-gnu/libnss_compat-2.19.so
7f8cc55ec000-7f8cc57eb000 ---p 00009000 08:02 657973                     /lib/x86_64-linux-gnu/libnss_compat-2.19.so
7f8cc57eb000-7f8cc57ec000 r--p 00008000 08:02 657973                     /lib/x86_64-linux-gnu/libnss_compat-2.19.so
7f8cc57ec000-7f8cc57ed000 rw-p 00009000 08:02 657973                     /lib/x86_64-linux-gnu/libnss_compat-2.19.so
7f8cc57ed000-7f8cc5817000 r-xp 00000000 08:02 5261233                    /usr/lib/jvm/java-8-oracle/jre/lib/amd64/libjava.so
7f8cc5817000-7f8cc5a17000 ---p 0002a000 08:02 5261233                    /usr/lib/jvm/java-8-oracle/jre/lib/amd64/libjava.so
7f8cc5a17000-7f8cc5a19000 rw-p 0002a000 08:02 5261233                    /usr/lib/jvm/java-8-oracle/jre/lib/amd64/libjava.so
7f8cc5a19000-7f8cc5a26000 r-xp 00000000 08:02 5261246                    /usr/lib/jvm/java-8-oracle/jre/lib/amd64/libverify.so
7f8cc5a26000-7f8cc5c26000 ---p 0000d000 08:02 5261246                    /usr/lib/jvm/java-8-oracle/jre/lib/amd64/libverify.so
7f8cc5c26000-7f8cc5c28000 rw-p 0000d000 08:02 5261246                    /usr/lib/jvm/java-8-oracle/jre/lib/amd64/libverify.so
7f8cc5c28000-7f8cc5c2f000 r-xp 00000000 08:02 657976                     /lib/x86_64-linux-gnu/librt-2.19.so
7f8cc5c2f000-7f8cc5e2e000 ---p 00007000 08:02 657976                     /lib/x86_64-linux-gnu/librt-2.19.so
7f8cc5e2e000-7f8cc5e2f000 r--p 00006000 08:02 657976                     /lib/x86_64-linux-gnu/librt-2.19.so
7f8cc5e2f000-7f8cc5e30000 rw-p 00007000 08:02 657976                     /lib/x86_64-linux-gnu/librt-2.19.so
7f8cc5e30000-7f8cc5f35000 r-xp 00000000 08:02 657977                     /lib/x86_64-linux-gnu/libm-2.19.so
7f8cc5f35000-7f8cc6134000 ---p 00105000 08:02 657977                     /lib/x86_64-linux-gnu/libm-2.19.so
7f8cc6134000-7f8cc6135000 r--p 00104000 08:02 657977                     /lib/x86_64-linux-gnu/libm-2.19.so
7f8cc6135000-7f8cc6136000 rw-p 00105000 08:02 657977                     /lib/x86_64-linux-gnu/libm-2.19.so
7f8cc6136000-7f8cc6da0000 r-xp 00000000 08:02 5387260                    /usr/lib/jvm/java-8-oracle/jre/lib/amd64/server/libjvm.so
7f8cc6da0000-7f8cc6f9f000 ---p 00c6a000 08:02 5387260                    /usr/lib/jvm/java-8-oracle/jre/lib/amd64/server/libjvm.so
7f8cc6f9f000-7f8cc7076000 rw-p 00c69000 08:02 5387260                    /usr/lib/jvm/java-8-oracle/jre/lib/amd64/server/libjvm.so
7f8cc7076000-7f8cc70b8000 rw-p 00000000 00:00 0 
7f8cc70b8000-7f8cc7274000 r-xp 00000000 08:02 657981                     /lib/x86_64-linux-gnu/libc-2.19.so
7f8cc7274000-7f8cc7473000 ---p 001bc000 08:02 657981                     /lib/x86_64-linux-gnu/libc-2.19.so
7f8cc7473000-7f8cc7477000 r--p 001bb000 08:02 657981                     /lib/x86_64-linux-gnu/libc-2.19.so
7f8cc7477000-7f8cc7479000 rw-p 001bf000 08:02 657981                     /lib/x86_64-linux-gnu/libc-2.19.so
7f8cc7479000-7f8cc747e000 rw-p 00000000 00:00 0 
7f8cc747e000-7f8cc7481000 r-xp 00000000 08:02 657970                     /lib/x86_64-linux-gnu/libdl-2.19.so
7f8cc7481000-7f8cc7680000 ---p 00003000 08:02 657970                     /lib/x86_64-linux-gnu/libdl-2.19.so
7f8cc7680000-7f8cc7681000 r--p 00002000 08:02 657970                     /lib/x86_64-linux-gnu/libdl-2.19.so
7f8cc7681000-7f8cc7682000 rw-p 00003000 08:02 657970                     /lib/x86_64-linux-gnu/libdl-2.19.so
7f8cc7682000-7f8cc7697000 r-xp 00000000 08:02 4723865                    /usr/lib/jvm/java-8-oracle/lib/amd64/jli/libjli.so
7f8cc7697000-7f8cc7896000 ---p 00015000 08:02 4723865                    /usr/lib/jvm/java-8-oracle/lib/amd64/jli/libjli.so
7f8cc7896000-7f8cc7897000 rw-p 00014000 08:02 4723865                    /usr/lib/jvm/java-8-oracle/lib/amd64/jli/libjli.so
7f8cc7897000-7f8cc78b0000 r-xp 00000000 08:02 657983                     /lib/x86_64-linux-gnu/libpthread-2.19.so
7f8cc78b0000-7f8cc7aaf000 ---p 00019000 08:02 657983                     /lib/x86_64-linux-gnu/libpthread-2.19.so
7f8cc7aaf000-7f8cc7ab0000 r--p 00018000 08:02 657983                     /lib/x86_64-linux-gnu/libpthread-2.19.so
7f8cc7ab0000-7f8cc7ab1000 rw-p 00019000 08:02 657983                     /lib/x86_64-linux-gnu/libpthread-2.19.so
7f8cc7ab1000-7f8cc7ab5000 rw-p 00000000 00:00 0 
7f8cc7ab5000-7f8cc7ad8000 r-xp 00000000 08:02 657969                     /lib/x86_64-linux-gnu/ld-2.19.so
7f8cc7ad8000-7f8cc7ad9000 r--s 00000000 08:02 5636157                    /var/cache/fontconfig/dc05db6664285cc2f12bf69c139ae4c3-le64.cache-4
7f8cc7ad9000-7f8cc7adb000 r--s 00000000 08:02 5636125                    /var/cache/fontconfig/767a8244fc0220cfb567a839d0392e0b-le64.cache-4
7f8cc7adb000-7f8cc7adf000 r--s 00000000 08:02 5636148                    /var/cache/fontconfig/d589a48862398ed80a3d6066f4f56f4c-le64.cache-4
7f8cc7adf000-7f8cc7aec000 r--s 00000000 08:02 5636399                    /var/cache/fontconfig/e13b20fdb08344e0e664864cc2ede53d-le64.cache-4
7f8cc7aec000-7f8cc7bb7000 rw-p 00000000 00:00 0 
7f8cc7bb7000-7f8cc7bba000 ---p 00000000 00:00 0 
7f8cc7bba000-7f8cc7cbc000 rw-p 00000000 00:00 0                          [stack:25287]
7f8cc7cbc000-7f8cc7cbd000 r--s 00000000 08:02 5636156                    /var/cache/fontconfig/4794a0821666d79190d59a36cb4f44b5-le64.cache-4
7f8cc7cbd000-7f8cc7cbe000 r--s 00000000 08:02 5636153                    /var/cache/fontconfig/56cf4f4769d0f4abc89a4895d7bd3ae1-le64.cache-4
7f8cc7cbe000-7f8cc7cbf000 r--s 00000000 08:02 5636152                    /var/cache/fontconfig/b9d506c9ac06c20b433354fa67a72993-le64.cache-4
7f8cc7cbf000-7f8cc7cc0000 r--s 00000000 08:02 5636147                    /var/cache/fontconfig/0c9eb80ebd1c36541ebe2852d3bb0c49-le64.cache-4
7f8cc7cc0000-7f8cc7cc4000 r--s 00000000 08:02 5636274                    /var/cache/fontconfig/7ef2298fde41cc6eeb7af42e48b7d293-le64.cache-4
7f8cc7cc4000-7f8cc7ccb000 r--s 00000000 08:02 4336385                    /usr/lib/x86_64-linux-gnu/gconv/gconv-modules.cache
7f8cc7ccb000-7f8cc7cd3000 rw-s 00000000 08:02 46                         /tmp/hsperfdata_dalmir/25283
7f8cc7cd3000-7f8cc7cd4000 rw-p 00000000 00:00 0 
7f8cc7cd4000-7f8cc7cd5000 r--p 00000000 00:00 0 
7f8cc7cd5000-7f8cc7cd7000 rw-p 00000000 00:00 0 
7f8cc7cd7000-7f8cc7cd8000 r--p 00022000 08:02 657969                     /lib/x86_64-linux-gnu/ld-2.19.so
7f8cc7cd8000-7f8cc7cd9000 rw-p 00023000 08:02 657969                     /lib/x86_64-linux-gnu/ld-2.19.so
7f8cc7cd9000-7f8cc7cda000 rw-p 00000000 00:00 0 
7ffff1e49000-7ffff1e6a000 rw-p 00000000 00:00 0                          [stack]
7ffff1ff0000-7ffff1ff2000 r-xp 00000000 00:00 0                          [vdso]
ffffffffff600000-ffffffffff601000 r-xp 00000000 00:00 0                  [vsyscall]

VM Arguments:
jvm_args: -Dfile.encoding=UTF-8 
java_command: jwk.Main
java_class_path (initial): /home/dalmir/hpprojects/jwk/java/JWk/build/classes
Launcher Type: SUN_STANDARD

Environment Variables:
PATH=/home/dalmir/bin:/usr/local/sbin:/usr/local/bin:/usr/sbin:/usr/bin:/sbin:/bin:/usr/games:/usr/local/games
LD_LIBRARY_PATH=/usr/lib/jvm/java-8-oracle/jre/lib/amd64:/usr/lib/jvm/java-8-oracle/jre/lib/i386:
SHELL=/bin/bash
DISPLAY=:0

Signal Handlers:
SIGSEGV: [libjvm.so+0xa77530], sa_mask[0]=11111111011111111101111111111110, sa_flags=SA_RESTART|SA_SIGINFO
SIGBUS: [libjvm.so+0xa77530], sa_mask[0]=11111111011111111101111111111110, sa_flags=SA_RESTART|SA_SIGINFO
SIGFPE: [libjvm.so+0x8e1d90], sa_mask[0]=11111111011111111101111111111110, sa_flags=SA_RESTART|SA_SIGINFO
SIGPIPE: SIG_IGN, sa_mask[0]=00000000000000000000000000000000, sa_flags=none
SIGXFSZ: [libjvm.so+0x8e1d90], sa_mask[0]=11111111011111111101111111111110, sa_flags=SA_RESTART|SA_SIGINFO
SIGILL: [libjvm.so+0x8e1d90], sa_mask[0]=11111111011111111101111111111110, sa_flags=SA_RESTART|SA_SIGINFO
SIGUSR1: SIG_DFL, sa_mask[0]=00000000000000000000000000000000, sa_flags=none
SIGUSR2: [libjvm.so+0x8e35c0], sa_mask[0]=00100000000000000000000000000000, sa_flags=SA_RESTART|SA_SIGINFO
SIGHUP: [libjvm.so+0x8e4980], sa_mask[0]=11111111011111111101111111111110, sa_flags=SA_RESTART|SA_SIGINFO
SIGINT: SIG_IGN, sa_mask[0]=00000000000000000000000000000000, sa_flags=none
SIGTERM: [libjvm.so+0x8e4980], sa_mask[0]=11111111011111111101111111111110, sa_flags=SA_RESTART|SA_SIGINFO
SIGQUIT: [libjvm.so+0x8e4980], sa_mask[0]=11111111011111111101111111111110, sa_flags=SA_RESTART|SA_SIGINFO


---------------  S Y S T E M  ---------------

OS:DISTRIB_ID=Ubuntu
DISTRIB_RELEASE=14.04
DISTRIB_CODENAME=trusty
DISTRIB_DESCRIPTION="Ubuntu 14.04.1 LTS"

uname:Linux 3.13.0-34-generic #60-Ubuntu SMP Wed Aug 13 15:45:27 UTC 2014 x86_64
libc:glibc 2.19 NPTL 2.19 
rlimit: STACK 8192k, CORE 0k, NPROC 63495, NOFILE 4096, AS infinity
load average:1,18 1,29 1,54

/proc/meminfo:
MemTotal:        8156820 kB
MemFree:          155936 kB
Buffers:           14056 kB
Cached:           357788 kB
SwapCached:            0 kB
Active:          5210376 kB
Inactive:         222648 kB
Active(anon):    5062544 kB
Inactive(anon):    83820 kB
Active(file):     147832 kB
Inactive(file):   138828 kB
Unevictable:         112 kB
Mlocked:             112 kB
SwapTotal:             0 kB
SwapFree:              0 kB
Dirty:               580 kB
Writeback:             0 kB
AnonPages:       5061660 kB
Mapped:          2371248 kB
Shmem:             84964 kB
Slab:             125232 kB
SReclaimable:      39596 kB
SUnreclaim:        85636 kB
KernelStack:        9240 kB
PageTables:       115668 kB
NFS_Unstable:          0 kB
Bounce:                0 kB
WritebackTmp:          0 kB
CommitLimit:     4078408 kB
Committed_AS:   16211712 kB
VmallocTotal:   34359738367 kB
VmallocUsed:      126216 kB
VmallocChunk:   34359570940 kB
HardwareCorrupted:     0 kB
AnonHugePages:   1800192 kB
HugePages_Total:       0
HugePages_Free:        0
HugePages_Rsvd:        0
HugePages_Surp:        0
Hugepagesize:       2048 kB
DirectMap4k:     2059924 kB
DirectMap2M:     6311936 kB


CPU:total 4 (4 cores per cpu, 1 threads per core) family 6 model 26 stepping 5, cmov, cx8, fxsr, mmx, sse, sse2, sse3, ssse3, sse4.1, sse4.2, popcnt, tsc, tscinvbit, tscinv

/proc/cpuinfo:
processor	: 0
vendor_id	: GenuineIntel
cpu family	: 6
model		: 26
model name	: Intel(R) Xeon(R) CPU           E5506  @ 2.13GHz
stepping	: 5
microcode	: 0x19
cpu MHz		: 1995.000
cache size	: 4096 KB
physical id	: 0
siblings	: 4
core id		: 0
cpu cores	: 4
apicid		: 0
initial apicid	: 0
fpu		: yes
fpu_exception	: yes
cpuid level	: 11
wp		: yes
flags		: fpu vme de pse tsc msr pae mce cx8 apic sep mtrr pge mca cmov pat pse36 clflush dts acpi mmx fxsr sse sse2 ss ht tm pbe syscall nx rdtscp lm constant_tsc arch_perfmon pebs bts rep_good nopl xtopology nonstop_tsc aperfmperf pni dtes64 monitor ds_cpl vmx est tm2 ssse3 cx16 xtpr pdcm dca sse4_1 sse4_2 popcnt lahf_lm dtherm tpr_shadow vnmi flexpriority ept vpid
bogomips	: 4255.72
clflush size	: 64
cache_alignment	: 64
address sizes	: 40 bits physical, 48 bits virtual
power management:

processor	: 1
vendor_id	: GenuineIntel
cpu family	: 6
model		: 26
model name	: Intel(R) Xeon(R) CPU           E5506  @ 2.13GHz
stepping	: 5
microcode	: 0x19
cpu MHz		: 2128.000
cache size	: 4096 KB
physical id	: 0
siblings	: 4
core id		: 1
cpu cores	: 4
apicid		: 2
initial apicid	: 2
fpu		: yes
fpu_exception	: yes
cpuid level	: 11
wp		: yes
flags		: fpu vme de pse tsc msr pae mce cx8 apic sep mtrr pge mca cmov pat pse36 clflush dts acpi mmx fxsr sse sse2 ss ht tm pbe syscall nx rdtscp lm constant_tsc arch_perfmon pebs bts rep_good nopl xtopology nonstop_tsc aperfmperf pni dtes64 monitor ds_cpl vmx est tm2 ssse3 cx16 xtpr pdcm dca sse4_1 sse4_2 popcnt lahf_lm dtherm tpr_shadow vnmi flexpriority ept vpid
bogomips	: 4255.72
clflush size	: 64
cache_alignment	: 64
address sizes	: 40 bits physical, 48 bits virtual
power management:

processor	: 2
vendor_id	: GenuineIntel
cpu family	: 6
model		: 26
model name	: Intel(R) Xeon(R) CPU           E5506  @ 2.13GHz
stepping	: 5
microcode	: 0x19
cpu MHz		: 1729.000
cache size	: 4096 KB
physical id	: 0
siblings	: 4
core id		: 2
cpu cores	: 4
apicid		: 4
initial apicid	: 4
fpu		: yes
fpu_exception	: yes
cpuid level	: 11
wp		: yes
flags		: fpu vme de pse tsc msr pae mce cx8 apic sep mtrr pge mca cmov pat pse36 clflush dts acpi mmx fxsr sse sse2 ss ht tm pbe syscall nx rdtscp lm constant_tsc arch_perfmon pebs bts rep_good nopl xtopology nonstop_tsc aperfmperf pni dtes64 monitor ds_cpl vmx est tm2 ssse3 cx16 xtpr pdcm dca sse4_1 sse4_2 popcnt lahf_lm dtherm tpr_shadow vnmi flexpriority ept vpid
bogomips	: 4255.72
clflush size	: 64
cache_alignment	: 64
address sizes	: 40 bits physical, 48 bits virtual
power management:

processor	: 3
vendor_id	: GenuineIntel
cpu family	: 6
model		: 26
model name	: Intel(R) Xeon(R) CPU           E5506  @ 2.13GHz
stepping	: 5
microcode	: 0x19
cpu MHz		: 1596.000
cache size	: 4096 KB
physical id	: 0
siblings	: 4
core id		: 3
cpu cores	: 4
apicid		: 6
initial apicid	: 6
fpu		: yes
fpu_exception	: yes
cpuid level	: 11
wp		: yes
flags		: fpu vme de pse tsc msr pae mce cx8 apic sep mtrr pge mca cmov pat pse36 clflush dts acpi mmx fxsr sse sse2 ss ht tm pbe syscall nx rdtscp lm constant_tsc arch_perfmon pebs bts rep_good nopl xtopology nonstop_tsc aperfmperf pni dtes64 monitor ds_cpl vmx est tm2 ssse3 cx16 xtpr pdcm dca sse4_1 sse4_2 popcnt lahf_lm dtherm tpr_shadow vnmi flexpriority ept vpid
bogomips	: 4255.72
clflush size	: 64
cache_alignment	: 64
address sizes	: 40 bits physical, 48 bits virtual
power management:



Memory: 4k page, physical 8156820k(155780k free), swap 0k(0k free)

vm_info: Java HotSpot(TM) 64-Bit Server VM (25.20-b23) for linux-amd64 JRE (1.8.0_20-b26), built on Jul 30 2014 13:13:52 by "java_re" with gcc 4.3.0 20080428 (Red Hat 4.3.0-8)

time: Tue Aug 26 11:52:24 2014
elapsed time: 0 seconds (0d 0h 0m 0s)

