#
# A fatal error has been detected by the Java Runtime Environment:
#
#  SIGSEGV (0xb) at pc=0x00007f11c24d9720, pid=24912, tid=139715051448064
#
# JRE version: Java(TM) SE Runtime Environment (8.0_20-b26) (build 1.8.0_20-b26)
# Java VM: Java HotSpot(TM) 64-Bit Server VM (25.20-b23 mixed mode linux-amd64 compressed oops)
# Problematic frame:
# C  [libwkhtmltox.so.0+0x10b2720]
#
# Failed to write core dump. Core dumps have been disabled. To enable core dumping, try "ulimit -c unlimited" before starting Java again
#
# If you would like to submit a bug report, please visit:
#   http://bugreport.sun.com/bugreport/crash.jsp
# The crash happened outside the Java Virtual Machine in native code.
# See problematic frame for where to report the bug.
#

---------------  T H R E A D  ---------------

Current thread (0x00007f12180e5800):  JavaThread "Thread-1" [_thread_in_native, id=24931, stack(0x00007f11f1f2e000,0x00007f11f202f000)]

siginfo: si_signo: 11 (SIGSEGV), si_code: 1 (SEGV_MAPERR), si_addr: 0x0000000000000000

Registers:
RAX=0x00000000000003f0, RBX=0x00007f11f00112a0, RCX=0x00007f11f0027000, RDX=0x00007f11f0027000
RSP=0x00007f11f202cf20, RBP=0x0000000000000000, RSI=0x0000000000000000, RDI=0x0000000000000000
R8 =0x00007f11f0026800, R9 =0x00007f11c3fe5a00, R10=0x00007f11c3fe59d0, R11=0x00007f11c3fe5a00
R12=0x0000000000000400, R13=0x0000000000000000, R14=0x00007f11f202d020, R15=0x00007f11f00112a0
RIP=0x00007f11c24d9720, EFLAGS=0x0000000000010206, CSGSFS=0x0000000000000033, ERR=0x0000000000000004
  TRAPNO=0x000000000000000e

Top of Stack: (sp=0x00007f11f202cf20)
0x00007f11f202cf20:   0000000000000028 00007f11f001cf00
0x00007f11f202cf30:   00007f11c804c540 00007f11c8001c00
0x00007f11f202cf40:   0000000000000000 00007f11c24d9b5e
0x00007f11f202cf50:   00007f11f202d010 00007f11f202d018
0x00007f11f202cf60:   00007f11f001de88 00000001f05abf2d
0x00007f11f202cf70:   00007f11f001cf00 00007f11f001cf00
0x00007f11f202cf80:   00007f11c804c540 00007f11c8001c00
0x00007f11f202cf90:   00007f11c804c860 00007f11c8015e50
0x00007f11f202cfa0:   00007f11c804c670 00007f11c24d9f25
0x00007f11f202cfb0:   00007f11f001de88 00007f11f001de88
0x00007f11f202cfc0:   00007f11c8015f70 00007f11c1a1ff45
0x00007f11f202cfd0:   00007f11f0024f00 00007f11f8026a70
0x00007f11f202cfe0:   00007f11c8015d30 00000000000000f0
0x00007f11f202cff0:   00007f11f0015cb0 00007f11c804c540
0x00007f11f202d000:   00007f11c8014070 00007f11c1a1ff45
0x00007f11f202d010:   00007f11c804c540 00007f11f001cf00
0x00007f11f202d020:   00007f1100000011 00007f11f001cf00
0x00007f11f202d030:   00007f11f001c000 00007f11c291a9be
0x00007f11f202d040:   00007f11c8001c00 00007f11f00186c8
0x00007f11f202d050:   00007f11f001cf00 00007f11c8015f20
0x00007f11f202d060:   00007f11c8001c00 00007f11c804c540
0x00007f11f202d070:   00007f11c804c088 00007f11c1cab672
0x00007f11f202d080:   00007f11c8001c00 00007f11c804c540
0x00007f11f202d090:   00007f11c804c540 00007f11f202d150
0x00007f11f202d0a0:   00007f11f00186c8 00007f11c804c070
0x00007f11f202d0b0:   00007f11c804c078 00007f11c1d9b867
0x00007f11f202d0c0:   00007f11c804c070 00007f11c804c078
0x00007f11f202d0d0:   00007f11c804c088 00007f121f026600
0x00007f11f202d0e0:   00007f11f202d150 0000000000000120
0x00007f11f202d0f0:   00007f11c8015f20 00007f11c804bfe0
0x00007f11f202d100:   00007f11c804c540 00007f11f202d150
0x00007f11f202d110:   00007f11c804c070 00007f11c19d0757 

Instructions: (pc=0x00007f11c24d9720)
0x00007f11c24d9700:   84 32 01 00 00 41 8d 44 24 ff 48 89 ef 48 c1 e0
0x00007f11c24d9710:   04 4c 8d 64 05 10 66 2e 0f 1f 84 00 00 00 00 00
0x00007f11c24d9720:   4c 8b 07 4d 85 c0 0f 84 fe 00 00 00 49 83 f8 ff
0x00007f11c24d9730:   0f 84 f4 00 00 00 4c 89 c0 4c 89 c2 44 8b 6b 0c 

Register to memory mapping:

RAX=0x00000000000003f0 is an unknown value
RBX=0x00007f11f00112a0 is an unknown value
RCX=0x00007f11f0027000 is an unknown value
RDX=0x00007f11f0027000 is an unknown value
RSP=0x00007f11f202cf20 is pointing into the stack for thread: 0x00007f12180e5800
RBP=0x0000000000000000 is an unknown value
RSI=0x0000000000000000 is an unknown value
RDI=0x0000000000000000 is an unknown value
R8 =0x00007f11f0026800 is an unknown value
R9 =0x00007f11c3fe5a00: <offset 0x2bbea00> in /usr/local/lib/libwkhtmltox.so.0 at 0x00007f11c1427000
R10=0x00007f11c3fe59d0: <offset 0x2bbe9d0> in /usr/local/lib/libwkhtmltox.so.0 at 0x00007f11c1427000
R11=0x00007f11c3fe5a00: <offset 0x2bbea00> in /usr/local/lib/libwkhtmltox.so.0 at 0x00007f11c1427000
R12=0x0000000000000400 is an unknown value
R13=0x0000000000000000 is an unknown value
R14=0x00007f11f202d020 is pointing into the stack for thread: 0x00007f12180e5800
R15=0x00007f11f00112a0 is an unknown value


Stack: [0x00007f11f1f2e000,0x00007f11f202f000],  sp=0x00007f11f202cf20,  free space=1019k
Native frames: (J=compiled Java code, j=interpreted, Vv=VM code, C=native code)
C  [libwkhtmltox.so.0+0x10b2720]

Java frames: (J=compiled Java code, j=interpreted, Vv=VM code)
j  jwk.JWk.convertImp(Ljava/lang/String;Ljava/lang/String;Ljava/util/Map;[Ljava/lang/Object;)Z+0
j  jwk.JWk.convert(Ljava/lang/String;Ljava/lang/String;Ljava/util/Map;)V+48
j  jwk.Main$1.run()V+40
v  ~StubRoutines::call_stub

---------------  P R O C E S S  ---------------

Java Threads: ( => current thread )
  0x00007f1218009800 JavaThread "DestroyJavaVM" [_thread_blocked, id=24914, stack(0x00007f121faa2000,0x00007f121fba3000)]
=>0x00007f12180e5800 JavaThread "Thread-1" [_thread_in_native, id=24931, stack(0x00007f11f1f2e000,0x00007f11f202f000)]
  0x00007f12180e4000 JavaThread "Thread-0" [_thread_in_native, id=24930, stack(0x00007f11f202f000,0x00007f11f2130000)]
  0x00007f12180d0800 JavaThread "Service Thread" daemon [_thread_blocked, id=24928, stack(0x00007f11f2231000,0x00007f11f2332000)]
  0x00007f12180b3000 JavaThread "C1 CompilerThread2" daemon [_thread_blocked, id=24927, stack(0x00007f11f2332000,0x00007f11f2433000)]
  0x00007f12180b1000 JavaThread "C2 CompilerThread1" daemon [_thread_blocked, id=24926, stack(0x00007f11f2433000,0x00007f11f2534000)]
  0x00007f12180ae000 JavaThread "C2 CompilerThread0" daemon [_thread_blocked, id=24925, stack(0x00007f11f2534000,0x00007f11f2635000)]
  0x00007f12180ac000 JavaThread "Signal Dispatcher" daemon [_thread_blocked, id=24924, stack(0x00007f11f2635000,0x00007f11f2736000)]
  0x00007f121807c000 JavaThread "Finalizer" daemon [_thread_blocked, id=24923, stack(0x00007f11f2e1a000,0x00007f11f2f1b000)]
  0x00007f121807a000 JavaThread "Reference Handler" daemon [_thread_blocked, id=24922, stack(0x00007f11f2f1b000,0x00007f11f301c000)]

Other Threads:
  0x00007f1218073000 VMThread [stack: 0x00007f11f301c000,0x00007f11f311d000] [id=24921]
  0x00007f12180d3000 WatcherThread [stack: 0x00007f11f2130000,0x00007f11f2231000] [id=24929]

VM state:not at safepoint (normal execution)

VM Mutex/Monitor currently owned by a thread: None

Heap:
 PSYoungGen      total 37888K, used 3932K [0x00000000d6800000, 0x00000000d9200000, 0x0000000100000000)
  eden space 32768K, 12% used [0x00000000d6800000,0x00000000d6bd7318,0x00000000d8800000)
  from space 5120K, 0% used [0x00000000d8d00000,0x00000000d8d00000,0x00000000d9200000)
  to   space 5120K, 0% used [0x00000000d8800000,0x00000000d8800000,0x00000000d8d00000)
 ParOldGen       total 86016K, used 0K [0x0000000083800000, 0x0000000088c00000, 0x00000000d6800000)
  object space 86016K, 0% used [0x0000000083800000,0x0000000083800000,0x0000000088c00000)
 Metaspace       used 2627K, capacity 4492K, committed 4864K, reserved 1056768K
  class space    used 280K, capacity 388K, committed 512K, reserved 1048576K

Card table byte_map: [0x00007f121c4dc000,0x00007f121c8c1000] byte_map_base: 0x00007f121c0c0000

Marking Bits: (ParMarkBitMap*) 0x00007f121ef78ac0
 Begin Bits: [0x00007f11f81c0000, 0x00007f11fa0e0000)
 End Bits:   [0x00007f11fa0e0000, 0x00007f11fc000000)

Polling page: 0x00007f121fbbf000

CodeCache: size=245760Kb used=1085Kb max_used=1085Kb free=244674Kb
 bounds [0x00007f1209000000, 0x00007f1209270000, 0x00007f1218000000]
 total_blobs=253 nmethods=16 adapters=154
 compilation: enabled

Compilation events (10 events):
Event: 0,087 Thread 0x00007f12180b3000   12       1       java.lang.ref.Reference::get (5 bytes)
Event: 0,087 Thread 0x00007f12180b3000 nmethod 12 0x00007f120910c290 code [0x00007f120910c3e0, 0x00007f120910c4f0]
Event: 0,088 Thread 0x00007f12180b3000   13       1       java.lang.ThreadLocal::access$400 (5 bytes)
Event: 0,089 Thread 0x00007f12180b3000 nmethod 13 0x00007f120910c550 code [0x00007f120910c6a0, 0x00007f120910c790]
Event: 0,090 Thread 0x00007f12180b3000   14       3       java.lang.String::startsWith (72 bytes)
Event: 0,091 Thread 0x00007f12180b3000 nmethod 14 0x00007f120910c810 code [0x00007f120910c980, 0x00007f120910ccb0]
Event: 0,091 Thread 0x00007f12180b3000   15       3       java.lang.String::getChars (62 bytes)
Event: 0,092 Thread 0x00007f12180b3000 nmethod 15 0x00007f120910ce90 code [0x00007f120910d040, 0x00007f120910d478]
Event: 0,108 Thread 0x00007f12180b3000   16       3       java.lang.System::getSecurityManager (4 bytes)
Event: 0,109 Thread 0x00007f12180b3000 nmethod 16 0x00007f120910f510 code [0x00007f120910f660, 0x00007f120910f790]

GC Heap History (0 events):
No events

Deoptimization events (0 events):
No events

Internal exceptions (6 events):
Event: 0,033 Thread 0x00007f1218009800 Exception <a 'java/lang/NoSuchMethodError': Method sun.misc.Unsafe.defineClass(Ljava/lang/String;[BII)Ljava/lang/Class; name or signature does not match> (0x00000000d6811c68) thrown at [/HUDSON/workspace/8-2-build-linux-amd64/jdk8u20/1074/hotspot/src/shar
Event: 0,033 Thread 0x00007f1218009800 Exception <a 'java/lang/NoSuchMethodError': Method sun.misc.Unsafe.prefetchRead(Ljava/lang/Object;J)V name or signature does not match> (0x00000000d6811ef8) thrown at [/HUDSON/workspace/8-2-build-linux-amd64/jdk8u20/1074/hotspot/src/share/vm/prims/jni.cpp
Event: 0,079 Thread 0x00007f1218009800 Exception <a 'java/security/PrivilegedActionException'> (0x00000000d68542b8) thrown at [/HUDSON/workspace/8-2-build-linux-amd64/jdk8u20/1074/hotspot/src/share/vm/prims/jvm.cpp, line 1275]
Event: 0,087 Thread 0x00007f1218009800 Exception <a 'java/security/PrivilegedActionException'> (0x00000000d685a4f8) thrown at [/HUDSON/workspace/8-2-build-linux-amd64/jdk8u20/1074/hotspot/src/share/vm/prims/jvm.cpp, line 1275]
Event: 0,088 Thread 0x00007f1218009800 Exception <a 'java/security/PrivilegedActionException'> (0x00000000d685c278) thrown at [/HUDSON/workspace/8-2-build-linux-amd64/jdk8u20/1074/hotspot/src/share/vm/prims/jvm.cpp, line 1275]
Event: 0,091 Thread 0x00007f12180e4000 Exception <a 'java/security/PrivilegedActionException'> (0x00000000d69ebcb0) thrown at [/HUDSON/workspace/8-2-build-linux-amd64/jdk8u20/1074/hotspot/src/share/vm/prims/jvm.cpp, line 1275]

Events (10 events):
Event: 0,098 loading class java/net/URI
Event: 0,098 loading class java/net/URI done
Event: 0,098 loading class java/net/URI$Parser
Event: 0,099 loading class java/net/URI$Parser done
Event: 0,108 loading class java/util/HashMap$EntrySet
Event: 0,108 loading class java/util/HashMap$EntrySet done
Event: 0,108 loading class java/util/HashMap$EntryIterator
Event: 0,108 loading class java/util/HashMap$HashIterator
Event: 0,108 loading class java/util/HashMap$HashIterator done
Event: 0,108 loading class java/util/HashMap$EntryIterator done


Dynamic libraries:
00400000-00401000 r-xp 00000000 08:02 5112280                            /usr/lib/jvm/java-8-oracle/bin/java
00600000-00601000 rw-p 00000000 08:02 5112280                            /usr/lib/jvm/java-8-oracle/bin/java
01e5b000-01e7c000 rw-p 00000000 00:00 0                                  [heap]
83800000-88c00000 rw-p 00000000 00:00 0 
88c00000-d6800000 ---p 00000000 00:00 0 
d6800000-d9200000 rw-p 00000000 00:00 0 
d9200000-100000000 ---p 00000000 00:00 0 
100000000-100080000 rw-p 00000000 00:00 0 
100080000-140000000 ---p 00000000 00:00 0 
7f11b0000000-7f11b0021000 rw-p 00000000 00:00 0 
7f11b0021000-7f11b4000000 ---p 00000000 00:00 0 
7f11b8000000-7f11b8021000 rw-p 00000000 00:00 0 
7f11b8021000-7f11bc000000 ---p 00000000 00:00 0 
7f11be5a5000-7f11be5a6000 ---p 00000000 00:00 0 
7f11be5a6000-7f11beda6000 rw-p 00000000 00:00 0 
7f11beda6000-7f11beda7000 ---p 00000000 00:00 0 
7f11beda7000-7f11bf5a7000 rw-p 00000000 00:00 0                          [stack:24934]
7f11bf5a7000-7f11bf5fb000 r-xp 00000000 08:02 657985                     /lib/x86_64-linux-gnu/libssl.so.1.0.0
7f11bf5fb000-7f11bf7fb000 ---p 00054000 08:02 657985                     /lib/x86_64-linux-gnu/libssl.so.1.0.0
7f11bf7fb000-7f11bf7fe000 r--p 00054000 08:02 657985                     /lib/x86_64-linux-gnu/libssl.so.1.0.0
7f11bf7fe000-7f11bf804000 rw-p 00057000 08:02 657985                     /lib/x86_64-linux-gnu/libssl.so.1.0.0
7f11bf804000-7f11bf805000 rw-p 00000000 00:00 0 
7f11bf805000-7f11bf9b6000 r-xp 00000000 08:02 657987                     /lib/x86_64-linux-gnu/libcrypto.so.1.0.0
7f11bf9b6000-7f11bfbb5000 ---p 001b1000 08:02 657987                     /lib/x86_64-linux-gnu/libcrypto.so.1.0.0
7f11bfbb5000-7f11bfbd0000 r--p 001b0000 08:02 657987                     /lib/x86_64-linux-gnu/libcrypto.so.1.0.0
7f11bfbd0000-7f11bfbdb000 rw-p 001cb000 08:02 657987                     /lib/x86_64-linux-gnu/libcrypto.so.1.0.0
7f11bfbdb000-7f11bfbdf000 rw-p 00000000 00:00 0 
7f11bfbf8000-7f11bfbf9000 ---p 00000000 00:00 0 
7f11bfbf9000-7f11c03f9000 rw-p 00000000 00:00 0                          [stack:24933]
7f11c03f9000-7f11c03fa000 ---p 00000000 00:00 0 
7f11c03fa000-7f11c0bfa000 rw-p 00000000 00:00 0                          [stack:24932]
7f11c0bfa000-7f11c0bfd000 r-xp 00000000 08:02 4336373                    /usr/lib/x86_64-linux-gnu/gconv/UTF-16.so
7f11c0bfd000-7f11c0dfc000 ---p 00003000 08:02 4336373                    /usr/lib/x86_64-linux-gnu/gconv/UTF-16.so
7f11c0dfc000-7f11c0dfd000 r--p 00002000 08:02 4336373                    /usr/lib/x86_64-linux-gnu/gconv/UTF-16.so
7f11c0dfd000-7f11c0dfe000 rw-p 00003000 08:02 4336373                    /usr/lib/x86_64-linux-gnu/gconv/UTF-16.so
7f11c0dfe000-7f11c0e03000 r-xp 00000000 08:02 3940435                    /usr/lib/x86_64-linux-gnu/libXdmcp.so.6.0.0
7f11c0e03000-7f11c1002000 ---p 00005000 08:02 3940435                    /usr/lib/x86_64-linux-gnu/libXdmcp.so.6.0.0
7f11c1002000-7f11c1003000 r--p 00004000 08:02 3940435                    /usr/lib/x86_64-linux-gnu/libXdmcp.so.6.0.0
7f11c1003000-7f11c1004000 rw-p 00005000 08:02 3940435                    /usr/lib/x86_64-linux-gnu/libXdmcp.so.6.0.0
7f11c1004000-7f11c1006000 r-xp 00000000 08:02 3940424                    /usr/lib/x86_64-linux-gnu/libXau.so.6.0.0
7f11c1006000-7f11c1206000 ---p 00002000 08:02 3940424                    /usr/lib/x86_64-linux-gnu/libXau.so.6.0.0
7f11c1206000-7f11c1207000 r--p 00002000 08:02 3940424                    /usr/lib/x86_64-linux-gnu/libXau.so.6.0.0
7f11c1207000-7f11c1208000 rw-p 00003000 08:02 3940424                    /usr/lib/x86_64-linux-gnu/libXau.so.6.0.0
7f11c1208000-7f11c1225000 r-xp 00000000 08:02 3941492                    /usr/lib/x86_64-linux-gnu/libxcb.so.1.1.0
7f11c1225000-7f11c1425000 ---p 0001d000 08:02 3941492                    /usr/lib/x86_64-linux-gnu/libxcb.so.1.1.0
7f11c1425000-7f11c1426000 r--p 0001d000 08:02 3941492                    /usr/lib/x86_64-linux-gnu/libxcb.so.1.1.0
7f11c1426000-7f11c1427000 rw-p 0001e000 08:02 3941492                    /usr/lib/x86_64-linux-gnu/libxcb.so.1.1.0
7f11c1427000-7f11c3bab000 r-xp 00000000 08:02 4205335                    /usr/local/lib/libwkhtmltox.so.0.12.1
7f11c3bab000-7f11c3dab000 ---p 02784000 08:02 4205335                    /usr/local/lib/libwkhtmltox.so.0.12.1
7f11c3dab000-7f11c3fb4000 r--p 02784000 08:02 4205335                    /usr/local/lib/libwkhtmltox.so.0.12.1
7f11c3fb4000-7f11c3fcd000 rw-p 0298d000 08:02 4205335                    /usr/local/lib/libwkhtmltox.so.0.12.1
7f11c3fcd000-7f11c4000000 rw-p 00000000 00:00 0 
7f11c4000000-7f11c4109000 rw-p 00000000 00:00 0 
7f11c4109000-7f11c8000000 ---p 00000000 00:00 0 
7f11c8000000-7f11c805b000 rw-p 00000000 00:00 0 
7f11c805b000-7f11cc000000 ---p 00000000 00:00 0 
7f11cc000000-7f11cc021000 rw-p 00000000 00:00 0 
7f11cc021000-7f11d0000000 ---p 00000000 00:00 0 
7f11d0000000-7f11d0021000 rw-p 00000000 00:00 0 
7f11d0021000-7f11d4000000 ---p 00000000 00:00 0 
7f11d4000000-7f11d4021000 rw-p 00000000 00:00 0 
7f11d4021000-7f11d8000000 ---p 00000000 00:00 0 
7f11d8000000-7f11d8021000 rw-p 00000000 00:00 0 
7f11d8021000-7f11dc000000 ---p 00000000 00:00 0 
7f11dc000000-7f11dc021000 rw-p 00000000 00:00 0 
7f11dc021000-7f11e0000000 ---p 00000000 00:00 0 
7f11e0000000-7f11e004e000 rw-p 00000000 00:00 0 
7f11e004e000-7f11e4000000 ---p 00000000 00:00 0 
7f11e4000000-7f11e4021000 rw-p 00000000 00:00 0 
7f11e4021000-7f11e8000000 ---p 00000000 00:00 0 
7f11e8000000-7f11e8021000 rw-p 00000000 00:00 0 
7f11e8021000-7f11ec000000 ---p 00000000 00:00 0 
7f11ec000000-7f11ec021000 rw-p 00000000 00:00 0 
7f11ec021000-7f11f0000000 ---p 00000000 00:00 0 
7f11f000d000-7f11f010d000 rw-p 00000000 00:00 0 
7f11f010d000-7f11f0134000 r-xp 00000000 08:02 659395                     /lib/x86_64-linux-gnu/libexpat.so.1.6.0
7f11f0134000-7f11f0334000 ---p 00027000 08:02 659395                     /lib/x86_64-linux-gnu/libexpat.so.1.6.0
7f11f0334000-7f11f0336000 r--p 00027000 08:02 659395                     /lib/x86_64-linux-gnu/libexpat.so.1.6.0
7f11f0336000-7f11f0337000 rw-p 00029000 08:02 659395                     /lib/x86_64-linux-gnu/libexpat.so.1.6.0
7f11f0337000-7f11f034d000 r-xp 00000000 08:02 659400                     /lib/x86_64-linux-gnu/libgcc_s.so.1
7f11f034d000-7f11f054c000 ---p 00016000 08:02 659400                     /lib/x86_64-linux-gnu/libgcc_s.so.1
7f11f054c000-7f11f054d000 rw-p 00015000 08:02 659400                     /lib/x86_64-linux-gnu/libgcc_s.so.1
7f11f054d000-7f11f0633000 r-xp 00000000 08:02 3941330                    /usr/lib/x86_64-linux-gnu/libstdc++.so.6.0.19
7f11f0633000-7f11f0832000 ---p 000e6000 08:02 3941330                    /usr/lib/x86_64-linux-gnu/libstdc++.so.6.0.19
7f11f0832000-7f11f083a000 r--p 000e5000 08:02 3941330                    /usr/lib/x86_64-linux-gnu/libstdc++.so.6.0.19
7f11f083a000-7f11f083c000 rw-p 000ed000 08:02 3941330                    /usr/lib/x86_64-linux-gnu/libstdc++.so.6.0.19
7f11f083c000-7f11f0851000 rw-p 00000000 00:00 0 
7f11f0851000-7f11f0869000 r-xp 00000000 08:02 659536                     /lib/x86_64-linux-gnu/libz.so.1.2.8
7f11f0869000-7f11f0a68000 ---p 00018000 08:02 659536                     /lib/x86_64-linux-gnu/libz.so.1.2.8
7f11f0a68000-7f11f0a69000 r--p 00017000 08:02 659536                     /lib/x86_64-linux-gnu/libz.so.1.2.8
7f11f0a69000-7f11f0a6a000 rw-p 00018000 08:02 659536                     /lib/x86_64-linux-gnu/libz.so.1.2.8
7f11f0a6a000-7f11f0b9a000 r-xp 00000000 08:02 3940420                    /usr/lib/x86_64-linux-gnu/libX11.so.6.3.0
7f11f0b9a000-7f11f0d9a000 ---p 00130000 08:02 3940420                    /usr/lib/x86_64-linux-gnu/libX11.so.6.3.0
7f11f0d9a000-7f11f0d9b000 r--p 00130000 08:02 3940420                    /usr/lib/x86_64-linux-gnu/libX11.so.6.3.0
7f11f0d9b000-7f11f0d9f000 rw-p 00131000 08:02 3940420                    /usr/lib/x86_64-linux-gnu/libX11.so.6.3.0
7f11f0d9f000-7f11f0e3c000 r-xp 00000000 08:02 3932540                    /usr/lib/x86_64-linux-gnu/libfreetype.so.6.11.1
7f11f0e3c000-7f11f103b000 ---p 0009d000 08:02 3932540                    /usr/lib/x86_64-linux-gnu/libfreetype.so.6.11.1
7f11f103b000-7f11f1041000 r--p 0009c000 08:02 3932540                    /usr/lib/x86_64-linux-gnu/libfreetype.so.6.11.1
7f11f1041000-7f11f1042000 rw-p 000a2000 08:02 3932540                    /usr/lib/x86_64-linux-gnu/libfreetype.so.6.11.1
7f11f1042000-7f11f107c000 r-xp 00000000 08:02 3932441                    /usr/lib/x86_64-linux-gnu/libfontconfig.so.1.8.0
7f11f107c000-7f11f127b000 ---p 0003a000 08:02 3932441                    /usr/lib/x86_64-linux-gnu/libfontconfig.so.1.8.0
7f11f127b000-7f11f127d000 r--p 00039000 08:02 3932441                    /usr/lib/x86_64-linux-gnu/libfontconfig.so.1.8.0
7f11f127d000-7f11f127e000 rw-p 0003b000 08:02 3932441                    /usr/lib/x86_64-linux-gnu/libfontconfig.so.1.8.0
7f11f127e000-7f11f1287000 r-xp 00000000 08:02 3940459                    /usr/lib/x86_64-linux-gnu/libXrender.so.1.3.0
7f11f1287000-7f11f1486000 ---p 00009000 08:02 3940459                    /usr/lib/x86_64-linux-gnu/libXrender.so.1.3.0
7f11f1486000-7f11f1487000 r--p 00008000 08:02 3940459                    /usr/lib/x86_64-linux-gnu/libXrender.so.1.3.0
7f11f1487000-7f11f1488000 rw-p 00009000 08:02 3940459                    /usr/lib/x86_64-linux-gnu/libXrender.so.1.3.0
7f11f1488000-7f11f14ad000 r-xp 00000000 08:02 659488                     /lib/x86_64-linux-gnu/libpng12.so.0.50.0
7f11f14ad000-7f11f16ac000 ---p 00025000 08:02 659488                     /lib/x86_64-linux-gnu/libpng12.so.0.50.0
7f11f16ac000-7f11f16ad000 r--p 00024000 08:02 659488                     /lib/x86_64-linux-gnu/libpng12.so.0.50.0
7f11f16ad000-7f11f16ae000 rw-p 00025000 08:02 659488                     /lib/x86_64-linux-gnu/libpng12.so.0.50.0
7f11f16ae000-7f11f16f1000 r-xp 00000000 08:02 3941024                    /usr/lib/x86_64-linux-gnu/libjpeg.so.8.0.2
7f11f16f1000-7f11f18f1000 ---p 00043000 08:02 3941024                    /usr/lib/x86_64-linux-gnu/libjpeg.so.8.0.2
7f11f18f1000-7f11f18f2000 r--p 00043000 08:02 3941024                    /usr/lib/x86_64-linux-gnu/libjpeg.so.8.0.2
7f11f18f2000-7f11f18f3000 rw-p 00044000 08:02 3941024                    /usr/lib/x86_64-linux-gnu/libjpeg.so.8.0.2
7f11f18f3000-7f11f1903000 rw-p 00000000 00:00 0 
7f11f1903000-7f11f1905000 r-xp 00000000 00:18 9966269                    /home/dalmir/hpprojects/jwk/c/JWkLib/dist/libJWkLib.so
7f11f1905000-7f11f1b04000 ---p 00002000 00:18 9966269                    /home/dalmir/hpprojects/jwk/c/JWkLib/dist/libJWkLib.so
7f11f1b04000-7f11f1b05000 r--p 00001000 00:18 9966269                    /home/dalmir/hpprojects/jwk/c/JWkLib/dist/libJWkLib.so
7f11f1b05000-7f11f1b06000 rw-p 00002000 00:18 9966269                    /home/dalmir/hpprojects/jwk/c/JWkLib/dist/libJWkLib.so
7f11f1b06000-7f11f1b1c000 r-xp 00000000 08:02 5261218                    /usr/lib/jvm/java-8-oracle/jre/lib/amd64/libnet.so
7f11f1b1c000-7f11f1d1c000 ---p 00016000 08:02 5261218                    /usr/lib/jvm/java-8-oracle/jre/lib/amd64/libnet.so
7f11f1d1c000-7f11f1d1d000 rw-p 00016000 08:02 5261218                    /usr/lib/jvm/java-8-oracle/jre/lib/amd64/libnet.so
7f11f1d1d000-7f11f1d2e000 r-xp 00000000 08:02 5261222                    /usr/lib/jvm/java-8-oracle/jre/lib/amd64/libnio.so
7f11f1d2e000-7f11f1f2d000 ---p 00011000 08:02 5261222                    /usr/lib/jvm/java-8-oracle/jre/lib/amd64/libnio.so
7f11f1f2d000-7f11f1f2e000 rw-p 00010000 08:02 5261222                    /usr/lib/jvm/java-8-oracle/jre/lib/amd64/libnio.so
7f11f1f2e000-7f11f1f31000 ---p 00000000 00:00 0 
7f11f1f31000-7f11f202f000 rw-p 00000000 00:00 0                          [stack:24931]
7f11f202f000-7f11f2032000 ---p 00000000 00:00 0 
7f11f2032000-7f11f2130000 rw-p 00000000 00:00 0                          [stack:24930]
7f11f2130000-7f11f2131000 ---p 00000000 00:00 0 
7f11f2131000-7f11f2231000 rw-p 00000000 00:00 0                          [stack:24929]
7f11f2231000-7f11f2234000 ---p 00000000 00:00 0 
7f11f2234000-7f11f2332000 rw-p 00000000 00:00 0                          [stack:24928]
7f11f2332000-7f11f2335000 ---p 00000000 00:00 0 
7f11f2335000-7f11f2433000 rw-p 00000000 00:00 0                          [stack:24927]
7f11f2433000-7f11f2436000 ---p 00000000 00:00 0 
7f11f2436000-7f11f2534000 rw-p 00000000 00:00 0                          [stack:24926]
7f11f2534000-7f11f2537000 ---p 00000000 00:00 0 
7f11f2537000-7f11f2635000 rw-p 00000000 00:00 0                          [stack:24925]
7f11f2635000-7f11f2638000 ---p 00000000 00:00 0 
7f11f2638000-7f11f2736000 rw-p 00000000 00:00 0                          [stack:24924]
7f11f2736000-7f11f2e1a000 r--p 00000000 08:02 3939342                    /usr/lib/locale/locale-archive
7f11f2e1a000-7f11f2e1d000 ---p 00000000 00:00 0 
7f11f2e1d000-7f11f2f1b000 rw-p 00000000 00:00 0                          [stack:24923]
7f11f2f1b000-7f11f2f1e000 ---p 00000000 00:00 0 
7f11f2f1e000-7f11f301c000 rw-p 00000000 00:00 0                          [stack:24922]
7f11f301c000-7f11f301d000 ---p 00000000 00:00 0 
7f11f301d000-7f11f3e2a000 rw-p 00000000 00:00 0                          [stack:24921]
7f11f3e2a000-7f11f4000000 r--s 03ca8000 08:02 5112376                    /usr/lib/jvm/java-8-oracle/jre/lib/rt.jar
7f11f4000000-7f11f4021000 rw-p 00000000 00:00 0 
7f11f4021000-7f11f8000000 ---p 00000000 00:00 0 
7f11f800c000-7f11f8015000 rw-p 00000000 00:00 0 
7f11f8015000-7f11f8036000 rw-p 00000000 00:00 0 
7f11f8036000-7f11f8041000 r--s 00000000 08:02 5636166                    /var/cache/fontconfig/945677eb7aeaf62f1d50efc3fb3ec7d8-le64.cache-4
7f11f8041000-7f11f8055000 r--s 00000000 08:02 5636160                    /var/cache/fontconfig/04aabc0a78ac019cf9454389977116d2-le64.cache-4
7f11f8055000-7f11f8056000 r--s 00000000 08:02 5636159                    /var/cache/fontconfig/1ac9eb803944fde146138c791f5cc56a-le64.cache-4
7f11f8056000-7f11f805f000 rw-p 00000000 00:00 0 
7f11f805f000-7f11f8060000 r--s 00000000 08:02 5636167                    /var/cache/fontconfig/c05880de57d1f5e948fdfacc138775d9-le64.cache-4
7f11f8060000-7f11f8066000 r--s 00000000 08:02 5636164                    /var/cache/fontconfig/2cd17615ca594fa2959ae173292e504c-le64.cache-4
7f11f8066000-7f11f8067000 r--s 00000000 08:02 5636163                    /var/cache/fontconfig/e7071f4a29fa870f4323321c154eba04-le64.cache-4
7f11f8067000-7f11f8068000 r--s 00000000 08:02 5636162                    /var/cache/fontconfig/0d8c3b2ac0904cb8a57a757ad11a4a08-le64.cache-4
7f11f8068000-7f11f806f000 r--s 00000000 08:02 5636161                    /var/cache/fontconfig/a755afe4a08bf5b97852ceb7400b47bc-le64.cache-4
7f11f806f000-7f11f8074000 r--s 00000000 08:02 5636155                    /var/cache/fontconfig/8801497958630a81b71ace7c5f9b32a8-le64.cache-4
7f11f8074000-7f11f807b000 r--s 00000000 08:02 5636154                    /var/cache/fontconfig/3047814df9a2f067bd2d96a2b9c36e5a-le64.cache-4
7f11f807b000-7f11f808e000 r--s 00000000 08:02 5636150                    /var/cache/fontconfig/d52a8644073d54c13679302ca1180695-le64.cache-4
7f11f808e000-7f11fc000000 rw-p 00000000 00:00 0 
7f11fc000000-7f11fc021000 rw-p 00000000 00:00 0 
7f11fc021000-7f1200000000 ---p 00000000 00:00 0 
7f1200000000-7f1200021000 rw-p 00000000 00:00 0 
7f1200021000-7f1204000000 ---p 00000000 00:00 0 
7f1204000000-7f1204021000 rw-p 00000000 00:00 0 
7f1204021000-7f1208000000 ---p 00000000 00:00 0 
7f1208000000-7f1208004000 r--s 00000000 08:02 5636158                    /var/cache/fontconfig/385c0604a188198f04d133e54aba7fe7-le64.cache-4
7f1208004000-7f120800a000 r--s 00000000 08:02 5636151                    /var/cache/fontconfig/b47c4e1ecd0709278f4910c18777a504-le64.cache-4
7f120800a000-7f1208012000 r--s 00000000 08:02 5636149                    /var/cache/fontconfig/3f7329c5293ffd510edef78f73874cfd-le64.cache-4
7f1208012000-7f120865a000 rw-p 00000000 00:00 0 
7f120865a000-7f1208a1a000 ---p 00000000 00:00 0 
7f1208a1a000-7f1208dfe000 rw-p 00000000 00:00 0 
7f1208dfe000-7f1208dff000 ---p 00000000 00:00 0 
7f1208dff000-7f1208eff000 rw-p 00000000 00:00 0                          [stack:24920]
7f1208eff000-7f1208f00000 ---p 00000000 00:00 0 
7f1208f00000-7f1209000000 rw-p 00000000 00:00 0                          [stack:24919]
7f1209000000-7f1209270000 rwxp 00000000 00:00 0 
7f1209270000-7f1218000000 ---p 00000000 00:00 0 
7f1218000000-7f12180e7000 rw-p 00000000 00:00 0 
7f12180e7000-7f121c000000 ---p 00000000 00:00 0 
7f121c000000-7f121c042000 rw-p 00000000 00:00 0 
7f121c042000-7f121c043000 ---p 00000000 00:00 0 
7f121c043000-7f121c143000 rw-p 00000000 00:00 0                          [stack:24918]
7f121c143000-7f121c144000 ---p 00000000 00:00 0 
7f121c144000-7f121c26e000 rw-p 00000000 00:00 0                          [stack:24917]
7f121c26e000-7f121c4dc000 ---p 00000000 00:00 0 
7f121c4dc000-7f121c506000 rw-p 00000000 00:00 0 
7f121c506000-7f121c774000 ---p 00000000 00:00 0 
7f121c774000-7f121c789000 rw-p 00000000 00:00 0 
7f121c789000-7f121c8c0000 ---p 00000000 00:00 0 
7f121c8c0000-7f121c8cb000 rw-p 00000000 00:00 0 
7f121c8cb000-7f121cc81000 ---p 00000000 00:00 0 
7f121cc81000-7f121cc9b000 r-xp 00000000 08:02 5261245                    /usr/lib/jvm/java-8-oracle/jre/lib/amd64/libzip.so
7f121cc9b000-7f121ce9b000 ---p 0001a000 08:02 5261245                    /usr/lib/jvm/java-8-oracle/jre/lib/amd64/libzip.so
7f121ce9b000-7f121ce9c000 rw-p 0001a000 08:02 5261245                    /usr/lib/jvm/java-8-oracle/jre/lib/amd64/libzip.so
7f121ce9c000-7f121cea7000 r-xp 00000000 08:02 657978                     /lib/x86_64-linux-gnu/libnss_files-2.19.so
7f121cea7000-7f121d0a6000 ---p 0000b000 08:02 657978                     /lib/x86_64-linux-gnu/libnss_files-2.19.so
7f121d0a6000-7f121d0a7000 r--p 0000a000 08:02 657978                     /lib/x86_64-linux-gnu/libnss_files-2.19.so
7f121d0a7000-7f121d0a8000 rw-p 0000b000 08:02 657978                     /lib/x86_64-linux-gnu/libnss_files-2.19.so
7f121d0a8000-7f121d0b3000 r-xp 00000000 08:02 656672                     /lib/x86_64-linux-gnu/libnss_nis-2.19.so
7f121d0b3000-7f121d2b2000 ---p 0000b000 08:02 656672                     /lib/x86_64-linux-gnu/libnss_nis-2.19.so
7f121d2b2000-7f121d2b3000 r--p 0000a000 08:02 656672                     /lib/x86_64-linux-gnu/libnss_nis-2.19.so
7f121d2b3000-7f121d2b4000 rw-p 0000b000 08:02 656672                     /lib/x86_64-linux-gnu/libnss_nis-2.19.so
7f121d2b4000-7f121d2cb000 r-xp 00000000 08:02 657980                     /lib/x86_64-linux-gnu/libnsl-2.19.so
7f121d2cb000-7f121d4ca000 ---p 00017000 08:02 657980                     /lib/x86_64-linux-gnu/libnsl-2.19.so
7f121d4ca000-7f121d4cb000 r--p 00016000 08:02 657980                     /lib/x86_64-linux-gnu/libnsl-2.19.so
7f121d4cb000-7f121d4cc000 rw-p 00017000 08:02 657980                     /lib/x86_64-linux-gnu/libnsl-2.19.so
7f121d4cc000-7f121d4ce000 rw-p 00000000 00:00 0 
7f121d4ce000-7f121d4d7000 r-xp 00000000 08:02 657973                     /lib/x86_64-linux-gnu/libnss_compat-2.19.so
7f121d4d7000-7f121d6d6000 ---p 00009000 08:02 657973                     /lib/x86_64-linux-gnu/libnss_compat-2.19.so
7f121d6d6000-7f121d6d7000 r--p 00008000 08:02 657973                     /lib/x86_64-linux-gnu/libnss_compat-2.19.so
7f121d6d7000-7f121d6d8000 rw-p 00009000 08:02 657973                     /lib/x86_64-linux-gnu/libnss_compat-2.19.so
7f121d6d8000-7f121d702000 r-xp 00000000 08:02 5261233                    /usr/lib/jvm/java-8-oracle/jre/lib/amd64/libjava.so
7f121d702000-7f121d902000 ---p 0002a000 08:02 5261233                    /usr/lib/jvm/java-8-oracle/jre/lib/amd64/libjava.so
7f121d902000-7f121d904000 rw-p 0002a000 08:02 5261233                    /usr/lib/jvm/java-8-oracle/jre/lib/amd64/libjava.so
7f121d904000-7f121d911000 r-xp 00000000 08:02 5261246                    /usr/lib/jvm/java-8-oracle/jre/lib/amd64/libverify.so
7f121d911000-7f121db11000 ---p 0000d000 08:02 5261246                    /usr/lib/jvm/java-8-oracle/jre/lib/amd64/libverify.so
7f121db11000-7f121db13000 rw-p 0000d000 08:02 5261246                    /usr/lib/jvm/java-8-oracle/jre/lib/amd64/libverify.so
7f121db13000-7f121db1a000 r-xp 00000000 08:02 657976                     /lib/x86_64-linux-gnu/librt-2.19.so
7f121db1a000-7f121dd19000 ---p 00007000 08:02 657976                     /lib/x86_64-linux-gnu/librt-2.19.so
7f121dd19000-7f121dd1a000 r--p 00006000 08:02 657976                     /lib/x86_64-linux-gnu/librt-2.19.so
7f121dd1a000-7f121dd1b000 rw-p 00007000 08:02 657976                     /lib/x86_64-linux-gnu/librt-2.19.so
7f121dd1b000-7f121de20000 r-xp 00000000 08:02 657977                     /lib/x86_64-linux-gnu/libm-2.19.so
7f121de20000-7f121e01f000 ---p 00105000 08:02 657977                     /lib/x86_64-linux-gnu/libm-2.19.so
7f121e01f000-7f121e020000 r--p 00104000 08:02 657977                     /lib/x86_64-linux-gnu/libm-2.19.so
7f121e020000-7f121e021000 rw-p 00105000 08:02 657977                     /lib/x86_64-linux-gnu/libm-2.19.so
7f121e021000-7f121ec8b000 r-xp 00000000 08:02 5387260                    /usr/lib/jvm/java-8-oracle/jre/lib/amd64/server/libjvm.so
7f121ec8b000-7f121ee8a000 ---p 00c6a000 08:02 5387260                    /usr/lib/jvm/java-8-oracle/jre/lib/amd64/server/libjvm.so
7f121ee8a000-7f121ef61000 rw-p 00c69000 08:02 5387260                    /usr/lib/jvm/java-8-oracle/jre/lib/amd64/server/libjvm.so
7f121ef61000-7f121efa3000 rw-p 00000000 00:00 0 
7f121efa3000-7f121f15f000 r-xp 00000000 08:02 657981                     /lib/x86_64-linux-gnu/libc-2.19.so
7f121f15f000-7f121f35e000 ---p 001bc000 08:02 657981                     /lib/x86_64-linux-gnu/libc-2.19.so
7f121f35e000-7f121f362000 r--p 001bb000 08:02 657981                     /lib/x86_64-linux-gnu/libc-2.19.so
7f121f362000-7f121f364000 rw-p 001bf000 08:02 657981                     /lib/x86_64-linux-gnu/libc-2.19.so
7f121f364000-7f121f369000 rw-p 00000000 00:00 0 
7f121f369000-7f121f36c000 r-xp 00000000 08:02 657970                     /lib/x86_64-linux-gnu/libdl-2.19.so
7f121f36c000-7f121f56b000 ---p 00003000 08:02 657970                     /lib/x86_64-linux-gnu/libdl-2.19.so
7f121f56b000-7f121f56c000 r--p 00002000 08:02 657970                     /lib/x86_64-linux-gnu/libdl-2.19.so
7f121f56c000-7f121f56d000 rw-p 00003000 08:02 657970                     /lib/x86_64-linux-gnu/libdl-2.19.so
7f121f56d000-7f121f582000 r-xp 00000000 08:02 4723865                    /usr/lib/jvm/java-8-oracle/lib/amd64/jli/libjli.so
7f121f582000-7f121f781000 ---p 00015000 08:02 4723865                    /usr/lib/jvm/java-8-oracle/lib/amd64/jli/libjli.so
7f121f781000-7f121f782000 rw-p 00014000 08:02 4723865                    /usr/lib/jvm/java-8-oracle/lib/amd64/jli/libjli.so
7f121f782000-7f121f79b000 r-xp 00000000 08:02 657983                     /lib/x86_64-linux-gnu/libpthread-2.19.so
7f121f79b000-7f121f99a000 ---p 00019000 08:02 657983                     /lib/x86_64-linux-gnu/libpthread-2.19.so
7f121f99a000-7f121f99b000 r--p 00018000 08:02 657983                     /lib/x86_64-linux-gnu/libpthread-2.19.so
7f121f99b000-7f121f99c000 rw-p 00019000 08:02 657983                     /lib/x86_64-linux-gnu/libpthread-2.19.so
7f121f99c000-7f121f9a0000 rw-p 00000000 00:00 0 
7f121f9a0000-7f121f9c3000 r-xp 00000000 08:02 657969                     /lib/x86_64-linux-gnu/ld-2.19.so
7f121f9c3000-7f121f9c4000 r--s 00000000 08:02 5636157                    /var/cache/fontconfig/dc05db6664285cc2f12bf69c139ae4c3-le64.cache-4
7f121f9c4000-7f121f9c6000 r--s 00000000 08:02 5636125                    /var/cache/fontconfig/767a8244fc0220cfb567a839d0392e0b-le64.cache-4
7f121f9c6000-7f121f9ca000 r--s 00000000 08:02 5636148                    /var/cache/fontconfig/d589a48862398ed80a3d6066f4f56f4c-le64.cache-4
7f121f9ca000-7f121f9d7000 r--s 00000000 08:02 5636399                    /var/cache/fontconfig/e13b20fdb08344e0e664864cc2ede53d-le64.cache-4
7f121f9d7000-7f121faa2000 rw-p 00000000 00:00 0 
7f121faa2000-7f121faa5000 ---p 00000000 00:00 0 
7f121faa5000-7f121fba7000 rw-p 00000000 00:00 0                          [stack:24914]
7f121fba7000-7f121fba8000 r--s 00000000 08:02 5636156                    /var/cache/fontconfig/4794a0821666d79190d59a36cb4f44b5-le64.cache-4
7f121fba8000-7f121fba9000 r--s 00000000 08:02 5636153                    /var/cache/fontconfig/56cf4f4769d0f4abc89a4895d7bd3ae1-le64.cache-4
7f121fba9000-7f121fbaa000 r--s 00000000 08:02 5636152                    /var/cache/fontconfig/b9d506c9ac06c20b433354fa67a72993-le64.cache-4
7f121fbaa000-7f121fbab000 r--s 00000000 08:02 5636147                    /var/cache/fontconfig/0c9eb80ebd1c36541ebe2852d3bb0c49-le64.cache-4
7f121fbab000-7f121fbaf000 r--s 00000000 08:02 5636274                    /var/cache/fontconfig/7ef2298fde41cc6eeb7af42e48b7d293-le64.cache-4
7f121fbaf000-7f121fbb6000 r--s 00000000 08:02 4336385                    /usr/lib/x86_64-linux-gnu/gconv/gconv-modules.cache
7f121fbb6000-7f121fbbe000 rw-s 00000000 08:02 46                         /tmp/hsperfdata_dalmir/24912
7f121fbbe000-7f121fbbf000 rw-p 00000000 00:00 0 
7f121fbbf000-7f121fbc0000 r--p 00000000 00:00 0 
7f121fbc0000-7f121fbc2000 rw-p 00000000 00:00 0 
7f121fbc2000-7f121fbc3000 r--p 00022000 08:02 657969                     /lib/x86_64-linux-gnu/ld-2.19.so
7f121fbc3000-7f121fbc4000 rw-p 00023000 08:02 657969                     /lib/x86_64-linux-gnu/ld-2.19.so
7f121fbc4000-7f121fbc5000 rw-p 00000000 00:00 0 
7fff598e4000-7fff59905000 rw-p 00000000 00:00 0                          [stack]
7fff599fe000-7fff59a00000 r-xp 00000000 00:00 0                          [vdso]
ffffffffff600000-ffffffffff601000 r-xp 00000000 00:00 0                  [vsyscall]
7f121fbb6000-7f121fbbe000 rw-s 00000000 08:02 46                         /tmp/hsperfdata_dalmir/24912
7f121fbbe000-7f121fbbf000 rw-p 00000000 00:00 0 
7f121fbbf000-7f121fbc0000 r--p 00000000 00:00 0 
7f121fbc0000-7f121fbc2000 rw-p 00000000 00:00 0 
7f121fbc2000-7f121fbc3000 r--p 00022000 08:02 657969                     /lib/x86_64-linux-gnu/ld-2.19.so
7f121fbc3000-7f121fbc4000 rw-p 00023000 08:02 657969                     /lib/x86_64-linux-gnu/ld-2.19.so
7f121fbc4000-7f121fbc5000 rw-p 00000000 00:00 0 
7fff598e4000-7fff59905000 rw-p 00000000 00:00 0                          [stack]
7fff599fe000-7fff59a00000 r-xp 00000000 00:00 0                          [vdso]
ffffffffff600000-ffffffffff601000 r-xp 00000000 00:00 0                  [vsyscall]

VM Arguments:
jvm_args: -Dfile.encoding=UTF-8 
java_command: jwk.Main
java_class_path (initial): /home/dalmir/hpprojects/jwk/java/JWk/build/classes
Launcher Type: SUN_STANDARD

Environment Variables:
PATH=/home/dalmir/bin:/usr/local/sbin:/usr/local/bin:/usr/sbin:/usr/bin:/sbin:/bin:/usr/games:/usr/local/games
LD_LIBRARY_PATH=/usr/lib/jvm/java-8-oracle/jre/lib/amd64:/usr/lib/jvm/java-8-oracle/jre/lib/i386:
SHELL=/bin/bash
DISPLAY=:0

Signal Handlers:
SIGSEGV: [libjvm.so+0xa77530], sa_mask[0]=11111111011111111101111111111110, sa_flags=SA_RESTART|SA_SIGINFO
SIGBUS: [libjvm.so+0xa77530], sa_mask[0]=11111111011111111101111111111110, sa_flags=SA_RESTART|SA_SIGINFO
SIGFPE: [libjvm.so+0x8e1d90], sa_mask[0]=11111111011111111101111111111110, sa_flags=SA_RESTART|SA_SIGINFO
SIGPIPE: SIG_IGN, sa_mask[0]=00000000000000000000000000000000, sa_flags=none
SIGXFSZ: [libjvm.so+0x8e1d90], sa_mask[0]=11111111011111111101111111111110, sa_flags=SA_RESTART|SA_SIGINFO
SIGILL: [libjvm.so+0x8e1d90], sa_mask[0]=11111111011111111101111111111110, sa_flags=SA_RESTART|SA_SIGINFO
SIGUSR1: SIG_DFL, sa_mask[0]=00000000000000000000000000000000, sa_flags=none
SIGUSR2: [libjvm.so+0x8e35c0], sa_mask[0]=00100000000000000000000000000000, sa_flags=SA_RESTART|SA_SIGINFO
SIGHUP: [libjvm.so+0x8e4980], sa_mask[0]=11111111011111111101111111111110, sa_flags=SA_RESTART|SA_SIGINFO
SIGINT: SIG_IGN, sa_mask[0]=00000000000000000000000000000000, sa_flags=none
SIGTERM: [libjvm.so+0x8e4980], sa_mask[0]=11111111011111111101111111111110, sa_flags=SA_RESTART|SA_SIGINFO
SIGQUIT: [libjvm.so+0x8e4980], sa_mask[0]=11111111011111111101111111111110, sa_flags=SA_RESTART|SA_SIGINFO


---------------  S Y S T E M  ---------------

OS:DISTRIB_ID=Ubuntu
DISTRIB_RELEASE=14.04
DISTRIB_CODENAME=trusty
DISTRIB_DESCRIPTION="Ubuntu 14.04.1 LTS"

uname:Linux 3.13.0-34-generic #60-Ubuntu SMP Wed Aug 13 15:45:27 UTC 2014 x86_64
libc:glibc 2.19 NPTL 2.19 
rlimit: STACK 8192k, CORE 0k, NPROC 63495, NOFILE 4096, AS infinity
load average:1,32 1,62 1,96

/proc/meminfo:
MemTotal:        8156820 kB
MemFree:          169016 kB
Buffers:           21552 kB
Cached:           493540 kB
SwapCached:            0 kB
Active:          5126428 kB
Inactive:         301052 kB
Active(anon):    4913652 kB
Inactive(anon):    82352 kB
Active(file):     212776 kB
Inactive(file):   218700 kB
Unevictable:         112 kB
Mlocked:             112 kB
SwapTotal:             0 kB
SwapFree:              0 kB
Dirty:              2824 kB
Writeback:             0 kB
AnonPages:       4912412 kB
Mapped:          2401000 kB
Shmem:             83616 kB
Slab:             127288 kB
SReclaimable:      42324 kB
SUnreclaim:        84964 kB
KernelStack:        9096 kB
PageTables:       110144 kB
NFS_Unstable:          0 kB
Bounce:                0 kB
WritebackTmp:          0 kB
CommitLimit:     4078408 kB
Committed_AS:   15717568 kB
VmallocTotal:   34359738367 kB
VmallocUsed:      126216 kB
VmallocChunk:   34359570940 kB
HardwareCorrupted:     0 kB
AnonHugePages:   1785856 kB
HugePages_Total:       0
HugePages_Free:        0
HugePages_Rsvd:        0
HugePages_Surp:        0
Hugepagesize:       2048 kB
DirectMap4k:     2059924 kB
DirectMap2M:     6311936 kB


CPU:total 4 (4 cores per cpu, 1 threads per core) family 6 model 26 stepping 5, cmov, cx8, fxsr, mmx, sse, sse2, sse3, ssse3, sse4.1, sse4.2, popcnt, tsc, tscinvbit, tscinv

/proc/cpuinfo:
processor	: 0
vendor_id	: GenuineIntel
cpu family	: 6
model		: 26
model name	: Intel(R) Xeon(R) CPU           E5506  @ 2.13GHz
stepping	: 5
microcode	: 0x19
cpu MHz		: 1596.000
cache size	: 4096 KB
physical id	: 0
siblings	: 4
core id		: 0
cpu cores	: 4
apicid		: 0
initial apicid	: 0
fpu		: yes
fpu_exception	: yes
cpuid level	: 11
wp		: yes
flags		: fpu vme de pse tsc msr pae mce cx8 apic sep mtrr pge mca cmov pat pse36 clflush dts acpi mmx fxsr sse sse2 ss ht tm pbe syscall nx rdtscp lm constant_tsc arch_perfmon pebs bts rep_good nopl xtopology nonstop_tsc aperfmperf pni dtes64 monitor ds_cpl vmx est tm2 ssse3 cx16 xtpr pdcm dca sse4_1 sse4_2 popcnt lahf_lm dtherm tpr_shadow vnmi flexpriority ept vpid
bogomips	: 4255.72
clflush size	: 64
cache_alignment	: 64
address sizes	: 40 bits physical, 48 bits virtual
power management:

processor	: 1
vendor_id	: GenuineIntel
cpu family	: 6
model		: 26
model name	: Intel(R) Xeon(R) CPU           E5506  @ 2.13GHz
stepping	: 5
microcode	: 0x19
cpu MHz		: 2128.000
cache size	: 4096 KB
physical id	: 0
siblings	: 4
core id		: 1
cpu cores	: 4
apicid		: 2
initial apicid	: 2
fpu		: yes
fpu_exception	: yes
cpuid level	: 11
wp		: yes
flags		: fpu vme de pse tsc msr pae mce cx8 apic sep mtrr pge mca cmov pat pse36 clflush dts acpi mmx fxsr sse sse2 ss ht tm pbe syscall nx rdtscp lm constant_tsc arch_perfmon pebs bts rep_good nopl xtopology nonstop_tsc aperfmperf pni dtes64 monitor ds_cpl vmx est tm2 ssse3 cx16 xtpr pdcm dca sse4_1 sse4_2 popcnt lahf_lm dtherm tpr_shadow vnmi flexpriority ept vpid
bogomips	: 4255.72
clflush size	: 64
cache_alignment	: 64
address sizes	: 40 bits physical, 48 bits virtual
power management:

processor	: 2
vendor_id	: GenuineIntel
cpu family	: 6
model		: 26
model name	: Intel(R) Xeon(R) CPU           E5506  @ 2.13GHz
stepping	: 5
microcode	: 0x19
cpu MHz		: 2128.000
cache size	: 4096 KB
physical id	: 0
siblings	: 4
core id		: 2
cpu cores	: 4
apicid		: 4
initial apicid	: 4
fpu		: yes
fpu_exception	: yes
cpuid level	: 11
wp		: yes
flags		: fpu vme de pse tsc msr pae mce cx8 apic sep mtrr pge mca cmov pat pse36 clflush dts acpi mmx fxsr sse sse2 ss ht tm pbe syscall nx rdtscp lm constant_tsc arch_perfmon pebs bts rep_good nopl xtopology nonstop_tsc aperfmperf pni dtes64 monitor ds_cpl vmx est tm2 ssse3 cx16 xtpr pdcm dca sse4_1 sse4_2 popcnt lahf_lm dtherm tpr_shadow vnmi flexpriority ept vpid
bogomips	: 4255.72
clflush size	: 64
cache_alignment	: 64
address sizes	: 40 bits physical, 48 bits virtual
power management:

processor	: 3
vendor_id	: GenuineIntel
cpu family	: 6
model		: 26
model name	: Intel(R) Xeon(R) CPU           E5506  @ 2.13GHz
stepping	: 5
microcode	: 0x19
cpu MHz		: 2128.000
cache size	: 4096 KB
physical id	: 0
siblings	: 4
core id		: 3
cpu cores	: 4
apicid		: 6
initial apicid	: 6
fpu		: yes
fpu_exception	: yes
cpuid level	: 11
wp		: yes
flags		: fpu vme de pse tsc msr pae mce cx8 apic sep mtrr pge mca cmov pat pse36 clflush dts acpi mmx fxsr sse sse2 ss ht tm pbe syscall nx rdtscp lm constant_tsc arch_perfmon pebs bts rep_good nopl xtopology nonstop_tsc aperfmperf pni dtes64 monitor ds_cpl vmx est tm2 ssse3 cx16 xtpr pdcm dca sse4_1 sse4_2 popcnt lahf_lm dtherm tpr_shadow vnmi flexpriority ept vpid
bogomips	: 4255.72
clflush size	: 64
cache_alignment	: 64
address sizes	: 40 bits physical, 48 bits virtual
power management:



Memory: 4k page, physical 8156820k(169016k free), swap 0k(0k free)

vm_info: Java HotSpot(TM) 64-Bit Server VM (25.20-b23) for linux-amd64 JRE (1.8.0_20-b26), built on Jul 30 2014 13:13:52 by "java_re" with gcc 4.3.0 20080428 (Red Hat 4.3.0-8)

time: Tue Aug 26 11:40:55 2014
elapsed time: 0 seconds (0d 0h 0m 0s)

