#
# A fatal error has been detected by the Java Runtime Environment:
#
#  SIGSEGV (0xb) at pc=0x00007fdfb315465b, pid=25253, tid=140598631384832
#
# JRE version: Java(TM) SE Runtime Environment (8.0_20-b26) (build 1.8.0_20-b26)
# Java VM: Java HotSpot(TM) 64-Bit Server VM (25.20-b23 mixed mode linux-amd64 compressed oops)
# Problematic frame:
# C  [libwkhtmltox.so.0+0x1d2d65b]
#
# Failed to write core dump. Core dumps have been disabled. To enable core dumping, try "ulimit -c unlimited" before starting Java again
#
# If you would like to submit a bug report, please visit:
#   http://bugreport.sun.com/bugreport/crash.jsp
# The crash happened outside the Java Virtual Machine in native code.
# See problematic frame for where to report the bug.
#

---------------  T H R E A D  ---------------

Current thread (0x00007fdffc0fc800):  JavaThread "Thread-1" [_thread_in_native, id=25272, stack(0x00007fdfab6ac000,0x00007fdfab7ad000)]

siginfo: si_signo: 11 (SIGSEGV), si_code: 1 (SEGV_MAPERR), si_addr: 0x0000000000000020

Registers:
RAX=0x0000000000000000, RBX=0x0000000000000000, RCX=0x000000000000005f, RDX=0x0000000000000000
RSP=0x00007fdfab7a9f10, RBP=0x0000000000000020, RSI=0x0000000000000000, RDI=0x0000000000000000
R8 =0x0000000000000000, R9 =0x0000000000000001, R10=0x00007fe001babbe0, R11=0x000000000000000f
R12=0x00007fdfab7aa210, R13=0x00007fdf9c01a6e0, R14=0x0000000000000002, R15=0x0000000000000001
RIP=0x00007fdfb315465b, EFLAGS=0x0000000000010202, CSGSFS=0x0000000000000033, ERR=0x0000000000000004
  TRAPNO=0x000000000000000e

Top of Stack: (sp=0x00007fdfab7a9f10)
0x00007fdfab7a9f10:   00007fdfaaba73e0 00000000000000a8
0x00007fdfab7a9f20:   ffff802054856061 000000000000000b
0x00007fdfab7a9f30:   0000000000000002 00007fdf9c000020
0x00007fdfab7a9f40:   0000000000000088 00007fdfab7aa100
0x00007fdfab7a9f50:   00007fdf9c01a6e0 0000000000000002
0x00007fdfab7a9f60:   0000000000000000 00007fdfb35174c8
0x00007fdfab7a9f70:   00007fdfab7aa100 00007fdfb3517424
0x00007fdfab7a9f80:   00007fdfab7a9efc 00007fdfb02d9f2d
0x00007fdfab7a9f90:   0000000000000000 00007fdfab7aa100
0x00007fdfab7a9fa0:   0000000000000000 00007fdfab7aa210
0x00007fdfab7a9fb0:   00007fdfab7aa100 0000000000000000
0x00007fdfab7a9fc0:   00007fdfab7aa210 00007fdfb3152a64
0x00007fdfab7a9fd0:   00007fdf9c01a6e0 00007fdfab7aa100
0x00007fdfab7a9fe0:   00007fdfab7aa0f0 00007fdfb31257dd
0x00007fdfab7a9ff0:   00007fdf9c01a9f0 00007fdfab7aa0a0
0x00007fdfab7aa000:   0000000000000000 00007fdfab7aa0b0
0x00007fdfab7aa010:   00007fdfab7aa030 00000001007aa0b0
0x00007fdfab7aa020:   0000000000000000 00007fdf9c000020
0x00007fdfab7aa030:   00007fdf9c017cf0 00007fdfab7aa2c0
0x00007fdfab7aa040:   00007fdf9c01a6e0 00007fdfb31e1a21
0x00007fdfab7aa050:   00007fdf9c017fc0 00007fdf9c018a58
0x00007fdfab7aa060:   00007fdfab7aa0e0 00007fdfb313bb38
0x00007fdfab7aa070:   00007fdfab7aa0e0 00007fdfab7aa0f0
0x00007fdfab7aa080:   00007fdf9c019ab8 00007fdfab7aa2c0
0x00007fdfab7aa090:   00007fdf9c01a6e0 00007fdfab7aa340
0x00007fdfab7aa0a0:   0000000000000001 00007fdf00000002
0x00007fdfab7aa0b0:   0000000000000001 0000007700000002
0x00007fdfab7aa0c0:   0000000000000000 00000001ab7aa0ef
0x00007fdfab7aa0d0:   000000000000000a 00007fdfb32238a6
0x00007fdfab7aa0e0:   00007fdf9c017d50 0000000000000000
0x00007fdfab7aa0f0:   00007fdf9c0180c0 00007fdfb32f2b59
0x00007fdfab7aa100:   00007fdfb3faa5b0 00007fdf9c018730 

Instructions: (pc=0x00007fdfb315465b)
0x00007fdfb315463b:   98 81 fe 66 90 41 54 55 48 89 fd 53 48 89 fb 48
0x00007fdfb315464b:   81 ec a0 00 00 00 48 83 c5 20 0f 84 a5 00 00 00
0x00007fdfb315465b:   48 8b 57 20 f6 42 04 01 75 4b 31 c0 b9 01 00 00
0x00007fdfb315466b:   00 f0 0f b1 0a 0f 94 c1 84 c9 75 08 48 89 ef e8 

Register to memory mapping:

RAX=0x0000000000000000 is an unknown value
RBX=0x0000000000000000 is an unknown value
RCX=0x000000000000005f is an unknown value
RDX=0x0000000000000000 is an unknown value
RSP=0x00007fdfab7a9f10 is pointing into the stack for thread: 0x00007fdffc0fc800
RBP=0x0000000000000020 is an unknown value
RSI=0x0000000000000000 is an unknown value
RDI=0x0000000000000000 is an unknown value
R8 =0x0000000000000000 is an unknown value
R9 =0x0000000000000001 is an unknown value
R10=0x00007fe001babbe0: <offset 0x3bdbe0> in /lib/x86_64-linux-gnu/libc.so.6 at 0x00007fe0017ee000
R11=0x000000000000000f is an unknown value
R12=0x00007fdfab7aa210 is pointing into the stack for thread: 0x00007fdffc0fc800
R13=0x00007fdf9c01a6e0 is an unknown value
R14=0x0000000000000002 is an unknown value
R15=0x0000000000000001 is an unknown value


Stack: [0x00007fdfab6ac000,0x00007fdfab7ad000],  sp=0x00007fdfab7a9f10,  free space=1015k
Native frames: (J=compiled Java code, j=interpreted, Vv=VM code, C=native code)
C  [libwkhtmltox.so.0+0x1d2d65b]

Java frames: (J=compiled Java code, j=interpreted, Vv=VM code)
j  jwk.JWk.convertImp(Ljava/lang/String;Ljava/lang/String;Ljava/util/Map;[Ljava/lang/Object;)Z+0
j  jwk.JWk.convert(Ljava/lang/String;Ljava/lang/String;Ljava/util/Map;)V+48
j  jwk.Main$1.run()V+37
v  ~StubRoutines::call_stub

---------------  P R O C E S S  ---------------

Java Threads: ( => current thread )
  0x00007fdffc009800 JavaThread "DestroyJavaVM" [_thread_blocked, id=25255, stack(0x00007fe0022ed000,0x00007fe0023ee000)]
=>0x00007fdffc0fc800 JavaThread "Thread-1" [_thread_in_native, id=25272, stack(0x00007fdfab6ac000,0x00007fdfab7ad000)]
  0x00007fdffc0fb800 JavaThread "Thread-0" [_thread_in_vm, id=25271, stack(0x00007fdfe00bf000,0x00007fdfe01c0000)]
  0x00007fdffc0d0800 JavaThread "Service Thread" daemon [_thread_blocked, id=25269, stack(0x00007fdfe8981000,0x00007fdfe8a82000)]
  0x00007fdffc0b3000 JavaThread "C1 CompilerThread2" daemon [_thread_blocked, id=25268, stack(0x00007fdfe8a82000,0x00007fdfe8b83000)]
  0x00007fdffc0b1000 JavaThread "C2 CompilerThread1" daemon [_thread_blocked, id=25267, stack(0x00007fdfe8b83000,0x00007fdfe8c84000)]
  0x00007fdffc0ae800 JavaThread "C2 CompilerThread0" daemon [_thread_blocked, id=25266, stack(0x00007fdfe8c84000,0x00007fdfe8d85000)]
  0x00007fdffc0ac000 JavaThread "Signal Dispatcher" daemon [_thread_blocked, id=25265, stack(0x00007fdfe8d85000,0x00007fdfe8e86000)]
  0x00007fdffc07c000 JavaThread "Finalizer" daemon [_thread_blocked, id=25264, stack(0x00007fdfe956a000,0x00007fdfe966b000)]
  0x00007fdffc07a000 JavaThread "Reference Handler" daemon [_thread_blocked, id=25263, stack(0x00007fdfe966b000,0x00007fdfe976c000)]

Other Threads:
  0x00007fdffc073000 VMThread [stack: 0x00007fdfe976c000,0x00007fdfe986d000] [id=25262]
  0x00007fdffc0d3800 WatcherThread [stack: 0x00007fdfe8880000,0x00007fdfe8981000] [id=25270]

VM state:not at safepoint (normal execution)

VM Mutex/Monitor currently owned by a thread: None

Heap:
 PSYoungGen      total 37888K, used 3932K [0x00000000d6800000, 0x00000000d9200000, 0x0000000100000000)
  eden space 32768K, 12% used [0x00000000d6800000,0x00000000d6bd7348,0x00000000d8800000)
  from space 5120K, 0% used [0x00000000d8d00000,0x00000000d8d00000,0x00000000d9200000)
  to   space 5120K, 0% used [0x00000000d8800000,0x00000000d8800000,0x00000000d8d00000)
 ParOldGen       total 86016K, used 0K [0x0000000083800000, 0x0000000088c00000, 0x00000000d6800000)
  object space 86016K, 0% used [0x0000000083800000,0x0000000083800000,0x0000000088c00000)
 Metaspace       used 2762K, capacity 4492K, committed 4864K, reserved 1056768K
  class space    used 290K, capacity 388K, committed 512K, reserved 1048576K

Card table byte_map: [0x00007fdfebbd8000,0x00007fdfebfbd000] byte_map_base: 0x00007fdfeb7bc000

Marking Bits: (ParMarkBitMap*) 0x00007fe0017c3ac0
 Begin Bits: [0x00007fdfe01c0000, 0x00007fdfe20e0000)
 End Bits:   [0x00007fdfe20e0000, 0x00007fdfe4000000)

Polling page: 0x00007fe00240a000

CodeCache: size=245760Kb used=1087Kb max_used=1087Kb free=244672Kb
 bounds [0x00007fdfec37d000, 0x00007fdfec5ed000, 0x00007fdffb37d000]
 total_blobs=256 nmethods=16 adapters=157
 compilation: enabled

Compilation events (10 events):
Event: 0,104 Thread 0x00007fdffc0b3000   12       1       java.lang.ref.Reference::get (5 bytes)
Event: 0,104 Thread 0x00007fdffc0b3000 nmethod 12 0x00007fdfec486e90 code [0x00007fdfec486fe0, 0x00007fdfec4870f0]
Event: 0,104 Thread 0x00007fdffc0b3000   13       1       java.lang.ThreadLocal::access$400 (5 bytes)
Event: 0,104 Thread 0x00007fdffc0b3000 nmethod 13 0x00007fdfec486bd0 code [0x00007fdfec486d20, 0x00007fdfec486e10]
Event: 0,108 Thread 0x00007fdffc0b3000   14       3       java.lang.String::getChars (62 bytes)
Event: 0,108 Thread 0x00007fdffc0b3000 nmethod 14 0x00007fdfec48b4d0 code [0x00007fdfec48b680, 0x00007fdfec48bab8]
Event: 0,153 Thread 0x00007fdffc0b3000   15       3       java.lang.String::startsWith (72 bytes)
Event: 0,153 Thread 0x00007fdffc0b3000 nmethod 15 0x00007fdfec48bcd0 code [0x00007fdfec48be40, 0x00007fdfec48c170]
Event: 0,754 Thread 0x00007fdffc0b3000   16       3       java.lang.System::getSecurityManager (4 bytes)
Event: 0,754 Thread 0x00007fdffc0b3000 nmethod 16 0x00007fdfec48c350 code [0x00007fdfec48c4a0, 0x00007fdfec48c5d0]

GC Heap History (0 events):
No events

Deoptimization events (0 events):
No events

Internal exceptions (6 events):
Event: 0,048 Thread 0x00007fdffc009800 Exception <a 'java/lang/NoSuchMethodError': Method sun.misc.Unsafe.defineClass(Ljava/lang/String;[BII)Ljava/lang/Class; name or signature does not match> (0x00000000d6811c68) thrown at [/HUDSON/workspace/8-2-build-linux-amd64/jdk8u20/1074/hotspot/src/shar
Event: 0,048 Thread 0x00007fdffc009800 Exception <a 'java/lang/NoSuchMethodError': Method sun.misc.Unsafe.prefetchRead(Ljava/lang/Object;J)V name or signature does not match> (0x00000000d6811ef8) thrown at [/HUDSON/workspace/8-2-build-linux-amd64/jdk8u20/1074/hotspot/src/share/vm/prims/jni.cpp
Event: 0,094 Thread 0x00007fdffc009800 Exception <a 'java/security/PrivilegedActionException'> (0x00000000d68542b8) thrown at [/HUDSON/workspace/8-2-build-linux-amd64/jdk8u20/1074/hotspot/src/share/vm/prims/jvm.cpp, line 1275]
Event: 0,101 Thread 0x00007fdffc009800 Exception <a 'java/security/PrivilegedActionException'> (0x00000000d685a540) thrown at [/HUDSON/workspace/8-2-build-linux-amd64/jdk8u20/1074/hotspot/src/share/vm/prims/jvm.cpp, line 1275]
Event: 0,102 Thread 0x00007fdffc009800 Exception <a 'java/security/PrivilegedActionException'> (0x00000000d685c298) thrown at [/HUDSON/workspace/8-2-build-linux-amd64/jdk8u20/1074/hotspot/src/share/vm/prims/jvm.cpp, line 1275]
Event: 0,153 Thread 0x00007fdffc009800 Exception <a 'java/security/PrivilegedActionException'> (0x00000000d68622a0) thrown at [/HUDSON/workspace/8-2-build-linux-amd64/jdk8u20/1074/hotspot/src/share/vm/prims/jvm.cpp, line 1275]

Events (10 events):
Event: 0,154 Thread 0x00007fdffc0fc800 Thread added: 0x00007fdffc0fc800
Event: 0,154 loading class java/util/HashMap$EntrySet
Event: 0,154 loading class java/util/HashMap$EntrySet done
Event: 0,154 loading class java/util/HashMap$EntryIterator
Event: 0,154 loading class java/util/HashMap$HashIterator
Event: 0,154 loading class java/util/HashMap$HashIterator done
Event: 0,154 loading class java/util/HashMap$EntryIterator done
Event: 0,161 Thread 0x00007fdffc009800 Thread exited: 0x00007fdffc009800
Event: 0,161 Thread 0x00007fdffc009800 Thread added: 0x00007fdffc009800
Event: 0,754 loading class java/util/logging/Logger


Dynamic libraries:
00400000-00401000 r-xp 00000000 08:02 5112280                            /usr/lib/jvm/java-8-oracle/bin/java
00600000-00601000 rw-p 00000000 08:02 5112280                            /usr/lib/jvm/java-8-oracle/bin/java
01be9000-01c0a000 rw-p 00000000 00:00 0                                  [heap]
83800000-88c00000 rw-p 00000000 00:00 0 
88c00000-d6800000 ---p 00000000 00:00 0 
d6800000-d9200000 rw-p 00000000 00:00 0 
d9200000-100000000 ---p 00000000 00:00 0 
100000000-100080000 rw-p 00000000 00:00 0 
100080000-140000000 ---p 00000000 00:00 0 
7fdf54000000-7fdf94000000 rwxp 00000000 00:00 0 
7fdf94000000-7fdf94021000 rw-p 00000000 00:00 0 
7fdf94021000-7fdf98000000 ---p 00000000 00:00 0 
7fdf98000000-7fdf98021000 rw-p 00000000 00:00 0 
7fdf98021000-7fdf9c000000 ---p 00000000 00:00 0 
7fdf9c000000-7fdf9c029000 rw-p 00000000 00:00 0 
7fdf9c029000-7fdfa0000000 ---p 00000000 00:00 0 
7fdfa0000000-7fdfa0021000 rw-p 00000000 00:00 0 
7fdfa0021000-7fdfa4000000 ---p 00000000 00:00 0 
7fdfa4000000-7fdfa41a4000 rw-p 00000000 00:00 0 
7fdfa41a4000-7fdfa8000000 ---p 00000000 00:00 0 
7fdfa8741000-7fdfa8b51000 rw-p 00000000 00:00 0 
7fdfa8b51000-7fdfa8b68000 r-xp 00000000 08:02 656675                     /lib/x86_64-linux-gnu/libresolv-2.19.so
7fdfa8b68000-7fdfa8d68000 ---p 00017000 08:02 656675                     /lib/x86_64-linux-gnu/libresolv-2.19.so
7fdfa8d68000-7fdfa8d69000 r--p 00017000 08:02 656675                     /lib/x86_64-linux-gnu/libresolv-2.19.so
7fdfa8d69000-7fdfa8d6a000 rw-p 00018000 08:02 656675                     /lib/x86_64-linux-gnu/libresolv-2.19.so
7fdfa8d6a000-7fdfa8d6c000 rw-p 00000000 00:00 0 
7fdfa8d6c000-7fdfa8d6d000 ---p 00000000 00:00 0 
7fdfa8d6d000-7fdfa956d000 rw-p 00000000 00:00 0 
7fdfa956d000-7fdfa956e000 ---p 00000000 00:00 0 
7fdfa956e000-7fdfa9d6e000 rw-p 00000000 00:00 0                          [stack:25275]
7fdfa9d6e000-7fdfa9dc2000 r-xp 00000000 08:02 657985                     /lib/x86_64-linux-gnu/libssl.so.1.0.0
7fdfa9dc2000-7fdfa9fc2000 ---p 00054000 08:02 657985                     /lib/x86_64-linux-gnu/libssl.so.1.0.0
7fdfa9fc2000-7fdfa9fc5000 r--p 00054000 08:02 657985                     /lib/x86_64-linux-gnu/libssl.so.1.0.0
7fdfa9fc5000-7fdfa9fcb000 rw-p 00057000 08:02 657985                     /lib/x86_64-linux-gnu/libssl.so.1.0.0
7fdfa9fcb000-7fdfa9fcc000 rw-p 00000000 00:00 0 
7fdfa9fcc000-7fdfaa17d000 r-xp 00000000 08:02 657987                     /lib/x86_64-linux-gnu/libcrypto.so.1.0.0
7fdfaa17d000-7fdfaa37c000 ---p 001b1000 08:02 657987                     /lib/x86_64-linux-gnu/libcrypto.so.1.0.0
7fdfaa37c000-7fdfaa397000 r--p 001b0000 08:02 657987                     /lib/x86_64-linux-gnu/libcrypto.so.1.0.0
7fdfaa397000-7fdfaa3a2000 rw-p 001cb000 08:02 657987                     /lib/x86_64-linux-gnu/libcrypto.so.1.0.0
7fdfaa3a2000-7fdfaa3a6000 rw-p 00000000 00:00 0 
7fdfaa3a6000-7fdfaa3a7000 ---p 00000000 00:00 0 
7fdfaa3a7000-7fdfaaca7000 rw-p 00000000 00:00 0 
7fdfaaca7000-7fdfaaca8000 ---p 00000000 00:00 0 
7fdfaaca8000-7fdfab4a8000 rw-p 00000000 00:00 0                          [stack:25273]
7fdfab4a8000-7fdfab4ab000 r-xp 00000000 08:02 4336373                    /usr/lib/x86_64-linux-gnu/gconv/UTF-16.so
7fdfab4ab000-7fdfab6aa000 ---p 00003000 08:02 4336373                    /usr/lib/x86_64-linux-gnu/gconv/UTF-16.so
7fdfab6aa000-7fdfab6ab000 r--p 00002000 08:02 4336373                    /usr/lib/x86_64-linux-gnu/gconv/UTF-16.so
7fdfab6ab000-7fdfab6ac000 rw-p 00003000 08:02 4336373                    /usr/lib/x86_64-linux-gnu/gconv/UTF-16.so
7fdfab6ac000-7fdfab6af000 ---p 00000000 00:00 0 
7fdfab6af000-7fdfab7ad000 rw-p 00000000 00:00 0                          [stack:25272]
7fdfab7ad000-7fdfab7b2000 r-xp 00000000 08:02 3940435                    /usr/lib/x86_64-linux-gnu/libXdmcp.so.6.0.0
7fdfab7b2000-7fdfab9b1000 ---p 00005000 08:02 3940435                    /usr/lib/x86_64-linux-gnu/libXdmcp.so.6.0.0
7fdfab9b1000-7fdfab9b2000 r--p 00004000 08:02 3940435                    /usr/lib/x86_64-linux-gnu/libXdmcp.so.6.0.0
7fdfab9b2000-7fdfab9b3000 rw-p 00005000 08:02 3940435                    /usr/lib/x86_64-linux-gnu/libXdmcp.so.6.0.0
7fdfab9b3000-7fdfab9b5000 r-xp 00000000 08:02 3940424                    /usr/lib/x86_64-linux-gnu/libXau.so.6.0.0
7fdfab9b5000-7fdfabbb5000 ---p 00002000 08:02 3940424                    /usr/lib/x86_64-linux-gnu/libXau.so.6.0.0
7fdfabbb5000-7fdfabbb6000 r--p 00002000 08:02 3940424                    /usr/lib/x86_64-linux-gnu/libXau.so.6.0.0
7fdfabbb6000-7fdfabbb7000 rw-p 00003000 08:02 3940424                    /usr/lib/x86_64-linux-gnu/libXau.so.6.0.0
7fdfabbb7000-7fdfabbd4000 r-xp 00000000 08:02 3941492                    /usr/lib/x86_64-linux-gnu/libxcb.so.1.1.0
7fdfabbd4000-7fdfabdd4000 ---p 0001d000 08:02 3941492                    /usr/lib/x86_64-linux-gnu/libxcb.so.1.1.0
7fdfabdd4000-7fdfabdd5000 r--p 0001d000 08:02 3941492                    /usr/lib/x86_64-linux-gnu/libxcb.so.1.1.0
7fdfabdd5000-7fdfabdd6000 rw-p 0001e000 08:02 3941492                    /usr/lib/x86_64-linux-gnu/libxcb.so.1.1.0
7fdfabdd6000-7fdfabdfd000 r-xp 00000000 08:02 659395                     /lib/x86_64-linux-gnu/libexpat.so.1.6.0
7fdfabdfd000-7fdfabffd000 ---p 00027000 08:02 659395                     /lib/x86_64-linux-gnu/libexpat.so.1.6.0
7fdfabffd000-7fdfabfff000 r--p 00027000 08:02 659395                     /lib/x86_64-linux-gnu/libexpat.so.1.6.0
7fdfabfff000-7fdfac000000 rw-p 00029000 08:02 659395                     /lib/x86_64-linux-gnu/libexpat.so.1.6.0
7fdfac000000-7fdfac021000 rw-p 00000000 00:00 0 
7fdfac021000-7fdfb0000000 ---p 00000000 00:00 0 
7fdfb0065000-7fdfb007b000 r-xp 00000000 08:02 659400                     /lib/x86_64-linux-gnu/libgcc_s.so.1
7fdfb007b000-7fdfb027a000 ---p 00016000 08:02 659400                     /lib/x86_64-linux-gnu/libgcc_s.so.1
7fdfb027a000-7fdfb027b000 rw-p 00015000 08:02 659400                     /lib/x86_64-linux-gnu/libgcc_s.so.1
7fdfb027b000-7fdfb0361000 r-xp 00000000 08:02 3941330                    /usr/lib/x86_64-linux-gnu/libstdc++.so.6.0.19
7fdfb0361000-7fdfb0560000 ---p 000e6000 08:02 3941330                    /usr/lib/x86_64-linux-gnu/libstdc++.so.6.0.19
7fdfb0560000-7fdfb0568000 r--p 000e5000 08:02 3941330                    /usr/lib/x86_64-linux-gnu/libstdc++.so.6.0.19
7fdfb0568000-7fdfb056a000 rw-p 000ed000 08:02 3941330                    /usr/lib/x86_64-linux-gnu/libstdc++.so.6.0.19
7fdfb056a000-7fdfb057f000 rw-p 00000000 00:00 0 
7fdfb057f000-7fdfb0597000 r-xp 00000000 08:02 659536                     /lib/x86_64-linux-gnu/libz.so.1.2.8
7fdfb0597000-7fdfb0796000 ---p 00018000 08:02 659536                     /lib/x86_64-linux-gnu/libz.so.1.2.8
7fdfb0796000-7fdfb0797000 r--p 00017000 08:02 659536                     /lib/x86_64-linux-gnu/libz.so.1.2.8
7fdfb0797000-7fdfb0798000 rw-p 00018000 08:02 659536                     /lib/x86_64-linux-gnu/libz.so.1.2.8
7fdfb0798000-7fdfb08c8000 r-xp 00000000 08:02 3940420                    /usr/lib/x86_64-linux-gnu/libX11.so.6.3.0
7fdfb08c8000-7fdfb0ac8000 ---p 00130000 08:02 3940420                    /usr/lib/x86_64-linux-gnu/libX11.so.6.3.0
7fdfb0ac8000-7fdfb0ac9000 r--p 00130000 08:02 3940420                    /usr/lib/x86_64-linux-gnu/libX11.so.6.3.0
7fdfb0ac9000-7fdfb0acd000 rw-p 00131000 08:02 3940420                    /usr/lib/x86_64-linux-gnu/libX11.so.6.3.0
7fdfb0acd000-7fdfb0b6a000 r-xp 00000000 08:02 3932540                    /usr/lib/x86_64-linux-gnu/libfreetype.so.6.11.1
7fdfb0b6a000-7fdfb0d69000 ---p 0009d000 08:02 3932540                    /usr/lib/x86_64-linux-gnu/libfreetype.so.6.11.1
7fdfb0d69000-7fdfb0d6f000 r--p 0009c000 08:02 3932540                    /usr/lib/x86_64-linux-gnu/libfreetype.so.6.11.1
7fdfb0d6f000-7fdfb0d70000 rw-p 000a2000 08:02 3932540                    /usr/lib/x86_64-linux-gnu/libfreetype.so.6.11.1
7fdfb0d70000-7fdfb0daa000 r-xp 00000000 08:02 3932441                    /usr/lib/x86_64-linux-gnu/libfontconfig.so.1.8.0
7fdfb0daa000-7fdfb0fa9000 ---p 0003a000 08:02 3932441                    /usr/lib/x86_64-linux-gnu/libfontconfig.so.1.8.0
7fdfb0fa9000-7fdfb0fab000 r--p 00039000 08:02 3932441                    /usr/lib/x86_64-linux-gnu/libfontconfig.so.1.8.0
7fdfb0fab000-7fdfb0fac000 rw-p 0003b000 08:02 3932441                    /usr/lib/x86_64-linux-gnu/libfontconfig.so.1.8.0
7fdfb0fac000-7fdfb0fd1000 r-xp 00000000 08:02 659488                     /lib/x86_64-linux-gnu/libpng12.so.0.50.0
7fdfb0fd1000-7fdfb11d0000 ---p 00025000 08:02 659488                     /lib/x86_64-linux-gnu/libpng12.so.0.50.0
7fdfb11d0000-7fdfb11d1000 r--p 00024000 08:02 659488                     /lib/x86_64-linux-gnu/libpng12.so.0.50.0
7fdfb11d1000-7fdfb11d2000 rw-p 00025000 08:02 659488                     /lib/x86_64-linux-gnu/libpng12.so.0.50.0
7fdfb11d2000-7fdfb1215000 r-xp 00000000 08:02 3941024                    /usr/lib/x86_64-linux-gnu/libjpeg.so.8.0.2
7fdfb1215000-7fdfb1415000 ---p 00043000 08:02 3941024                    /usr/lib/x86_64-linux-gnu/libjpeg.so.8.0.2
7fdfb1415000-7fdfb1416000 r--p 00043000 08:02 3941024                    /usr/lib/x86_64-linux-gnu/libjpeg.so.8.0.2
7fdfb1416000-7fdfb1417000 rw-p 00044000 08:02 3941024                    /usr/lib/x86_64-linux-gnu/libjpeg.so.8.0.2
7fdfb1417000-7fdfb1427000 rw-p 00000000 00:00 0 
7fdfb1427000-7fdfb3bab000 r-xp 00000000 08:02 4205335                    /usr/local/lib/libwkhtmltox.so.0.12.1
7fdfb3bab000-7fdfb3dab000 ---p 02784000 08:02 4205335                    /usr/local/lib/libwkhtmltox.so.0.12.1
7fdfb3dab000-7fdfb3fb4000 r--p 02784000 08:02 4205335                    /usr/local/lib/libwkhtmltox.so.0.12.1
7fdfb3fb4000-7fdfb3fcd000 rw-p 0298d000 08:02 4205335                    /usr/local/lib/libwkhtmltox.so.0.12.1
7fdfb3fcd000-7fdfb4000000 rw-p 00000000 00:00 0 
7fdfb4000000-7fdfb4021000 rw-p 00000000 00:00 0 
7fdfb4021000-7fdfb8000000 ---p 00000000 00:00 0 
7fdfb8000000-7fdfb8021000 rw-p 00000000 00:00 0 
7fdfb8021000-7fdfbc000000 ---p 00000000 00:00 0 
7fdfbc000000-7fdfbc05e000 rw-p 00000000 00:00 0 
7fdfbc05e000-7fdfc0000000 ---p 00000000 00:00 0 
7fdfc0000000-7fdfc0021000 rw-p 00000000 00:00 0 
7fdfc0021000-7fdfc4000000 ---p 00000000 00:00 0 
7fdfc4000000-7fdfc4021000 rw-p 00000000 00:00 0 
7fdfc4021000-7fdfc8000000 ---p 00000000 00:00 0 
7fdfc8000000-7fdfc8021000 rw-p 00000000 00:00 0 
7fdfc8021000-7fdfcc000000 ---p 00000000 00:00 0 
7fdfcc000000-7fdfcc021000 rw-p 00000000 00:00 0 
7fdfcc021000-7fdfd0000000 ---p 00000000 00:00 0 
7fdfd0000000-7fdfd0021000 rw-p 00000000 00:00 0 
7fdfd0021000-7fdfd4000000 ---p 00000000 00:00 0 
7fdfd4000000-7fdfd4021000 rw-p 00000000 00:00 0 
7fdfd4021000-7fdfd8000000 ---p 00000000 00:00 0 
7fdfd8000000-7fdfd8021000 rw-p 00000000 00:00 0 
7fdfd8021000-7fdfdc000000 ---p 00000000 00:00 0 
7fdfdc000000-7fdfdc021000 rw-p 00000000 00:00 0 
7fdfdc021000-7fdfe0000000 ---p 00000000 00:00 0 
7fdfe0051000-7fdfe0052000 rw-p 00000000 00:00 0 
7fdfe0052000-7fdfe005b000 rw-p 00000000 00:00 0 
7fdfe005b000-7fdfe0084000 rw-p 00000000 00:00 0 
7fdfe0084000-7fdfe0085000 r--s 00000000 08:02 5636167                    /var/cache/fontconfig/c05880de57d1f5e948fdfacc138775d9-le64.cache-4
7fdfe0085000-7fdfe0090000 r--s 00000000 08:02 5636166                    /var/cache/fontconfig/945677eb7aeaf62f1d50efc3fb3ec7d8-le64.cache-4
7fdfe0090000-7fdfe0096000 r--s 00000000 08:02 5636164                    /var/cache/fontconfig/2cd17615ca594fa2959ae173292e504c-le64.cache-4
7fdfe0096000-7fdfe0097000 r--s 00000000 08:02 5636163                    /var/cache/fontconfig/e7071f4a29fa870f4323321c154eba04-le64.cache-4
7fdfe0097000-7fdfe0098000 r--s 00000000 08:02 5636162                    /var/cache/fontconfig/0d8c3b2ac0904cb8a57a757ad11a4a08-le64.cache-4
7fdfe0098000-7fdfe009f000 r--s 00000000 08:02 5636161                    /var/cache/fontconfig/a755afe4a08bf5b97852ceb7400b47bc-le64.cache-4
7fdfe009f000-7fdfe00b3000 r--s 00000000 08:02 5636160                    /var/cache/fontconfig/04aabc0a78ac019cf9454389977116d2-le64.cache-4
7fdfe00b3000-7fdfe00b8000 r--s 00000000 08:02 5636155                    /var/cache/fontconfig/8801497958630a81b71ace7c5f9b32a8-le64.cache-4
7fdfe00b8000-7fdfe00bf000 r--s 00000000 08:02 5636154                    /var/cache/fontconfig/3047814df9a2f067bd2d96a2b9c36e5a-le64.cache-4
7fdfe00bf000-7fdfe00c2000 ---p 00000000 00:00 0 
7fdfe00c2000-7fdfe4000000 rw-p 00000000 00:00 0                          [stack:25271]
7fdfe4000000-7fdfe4021000 rw-p 00000000 00:00 0 
7fdfe4021000-7fdfe8000000 ---p 00000000 00:00 0 
7fdfe8000000-7fdfe8001000 r--s 00000000 08:02 5636159                    /var/cache/fontconfig/1ac9eb803944fde146138c791f5cc56a-le64.cache-4
7fdfe8001000-7fdfe800a000 r-xp 00000000 08:02 3940459                    /usr/lib/x86_64-linux-gnu/libXrender.so.1.3.0
7fdfe800a000-7fdfe8209000 ---p 00009000 08:02 3940459                    /usr/lib/x86_64-linux-gnu/libXrender.so.1.3.0
7fdfe8209000-7fdfe820a000 r--p 00008000 08:02 3940459                    /usr/lib/x86_64-linux-gnu/libXrender.so.1.3.0
7fdfe820a000-7fdfe820b000 rw-p 00009000 08:02 3940459                    /usr/lib/x86_64-linux-gnu/libXrender.so.1.3.0
7fdfe820b000-7fdfe8211000 r--s 00000000 08:02 5636151                    /var/cache/fontconfig/b47c4e1ecd0709278f4910c18777a504-le64.cache-4
7fdfe8211000-7fdfe8224000 r--s 00000000 08:02 5636150                    /var/cache/fontconfig/d52a8644073d54c13679302ca1180695-le64.cache-4
7fdfe8224000-7fdfe8226000 r-xp 00000000 00:18 9966269                    /home/dalmir/hpprojects/jwk/c/JWkLib/dist/libJWkLib.so
7fdfe8226000-7fdfe8425000 ---p 00002000 00:18 9966269                    /home/dalmir/hpprojects/jwk/c/JWkLib/dist/libJWkLib.so
7fdfe8425000-7fdfe8426000 r--p 00001000 00:18 9966269                    /home/dalmir/hpprojects/jwk/c/JWkLib/dist/libJWkLib.so
7fdfe8426000-7fdfe8427000 rw-p 00002000 00:18 9966269                    /home/dalmir/hpprojects/jwk/c/JWkLib/dist/libJWkLib.so
7fdfe8427000-7fdfe8458000 rw-p 00000000 00:00 0 
7fdfe8458000-7fdfe846e000 r-xp 00000000 08:02 5261218                    /usr/lib/jvm/java-8-oracle/jre/lib/amd64/libnet.so
7fdfe846e000-7fdfe866e000 ---p 00016000 08:02 5261218                    /usr/lib/jvm/java-8-oracle/jre/lib/amd64/libnet.so
7fdfe866e000-7fdfe866f000 rw-p 00016000 08:02 5261218                    /usr/lib/jvm/java-8-oracle/jre/lib/amd64/libnet.so
7fdfe866f000-7fdfe8680000 r-xp 00000000 08:02 5261222                    /usr/lib/jvm/java-8-oracle/jre/lib/amd64/libnio.so
7fdfe8680000-7fdfe887f000 ---p 00011000 08:02 5261222                    /usr/lib/jvm/java-8-oracle/jre/lib/amd64/libnio.so
7fdfe887f000-7fdfe8880000 rw-p 00010000 08:02 5261222                    /usr/lib/jvm/java-8-oracle/jre/lib/amd64/libnio.so
7fdfe8880000-7fdfe8881000 ---p 00000000 00:00 0 
7fdfe8881000-7fdfe8981000 rw-p 00000000 00:00 0                          [stack:25270]
7fdfe8981000-7fdfe8984000 ---p 00000000 00:00 0 
7fdfe8984000-7fdfe8a82000 rw-p 00000000 00:00 0                          [stack:25269]
7fdfe8a82000-7fdfe8a85000 ---p 00000000 00:00 0 
7fdfe8a85000-7fdfe8b83000 rw-p 00000000 00:00 0                          [stack:25268]
7fdfe8b83000-7fdfe8b86000 ---p 00000000 00:00 0 
7fdfe8b86000-7fdfe8c84000 rw-p 00000000 00:00 0                          [stack:25267]
7fdfe8c84000-7fdfe8c87000 ---p 00000000 00:00 0 
7fdfe8c87000-7fdfe8d85000 rw-p 00000000 00:00 0                          [stack:25266]
7fdfe8d85000-7fdfe8d88000 ---p 00000000 00:00 0 
7fdfe8d88000-7fdfe8e86000 rw-p 00000000 00:00 0                          [stack:25265]
7fdfe8e86000-7fdfe956a000 r--p 00000000 08:02 3939342                    /usr/lib/locale/locale-archive
7fdfe956a000-7fdfe956d000 ---p 00000000 00:00 0 
7fdfe956d000-7fdfe966b000 rw-p 00000000 00:00 0                          [stack:25264]
7fdfe966b000-7fdfe966e000 ---p 00000000 00:00 0 
7fdfe966e000-7fdfe976c000 rw-p 00000000 00:00 0                          [stack:25263]
7fdfe976c000-7fdfe976d000 ---p 00000000 00:00 0 
7fdfe976d000-7fdfea80d000 rw-p 00000000 00:00 0                          [stack:25262]
7fdfea80d000-7fdfea9e3000 r--s 03ca8000 08:02 5112376                    /usr/lib/jvm/java-8-oracle/jre/lib/rt.jar
7fdfea9e3000-7fdfeae99000 rw-p 00000000 00:00 0 
7fdfeae99000-7fdfeb259000 ---p 00000000 00:00 0 
7fdfeb259000-7fdfeb63d000 rw-p 00000000 00:00 0 
7fdfeb63d000-7fdfeb63e000 ---p 00000000 00:00 0 
7fdfeb63e000-7fdfeb73e000 rw-p 00000000 00:00 0                          [stack:25261]
7fdfeb73e000-7fdfeb73f000 ---p 00000000 00:00 0 
7fdfeb73f000-7fdfeb83f000 rw-p 00000000 00:00 0                          [stack:25260]
7fdfeb83f000-7fdfeb840000 ---p 00000000 00:00 0 
7fdfeb840000-7fdfeb96a000 rw-p 00000000 00:00 0                          [stack:25259]
7fdfeb96a000-7fdfebbd8000 ---p 00000000 00:00 0 
7fdfebbd8000-7fdfebc02000 rw-p 00000000 00:00 0 
7fdfebc02000-7fdfebe70000 ---p 00000000 00:00 0 
7fdfebe70000-7fdfebe85000 rw-p 00000000 00:00 0 
7fdfebe85000-7fdfebfbc000 ---p 00000000 00:00 0 
7fdfebfbc000-7fdfebfc7000 rw-p 00000000 00:00 0 
7fdfebfc7000-7fdfec37d000 ---p 00000000 00:00 0 
7fdfec37d000-7fdfec5ed000 rwxp 00000000 00:00 0 
7fdfec5ed000-7fdffb37d000 ---p 00000000 00:00 0 
7fdffb37d000-7fdffb397000 r-xp 00000000 08:02 5261245                    /usr/lib/jvm/java-8-oracle/jre/lib/amd64/libzip.so
7fdffb397000-7fdffb597000 ---p 0001a000 08:02 5261245                    /usr/lib/jvm/java-8-oracle/jre/lib/amd64/libzip.so
7fdffb597000-7fdffb598000 rw-p 0001a000 08:02 5261245                    /usr/lib/jvm/java-8-oracle/jre/lib/amd64/libzip.so
7fdffb598000-7fdffb5a3000 r-xp 00000000 08:02 657978                     /lib/x86_64-linux-gnu/libnss_files-2.19.so
7fdffb5a3000-7fdffb7a2000 ---p 0000b000 08:02 657978                     /lib/x86_64-linux-gnu/libnss_files-2.19.so
7fdffb7a2000-7fdffb7a3000 r--p 0000a000 08:02 657978                     /lib/x86_64-linux-gnu/libnss_files-2.19.so
7fdffb7a3000-7fdffb7a4000 rw-p 0000b000 08:02 657978                     /lib/x86_64-linux-gnu/libnss_files-2.19.so
7fdffb7a4000-7fdffb7af000 r-xp 00000000 08:02 656672                     /lib/x86_64-linux-gnu/libnss_nis-2.19.so
7fdffb7af000-7fdffb9ae000 ---p 0000b000 08:02 656672                     /lib/x86_64-linux-gnu/libnss_nis-2.19.so
7fdffb9ae000-7fdffb9af000 r--p 0000a000 08:02 656672                     /lib/x86_64-linux-gnu/libnss_nis-2.19.so
7fdffb9af000-7fdffb9b0000 rw-p 0000b000 08:02 656672                     /lib/x86_64-linux-gnu/libnss_nis-2.19.so
7fdffb9b0000-7fdffb9c7000 r-xp 00000000 08:02 657980                     /lib/x86_64-linux-gnu/libnsl-2.19.so
7fdffb9c7000-7fdffbbc6000 ---p 00017000 08:02 657980                     /lib/x86_64-linux-gnu/libnsl-2.19.so
7fdffbbc6000-7fdffbbc7000 r--p 00016000 08:02 657980                     /lib/x86_64-linux-gnu/libnsl-2.19.so
7fdffbbc7000-7fdffbbc8000 rw-p 00017000 08:02 657980                     /lib/x86_64-linux-gnu/libnsl-2.19.so
7fdffbbc8000-7fdffbbca000 rw-p 00000000 00:00 0 
7fdffbbca000-7fdffbbd3000 r-xp 00000000 08:02 657973                     /lib/x86_64-linux-gnu/libnss_compat-2.19.so
7fdffbbd3000-7fdffbdd2000 ---p 00009000 08:02 657973                     /lib/x86_64-linux-gnu/libnss_compat-2.19.so
7fdffbdd2000-7fdffbdd3000 r--p 00008000 08:02 657973                     /lib/x86_64-linux-gnu/libnss_compat-2.19.so
7fdffbdd3000-7fdffbdd4000 rw-p 00009000 08:02 657973                     /lib/x86_64-linux-gnu/libnss_compat-2.19.so
7fdffbdd4000-7fdffbdfe000 r-xp 00000000 08:02 5261233                    /usr/lib/jvm/java-8-oracle/jre/lib/amd64/libjava.so
7fdffbdfe000-7fdffbffe000 ---p 0002a000 08:02 5261233                    /usr/lib/jvm/java-8-oracle/jre/lib/amd64/libjava.so
7fdffbffe000-7fdffc000000 rw-p 0002a000 08:02 5261233                    /usr/lib/jvm/java-8-oracle/jre/lib/amd64/libjava.so
7fdffc000000-7fdffc0ff000 rw-p 00000000 00:00 0 
7fdffc0ff000-7fe000000000 ---p 00000000 00:00 0 
7fe000000000-7fe000004000 r--s 00000000 08:02 5636158                    /var/cache/fontconfig/385c0604a188198f04d133e54aba7fe7-le64.cache-4
7fe000004000-7fe00000c000 r--s 00000000 08:02 5636149                    /var/cache/fontconfig/3f7329c5293ffd510edef78f73874cfd-le64.cache-4
7fe00000c000-7fe00004e000 rw-p 00000000 00:00 0 
7fe00004e000-7fe00004f000 ---p 00000000 00:00 0 
7fe00004f000-7fe00014f000 rw-p 00000000 00:00 0                          [stack:25258]
7fe00014f000-7fe00015c000 r-xp 00000000 08:02 5261246                    /usr/lib/jvm/java-8-oracle/jre/lib/amd64/libverify.so
7fe00015c000-7fe00035c000 ---p 0000d000 08:02 5261246                    /usr/lib/jvm/java-8-oracle/jre/lib/amd64/libverify.so
7fe00035c000-7fe00035e000 rw-p 0000d000 08:02 5261246                    /usr/lib/jvm/java-8-oracle/jre/lib/amd64/libverify.so
7fe00035e000-7fe000365000 r-xp 00000000 08:02 657976                     /lib/x86_64-linux-gnu/librt-2.19.so
7fe000365000-7fe000564000 ---p 00007000 08:02 657976                     /lib/x86_64-linux-gnu/librt-2.19.so
7fe000564000-7fe000565000 r--p 00006000 08:02 657976                     /lib/x86_64-linux-gnu/librt-2.19.so
7fe000565000-7fe000566000 rw-p 00007000 08:02 657976                     /lib/x86_64-linux-gnu/librt-2.19.so
7fe000566000-7fe00066b000 r-xp 00000000 08:02 657977                     /lib/x86_64-linux-gnu/libm-2.19.so
7fe00066b000-7fe00086a000 ---p 00105000 08:02 657977                     /lib/x86_64-linux-gnu/libm-2.19.so
7fe00086a000-7fe00086b000 r--p 00104000 08:02 657977                     /lib/x86_64-linux-gnu/libm-2.19.so
7fe00086b000-7fe00086c000 rw-p 00105000 08:02 657977                     /lib/x86_64-linux-gnu/libm-2.19.so
7fe00086c000-7fe0014d6000 r-xp 00000000 08:02 5387260                    /usr/lib/jvm/java-8-oracle/jre/lib/amd64/server/libjvm.so
7fe0014d6000-7fe0016d5000 ---p 00c6a000 08:02 5387260                    /usr/lib/jvm/java-8-oracle/jre/lib/amd64/server/libjvm.so
7fe0016d5000-7fe0017ac000 rw-p 00c69000 08:02 5387260                    /usr/lib/jvm/java-8-oracle/jre/lib/amd64/server/libjvm.so
7fe0017ac000-7fe0017ee000 rw-p 00000000 00:00 0 
7fe0017ee000-7fe0019aa000 r-xp 00000000 08:02 657981                     /lib/x86_64-linux-gnu/libc-2.19.so
7fe0019aa000-7fe001ba9000 ---p 001bc000 08:02 657981                     /lib/x86_64-linux-gnu/libc-2.19.so
7fe001ba9000-7fe001bad000 r--p 001bb000 08:02 657981                     /lib/x86_64-linux-gnu/libc-2.19.so
7fe001bad000-7fe001baf000 rw-p 001bf000 08:02 657981                     /lib/x86_64-linux-gnu/libc-2.19.so
7fe001baf000-7fe001bb4000 rw-p 00000000 00:00 0 
7fe001bb4000-7fe001bb7000 r-xp 00000000 08:02 657970                     /lib/x86_64-linux-gnu/libdl-2.19.so
7fe001bb7000-7fe001db6000 ---p 00003000 08:02 657970                     /lib/x86_64-linux-gnu/libdl-2.19.so
7fe001db6000-7fe001db7000 r--p 00002000 08:02 657970                     /lib/x86_64-linux-gnu/libdl-2.19.so
7fe001db7000-7fe001db8000 rw-p 00003000 08:02 657970                     /lib/x86_64-linux-gnu/libdl-2.19.so
7fe001db8000-7fe001dcd000 r-xp 00000000 08:02 4723865                    /usr/lib/jvm/java-8-oracle/lib/amd64/jli/libjli.so
7fe001dcd000-7fe001fcc000 ---p 00015000 08:02 4723865                    /usr/lib/jvm/java-8-oracle/lib/amd64/jli/libjli.so
7fe001fcc000-7fe001fcd000 rw-p 00014000 08:02 4723865                    /usr/lib/jvm/java-8-oracle/lib/amd64/jli/libjli.so
7fe001fcd000-7fe001fe6000 r-xp 00000000 08:02 657983                     /lib/x86_64-linux-gnu/libpthread-2.19.so
7fe001fe6000-7fe0021e5000 ---p 00019000 08:02 657983                     /lib/x86_64-linux-gnu/libpthread-2.19.so
7fe0021e5000-7fe0021e6000 r--p 00018000 08:02 657983                     /lib/x86_64-linux-gnu/libpthread-2.19.so
7fe0021e6000-7fe0021e7000 rw-p 00019000 08:02 657983                     /lib/x86_64-linux-gnu/libpthread-2.19.so
7fe0021e7000-7fe0021eb000 rw-p 00000000 00:00 0 
7fe0021eb000-7fe00220e000 r-xp 00000000 08:02 657969                     /lib/x86_64-linux-gnu/ld-2.19.so
7fe00220e000-7fe00220f000 r--s 00000000 08:02 5636157                    /var/cache/fontconfig/dc05db6664285cc2f12bf69c139ae4c3-le64.cache-4
7fe00220f000-7fe002211000 r--s 00000000 08:02 5636125                    /var/cache/fontconfig/767a8244fc0220cfb567a839d0392e0b-le64.cache-4
7fe002211000-7fe002215000 r--s 00000000 08:02 5636148                    /var/cache/fontconfig/d589a48862398ed80a3d6066f4f56f4c-le64.cache-4
7fe002215000-7fe002222000 r--s 00000000 08:02 5636399                    /var/cache/fontconfig/e13b20fdb08344e0e664864cc2ede53d-le64.cache-4
7fe002222000-7fe0022ed000 rw-p 00000000 00:00 0 
7fe0022ed000-7fe0022f0000 ---p 00000000 00:00 0 
7fe0022f0000-7fe0023f2000 rw-p 00000000 00:00 0                          [stack:25255]
7fe0023f2000-7fe0023f3000 r--s 00000000 08:02 5636156                    /var/cache/fontconfig/4794a0821666d79190d59a36cb4f44b5-le64.cache-4
7fe0023f3000-7fe0023f4000 r--s 00000000 08:02 5636153                    /var/cache/fontconfig/56cf4f4769d0f4abc89a4895d7bd3ae1-le64.cache-4
7fe0023f4000-7fe0023f5000 r--s 00000000 08:02 5636152                    /var/cache/fontconfig/b9d506c9ac06c20b433354fa67a72993-le64.cache-4
7fe0023f5000-7fe0023f6000 r--s 00000000 08:02 5636147                    /var/cache/fontconfig/0c9eb80ebd1c36541ebe2852d3bb0c49-le64.cache-4
7fe0023f6000-7fe0023fa000 r--s 00000000 08:02 5636274                    /var/cache/fontconfig/7ef2298fde41cc6eeb7af42e48b7d293-le64.cache-4
7fe0023fa000-7fe002401000 r--s 00000000 08:02 4336385                    /usr/lib/x86_64-linux-gnu/gconv/gconv-modules.cache
7fe002401000-7fe002409000 rw-s 00000000 08:02 46                         /tmp/hsperfdata_dalmir/25253
7fe002409000-7fe00240a000 rw-p 00000000 00:00 0 
7fe00240a000-7fe00240b000 r--p 00000000 00:00 0 
7fe00240b000-7fe00240d000 rw-p 00000000 00:00 0 
7fe00240d000-7fe00240e000 r--p 00022000 08:02 657969                     /lib/x86_64-linux-gnu/ld-2.19.so
7fe00240e000-7fe00240f000 rw-p 00023000 08:02 657969                     /lib/x86_64-linux-gnu/ld-2.19.so
7fe00240f000-7fe002410000 rw-p 00000000 00:00 0 
7ffff7409000-7ffff742a000 rw-p 00000000 00:00 0                          [stack]
7ffff7452000-7ffff7454000 r-xp 00000000 00:00 0                          [vdso]
ffffffffff600000-ffffffffff601000 r-xp 00000000 00:00 0                  [vsyscall]

VM Arguments:
jvm_args: -Dfile.encoding=UTF-8 
java_command: jwk.Main
java_class_path (initial): /home/dalmir/hpprojects/jwk/java/JWk/build/classes
Launcher Type: SUN_STANDARD

Environment Variables:
PATH=/home/dalmir/bin:/usr/local/sbin:/usr/local/bin:/usr/sbin:/usr/bin:/sbin:/bin:/usr/games:/usr/local/games
LD_LIBRARY_PATH=/usr/lib/jvm/java-8-oracle/jre/lib/amd64:/usr/lib/jvm/java-8-oracle/jre/lib/i386:
SHELL=/bin/bash
DISPLAY=:0

Signal Handlers:
SIGSEGV: [libjvm.so+0xa77530], sa_mask[0]=11111111011111111101111111111110, sa_flags=SA_RESTART|SA_SIGINFO
SIGBUS: [libjvm.so+0xa77530], sa_mask[0]=11111111011111111101111111111110, sa_flags=SA_RESTART|SA_SIGINFO
SIGFPE: [libjvm.so+0x8e1d90], sa_mask[0]=11111111011111111101111111111110, sa_flags=SA_RESTART|SA_SIGINFO
SIGPIPE: SIG_IGN, sa_mask[0]=00000000000000000000000000000000, sa_flags=none
SIGXFSZ: [libjvm.so+0x8e1d90], sa_mask[0]=11111111011111111101111111111110, sa_flags=SA_RESTART|SA_SIGINFO
SIGILL: [libjvm.so+0x8e1d90], sa_mask[0]=11111111011111111101111111111110, sa_flags=SA_RESTART|SA_SIGINFO
SIGUSR1: SIG_DFL, sa_mask[0]=00000000000000000000000000000000, sa_flags=none
SIGUSR2: [libjvm.so+0x8e35c0], sa_mask[0]=00100000000000000000000000000000, sa_flags=SA_RESTART|SA_SIGINFO
SIGHUP: [libjvm.so+0x8e4980], sa_mask[0]=11111111011111111101111111111110, sa_flags=SA_RESTART|SA_SIGINFO
SIGINT: SIG_IGN, sa_mask[0]=00000000000000000000000000000000, sa_flags=none
SIGTERM: [libjvm.so+0x8e4980], sa_mask[0]=11111111011111111101111111111110, sa_flags=SA_RESTART|SA_SIGINFO
SIGQUIT: [libjvm.so+0x8e4980], sa_mask[0]=11111111011111111101111111111110, sa_flags=SA_RESTART|SA_SIGINFO


---------------  S Y S T E M  ---------------

OS:DISTRIB_ID=Ubuntu
DISTRIB_RELEASE=14.04
DISTRIB_CODENAME=trusty
DISTRIB_DESCRIPTION="Ubuntu 14.04.1 LTS"

uname:Linux 3.13.0-34-generic #60-Ubuntu SMP Wed Aug 13 15:45:27 UTC 2014 x86_64
libc:glibc 2.19 NPTL 2.19 
rlimit: STACK 8192k, CORE 0k, NPROC 63495, NOFILE 4096, AS infinity
load average:1,42 1,34 1,56

/proc/meminfo:
MemTotal:        8156820 kB
MemFree:          156984 kB
Buffers:           13700 kB
Cached:           357196 kB
SwapCached:            0 kB
Active:          5193876 kB
Inactive:         239708 kB
Active(anon):    5064244 kB
Inactive(anon):    84376 kB
Active(file):     129632 kB
Inactive(file):   155332 kB
Unevictable:         112 kB
Mlocked:             112 kB
SwapTotal:             0 kB
SwapFree:              0 kB
Dirty:              4372 kB
Writeback:             0 kB
AnonPages:       5062916 kB
Mapped:          2371960 kB
Shmem:             85588 kB
Slab:             125264 kB
SReclaimable:      39604 kB
SUnreclaim:        85660 kB
KernelStack:        9440 kB
PageTables:       115932 kB
NFS_Unstable:          0 kB
Bounce:                0 kB
WritebackTmp:          0 kB
CommitLimit:     4078408 kB
Committed_AS:   16220120 kB
VmallocTotal:   34359738367 kB
VmallocUsed:      126216 kB
VmallocChunk:   34359570940 kB
HardwareCorrupted:     0 kB
AnonHugePages:   1798144 kB
HugePages_Total:       0
HugePages_Free:        0
HugePages_Rsvd:        0
HugePages_Surp:        0
Hugepagesize:       2048 kB
DirectMap4k:     2059924 kB
DirectMap2M:     6311936 kB


CPU:total 4 (4 cores per cpu, 1 threads per core) family 6 model 26 stepping 5, cmov, cx8, fxsr, mmx, sse, sse2, sse3, ssse3, sse4.1, sse4.2, popcnt, tsc, tscinvbit, tscinv

/proc/cpuinfo:
processor	: 0
vendor_id	: GenuineIntel
cpu family	: 6
model		: 26
model name	: Intel(R) Xeon(R) CPU           E5506  @ 2.13GHz
stepping	: 5
microcode	: 0x19
cpu MHz		: 2128.000
cache size	: 4096 KB
physical id	: 0
siblings	: 4
core id		: 0
cpu cores	: 4
apicid		: 0
initial apicid	: 0
fpu		: yes
fpu_exception	: yes
cpuid level	: 11
wp		: yes
flags		: fpu vme de pse tsc msr pae mce cx8 apic sep mtrr pge mca cmov pat pse36 clflush dts acpi mmx fxsr sse sse2 ss ht tm pbe syscall nx rdtscp lm constant_tsc arch_perfmon pebs bts rep_good nopl xtopology nonstop_tsc aperfmperf pni dtes64 monitor ds_cpl vmx est tm2 ssse3 cx16 xtpr pdcm dca sse4_1 sse4_2 popcnt lahf_lm dtherm tpr_shadow vnmi flexpriority ept vpid
bogomips	: 4255.72
clflush size	: 64
cache_alignment	: 64
address sizes	: 40 bits physical, 48 bits virtual
power management:

processor	: 1
vendor_id	: GenuineIntel
cpu family	: 6
model		: 26
model name	: Intel(R) Xeon(R) CPU           E5506  @ 2.13GHz
stepping	: 5
microcode	: 0x19
cpu MHz		: 1596.000
cache size	: 4096 KB
physical id	: 0
siblings	: 4
core id		: 1
cpu cores	: 4
apicid		: 2
initial apicid	: 2
fpu		: yes
fpu_exception	: yes
cpuid level	: 11
wp		: yes
flags		: fpu vme de pse tsc msr pae mce cx8 apic sep mtrr pge mca cmov pat pse36 clflush dts acpi mmx fxsr sse sse2 ss ht tm pbe syscall nx rdtscp lm constant_tsc arch_perfmon pebs bts rep_good nopl xtopology nonstop_tsc aperfmperf pni dtes64 monitor ds_cpl vmx est tm2 ssse3 cx16 xtpr pdcm dca sse4_1 sse4_2 popcnt lahf_lm dtherm tpr_shadow vnmi flexpriority ept vpid
bogomips	: 4255.72
clflush size	: 64
cache_alignment	: 64
address sizes	: 40 bits physical, 48 bits virtual
power management:

processor	: 2
vendor_id	: GenuineIntel
cpu family	: 6
model		: 26
model name	: Intel(R) Xeon(R) CPU           E5506  @ 2.13GHz
stepping	: 5
microcode	: 0x19
cpu MHz		: 2128.000
cache size	: 4096 KB
physical id	: 0
siblings	: 4
core id		: 2
cpu cores	: 4
apicid		: 4
initial apicid	: 4
fpu		: yes
fpu_exception	: yes
cpuid level	: 11
wp		: yes
flags		: fpu vme de pse tsc msr pae mce cx8 apic sep mtrr pge mca cmov pat pse36 clflush dts acpi mmx fxsr sse sse2 ss ht tm pbe syscall nx rdtscp lm constant_tsc arch_perfmon pebs bts rep_good nopl xtopology nonstop_tsc aperfmperf pni dtes64 monitor ds_cpl vmx est tm2 ssse3 cx16 xtpr pdcm dca sse4_1 sse4_2 popcnt lahf_lm dtherm tpr_shadow vnmi flexpriority ept vpid
bogomips	: 4255.72
clflush size	: 64
cache_alignment	: 64
address sizes	: 40 bits physical, 48 bits virtual
power management:

processor	: 3
vendor_id	: GenuineIntel
cpu family	: 6
model		: 26
model name	: Intel(R) Xeon(R) CPU           E5506  @ 2.13GHz
stepping	: 5
microcode	: 0x19
cpu MHz		: 1596.000
cache size	: 4096 KB
physical id	: 0
siblings	: 4
core id		: 3
cpu cores	: 4
apicid		: 6
initial apicid	: 6
fpu		: yes
fpu_exception	: yes
cpuid level	: 11
wp		: yes
flags		: fpu vme de pse tsc msr pae mce cx8 apic sep mtrr pge mca cmov pat pse36 clflush dts acpi mmx fxsr sse sse2 ss ht tm pbe syscall nx rdtscp lm constant_tsc arch_perfmon pebs bts rep_good nopl xtopology nonstop_tsc aperfmperf pni dtes64 monitor ds_cpl vmx est tm2 ssse3 cx16 xtpr pdcm dca sse4_1 sse4_2 popcnt lahf_lm dtherm tpr_shadow vnmi flexpriority ept vpid
bogomips	: 4255.72
clflush size	: 64
cache_alignment	: 64
address sizes	: 40 bits physical, 48 bits virtual
power management:



Memory: 4k page, physical 8156820k(156728k free), swap 0k(0k free)

vm_info: Java HotSpot(TM) 64-Bit Server VM (25.20-b23) for linux-amd64 JRE (1.8.0_20-b26), built on Jul 30 2014 13:13:52 by "java_re" with gcc 4.3.0 20080428 (Red Hat 4.3.0-8)

time: Tue Aug 26 11:52:05 2014
elapsed time: 0 seconds (0d 0h 0m 0s)

