#
# A fatal error has been detected by the Java Runtime Environment:
#
#  SIGSEGV (0xb) at pc=0x00007f1218018650, pid=24874, tid=139716475291392
#
# JRE version: Java(TM) SE Runtime Environment (8.0_20-b26) (build 1.8.0_20-b26)
# Java VM: Java HotSpot(TM) 64-Bit Server VM (25.20-b23 mixed mode linux-amd64 compressed oops)
# Problematic frame:
# C  0x00007f1218018650
#
# Failed to write core dump. Core dumps have been disabled. To enable core dumping, try "ulimit -c unlimited" before starting Java again
#
# If you would like to submit a bug report, please visit:
#   http://bugreport.sun.com/bugreport/crash.jsp
# The crash happened outside the Java Virtual Machine in native code.
# See problematic frame for where to report the bug.
#

---------------  T H R E A D  ---------------

Current thread (0x00007f126c0dd000):  JavaThread "Thread-1" [_thread_in_native, id=24893, stack(0x00007f1246d10000,0x00007f1246e11000)]

siginfo: si_signo: 11 (SIGSEGV), si_code: 2 (SEGV_ACCERR), si_addr: 0x00007f1218018650

Registers:
RAX=0x00007f1218019c10, RBX=0x00007f1218018bd0, RCX=0x0000000000000000, RDX=0x00000000000e17ee
RSP=0x00007f1246e0f478, RBP=0x00007f121802de30, RSI=0x000000000000dc1f, RDI=0x00007f1218018bd0
R8 =0x000000000000dc1f, R9 =0x0000000000000001, R10=0x0000000000000001, R11=0x0000000000000001
R12=0x00007f1218019020, R13=0x00007f1218018d88, R14=0x00007f1246e0f580, R15=0x0000000000000000
RIP=0x00007f1218018650, EFLAGS=0x0000000000010246, CSGSFS=0x0000000000000033, ERR=0x0000000000000015
  TRAPNO=0x000000000000000e

Top of Stack: (sp=0x00007f1246e0f478)
0x00007f1246e0f478:   00007f12172edf5a 00007f1246e0f4f0
0x00007f1246e0f488:   00007f12180192b8 00007f1218019020
0x00007f1246e0f498:   00007f1246e0f590 00007f121802de30
0x00007f1246e0f4a8:   00007f121808f6b0 00007f1218018360
0x00007f1246e0f4b8:   0000000000000000 00007f121801839c
0x00007f1246e0f4c8:   00007f12172c9fec 00007f1218008170
0x00007f1246e0f4d8:   00007f1218019438 00007f1218008170
0x00007f1246e0f4e8:   00007f1246e0f590 00007f1246e0f590
0x00007f1246e0f4f8:   00007f126c0dd000 0000000000000000
0x00007f1246e0f508:   00007f1273f5b83d 00007f12180183a8
0x00007f1246e0f518:   00007f12172ec61e 00007f121c01fa40
0x00007f1246e0f528:   0000000000000000 000000000000dc1f
0x00007f1246e0f538:   00007f1218019438 00000000000e17ee
0x00007f1246e0f548:   00007f1218018bd0 0000000000000000
0x00007f1246e0f558:   00007f1218008170 00007f1246e0f5d0
0x00007f1246e0f568:   00007f1246e0f590 00007f126c0dd000
0x00007f1246e0f578:   00007f12172ee3f2 00007f1200000004
0x00007f1246e0f588:   00007f1273ed5600 0000000000000000
0x00007f1246e0f598:   0000000000000000 00007f121c000d40
0x00007f1246e0f5a8:   00007f1246e0f600 0000000000000000
0x00007f1246e0f5b8:   00007f127050caf8 00007f1246e0f758
0x00007f1246e0f5c8:   00007f12172ca201 00007f1200000004
0x00007f1246e0f5d8:   0000000000000000 00007f127050caf8
0x00007f1246e0f5e8:   00007f121c014110 00007f1246e0f600
0x00007f1246e0f5f8:   00007f1215988a5f 00007f1200000004
0x00007f1246e0f608:   00007f12159b4a2e 00007f1217fcc420
0x00007f1246e0f618:   00007f127050cb00 00007f1246e0f6a0
0x00007f1246e0f628:   00007f12159b421d 0000000000000000
0x00007f1246e0f638:   00007f12466e61c5 00007f1246e0f738
0x00007f1246e0f648:   00007f1246e0f740 00007f1246e0f748
0x00007f1246e0f658:   00007f1246e0f750 00007f1246e0f758
0x00007f1246e0f668:   00007f126c0dd1e8 00007f1270353269 

Instructions: (pc=0x00007f1218018650)
0x00007f1218018630:   00 00 00 00 00 00 00 00 25 00 00 00 00 00 00 00
0x00007f1218018640:   00 00 00 00 00 00 00 00 78 00 00 18 12 7f 00 00
0x00007f1218018650:   20 00 00 00 00 00 00 00 e1 00 00 00 00 00 00 00
0x00007f1218018660:   20 98 01 18 12 7f 00 00 10 9c 01 18 12 7f 00 00 

Register to memory mapping:

RAX=0x00007f1218019c10 is an unknown value
RBX=0x00007f1218018bd0 is an unknown value
RCX=0x0000000000000000 is an unknown value
RDX=0x00000000000e17ee is an unknown value
RSP=0x00007f1246e0f478 is pointing into the stack for thread: 0x00007f126c0dd000
RBP=0x00007f121802de30 is an unknown value
RSI=0x000000000000dc1f is an unknown value
RDI=0x00007f1218018bd0 is an unknown value
R8 =0x000000000000dc1f is an unknown value
R9 =0x0000000000000001 is an unknown value
R10=0x0000000000000001 is an unknown value
R11=0x0000000000000001 is an unknown value
R12=0x00007f1218019020 is an unknown value
R13=0x00007f1218018d88 is an unknown value
R14=0x00007f1246e0f580 is pointing into the stack for thread: 0x00007f126c0dd000
R15=0x0000000000000000 is an unknown value


Stack: [0x00007f1246d10000,0x00007f1246e11000],  sp=0x00007f1246e0f478,  free space=1021k
Native frames: (J=compiled Java code, j=interpreted, Vv=VM code, C=native code)
C  0x00007f1218018650

Java frames: (J=compiled Java code, j=interpreted, Vv=VM code)
j  jwk.JWk.convertImp(Ljava/lang/String;Ljava/lang/String;Ljava/util/Map;[Ljava/lang/Object;)Z+0
j  jwk.JWk.convert(Ljava/lang/String;Ljava/lang/String;Ljava/util/Map;)V+48
j  jwk.Main$1.run()V+40
v  ~StubRoutines::call_stub

---------------  P R O C E S S  ---------------

Java Threads: ( => current thread )
  0x00007f126c009800 JavaThread "DestroyJavaVM" [_thread_blocked, id=24878, stack(0x00007f1274951000,0x00007f1274a52000)]
=>0x00007f126c0dd000 JavaThread "Thread-1" [_thread_in_native, id=24893, stack(0x00007f1246d10000,0x00007f1246e11000)]
  0x00007f126c0c8800 JavaThread "Service Thread" daemon [_thread_blocked, id=24890, stack(0x00007f1247013000,0x00007f1247114000)]
  0x00007f126c0b2800 JavaThread "C1 CompilerThread2" daemon [_thread_blocked, id=24889, stack(0x00007f1247114000,0x00007f1247215000)]
  0x00007f126c0b1000 JavaThread "C2 CompilerThread1" daemon [_thread_blocked, id=24888, stack(0x00007f1247215000,0x00007f1247316000)]
  0x00007f126c0ae000 JavaThread "C2 CompilerThread0" daemon [_thread_blocked, id=24887, stack(0x00007f1247316000,0x00007f1247417000)]
  0x00007f126c0ac000 JavaThread "Signal Dispatcher" daemon [_thread_blocked, id=24886, stack(0x00007f1247417000,0x00007f1247518000)]
  0x00007f126c07c000 JavaThread "Finalizer" daemon [_thread_blocked, id=24885, stack(0x00007f1247bfc000,0x00007f1247cfd000)]
  0x00007f126c07a000 JavaThread "Reference Handler" daemon [_thread_blocked, id=24884, stack(0x00007f1247cfd000,0x00007f1247dfe000)]

Other Threads:
  0x00007f126c073000 VMThread [stack: 0x00007f1247dfe000,0x00007f1247eff000] [id=24883]
  0x00007f126c0cb000 WatcherThread [stack: 0x00007f1246f12000,0x00007f1247013000] [id=24891]

VM state:not at safepoint (normal execution)

VM Mutex/Monitor currently owned by a thread: None

Heap:
 PSYoungGen      total 37888K, used 3932K [0x00000000d6800000, 0x00000000d9200000, 0x0000000100000000)
  eden space 32768K, 12% used [0x00000000d6800000,0x00000000d6bd7318,0x00000000d8800000)
  from space 5120K, 0% used [0x00000000d8d00000,0x00000000d8d00000,0x00000000d9200000)
  to   space 5120K, 0% used [0x00000000d8800000,0x00000000d8800000,0x00000000d8d00000)
 ParOldGen       total 86016K, used 0K [0x0000000083800000, 0x0000000088c00000, 0x00000000d6800000)
  object space 86016K, 0% used [0x0000000083800000,0x0000000083800000,0x0000000088c00000)
 Metaspace       used 2627K, capacity 4492K, committed 4864K, reserved 1056768K
  class space    used 280K, capacity 388K, committed 512K, reserved 1048576K

Card table byte_map: [0x00007f127138b000,0x00007f1271770000] byte_map_base: 0x00007f1270f6f000

Marking Bits: (ParMarkBitMap*) 0x00007f1273e27ac0
 Begin Bits: [0x00007f124c1c0000, 0x00007f124e0e0000)
 End Bits:   [0x00007f124e0e0000, 0x00007f1250000000)

Polling page: 0x00007f1274a6e000

CodeCache: size=245760Kb used=1085Kb max_used=1085Kb free=244674Kb
 bounds [0x00007f125d000000, 0x00007f125d270000, 0x00007f126c000000]
 total_blobs=253 nmethods=16 adapters=154
 compilation: enabled

Compilation events (10 events):
Event: 0,081 Thread 0x00007f126c0b2800   12       1       java.lang.ref.Reference::get (5 bytes)
Event: 0,082 Thread 0x00007f126c0b2800 nmethod 12 0x00007f125d10add0 code [0x00007f125d10af20, 0x00007f125d10b030]
Event: 0,082 Thread 0x00007f126c0b2800   13       1       java.lang.ThreadLocal::access$400 (5 bytes)
Event: 0,082 Thread 0x00007f126c0b2800 nmethod 13 0x00007f125d10ab10 code [0x00007f125d10ac60, 0x00007f125d10ad50]
Event: 0,085 Thread 0x00007f126c0b2800   14       3       java.lang.String::startsWith (72 bytes)
Event: 0,086 Thread 0x00007f126c0b2800 nmethod 14 0x00007f125d10a410 code [0x00007f125d10a580, 0x00007f125d10a8b0]
Event: 0,086 Thread 0x00007f126c0b2800   15       3       java.lang.String::getChars (62 bytes)
Event: 0,086 Thread 0x00007f126c0b2800 nmethod 15 0x00007f125d10cd90 code [0x00007f125d10cf40, 0x00007f125d10d378]
Event: 0,102 Thread 0x00007f126c0b2800   16       3       java.lang.System::getSecurityManager (4 bytes)
Event: 0,102 Thread 0x00007f126c0b2800 nmethod 16 0x00007f125d10f410 code [0x00007f125d10f560, 0x00007f125d10f690]

GC Heap History (0 events):
No events

Deoptimization events (0 events):
No events

Internal exceptions (6 events):
Event: 0,034 Thread 0x00007f126c009800 Exception <a 'java/lang/NoSuchMethodError': Method sun.misc.Unsafe.defineClass(Ljava/lang/String;[BII)Ljava/lang/Class; name or signature does not match> (0x00000000d6811b38) thrown at [/HUDSON/workspace/8-2-build-linux-amd64/jdk8u20/1074/hotspot/src/shar
Event: 0,034 Thread 0x00007f126c009800 Exception <a 'java/lang/NoSuchMethodError': Method sun.misc.Unsafe.prefetchRead(Ljava/lang/Object;J)V name or signature does not match> (0x00000000d6811dc8) thrown at [/HUDSON/workspace/8-2-build-linux-amd64/jdk8u20/1074/hotspot/src/share/vm/prims/jni.cpp
Event: 0,075 Thread 0x00007f126c009800 Exception <a 'java/security/PrivilegedActionException'> (0x00000000d6854188) thrown at [/HUDSON/workspace/8-2-build-linux-amd64/jdk8u20/1074/hotspot/src/share/vm/prims/jvm.cpp, line 1275]
Event: 0,081 Thread 0x00007f126c009800 Exception <a 'java/security/PrivilegedActionException'> (0x00000000d685a3c8) thrown at [/HUDSON/workspace/8-2-build-linux-amd64/jdk8u20/1074/hotspot/src/share/vm/prims/jvm.cpp, line 1275]
Event: 0,082 Thread 0x00007f126c009800 Exception <a 'java/security/PrivilegedActionException'> (0x00000000d685c148) thrown at [/HUDSON/workspace/8-2-build-linux-amd64/jdk8u20/1074/hotspot/src/share/vm/prims/jvm.cpp, line 1275]
Event: 0,083 Thread 0x00007f126c0db800 Exception <a 'java/security/PrivilegedActionException'> (0x00000000d69ebcb0) thrown at [/HUDSON/workspace/8-2-build-linux-amd64/jdk8u20/1074/hotspot/src/share/vm/prims/jvm.cpp, line 1275]

Events (10 events):
Event: 0,090 loading class java/net/URI done
Event: 0,090 loading class java/net/URI$Parser
Event: 0,090 loading class java/net/URI$Parser done
Event: 0,101 loading class java/util/HashMap$EntrySet
Event: 0,101 loading class java/util/HashMap$EntrySet done
Event: 0,102 loading class java/util/HashMap$EntryIterator
Event: 0,102 loading class java/util/HashMap$HashIterator
Event: 0,102 loading class java/util/HashMap$HashIterator done
Event: 0,102 loading class java/util/HashMap$EntryIterator done
Event: 0,376 Thread 0x00007f126c0db800 Thread exited: 0x00007f126c0db800


Dynamic libraries:
00400000-00401000 r-xp 00000000 08:02 5112280                            /usr/lib/jvm/java-8-oracle/bin/java
00600000-00601000 rw-p 00000000 08:02 5112280                            /usr/lib/jvm/java-8-oracle/bin/java
00e14000-00e35000 rw-p 00000000 00:00 0                                  [heap]
83800000-88c00000 rw-p 00000000 00:00 0 
88c00000-d6800000 ---p 00000000 00:00 0 
d6800000-d9200000 rw-p 00000000 00:00 0 
d9200000-100000000 ---p 00000000 00:00 0 
100000000-100080000 rw-p 00000000 00:00 0 
100080000-140000000 ---p 00000000 00:00 0 
7f11c0000000-7f1200000000 rwxp 00000000 00:00 0 
7f1200000000-7f1200021000 rw-p 00000000 00:00 0 
7f1200021000-7f1204000000 ---p 00000000 00:00 0 
7f1204000000-7f1204021000 rw-p 00000000 00:00 0 
7f1204021000-7f1208000000 ---p 00000000 00:00 0 
7f1208000000-7f1208021000 rw-p 00000000 00:00 0 
7f1208021000-7f120c000000 ---p 00000000 00:00 0 
7f120e1d2000-7f120e5e2000 rw-p 00000000 00:00 0 
7f120e5e2000-7f120e5f9000 r-xp 00000000 08:02 656675                     /lib/x86_64-linux-gnu/libresolv-2.19.so
7f120e5f9000-7f120e7f9000 ---p 00017000 08:02 656675                     /lib/x86_64-linux-gnu/libresolv-2.19.so
7f120e7f9000-7f120e7fa000 r--p 00017000 08:02 656675                     /lib/x86_64-linux-gnu/libresolv-2.19.so
7f120e7fa000-7f120e7fb000 rw-p 00018000 08:02 656675                     /lib/x86_64-linux-gnu/libresolv-2.19.so
7f120e7fb000-7f120e7fd000 rw-p 00000000 00:00 0 
7f120e7fd000-7f120e7fe000 ---p 00000000 00:00 0 
7f120e7fe000-7f120effe000 rw-p 00000000 00:00 0                          [stack:24898]
7f120effe000-7f120efff000 ---p 00000000 00:00 0 
7f120efff000-7f120f7ff000 rw-p 00000000 00:00 0 
7f120f7ff000-7f120f800000 ---p 00000000 00:00 0 
7f120f800000-7f1210000000 rw-p 00000000 00:00 0                          [stack:24896]
7f1210000000-7f1210021000 rw-p 00000000 00:00 0 
7f1210021000-7f1214000000 ---p 00000000 00:00 0 
7f12141c7000-7f121421b000 r-xp 00000000 08:02 657985                     /lib/x86_64-linux-gnu/libssl.so.1.0.0
7f121421b000-7f121441b000 ---p 00054000 08:02 657985                     /lib/x86_64-linux-gnu/libssl.so.1.0.0
7f121441b000-7f121441e000 r--p 00054000 08:02 657985                     /lib/x86_64-linux-gnu/libssl.so.1.0.0
7f121441e000-7f1214424000 rw-p 00057000 08:02 657985                     /lib/x86_64-linux-gnu/libssl.so.1.0.0
7f1214424000-7f1214425000 rw-p 00000000 00:00 0 
7f1214425000-7f1214426000 ---p 00000000 00:00 0 
7f1214426000-7f1214c26000 rw-p 00000000 00:00 0                          [stack:24895]
7f1214c26000-7f1214c27000 ---p 00000000 00:00 0 
7f1214c27000-7f1215427000 rw-p 00000000 00:00 0                          [stack:24894]
7f1215427000-7f1217bab000 r-xp 00000000 08:02 4205335                    /usr/local/lib/libwkhtmltox.so.0.12.1
7f1217bab000-7f1217dab000 ---p 02784000 08:02 4205335                    /usr/local/lib/libwkhtmltox.so.0.12.1
7f1217dab000-7f1217fb4000 r--p 02784000 08:02 4205335                    /usr/local/lib/libwkhtmltox.so.0.12.1
7f1217fb4000-7f1217fcd000 rw-p 0298d000 08:02 4205335                    /usr/local/lib/libwkhtmltox.so.0.12.1
7f1217fcd000-7f1218000000 rw-p 00000000 00:00 0 
7f1218000000-7f1218155000 rw-p 00000000 00:00 0 
7f1218155000-7f121c000000 ---p 00000000 00:00 0 
7f121c000000-7f121c089000 rw-p 00000000 00:00 0 
7f121c089000-7f1220000000 ---p 00000000 00:00 0 
7f1220000000-7f1220021000 rw-p 00000000 00:00 0 
7f1220021000-7f1224000000 ---p 00000000 00:00 0 
7f1224000000-7f1224021000 rw-p 00000000 00:00 0 
7f1224021000-7f1228000000 ---p 00000000 00:00 0 
7f1228000000-7f1228021000 rw-p 00000000 00:00 0 
7f1228021000-7f122c000000 ---p 00000000 00:00 0 
7f122c000000-7f122c025000 rw-p 00000000 00:00 0 
7f122c025000-7f1230000000 ---p 00000000 00:00 0 
7f1230000000-7f1230021000 rw-p 00000000 00:00 0 
7f1230021000-7f1234000000 ---p 00000000 00:00 0 
7f1234000000-7f1234046000 rw-p 00000000 00:00 0 
7f1234046000-7f1238000000 ---p 00000000 00:00 0 
7f1238000000-7f1238021000 rw-p 00000000 00:00 0 
7f1238021000-7f123c000000 ---p 00000000 00:00 0 
7f123c000000-7f123c021000 rw-p 00000000 00:00 0 
7f123c021000-7f1240000000 ---p 00000000 00:00 0 
7f1240000000-7f1240021000 rw-p 00000000 00:00 0 
7f1240021000-7f1244000000 ---p 00000000 00:00 0 
7f12441e8000-7f1244399000 r-xp 00000000 08:02 657987                     /lib/x86_64-linux-gnu/libcrypto.so.1.0.0
7f1244399000-7f1244598000 ---p 001b1000 08:02 657987                     /lib/x86_64-linux-gnu/libcrypto.so.1.0.0
7f1244598000-7f12445b3000 r--p 001b0000 08:02 657987                     /lib/x86_64-linux-gnu/libcrypto.so.1.0.0
7f12445b3000-7f12445be000 rw-p 001cb000 08:02 657987                     /lib/x86_64-linux-gnu/libcrypto.so.1.0.0
7f12445be000-7f12446c2000 rw-p 00000000 00:00 0 
7f12446c2000-7f12446c5000 r-xp 00000000 08:02 4336373                    /usr/lib/x86_64-linux-gnu/gconv/UTF-16.so
7f12446c5000-7f12448c4000 ---p 00003000 08:02 4336373                    /usr/lib/x86_64-linux-gnu/gconv/UTF-16.so
7f12448c4000-7f12448c5000 r--p 00002000 08:02 4336373                    /usr/lib/x86_64-linux-gnu/gconv/UTF-16.so
7f12448c5000-7f12448c6000 rw-p 00003000 08:02 4336373                    /usr/lib/x86_64-linux-gnu/gconv/UTF-16.so
7f12448c6000-7f12448cb000 r-xp 00000000 08:02 3940435                    /usr/lib/x86_64-linux-gnu/libXdmcp.so.6.0.0
7f12448cb000-7f1244aca000 ---p 00005000 08:02 3940435                    /usr/lib/x86_64-linux-gnu/libXdmcp.so.6.0.0
7f1244aca000-7f1244acb000 r--p 00004000 08:02 3940435                    /usr/lib/x86_64-linux-gnu/libXdmcp.so.6.0.0
7f1244acb000-7f1244acc000 rw-p 00005000 08:02 3940435                    /usr/lib/x86_64-linux-gnu/libXdmcp.so.6.0.0
7f1244acc000-7f1244ace000 r-xp 00000000 08:02 3940424                    /usr/lib/x86_64-linux-gnu/libXau.so.6.0.0
7f1244ace000-7f1244cce000 ---p 00002000 08:02 3940424                    /usr/lib/x86_64-linux-gnu/libXau.so.6.0.0
7f1244cce000-7f1244ccf000 r--p 00002000 08:02 3940424                    /usr/lib/x86_64-linux-gnu/libXau.so.6.0.0
7f1244ccf000-7f1244cd0000 rw-p 00003000 08:02 3940424                    /usr/lib/x86_64-linux-gnu/libXau.so.6.0.0
7f1244cd0000-7f1244ced000 r-xp 00000000 08:02 3941492                    /usr/lib/x86_64-linux-gnu/libxcb.so.1.1.0
7f1244ced000-7f1244eed000 ---p 0001d000 08:02 3941492                    /usr/lib/x86_64-linux-gnu/libxcb.so.1.1.0
7f1244eed000-7f1244eee000 r--p 0001d000 08:02 3941492                    /usr/lib/x86_64-linux-gnu/libxcb.so.1.1.0
7f1244eee000-7f1244eef000 rw-p 0001e000 08:02 3941492                    /usr/lib/x86_64-linux-gnu/libxcb.so.1.1.0
7f1244eef000-7f1244f16000 r-xp 00000000 08:02 659395                     /lib/x86_64-linux-gnu/libexpat.so.1.6.0
7f1244f16000-7f1245116000 ---p 00027000 08:02 659395                     /lib/x86_64-linux-gnu/libexpat.so.1.6.0
7f1245116000-7f1245118000 r--p 00027000 08:02 659395                     /lib/x86_64-linux-gnu/libexpat.so.1.6.0
7f1245118000-7f1245119000 rw-p 00029000 08:02 659395                     /lib/x86_64-linux-gnu/libexpat.so.1.6.0
7f1245119000-7f124512f000 r-xp 00000000 08:02 659400                     /lib/x86_64-linux-gnu/libgcc_s.so.1
7f124512f000-7f124532e000 ---p 00016000 08:02 659400                     /lib/x86_64-linux-gnu/libgcc_s.so.1
7f124532e000-7f124532f000 rw-p 00015000 08:02 659400                     /lib/x86_64-linux-gnu/libgcc_s.so.1
7f124532f000-7f1245415000 r-xp 00000000 08:02 3941330                    /usr/lib/x86_64-linux-gnu/libstdc++.so.6.0.19
7f1245415000-7f1245614000 ---p 000e6000 08:02 3941330                    /usr/lib/x86_64-linux-gnu/libstdc++.so.6.0.19
7f1245614000-7f124561c000 r--p 000e5000 08:02 3941330                    /usr/lib/x86_64-linux-gnu/libstdc++.so.6.0.19
7f124561c000-7f124561e000 rw-p 000ed000 08:02 3941330                    /usr/lib/x86_64-linux-gnu/libstdc++.so.6.0.19
7f124561e000-7f1245633000 rw-p 00000000 00:00 0 
7f1245633000-7f124564b000 r-xp 00000000 08:02 659536                     /lib/x86_64-linux-gnu/libz.so.1.2.8
7f124564b000-7f124584a000 ---p 00018000 08:02 659536                     /lib/x86_64-linux-gnu/libz.so.1.2.8
7f124584a000-7f124584b000 r--p 00017000 08:02 659536                     /lib/x86_64-linux-gnu/libz.so.1.2.8
7f124584b000-7f124584c000 rw-p 00018000 08:02 659536                     /lib/x86_64-linux-gnu/libz.so.1.2.8
7f124584c000-7f124597c000 r-xp 00000000 08:02 3940420                    /usr/lib/x86_64-linux-gnu/libX11.so.6.3.0
7f124597c000-7f1245b7c000 ---p 00130000 08:02 3940420                    /usr/lib/x86_64-linux-gnu/libX11.so.6.3.0
7f1245b7c000-7f1245b7d000 r--p 00130000 08:02 3940420                    /usr/lib/x86_64-linux-gnu/libX11.so.6.3.0
7f1245b7d000-7f1245b81000 rw-p 00131000 08:02 3940420                    /usr/lib/x86_64-linux-gnu/libX11.so.6.3.0
7f1245b81000-7f1245c1e000 r-xp 00000000 08:02 3932540                    /usr/lib/x86_64-linux-gnu/libfreetype.so.6.11.1
7f1245c1e000-7f1245e1d000 ---p 0009d000 08:02 3932540                    /usr/lib/x86_64-linux-gnu/libfreetype.so.6.11.1
7f1245e1d000-7f1245e23000 r--p 0009c000 08:02 3932540                    /usr/lib/x86_64-linux-gnu/libfreetype.so.6.11.1
7f1245e23000-7f1245e24000 rw-p 000a2000 08:02 3932540                    /usr/lib/x86_64-linux-gnu/libfreetype.so.6.11.1
7f1245e24000-7f1245e5e000 r-xp 00000000 08:02 3932441                    /usr/lib/x86_64-linux-gnu/libfontconfig.so.1.8.0
7f1245e5e000-7f124605d000 ---p 0003a000 08:02 3932441                    /usr/lib/x86_64-linux-gnu/libfontconfig.so.1.8.0
7f124605d000-7f124605f000 r--p 00039000 08:02 3932441                    /usr/lib/x86_64-linux-gnu/libfontconfig.so.1.8.0
7f124605f000-7f1246060000 rw-p 0003b000 08:02 3932441                    /usr/lib/x86_64-linux-gnu/libfontconfig.so.1.8.0
7f1246060000-7f1246069000 r-xp 00000000 08:02 3940459                    /usr/lib/x86_64-linux-gnu/libXrender.so.1.3.0
7f1246069000-7f1246268000 ---p 00009000 08:02 3940459                    /usr/lib/x86_64-linux-gnu/libXrender.so.1.3.0
7f1246268000-7f1246269000 r--p 00008000 08:02 3940459                    /usr/lib/x86_64-linux-gnu/libXrender.so.1.3.0
7f1246269000-7f124626a000 rw-p 00009000 08:02 3940459                    /usr/lib/x86_64-linux-gnu/libXrender.so.1.3.0
7f124626a000-7f124628f000 r-xp 00000000 08:02 659488                     /lib/x86_64-linux-gnu/libpng12.so.0.50.0
7f124628f000-7f124648e000 ---p 00025000 08:02 659488                     /lib/x86_64-linux-gnu/libpng12.so.0.50.0
7f124648e000-7f124648f000 r--p 00024000 08:02 659488                     /lib/x86_64-linux-gnu/libpng12.so.0.50.0
7f124648f000-7f1246490000 rw-p 00025000 08:02 659488                     /lib/x86_64-linux-gnu/libpng12.so.0.50.0
7f1246490000-7f12464d3000 r-xp 00000000 08:02 3941024                    /usr/lib/x86_64-linux-gnu/libjpeg.so.8.0.2
7f12464d3000-7f12466d3000 ---p 00043000 08:02 3941024                    /usr/lib/x86_64-linux-gnu/libjpeg.so.8.0.2
7f12466d3000-7f12466d4000 r--p 00043000 08:02 3941024                    /usr/lib/x86_64-linux-gnu/libjpeg.so.8.0.2
7f12466d4000-7f12466d5000 rw-p 00044000 08:02 3941024                    /usr/lib/x86_64-linux-gnu/libjpeg.so.8.0.2
7f12466d5000-7f12466e5000 rw-p 00000000 00:00 0 
7f12466e5000-7f12466e7000 r-xp 00000000 00:18 9966269                    /home/dalmir/hpprojects/jwk/c/JWkLib/dist/libJWkLib.so
7f12466e7000-7f12468e6000 ---p 00002000 00:18 9966269                    /home/dalmir/hpprojects/jwk/c/JWkLib/dist/libJWkLib.so
7f12468e6000-7f12468e7000 r--p 00001000 00:18 9966269                    /home/dalmir/hpprojects/jwk/c/JWkLib/dist/libJWkLib.so
7f12468e7000-7f12468e8000 rw-p 00002000 00:18 9966269                    /home/dalmir/hpprojects/jwk/c/JWkLib/dist/libJWkLib.so
7f12468e8000-7f12468fe000 r-xp 00000000 08:02 5261218                    /usr/lib/jvm/java-8-oracle/jre/lib/amd64/libnet.so
7f12468fe000-7f1246afe000 ---p 00016000 08:02 5261218                    /usr/lib/jvm/java-8-oracle/jre/lib/amd64/libnet.so
7f1246afe000-7f1246aff000 rw-p 00016000 08:02 5261218                    /usr/lib/jvm/java-8-oracle/jre/lib/amd64/libnet.so
7f1246aff000-7f1246b10000 r-xp 00000000 08:02 5261222                    /usr/lib/jvm/java-8-oracle/jre/lib/amd64/libnio.so
7f1246b10000-7f1246d0f000 ---p 00011000 08:02 5261222                    /usr/lib/jvm/java-8-oracle/jre/lib/amd64/libnio.so
7f1246d0f000-7f1246d10000 rw-p 00010000 08:02 5261222                    /usr/lib/jvm/java-8-oracle/jre/lib/amd64/libnio.so
7f1246d10000-7f1246d13000 ---p 00000000 00:00 0 
7f1246d13000-7f1246e11000 rw-p 00000000 00:00 0                          [stack:24893]
7f1246e11000-7f1246e14000 ---p 00000000 00:00 0 
7f1246e14000-7f1246f12000 rw-p 00000000 00:00 0 
7f1246f12000-7f1246f13000 ---p 00000000 00:00 0 
7f1246f13000-7f1247013000 rw-p 00000000 00:00 0                          [stack:24891]
7f1247013000-7f1247016000 ---p 00000000 00:00 0 
7f1247016000-7f1247114000 rw-p 00000000 00:00 0                          [stack:24890]
7f1247114000-7f1247117000 ---p 00000000 00:00 0 
7f1247117000-7f1247215000 rw-p 00000000 00:00 0                          [stack:24889]
7f1247215000-7f1247218000 ---p 00000000 00:00 0 
7f1247218000-7f1247316000 rw-p 00000000 00:00 0                          [stack:24888]
7f1247316000-7f1247319000 ---p 00000000 00:00 0 
7f1247319000-7f1247417000 rw-p 00000000 00:00 0                          [stack:24887]
7f1247417000-7f124741a000 ---p 00000000 00:00 0 
7f124741a000-7f1247518000 rw-p 00000000 00:00 0                          [stack:24886]
7f1247518000-7f1247bfc000 r--p 00000000 08:02 3939342                    /usr/lib/locale/locale-archive
7f1247bfc000-7f1247bff000 ---p 00000000 00:00 0 
7f1247bff000-7f1247cfd000 rw-p 00000000 00:00 0                          [stack:24885]
7f1247cfd000-7f1247d00000 ---p 00000000 00:00 0 
7f1247d00000-7f1247dfe000 rw-p 00000000 00:00 0                          [stack:24884]
7f1247dfe000-7f1247dff000 ---p 00000000 00:00 0 
7f1247dff000-7f1248000000 rw-p 00000000 00:00 0                          [stack:24883]
7f1248000000-7f1248021000 rw-p 00000000 00:00 0 
7f1248021000-7f124c000000 ---p 00000000 00:00 0 
7f124c0bf000-7f1250000000 rw-p 00000000 00:00 0 
7f1250000000-7f1250021000 rw-p 00000000 00:00 0 
7f1250021000-7f1254000000 ---p 00000000 00:00 0 
7f1254000000-7f1254021000 rw-p 00000000 00:00 0 
7f1254021000-7f1258000000 ---p 00000000 00:00 0 
7f1258000000-7f1258021000 rw-p 00000000 00:00 0 
7f1258021000-7f125c000000 ---p 00000000 00:00 0 
7f125c00a000-7f125c01a000 rw-p 00000000 00:00 0 
7f125c01a000-7f125c01b000 r--s 00000000 08:02 5636167                    /var/cache/fontconfig/c05880de57d1f5e948fdfacc138775d9-le64.cache-4
7f125c01e000-7f125c026000 rw-p 00000000 00:00 0 
7f125c026000-7f125c031000 r--s 00000000 08:02 5636166                    /var/cache/fontconfig/945677eb7aeaf62f1d50efc3fb3ec7d8-le64.cache-4
7f125c037000-7f125c03d000 r--s 00000000 08:02 5636164                    /var/cache/fontconfig/2cd17615ca594fa2959ae173292e504c-le64.cache-4
7f125c03e000-7f125c03f000 r--s 00000000 08:02 5636163                    /var/cache/fontconfig/e7071f4a29fa870f4323321c154eba04-le64.cache-4
7f125c040000-7f125c041000 r--s 00000000 08:02 5636162                    /var/cache/fontconfig/0d8c3b2ac0904cb8a57a757ad11a4a08-le64.cache-4
7f125c041000-7f125c048000 rw-p 00000000 00:00 0 
7f125c048000-7f125c04f000 r--s 00000000 08:02 5636161                    /var/cache/fontconfig/a755afe4a08bf5b97852ceb7400b47bc-le64.cache-4
7f125c053000-7f125c063000 rw-p 00000000 00:00 0 
7f125c063000-7f125c077000 r--s 00000000 08:02 5636160                    /var/cache/fontconfig/04aabc0a78ac019cf9454389977116d2-le64.cache-4
7f125c078000-7f125c079000 r--s 00000000 08:02 5636159                    /var/cache/fontconfig/1ac9eb803944fde146138c791f5cc56a-le64.cache-4
7f125c07a000-7f125c07c000 rw-p 00000000 00:00 0 
7f125c07c000-7f125c07d000 rw-p 00000000 00:00 0 
7f125c07d000-7f125c082000 r--s 00000000 08:02 5636155                    /var/cache/fontconfig/8801497958630a81b71ace7c5f9b32a8-le64.cache-4
7f125c082000-7f125c089000 r--s 00000000 08:02 5636154                    /var/cache/fontconfig/3047814df9a2f067bd2d96a2b9c36e5a-le64.cache-4
7f125c089000-7f125c091000 r--s 00000000 08:02 5636149                    /var/cache/fontconfig/3f7329c5293ffd510edef78f73874cfd-le64.cache-4
7f125c091000-7f125c097000 r--s 00000000 08:02 5636151                    /var/cache/fontconfig/b47c4e1ecd0709278f4910c18777a504-le64.cache-4
7f125c097000-7f125c0aa000 r--s 00000000 08:02 5636150                    /var/cache/fontconfig/d52a8644073d54c13679302ca1180695-le64.cache-4
7f125c0aa000-7f125ce2a000 rw-p 00000000 00:00 0 
7f125ce2a000-7f125d000000 r--s 03ca8000 08:02 5112376                    /usr/lib/jvm/java-8-oracle/jre/lib/rt.jar
7f125d000000-7f125d270000 rwxp 00000000 00:00 0 
7f125d270000-7f126c000000 ---p 00000000 00:00 0 
7f126c000000-7f126c0df000 rw-p 00000000 00:00 0 
7f126c0df000-7f1270000000 ---p 00000000 00:00 0 
7f1270000000-7f1270004000 r--s 00000000 08:02 5636158                    /var/cache/fontconfig/385c0604a188198f04d133e54aba7fe7-le64.cache-4
7f1270004000-7f127054b000 rw-p 00000000 00:00 0 
7f127054b000-7f127090b000 ---p 00000000 00:00 0 
7f127090b000-7f1270cef000 rw-p 00000000 00:00 0 
7f1270cef000-7f1270cf0000 ---p 00000000 00:00 0 
7f1270cf0000-7f1270df0000 rw-p 00000000 00:00 0                          [stack:24882]
7f1270df0000-7f1270df1000 ---p 00000000 00:00 0 
7f1270df1000-7f1270ef1000 rw-p 00000000 00:00 0                          [stack:24881]
7f1270ef1000-7f1270ef2000 ---p 00000000 00:00 0 
7f1270ef2000-7f1270ff2000 rw-p 00000000 00:00 0                          [stack:24880]
7f1270ff2000-7f1270ff3000 ---p 00000000 00:00 0 
7f1270ff3000-7f127111d000 rw-p 00000000 00:00 0                          [stack:24879]
7f127111d000-7f127138b000 ---p 00000000 00:00 0 
7f127138b000-7f12713b5000 rw-p 00000000 00:00 0 
7f12713b5000-7f1271623000 ---p 00000000 00:00 0 
7f1271623000-7f1271638000 rw-p 00000000 00:00 0 
7f1271638000-7f127176f000 ---p 00000000 00:00 0 
7f127176f000-7f127177a000 rw-p 00000000 00:00 0 
7f127177a000-7f1271b30000 ---p 00000000 00:00 0 
7f1271b30000-7f1271b4a000 r-xp 00000000 08:02 5261245                    /usr/lib/jvm/java-8-oracle/jre/lib/amd64/libzip.so
7f1271b4a000-7f1271d4a000 ---p 0001a000 08:02 5261245                    /usr/lib/jvm/java-8-oracle/jre/lib/amd64/libzip.so
7f1271d4a000-7f1271d4b000 rw-p 0001a000 08:02 5261245                    /usr/lib/jvm/java-8-oracle/jre/lib/amd64/libzip.so
7f1271d4b000-7f1271d56000 r-xp 00000000 08:02 657978                     /lib/x86_64-linux-gnu/libnss_files-2.19.so
7f1271d56000-7f1271f55000 ---p 0000b000 08:02 657978                     /lib/x86_64-linux-gnu/libnss_files-2.19.so
7f1271f55000-7f1271f56000 r--p 0000a000 08:02 657978                     /lib/x86_64-linux-gnu/libnss_files-2.19.so
7f1271f56000-7f1271f57000 rw-p 0000b000 08:02 657978                     /lib/x86_64-linux-gnu/libnss_files-2.19.so
7f1271f57000-7f1271f62000 r-xp 00000000 08:02 656672                     /lib/x86_64-linux-gnu/libnss_nis-2.19.so
7f1271f62000-7f1272161000 ---p 0000b000 08:02 656672                     /lib/x86_64-linux-gnu/libnss_nis-2.19.so
7f1272161000-7f1272162000 r--p 0000a000 08:02 656672                     /lib/x86_64-linux-gnu/libnss_nis-2.19.so
7f1272162000-7f1272163000 rw-p 0000b000 08:02 656672                     /lib/x86_64-linux-gnu/libnss_nis-2.19.so
7f1272163000-7f127217a000 r-xp 00000000 08:02 657980                     /lib/x86_64-linux-gnu/libnsl-2.19.so
7f127217a000-7f1272379000 ---p 00017000 08:02 657980                     /lib/x86_64-linux-gnu/libnsl-2.19.so
7f1272379000-7f127237a000 r--p 00016000 08:02 657980                     /lib/x86_64-linux-gnu/libnsl-2.19.so
7f127237a000-7f127237b000 rw-p 00017000 08:02 657980                     /lib/x86_64-linux-gnu/libnsl-2.19.so
7f127237b000-7f127237d000 rw-p 00000000 00:00 0 
7f127237d000-7f1272386000 r-xp 00000000 08:02 657973                     /lib/x86_64-linux-gnu/libnss_compat-2.19.so
7f1272386000-7f1272585000 ---p 00009000 08:02 657973                     /lib/x86_64-linux-gnu/libnss_compat-2.19.so
7f1272585000-7f1272586000 r--p 00008000 08:02 657973                     /lib/x86_64-linux-gnu/libnss_compat-2.19.so
7f1272586000-7f1272587000 rw-p 00009000 08:02 657973                     /lib/x86_64-linux-gnu/libnss_compat-2.19.so
7f1272587000-7f12725b1000 r-xp 00000000 08:02 5261233                    /usr/lib/jvm/java-8-oracle/jre/lib/amd64/libjava.so
7f12725b1000-7f12727b1000 ---p 0002a000 08:02 5261233                    /usr/lib/jvm/java-8-oracle/jre/lib/amd64/libjava.so
7f12727b1000-7f12727b3000 rw-p 0002a000 08:02 5261233                    /usr/lib/jvm/java-8-oracle/jre/lib/amd64/libjava.so
7f12727b3000-7f12727c0000 r-xp 00000000 08:02 5261246                    /usr/lib/jvm/java-8-oracle/jre/lib/amd64/libverify.so
7f12727c0000-7f12729c0000 ---p 0000d000 08:02 5261246                    /usr/lib/jvm/java-8-oracle/jre/lib/amd64/libverify.so
7f12729c0000-7f12729c2000 rw-p 0000d000 08:02 5261246                    /usr/lib/jvm/java-8-oracle/jre/lib/amd64/libverify.so
7f12729c2000-7f12729c9000 r-xp 00000000 08:02 657976                     /lib/x86_64-linux-gnu/librt-2.19.so
7f12729c9000-7f1272bc8000 ---p 00007000 08:02 657976                     /lib/x86_64-linux-gnu/librt-2.19.so
7f1272bc8000-7f1272bc9000 r--p 00006000 08:02 657976                     /lib/x86_64-linux-gnu/librt-2.19.so
7f1272bc9000-7f1272bca000 rw-p 00007000 08:02 657976                     /lib/x86_64-linux-gnu/librt-2.19.so
7f1272bca000-7f1272ccf000 r-xp 00000000 08:02 657977                     /lib/x86_64-linux-gnu/libm-2.19.so
7f1272ccf000-7f1272ece000 ---p 00105000 08:02 657977                     /lib/x86_64-linux-gnu/libm-2.19.so
7f1272ece000-7f1272ecf000 r--p 00104000 08:02 657977                     /lib/x86_64-linux-gnu/libm-2.19.so
7f1272ecf000-7f1272ed0000 rw-p 00105000 08:02 657977                     /lib/x86_64-linux-gnu/libm-2.19.so
7f1272ed0000-7f1273b3a000 r-xp 00000000 08:02 5387260                    /usr/lib/jvm/java-8-oracle/jre/lib/amd64/server/libjvm.so
7f1273b3a000-7f1273d39000 ---p 00c6a000 08:02 5387260                    /usr/lib/jvm/java-8-oracle/jre/lib/amd64/server/libjvm.so
7f1273d39000-7f1273e10000 rw-p 00c69000 08:02 5387260                    /usr/lib/jvm/java-8-oracle/jre/lib/amd64/server/libjvm.so
7f1273e10000-7f1273e52000 rw-p 00000000 00:00 0 
7f1273e52000-7f127400e000 r-xp 00000000 08:02 657981                     /lib/x86_64-linux-gnu/libc-2.19.so
7f127400e000-7f127420d000 ---p 001bc000 08:02 657981                     /lib/x86_64-linux-gnu/libc-2.19.so
7f127420d000-7f1274211000 r--p 001bb000 08:02 657981                     /lib/x86_64-linux-gnu/libc-2.19.so
7f1274211000-7f1274213000 rw-p 001bf000 08:02 657981                     /lib/x86_64-linux-gnu/libc-2.19.so
7f1274213000-7f1274218000 rw-p 00000000 00:00 0 
7f1274218000-7f127421b000 r-xp 00000000 08:02 657970                     /lib/x86_64-linux-gnu/libdl-2.19.so
7f127421b000-7f127441a000 ---p 00003000 08:02 657970                     /lib/x86_64-linux-gnu/libdl-2.19.so
7f127441a000-7f127441b000 r--p 00002000 08:02 657970                     /lib/x86_64-linux-gnu/libdl-2.19.so
7f127441b000-7f127441c000 rw-p 00003000 08:02 657970                     /lib/x86_64-linux-gnu/libdl-2.19.so
7f127441c000-7f1274431000 r-xp 00000000 08:02 4723865                    /usr/lib/jvm/java-8-oracle/lib/amd64/jli/libjli.so
7f1274431000-7f1274630000 ---p 00015000 08:02 4723865                    /usr/lib/jvm/java-8-oracle/lib/amd64/jli/libjli.so
7f1274630000-7f1274631000 rw-p 00014000 08:02 4723865                    /usr/lib/jvm/java-8-oracle/lib/amd64/jli/libjli.so
7f1274631000-7f127464a000 r-xp 00000000 08:02 657983                     /lib/x86_64-linux-gnu/libpthread-2.19.so
7f127464a000-7f1274849000 ---p 00019000 08:02 657983                     /lib/x86_64-linux-gnu/libpthread-2.19.so
7f1274849000-7f127484a000 r--p 00018000 08:02 657983                     /lib/x86_64-linux-gnu/libpthread-2.19.so
7f127484a000-7f127484b000 rw-p 00019000 08:02 657983                     /lib/x86_64-linux-gnu/libpthread-2.19.so
7f127484b000-7f127484f000 rw-p 00000000 00:00 0 
7f127484f000-7f1274872000 r-xp 00000000 08:02 657969                     /lib/x86_64-linux-gnu/ld-2.19.so
7f1274872000-7f1274873000 r--s 00000000 08:02 5636157                    /var/cache/fontconfig/dc05db6664285cc2f12bf69c139ae4c3-le64.cache-4
7f1274873000-7f1274875000 r--s 00000000 08:02 5636125                    /var/cache/fontconfig/767a8244fc0220cfb567a839d0392e0b-le64.cache-4
7f1274875000-7f1274879000 r--s 00000000 08:02 5636148                    /var/cache/fontconfig/d589a48862398ed80a3d6066f4f56f4c-le64.cache-4
7f1274879000-7f1274886000 r--s 00000000 08:02 5636399                    /var/cache/fontconfig/e13b20fdb08344e0e664864cc2ede53d-le64.cache-4
7f1274886000-7f1274951000 rw-p 00000000 00:00 0 
7f1274951000-7f1274954000 ---p 00000000 00:00 0 
7f1274954000-7f1274a56000 rw-p 00000000 00:00 0                          [stack:24878]
7f1274a56000-7f1274a57000 r--s 00000000 08:02 5636156                    /var/cache/fontconfig/4794a0821666d79190d59a36cb4f44b5-le64.cache-4
7f1274a57000-7f1274a58000 r--s 00000000 08:02 5636153                    /var/cache/fontconfig/56cf4f4769d0f4abc89a4895d7bd3ae1-le64.cache-4
7f1274a58000-7f1274a59000 r--s 00000000 08:02 5636152                    /var/cache/fontconfig/b9d506c9ac06c20b433354fa67a72993-le64.cache-4
7f1274a59000-7f1274a5a000 r--s 00000000 08:02 5636147                    /var/cache/fontconfig/0c9eb80ebd1c36541ebe2852d3bb0c49-le64.cache-4
7f1274a5a000-7f1274a5e000 r--s 00000000 08:02 5636274                    /var/cache/fontconfig/7ef2298fde41cc6eeb7af42e48b7d293-le64.cache-4
7f1274a5e000-7f1274a65000 r--s 00000000 08:02 4336385                    /usr/lib/x86_64-linux-gnu/gconv/gconv-modules.cache
7f1274a65000-7f1274a6d000 rw-s 00000000 08:02 46                         /tmp/hsperfdata_dalmir/24874
7f1274a6d000-7f1274a6e000 rw-p 00000000 00:00 0 
7f1274a6e000-7f1274a6f000 r--p 00000000 00:00 0 
7f1274a6f000-7f1274a71000 rw-p 00000000 00:00 0 
7f1274a71000-7f1274a72000 r--p 00022000 08:02 657969                     /lib/x86_64-linux-gnu/ld-2.19.so
7f1274a72000-7f1274a73000 rw-p 00023000 08:02 657969                     /lib/x86_64-linux-gnu/ld-2.19.so
7f1274a73000-7f1274a74000 rw-p 00000000 00:00 0 
7ffffdd01000-7ffffdd22000 rw-p 00000000 00:00 0                          [stack]
7ffffddfe000-7ffffde00000 r-xp 00000000 00:00 0                          [vdso]
ffffffffff600000-ffffffffff601000 r-xp 00000000 00:00 0                  [vsyscall]

VM Arguments:
jvm_args: -Dfile.encoding=UTF-8 
java_command: jwk.Main
java_class_path (initial): /home/dalmir/hpprojects/jwk/java/JWk/build/classes
Launcher Type: SUN_STANDARD

Environment Variables:
PATH=/home/dalmir/bin:/usr/local/sbin:/usr/local/bin:/usr/sbin:/usr/bin:/sbin:/bin:/usr/games:/usr/local/games
LD_LIBRARY_PATH=/usr/lib/jvm/java-8-oracle/jre/lib/amd64:/usr/lib/jvm/java-8-oracle/jre/lib/i386:
SHELL=/bin/bash
DISPLAY=:0

Signal Handlers:
SIGSEGV: [libjvm.so+0xa77530], sa_mask[0]=11111111011111111101111111111110, sa_flags=SA_RESTART|SA_SIGINFO
SIGBUS: [libjvm.so+0xa77530], sa_mask[0]=11111111011111111101111111111110, sa_flags=SA_RESTART|SA_SIGINFO
SIGFPE: [libjvm.so+0x8e1d90], sa_mask[0]=11111111011111111101111111111110, sa_flags=SA_RESTART|SA_SIGINFO
SIGPIPE: SIG_IGN, sa_mask[0]=00000000000000000000000000000000, sa_flags=none
SIGXFSZ: [libjvm.so+0x8e1d90], sa_mask[0]=11111111011111111101111111111110, sa_flags=SA_RESTART|SA_SIGINFO
SIGILL: [libjvm.so+0x8e1d90], sa_mask[0]=11111111011111111101111111111110, sa_flags=SA_RESTART|SA_SIGINFO
SIGUSR1: SIG_DFL, sa_mask[0]=00000000000000000000000000000000, sa_flags=none
SIGUSR2: [libjvm.so+0x8e35c0], sa_mask[0]=00100000000000000000000000000000, sa_flags=SA_RESTART|SA_SIGINFO
SIGHUP: [libjvm.so+0x8e4980], sa_mask[0]=11111111011111111101111111111110, sa_flags=SA_RESTART|SA_SIGINFO
SIGINT: SIG_IGN, sa_mask[0]=00000000000000000000000000000000, sa_flags=none
SIGTERM: [libjvm.so+0x8e4980], sa_mask[0]=11111111011111111101111111111110, sa_flags=SA_RESTART|SA_SIGINFO
SIGQUIT: [libjvm.so+0x8e4980], sa_mask[0]=11111111011111111101111111111110, sa_flags=SA_RESTART|SA_SIGINFO


---------------  S Y S T E M  ---------------

OS:DISTRIB_ID=Ubuntu
DISTRIB_RELEASE=14.04
DISTRIB_CODENAME=trusty
DISTRIB_DESCRIPTION="Ubuntu 14.04.1 LTS"

uname:Linux 3.13.0-34-generic #60-Ubuntu SMP Wed Aug 13 15:45:27 UTC 2014 x86_64
libc:glibc 2.19 NPTL 2.19 
rlimit: STACK 8192k, CORE 0k, NPROC 63495, NOFILE 4096, AS infinity
load average:1,72 1,72 2,01

/proc/meminfo:
MemTotal:        8156820 kB
MemFree:          177924 kB
Buffers:           21176 kB
Cached:           484116 kB
SwapCached:            0 kB
Active:          5123944 kB
Inactive:         294036 kB
Active(anon):    4913940 kB
Inactive(anon):    82492 kB
Active(file):     210004 kB
Inactive(file):   211544 kB
Unevictable:         112 kB
Mlocked:             112 kB
SwapTotal:             0 kB
SwapFree:              0 kB
Dirty:               564 kB
Writeback:             0 kB
AnonPages:       4912644 kB
Mapped:          2401128 kB
Shmem:             83524 kB
Slab:             127352 kB
SReclaimable:      42324 kB
SUnreclaim:        85028 kB
KernelStack:        9128 kB
PageTables:       110368 kB
NFS_Unstable:          0 kB
Bounce:                0 kB
WritebackTmp:          0 kB
CommitLimit:     4078408 kB
Committed_AS:   15725652 kB
VmallocTotal:   34359738367 kB
VmallocUsed:      126216 kB
VmallocChunk:   34359570940 kB
HardwareCorrupted:     0 kB
AnonHugePages:   1792000 kB
HugePages_Total:       0
HugePages_Free:        0
HugePages_Rsvd:        0
HugePages_Surp:        0
Hugepagesize:       2048 kB
DirectMap4k:     2059924 kB
DirectMap2M:     6311936 kB


CPU:total 4 (4 cores per cpu, 1 threads per core) family 6 model 26 stepping 5, cmov, cx8, fxsr, mmx, sse, sse2, sse3, ssse3, sse4.1, sse4.2, popcnt, tsc, tscinvbit, tscinv

/proc/cpuinfo:
processor	: 0
vendor_id	: GenuineIntel
cpu family	: 6
model		: 26
model name	: Intel(R) Xeon(R) CPU           E5506  @ 2.13GHz
stepping	: 5
microcode	: 0x19
cpu MHz		: 1596.000
cache size	: 4096 KB
physical id	: 0
siblings	: 4
core id		: 0
cpu cores	: 4
apicid		: 0
initial apicid	: 0
fpu		: yes
fpu_exception	: yes
cpuid level	: 11
wp		: yes
flags		: fpu vme de pse tsc msr pae mce cx8 apic sep mtrr pge mca cmov pat pse36 clflush dts acpi mmx fxsr sse sse2 ss ht tm pbe syscall nx rdtscp lm constant_tsc arch_perfmon pebs bts rep_good nopl xtopology nonstop_tsc aperfmperf pni dtes64 monitor ds_cpl vmx est tm2 ssse3 cx16 xtpr pdcm dca sse4_1 sse4_2 popcnt lahf_lm dtherm tpr_shadow vnmi flexpriority ept vpid
bogomips	: 4255.72
clflush size	: 64
cache_alignment	: 64
address sizes	: 40 bits physical, 48 bits virtual
power management:

processor	: 1
vendor_id	: GenuineIntel
cpu family	: 6
model		: 26
model name	: Intel(R) Xeon(R) CPU           E5506  @ 2.13GHz
stepping	: 5
microcode	: 0x19
cpu MHz		: 2128.000
cache size	: 4096 KB
physical id	: 0
siblings	: 4
core id		: 1
cpu cores	: 4
apicid		: 2
initial apicid	: 2
fpu		: yes
fpu_exception	: yes
cpuid level	: 11
wp		: yes
flags		: fpu vme de pse tsc msr pae mce cx8 apic sep mtrr pge mca cmov pat pse36 clflush dts acpi mmx fxsr sse sse2 ss ht tm pbe syscall nx rdtscp lm constant_tsc arch_perfmon pebs bts rep_good nopl xtopology nonstop_tsc aperfmperf pni dtes64 monitor ds_cpl vmx est tm2 ssse3 cx16 xtpr pdcm dca sse4_1 sse4_2 popcnt lahf_lm dtherm tpr_shadow vnmi flexpriority ept vpid
bogomips	: 4255.72
clflush size	: 64
cache_alignment	: 64
address sizes	: 40 bits physical, 48 bits virtual
power management:

processor	: 2
vendor_id	: GenuineIntel
cpu family	: 6
model		: 26
model name	: Intel(R) Xeon(R) CPU           E5506  @ 2.13GHz
stepping	: 5
microcode	: 0x19
cpu MHz		: 1596.000
cache size	: 4096 KB
physical id	: 0
siblings	: 4
core id		: 2
cpu cores	: 4
apicid		: 4
initial apicid	: 4
fpu		: yes
fpu_exception	: yes
cpuid level	: 11
wp		: yes
flags		: fpu vme de pse tsc msr pae mce cx8 apic sep mtrr pge mca cmov pat pse36 clflush dts acpi mmx fxsr sse sse2 ss ht tm pbe syscall nx rdtscp lm constant_tsc arch_perfmon pebs bts rep_good nopl xtopology nonstop_tsc aperfmperf pni dtes64 monitor ds_cpl vmx est tm2 ssse3 cx16 xtpr pdcm dca sse4_1 sse4_2 popcnt lahf_lm dtherm tpr_shadow vnmi flexpriority ept vpid
bogomips	: 4255.72
clflush size	: 64
cache_alignment	: 64
address sizes	: 40 bits physical, 48 bits virtual
power management:

processor	: 3
vendor_id	: GenuineIntel
cpu family	: 6
model		: 26
model name	: Intel(R) Xeon(R) CPU           E5506  @ 2.13GHz
stepping	: 5
microcode	: 0x19
cpu MHz		: 1596.000
cache size	: 4096 KB
physical id	: 0
siblings	: 4
core id		: 3
cpu cores	: 4
apicid		: 6
initial apicid	: 6
fpu		: yes
fpu_exception	: yes
cpuid level	: 11
wp		: yes
flags		: fpu vme de pse tsc msr pae mce cx8 apic sep mtrr pge mca cmov pat pse36 clflush dts acpi mmx fxsr sse sse2 ss ht tm pbe syscall nx rdtscp lm constant_tsc arch_perfmon pebs bts rep_good nopl xtopology nonstop_tsc aperfmperf pni dtes64 monitor ds_cpl vmx est tm2 ssse3 cx16 xtpr pdcm dca sse4_1 sse4_2 popcnt lahf_lm dtherm tpr_shadow vnmi flexpriority ept vpid
bogomips	: 4255.72
clflush size	: 64
cache_alignment	: 64
address sizes	: 40 bits physical, 48 bits virtual
power management:



Memory: 4k page, physical 8156820k(177924k free), swap 0k(0k free)

vm_info: Java HotSpot(TM) 64-Bit Server VM (25.20-b23) for linux-amd64 JRE (1.8.0_20-b26), built on Jul 30 2014 13:13:52 by "java_re" with gcc 4.3.0 20080428 (Red Hat 4.3.0-8)

time: Tue Aug 26 11:40:16 2014
elapsed time: 0 seconds (0d 0h 0m 0s)

