#
# A fatal error has been detected by the Java Runtime Environment:
#
#  SIGSEGV (0xb) at pc=0x00007ff498f67990, pid=24721, tid=140688423548672
#
# JRE version: Java(TM) SE Runtime Environment (8.0_20-b26) (build 1.8.0_20-b26)
# Java VM: Java HotSpot(TM) 64-Bit Server VM (25.20-b23 mixed mode linux-amd64 compressed oops)
# Problematic frame:
# C  [libwkhtmltox.so.0+0x973990]
#
# Failed to write core dump. Core dumps have been disabled. To enable core dumping, try "ulimit -c unlimited" before starting Java again
#
# If you would like to submit a bug report, please visit:
#   http://bugreport.sun.com/bugreport/crash.jsp
# The crash happened outside the Java Virtual Machine in native code.
# See problematic frame for where to report the bug.
#

---------------  T H R E A D  ---------------

Current thread (0x00007ff52c187000):  JavaThread "Thread-97" [_thread_in_native, id=24837, stack(0x00007ff493727000,0x00007ff493828000)]

siginfo: si_signo: 11 (SIGSEGV), si_code: 1 (SEGV_MAPERR), si_addr: 0x0000000000000000

Registers:
RAX=0x00007ff4912a6e00, RBX=0x00007ff4d4006e50, RCX=0x00007ff4912a7000, RDX=0x00007ff4912a7000
RSP=0x00007ff493826010, RBP=0x00007ff491289288, RSI=0x0000000000000000, RDI=0x0000000000000000
R8 =0x00007ff4912a6c00, R9 =0x00007ff49b1b0d80, R10=0x00007ff49b1b0d50, R11=0x00007ff49b1b0d80
R12=0x0000000000000000, R13=0x0000000000000040, R14=0x00007ff4d4006bd8, R15=0x00007ff4d4006be8
RIP=0x00007ff498f67990, EFLAGS=0x0000000000010202, CSGSFS=0x0000000000000033, ERR=0x0000000000000004
  TRAPNO=0x000000000000000e

Top of Stack: (sp=0x00007ff493826010)
0x00007ff493826010:   00007ff4d4006be8 00007ff4d4006e50
0x00007ff493826020:   00007ff4938260d0 00007ff491289288
0x00007ff493826030:   00007ff4d4006bd0 00007ff498f68db1
0x00007ff493826040:   0000000000000000 00007ff4d4006bd8
0x00007ff493826050:   00007ff49129dc40 00007ff532128600
0x00007ff493826060:   00007ff4938260d0 0000000000000120
0x00007ff493826070:   00007ff4d4004e00 00007ff4d4006b40
0x00007ff493826080:   00007ff4d4006e50 00007ff4938260d0
0x00007ff493826090:   00007ff4d4006bd0 00007ff498b9d757
0x00007ff4938260a0:   0000000000000000 00007ff4938260cf
0x00007ff4938260b0:   00007ff4d4006bc8 00007ff4d4006b58
0x00007ff4938260c0:   00007ff40000007c 00007ff532128600
0x00007ff4938260d0:   00007ff4d4006830 00007ff4d4005c80
0x00007ff4938260e0:   00007ff4d4004d70 00007ff4d40060e0
0x00007ff4938260f0:   00007ff4d4004e00 0000000000000000
0x00007ff493826100:   0000000000000000 0000000000000000
0x00007ff493826110:   0000000000000000 0000000000000000
0x00007ff493826120:   0000000000000000 0000000000000000
0x00007ff493826130:   0000000000000000 00007ff4d4006738
0x00007ff493826140:   0000000000000000 00007ff4d4006b40
0x00007ff493826150:   00007ff493826350 00007ff4d4006738
0x00007ff493826160:   00007ff4d40066f0 00007ff498ba1b91
0x00007ff493826170:   00007ff4d40066e0 00007ff4d4006558
0x00007ff493826180:   00007ff4d4001d50 00007ff498b50ae9
0x00007ff493826190:   0000005bd40067c0 00007ff4d4006718
0x00007ff4938261a0:   0000000000000000 000000770000006e
0x00007ff4938261b0:   0000000000000000 00007ff4938261df
0x00007ff4938261c0:   00007ff4d4006950 00007ff498b7646c
0x00007ff4938261d0:   00007ff40000007c 00007ff4d4006668
0x00007ff4938261e0:   0000005b00000000 00007ff4d4001400
0x00007ff4938261f0:   00007ff493826220 00007ff4d40016c8
0x00007ff493826200:   00007ff493826490 00007ff4d4000020 

Instructions: (pc=0x00007ff498f67990)
0x00007ff498f67970:   48 8d 3c f5 00 00 00 00 e8 c3 59 c8 ff 31 ff 45
0x00007ff498f67980:   85 ed 48 89 45 00 0f 84 08 01 00 00 0f 1f 40 00
0x00007ff498f67990:   4d 8b 04 fc 4d 85 c0 0f 84 ea 00 00 00 49 83 f8
0x00007ff498f679a0:   ff 0f 84 e0 00 00 00 4c 89 c0 4c 89 c2 8b 5d 0c 

Register to memory mapping:

RAX=0x00007ff4912a6e00 is an unknown value
RBX=0x00007ff4d4006e50 is an unknown value
RCX=0x00007ff4912a7000 is an unknown value
RDX=0x00007ff4912a7000 is an unknown value
RSP=0x00007ff493826010 is pointing into the stack for thread: 0x00007ff52c187000
RBP=0x00007ff491289288 is an unknown value
RSI=0x0000000000000000 is an unknown value
RDI=0x0000000000000000 is an unknown value
R8 =0x00007ff4912a6c00 is an unknown value
R9 =0x00007ff49b1b0d80: <offset 0x2bbcd80> in /usr/local/lib/libwkhtmltox.so.0 at 0x00007ff4985f4000
R10=0x00007ff49b1b0d50: <offset 0x2bbcd50> in /usr/local/lib/libwkhtmltox.so.0 at 0x00007ff4985f4000
R11=0x00007ff49b1b0d80: <offset 0x2bbcd80> in /usr/local/lib/libwkhtmltox.so.0 at 0x00007ff4985f4000