#
# A fatal error has been detected by the Java Runtime Environment:
#
#  SIGSEGV (0xb) at pc=0x00007f807b224018, pid=14897, tid=140191203333888
#
# JRE version: Java(TM) SE Runtime Environment (8.0_11-b12) (build 1.8.0_11-b12)
# Java VM: Java HotSpot(TM) 64-Bit Server VM (25.11-b03 mixed mode linux-amd64 compressed oops)
# Problematic frame:
# C  [libwkhtmltox.so.0+0x1dfd018]  JSStringIsEqualToUTF8CString+0x9e1a08
#
# Failed to write core dump. Core dumps have been disabled. To enable core dumping, try "ulimit -c unlimited" before starting Java again
#
# If you would like to submit a bug report, please visit:
#   http://bugreport.sun.com/bugreport/crash.jsp
# The crash happened outside the Java Virtual Machine in native code.
# See problematic frame for where to report the bug.
#

---------------  T H R E A D  ---------------

Current thread (0x00007f80c800a000):  JavaThread "main" [_thread_in_native, id=14899, stack(0x00007f80ced01000,0x00007f80cee02000)]

siginfo:si_signo=SIGSEGV: si_errno=0, si_code=2 (SEGV_ACCERR), si_addr=0x00007f80a8e2412e

Registers:
RAX=0x00007f80a8e2412e, RBX=0x00007f80ab81c518, RCX=0x00007f80cee007d0, RDX=0x00007f80cedfff01
RSP=0x00007f80cedfffc0, RBP=0x00007f80cee007d0, RSI=0x00007f80cee007d0, RDI=0x00007f80ab81c518
R8 =0x0000000000000074, R9 =0x000000000000006f, R10=0x00007f80cee00580, R11=0x00007f8079995c00
R12=0x00007f80c81321d0, R13=0x00007f80cee00058, R14=0x00007f80cee00230, R15=0x0000000000000000
RIP=0x00007f807b224018, EFLAGS=0x0000000000010202, CSGSFS=0x0000000000000033, ERR=0x0000000000000007
  TRAPNO=0x000000000000000e

Top of Stack: (sp=0x00007f80cedfffc0)
0x00007f80cedfffc0:   0000000000000003 00007f80cedfffff
0x00007f80cedfffd0:   00000000ffffffff 00007f807998d0cd
0x00007f80cedfffe0:   00007f80c80f2eb0 00007f8079988df1
0x00007f80cedffff0:   00007f80c81321d0 00007f807b22875e
0x00007f80cee00000:   00007f807b2259f9 00007f8079989575
0x00007f80cee00010:   00007f80cee00058 00007f80cee00060
0x00007f80cee00020:   00007f80cee00050 000000037999aacf
0x00007f80cee00030:   00007f80a8e242e3 00007f80a8e242e0
0x00007f80cee00040:   0000000000000003 00007f80cee007d0
0x00007f80cee00050:   00007f80c80f3610 00007f80c8000020
0x00007f80cee00060:   00007f80c81321d0 00007f80c80f3330
0x00007f80cee00070:   00007f80cee00720 0000000000000010
0x00007f80cee00080:   0000000000000000 00007f80c8000020
0x00007f80cee00090:   0000000000000010 00007f80c80f2e30
0x00007f80cee000a0:   00007f80cee00718 0000000000000000
0x00007f80cee000b0:   00007f80cee00220 00007f80ce283600
0x00007f80cee000c0:   00007f80c80f2e30 00007f80cee00230
0x00007f80cee000d0:   00000000ffffffff 00007f80c80f2e30
0x00007f80cee000e0:   00007f80cee00718 0000000000000000
0x00007f80cee000f0:   00007f80cee00220 00007f8079997636
0x00007f80cee00100:   00007f80cee00440 00007f80cee00220
0x00007f80cee00110:   00007f80c80f3350 00007f80ab81c4c0
0x00007f80cee00120:   00007f80cee00230 00007f80cee00720
0x00007f80cee00130:   00007f80cee00660 00007f80a8e242e0
0x00007f80cee00140:   00007f80cee007d0 00007f80cee00600
0x00007f80cee00150:   00007f80c8131ba0 00007f80cec08e9c
0x00007f80cee00160:   00007f80c81320f0 00000000af0c3fcc
0x00007f80cee00170:   00007f80c81322a0 0000000000000008
0x00007f80cee00180:   00007f80c81323b0 00007f80cec09816
0x00007f80cee00190:   00007f80c80f1990 00007f80cee001d0
0x00007f80cee001a0:   00007f80c80f2cc0 00007f80cee002e0
0x00007f80cee001b0:   00007f80c80f2de0 0000000002bc30ff 

Instructions: (pc=0x00007f807b224018)
0x00007f807b223ff8:   0f 1f 84 00 00 00 00 00 55 48 89 f5 53 48 89 fb
0x00007f807b224008:   48 83 ec 08 48 8b 06 f0 ff 00 0f 95 c2 48 8b 07
0x00007f807b224018:   f0 ff 08 0f 95 c2 84 d2 75 08 48 8b 3f e8 06 74
0x00007f807b224028:   fb ff 48 8b 45 00 48 89 03 48 83 c4 08 48 89 d8 

Register to memory mapping:

RAX=0x00007f80a8e2412e: Java_jwk_JWk_convert+0 in /home/dalmir/hpprojects/jwk/c/JWkLib/dist/libJWkLib.so at 0x00007f80a8e23000
RBX=0x00007f80ab81c518 is an unknown value
RCX=0x00007f80cee007d0 is pointing into the stack for thread: 0x00007f80c800a000
RDX=0x00007f80cedfff01 is pointing into the stack for thread: 0x00007f80c800a000
RSP=0x00007f80cedfffc0 is pointing into the stack for thread: 0x00007f80c800a000
RBP=0x00007f80cee007d0 is pointing into the stack for thread: 0x00007f80c800a000
RSI=0x00007f80cee007d0 is pointing into the stack for thread: 0x00007f80c800a000
RDI=0x00007f80ab81c518 is an unknown value
R8 =0x0000000000000074 is an unknown value
R9 =0x000000000000006f is an unknown value
R10=0x00007f80cee00580 is pointing into the stack for thread: 0x00007f80c800a000
R11=0x00007f8079995c00: _ZN11wkhtmltopdf8settings9PdfObject3setEPKcRK7QString+0x50 in /usr/local/lib/libwkhtmltox.so.0 at 0x00007f8079427000
R12=0x00007f80c81321d0 is an unknown value
R13=0x00007f80cee00058 is pointing into the stack for thread: 0x00007f80c800a000
R14=0x00007f80cee00230 is pointing into the stack for thread: 0x00007f80c800a000
R15=0x0000000000000000 is an unknown value


Stack: [0x00007f80ced01000,0x00007f80cee02000],  sp=0x00007f80cedfffc0,  free space=1019k
Native frames: (J=compiled Java code, j=interpreted, Vv=VM code, C=native code)
C  [libwkhtmltox.so.0+0x1dfd018]  JSStringIsEqualToUTF8CString+0x9e1a08

Java frames: (J=compiled Java code, j=interpreted, Vv=VM code)
j  jwk.JWk.convert(Ljava/lang/String;Ljava/lang/String;)V+0
j  jwk.JWk.main([Ljava/lang/String;)V+11
v  ~StubRoutines::call_stub

---------------  P R O C E S S  ---------------

Java Threads: ( => current thread )
  0x00007f80c80b8800 JavaThread "Service Thread" daemon [_thread_blocked, id=14914, stack(0x00007f80a954e000,0x00007f80a964f000)]
  0x00007f80c80b3000 JavaThread "C1 CompilerThread2" daemon [_thread_blocked, id=14913, stack(0x00007f80a964f000,0x00007f80a9750000)]
  0x00007f80c80b1000 JavaThread "C2 CompilerThread1" daemon [_thread_blocked, id=14912, stack(0x00007f80a9750000,0x00007f80a9851000)]
  0x00007f80c80ae000 JavaThread "C2 CompilerThread0" daemon [_thread_blocked, id=14911, stack(0x00007f80a9851000,0x00007f80a9952000)]
  0x00007f80c80ac000 JavaThread "Signal Dispatcher" daemon [_thread_blocked, id=14910, stack(0x00007f80a9952000,0x00007f80a9a53000)]
  0x00007f80c807c000 JavaThread "Finalizer" daemon [_thread_blocked, id=14909, stack(0x00007f80aa137000,0x00007f80aa238000)]
  0x00007f80c8078000 JavaThread "Reference Handler" daemon [_thread_blocked, id=14908, stack(0x00007f80aa238000,0x00007f80aa339000)]
=>0x00007f80c800a000 JavaThread "main" [_thread_in_native, id=14899, stack(0x00007f80ced01000,0x00007f80cee02000)]

Other Threads:
  0x00007f80c8073000 VMThread [stack: 0x00007f80aa339000,0x00007f80aa43a000] [id=14907]
  0x00007f80c80bb000 WatcherThread [stack: 0x00007f80a944d000,0x00007f80a954e000] [id=14915]

VM state:not at safepoint (normal execution)

VM Mutex/Monitor currently owned by a thread: None

Heap:
 PSYoungGen      total 1024K, used 398K [0x00000000d6800000, 0x00000000d6980000, 0x0000000100000000)
  eden space 512K, 77% used [0x00000000d6800000,0x00000000d6863868,0x00000000d6880000)
  from space 512K, 0% used [0x00000000d6900000,0x00000000d6900000,0x00000000d6980000)
  to   space 512K, 0% used [0x00000000d6880000,0x00000000d6880000,0x00000000d6900000)
 ParOldGen       total 127488K, used 0K [0x0000000083800000, 0x000000008b480000, 0x00000000d6800000)
  object space 127488K, 0% used [0x0000000083800000,0x0000000083800000,0x000000008b480000)
 Metaspace       used 2581K, capacity 4486K, committed 4864K, reserved 1056768K
  class space    used 274K, capacity 386K, committed 512K, reserved 1048576K

Card table byte_map: [0x00007f80b863f000,0x00007f80b8a24000] byte_map_base: 0x00007f80b8223000

Marking Bits: (ParMarkBitMap*) 0x00007f80ce1d5c20
 Begin Bits: [0x00007f80b01c0000, 0x00007f80b20e0000)
 End Bits:   [0x00007f80b20e0000, 0x00007f80b4000000)

Polling page: 0x00007f80cee1e000

CodeCache: size=245760Kb used=1080Kb max_used=1080Kb free=244679Kb
 bounds [0x00007f80b8de4000, 0x00007f80b9054000, 0x00007f80c7de4000]
 total_blobs=250 nmethods=13 adapters=154
 compilation: enabled

Compilation events (10 events):
Event: 0,262 Thread 0x00007f80c80b3000    9       3       java.lang.AbstractStringBuilder::ensureCapacityInternal (16 bytes)
Event: 0,262 Thread 0x00007f80c80b3000 nmethod 9 0x00007f80b8eedcd0 code [0x00007f80b8eede40, 0x00007f80b8eee028]
Event: 0,269 Thread 0x00007f80c80b3000   10       1       java.lang.Object::<init> (1 bytes)
Event: 0,269 Thread 0x00007f80c80b3000 nmethod 10 0x00007f80b8eeeb50 code [0x00007f80b8eeeca0, 0x00007f80b8eeedb0]
Event: 0,269 Thread 0x00007f80c80b3000   11       3       java.util.Arrays::copyOfRange (63 bytes)
Event: 0,271 Thread 0x00007f80c80b3000 nmethod 11 0x00007f80b8eeee10 code [0x00007f80b8eef020, 0x00007f80b8eefad8]
Event: 0,277 Thread 0x00007f80c80b3000   12       1       java.lang.ref.Reference::get (5 bytes)
Event: 0,277 Thread 0x00007f80c80b3000 nmethod 12 0x00007f80b8ef1190 code [0x00007f80b8ef12e0, 0x00007f80b8ef13f0]
Event: 0,278 Thread 0x00007f80c80b3000   13       1       java.lang.ThreadLocal::access$400 (5 bytes)
Event: 0,278 Thread 0x00007f80c80b3000 nmethod 13 0x00007f80b8ef1450 code [0x00007f80b8ef15a0, 0x00007f80b8ef1690]

GC Heap History (0 events):
No events

Deoptimization events (0 events):
No events

Internal exceptions (3 events):
Event: 0,155 Thread 0x00007f80c800a000 Exception <a 'java/lang/NoSuchMethodError': Method sun.misc.Unsafe.defineClass(Ljava/lang/String;[BII)Ljava/lang/Class; name or signature does not match> (0x00000000d68145a8) thrown at [/HUDSON/workspace/8-2-build-linux-amd64/jdk8u11/648/hotspot/src/share
Event: 0,155 Thread 0x00007f80c800a000 Exception <a 'java/lang/NoSuchMethodError': Method sun.misc.Unsafe.prefetchRead(Ljava/lang/Object;J)V name or signature does not match> (0x00000000d6814838) thrown at [/HUDSON/workspace/8-2-build-linux-amd64/jdk8u11/648/hotspot/src/share/vm/prims/jni.cpp,
Event: 0,262 Thread 0x00007f80c800a000 Exception <a 'java/security/PrivilegedActionException'> (0x00000000d6856f48) thrown at [/HUDSON/workspace/8-2-build-linux-amd64/jdk8u11/648/hotspot/src/share/vm/prims/jvm.cpp, line 1248]

Events (10 events):
Event: 0,277 loading class java/nio/file/attribute/PosixFileAttributes done
Event: 0,278 loading class sun/nio/fs/UnixFileAttributes done
Event: 0,278 loading class sun/nio/fs/UnixFileStoreAttributes
Event: 0,278 loading class sun/nio/fs/UnixFileStoreAttributes done
Event: 0,278 loading class sun/nio/fs/UnixMountEntry
Event: 0,278 loading class sun/nio/fs/UnixMountEntry done
Event: 0,278 loading class java/net/URI
Event: 0,279 loading class java/net/URI done
Event: 0,280 loading class java/net/URI$Parser
Event: 0,280 loading class java/net/URI$Parser done


Dynamic libraries:
00400000-00401000 r-xp 00000000 08:02 5113632                            /usr/lib/jvm/java-8-oracle/bin/java
00600000-00601000 rw-p 00000000 08:02 5113632                            /usr/lib/jvm/java-8-oracle/bin/java
018b9000-018da000 rw-p 00000000 00:00 0                                  [heap]
83800000-8b480000 rw-p 00000000 00:00 0 
8b480000-d6800000 ---p 00000000 00:00 0 
d6800000-d6980000 rw-p 00000000 00:00 0 
d6980000-100000000 ---p 00000000 00:00 0 
100000000-100080000 rw-p 00000000 00:00 0 
100080000-140000000 ---p 00000000 00:00 0 
7f8078181000-7f8078184000 r-xp 00000000 08:02 4336373                    /usr/lib/x86_64-linux-gnu/gconv/UTF-16.so
7f8078184000-7f8078383000 ---p 00003000 08:02 4336373                    /usr/lib/x86_64-linux-gnu/gconv/UTF-16.so
7f8078383000-7f8078384000 r--p 00002000 08:02 4336373                    /usr/lib/x86_64-linux-gnu/gconv/UTF-16.so
7f8078384000-7f8078385000 rw-p 00003000 08:02 4336373                    /usr/lib/x86_64-linux-gnu/gconv/UTF-16.so
7f8078385000-7f807838a000 r-xp 00000000 08:02 3940435                    /usr/lib/x86_64-linux-gnu/libXdmcp.so.6.0.0
7f807838a000-7f8078589000 ---p 00005000 08:02 3940435                    /usr/lib/x86_64-linux-gnu/libXdmcp.so.6.0.0
7f8078589000-7f807858a000 r--p 00004000 08:02 3940435                    /usr/lib/x86_64-linux-gnu/libXdmcp.so.6.0.0
7f807858a000-7f807858b000 rw-p 00005000 08:02 3940435                    /usr/lib/x86_64-linux-gnu/libXdmcp.so.6.0.0
7f807858b000-7f807858d000 r-xp 00000000 08:02 3940424                    /usr/lib/x86_64-linux-gnu/libXau.so.6.0.0
7f807858d000-7f807878d000 ---p 00002000 08:02 3940424                    /usr/lib/x86_64-linux-gnu/libXau.so.6.0.0
7f807878d000-7f807878e000 r--p 00002000 08:02 3940424                    /usr/lib/x86_64-linux-gnu/libXau.so.6.0.0
7f807878e000-7f807878f000 rw-p 00003000 08:02 3940424                    /usr/lib/x86_64-linux-gnu/libXau.so.6.0.0
7f807878f000-7f80787ac000 r-xp 00000000 08:02 3941492                    /usr/lib/x86_64-linux-gnu/libxcb.so.1.1.0
7f80787ac000-7f80789ac000 ---p 0001d000 08:02 3941492                    /usr/lib/x86_64-linux-gnu/libxcb.so.1.1.0
7f80789ac000-7f80789ad000 r--p 0001d000 08:02 3941492                    /usr/lib/x86_64-linux-gnu/libxcb.so.1.1.0
7f80789ad000-7f80789ae000 rw-p 0001e000 08:02 3941492                    /usr/lib/x86_64-linux-gnu/libxcb.so.1.1.0
7f80789ae000-7f80789d5000 r-xp 00000000 08:02 659395                     /lib/x86_64-linux-gnu/libexpat.so.1.6.0
7f80789d5000-7f8078bd5000 ---p 00027000 08:02 659395                     /lib/x86_64-linux-gnu/libexpat.so.1.6.0
7f8078bd5000-7f8078bd7000 r--p 00027000 08:02 659395                     /lib/x86_64-linux-gnu/libexpat.so.1.6.0
7f8078bd7000-7f8078bd8000 rw-p 00029000 08:02 659395                     /lib/x86_64-linux-gnu/libexpat.so.1.6.0
7f8078bd8000-7f8078bee000 r-xp 00000000 08:02 659400                     /lib/x86_64-linux-gnu/libgcc_s.so.1
7f8078bee000-7f8078ded000 ---p 00016000 08:02 659400                     /lib/x86_64-linux-gnu/libgcc_s.so.1
7f8078ded000-7f8078dee000 rw-p 00015000 08:02 659400                     /lib/x86_64-linux-gnu/libgcc_s.so.1
7f8078dee000-7f8078ed4000 r-xp 00000000 08:02 3941330                    /usr/lib/x86_64-linux-gnu/libstdc++.so.6.0.19
7f8078ed4000-7f80790d3000 ---p 000e6000 08:02 3941330                    /usr/lib/x86_64-linux-gnu/libstdc++.so.6.0.19
7f80790d3000-7f80790db000 r--p 000e5000 08:02 3941330                    /usr/lib/x86_64-linux-gnu/libstdc++.so.6.0.19
7f80790db000-7f80790dd000 rw-p 000ed000 08:02 3941330                    /usr/lib/x86_64-linux-gnu/libstdc++.so.6.0.19
7f80790dd000-7f80790f2000 rw-p 00000000 00:00 0 
7f80790f2000-7f8079222000 r-xp 00000000 08:02 3940420                    /usr/lib/x86_64-linux-gnu/libX11.so.6.3.0
7f8079222000-7f8079422000 ---p 00130000 08:02 3940420                    /usr/lib/x86_64-linux-gnu/libX11.so.6.3.0
7f8079422000-7f8079423000 r--p 00130000 08:02 3940420                    /usr/lib/x86_64-linux-gnu/libX11.so.6.3.0
7f8079423000-7f8079427000 rw-p 00131000 08:02 3940420                    /usr/lib/x86_64-linux-gnu/libX11.so.6.3.0
7f8079427000-7f807bbab000 r-xp 00000000 08:02 4205335                    /usr/local/lib/libwkhtmltox.so.0.12.1
7f807bbab000-7f807bdab000 ---p 02784000 08:02 4205335                    /usr/local/lib/libwkhtmltox.so.0.12.1
7f807bdab000-7f807bfb4000 r--p 02784000 08:02 4205335                    /usr/local/lib/libwkhtmltox.so.0.12.1
7f807bfb4000-7f807bfcd000 rw-p 0298d000 08:02 4205335                    /usr/local/lib/libwkhtmltox.so.0.12.1
7f807bfcd000-7f807c000000 rw-p 00000000 00:00 0 
7f807c000000-7f807c021000 rw-p 00000000 00:00 0 
7f807c021000-7f8080000000 ---p 00000000 00:00 0 
7f8080000000-7f8080021000 rw-p 00000000 00:00 0 
7f8080021000-7f8084000000 ---p 00000000 00:00 0 
7f8084000000-7f8084021000 rw-p 00000000 00:00 0 
7f8084021000-7f8088000000 ---p 00000000 00:00 0 
7f8088000000-7f8088021000 rw-p 00000000 00:00 0 
7f8088021000-7f808c000000 ---p 00000000 00:00 0 
7f808c000000-7f808c021000 rw-p 00000000 00:00 0 
7f808c021000-7f8090000000 ---p 00000000 00:00 0 
7f8090000000-7f809004e000 rw-p 00000000 00:00 0 
7f809004e000-7f8094000000 ---p 00000000 00:00 0 
7f8094000000-7f8094021000 rw-p 00000000 00:00 0 
7f8094021000-7f8098000000 ---p 00000000 00:00 0 
7f8098000000-7f8098021000 rw-p 00000000 00:00 0 
7f8098021000-7f809c000000 ---p 00000000 00:00 0 
7f809c000000-7f809c021000 rw-p 00000000 00:00 0 
7f809c021000-7f80a0000000 ---p 00000000 00:00 0 
7f80a0000000-7f80a0021000 rw-p 00000000 00:00 0 
7f80a0021000-7f80a4000000 ---p 00000000 00:00 0 
7f80a4000000-7f80a4021000 rw-p 00000000 00:00 0 
7f80a4021000-7f80a8000000 ---p 00000000 00:00 0 
7f80a8081000-7f80a808c000 r--s 00000000 08:02 5636166                    /var/cache/fontconfig/945677eb7aeaf62f1d50efc3fb3ec7d8-le64.cache-4
7f80a808c000-7f80a8092000 r--s 00000000 08:02 5636164                    /var/cache/fontconfig/2cd17615ca594fa2959ae173292e504c-le64.cache-4
7f80a8092000-7f80a80a6000 r--s 00000000 08:02 5636160                    /var/cache/fontconfig/04aabc0a78ac019cf9454389977116d2-le64.cache-4
7f80a80a6000-7f80a80be000 r-xp 00000000 08:02 659536                     /lib/x86_64-linux-gnu/libz.so.1.2.8
7f80a80be000-7f80a82bd000 ---p 00018000 08:02 659536                     /lib/x86_64-linux-gnu/libz.so.1.2.8
7f80a82bd000-7f80a82be000 r--p 00017000 08:02 659536                     /lib/x86_64-linux-gnu/libz.so.1.2.8
7f80a82be000-7f80a82bf000 rw-p 00018000 08:02 659536                     /lib/x86_64-linux-gnu/libz.so.1.2.8
7f80a82bf000-7f80a835c000 r-xp 00000000 08:02 3932540                    /usr/lib/x86_64-linux-gnu/libfreetype.so.6.11.1
7f80a835c000-7f80a855b000 ---p 0009d000 08:02 3932540                    /usr/lib/x86_64-linux-gnu/libfreetype.so.6.11.1
7f80a855b000-7f80a8561000 r--p 0009c000 08:02 3932540                    /usr/lib/x86_64-linux-gnu/libfreetype.so.6.11.1
7f80a8561000-7f80a8562000 rw-p 000a2000 08:02 3932540                    /usr/lib/x86_64-linux-gnu/libfreetype.so.6.11.1
7f80a8562000-7f80a859c000 r-xp 00000000 08:02 3932441                    /usr/lib/x86_64-linux-gnu/libfontconfig.so.1.8.0
7f80a859c000-7f80a879b000 ---p 0003a000 08:02 3932441                    /usr/lib/x86_64-linux-gnu/libfontconfig.so.1.8.0
7f80a879b000-7f80a879d000 r--p 00039000 08:02 3932441                    /usr/lib/x86_64-linux-gnu/libfontconfig.so.1.8.0
7f80a879d000-7f80a879e000 rw-p 0003b000 08:02 3932441                    /usr/lib/x86_64-linux-gnu/libfontconfig.so.1.8.0
7f80a879e000-7f80a87a7000 r-xp 00000000 08:02 3940459                    /usr/lib/x86_64-linux-gnu/libXrender.so.1.3.0
7f80a87a7000-7f80a89a6000 ---p 00009000 08:02 3940459                    /usr/lib/x86_64-linux-gnu/libXrender.so.1.3.0
7f80a89a6000-7f80a89a7000 r--p 00008000 08:02 3940459                    /usr/lib/x86_64-linux-gnu/libXrender.so.1.3.0
7f80a89a7000-7f80a89a8000 rw-p 00009000 08:02 3940459                    /usr/lib/x86_64-linux-gnu/libXrender.so.1.3.0
7f80a89a8000-7f80a89cd000 r-xp 00000000 08:02 659488                     /lib/x86_64-linux-gnu/libpng12.so.0.50.0
7f80a89cd000-7f80a8bcc000 ---p 00025000 08:02 659488                     /lib/x86_64-linux-gnu/libpng12.so.0.50.0
7f80a8bcc000-7f80a8bcd000 r--p 00024000 08:02 659488                     /lib/x86_64-linux-gnu/libpng12.so.0.50.0
7f80a8bcd000-7f80a8bce000 rw-p 00025000 08:02 659488                     /lib/x86_64-linux-gnu/libpng12.so.0.50.0
7f80a8bce000-7f80a8c11000 r-xp 00000000 08:02 3941024                    /usr/lib/x86_64-linux-gnu/libjpeg.so.8.0.2
7f80a8c11000-7f80a8e11000 ---p 00043000 08:02 3941024                    /usr/lib/x86_64-linux-gnu/libjpeg.so.8.0.2
7f80a8e11000-7f80a8e12000 r--p 00043000 08:02 3941024                    /usr/lib/x86_64-linux-gnu/libjpeg.so.8.0.2
7f80a8e12000-7f80a8e13000 rw-p 00044000 08:02 3941024                    /usr/lib/x86_64-linux-gnu/libjpeg.so.8.0.2
7f80a8e13000-7f80a8e23000 rw-p 00000000 00:00 0 
7f80a8e23000-7f80a8e25000 r-xp 00000000 00:18 9965819                    /home/dalmir/hpprojects/jwk/c/JWkLib/dist/libJWkLib.so
7f80a8e25000-7f80a9024000 ---p 00002000 00:18 9965819                    /home/dalmir/hpprojects/jwk/c/JWkLib/dist/libJWkLib.so
7f80a9024000-7f80a9025000 r--p 00001000 00:18 9965819                    /home/dalmir/hpprojects/jwk/c/JWkLib/dist/libJWkLib.so
7f80a9025000-7f80a9026000 rw-p 00002000 00:18 9965819                    /home/dalmir/hpprojects/jwk/c/JWkLib/dist/libJWkLib.so
7f80a9026000-7f80a903c000 r-xp 00000000 08:02 5113690                    /usr/lib/jvm/java-8-oracle/jre/lib/amd64/libnet.so
7f80a903c000-7f80a923b000 ---p 00016000 08:02 5113690                    /usr/lib/jvm/java-8-oracle/jre/lib/amd64/libnet.so
7f80a923b000-7f80a923c000 rw-p 00015000 08:02 5113690                    /usr/lib/jvm/java-8-oracle/jre/lib/amd64/libnet.so
7f80a923c000-7f80a924c000 r-xp 00000000 08:02 5113694                    /usr/lib/jvm/java-8-oracle/jre/lib/amd64/libnio.so
7f80a924c000-7f80a944c000 ---p 00010000 08:02 5113694                    /usr/lib/jvm/java-8-oracle/jre/lib/amd64/libnio.so
7f80a944c000-7f80a944d000 rw-p 00010000 08:02 5113694                    /usr/lib/jvm/java-8-oracle/jre/lib/amd64/libnio.so
7f80a944d000-7f80a944e000 ---p 00000000 00:00 0 
7f80a944e000-7f80a954e000 rw-p 00000000 00:00 0                          [stack:14915]
7f80a954e000-7f80a9551000 ---p 00000000 00:00 0 
7f80a9551000-7f80a964f000 rw-p 00000000 00:00 0                          [stack:14914]
7f80a964f000-7f80a9652000 ---p 00000000 00:00 0 
7f80a9652000-7f80a9750000 rw-p 00000000 00:00 0                          [stack:14913]
7f80a9750000-7f80a9753000 ---p 00000000 00:00 0 
7f80a9753000-7f80a9851000 rw-p 00000000 00:00 0                          [stack:14912]
7f80a9851000-7f80a9854000 ---p 00000000 00:00 0 
7f80a9854000-7f80a9952000 rw-p 00000000 00:00 0                          [stack:14911]
7f80a9952000-7f80a9955000 ---p 00000000 00:00 0 
7f80a9955000-7f80a9a53000 rw-p 00000000 00:00 0                          [stack:14910]
7f80a9a53000-7f80aa137000 r--p 00000000 08:02 3939342                    /usr/lib/locale/locale-archive
7f80aa137000-7f80aa13a000 ---p 00000000 00:00 0 
7f80aa13a000-7f80aa238000 rw-p 00000000 00:00 0                          [stack:14909]
7f80aa238000-7f80aa23b000 ---p 00000000 00:00 0 
7f80aa23b000-7f80aa339000 rw-p 00000000 00:00 0                          [stack:14908]
7f80aa339000-7f80aa33a000 ---p 00000000 00:00 0 
7f80aa33a000-7f80ab248000 rw-p 00000000 00:00 0                          [stack:14907]
7f80ab248000-7f80ab41c000 r--s 03c50000 08:02 5113745                    /usr/lib/jvm/java-8-oracle/jre/lib/rt.jar
7f80ab41c000-7f80ab85c000 rw-p 00000000 00:00 0 
7f80ab85c000-7f80abc1c000 ---p 00000000 00:00 0 
7f80abc1c000-7f80ac000000 rw-p 00000000 00:00 0 
7f80ac000000-7f80ac021000 rw-p 00000000 00:00 0 
7f80ac021000-7f80b0000000 ---p 00000000 00:00 0 
7f80b0002000-7f80b0003000 rw-p 00000000 00:00 0 
7f80b0003000-7f80b0004000 r--s 00000000 08:02 5636167                    /var/cache/fontconfig/c05880de57d1f5e948fdfacc138775d9-le64.cache-4
7f80b0004000-7f80b0005000 r--s 00000000 08:02 5636163                    /var/cache/fontconfig/e7071f4a29fa870f4323321c154eba04-le64.cache-4
7f80b0005000-7f80b0006000 r--s 00000000 08:02 5636162                    /var/cache/fontconfig/0d8c3b2ac0904cb8a57a757ad11a4a08-le64.cache-4
7f80b0006000-7f80b000d000 r--s 00000000 08:02 5636161                    /var/cache/fontconfig/a755afe4a08bf5b97852ceb7400b47bc-le64.cache-4
7f80b000d000-7f80b0011000 r--s 00000000 08:02 5636158                    /var/cache/fontconfig/385c0604a188198f04d133e54aba7fe7-le64.cache-4
7f80b0011000-7f80b0018000 r--s 00000000 08:02 5636154                    /var/cache/fontconfig/3047814df9a2f067bd2d96a2b9c36e5a-le64.cache-4
7f80b0018000-7f80b002b000 r--s 00000000 08:02 5636150                    /var/cache/fontconfig/d52a8644073d54c13679302ca1180695-le64.cache-4
7f80b002b000-7f80b4000000 rw-p 00000000 00:00 0 
7f80b4000000-7f80b4021000 rw-p 00000000 00:00 0 
7f80b4021000-7f80b8000000 ---p 00000000 00:00 0 
7f80b8000000-7f80b8005000 r--s 00000000 08:02 5636155                    /var/cache/fontconfig/8801497958630a81b71ace7c5f9b32a8-le64.cache-4
7f80b8005000-7f80b800d000 r--s 00000000 08:02 5636149                    /var/cache/fontconfig/3f7329c5293ffd510edef78f73874cfd-le64.cache-4
7f80b800d000-7f80b80a4000 rw-p 00000000 00:00 0 
7f80b80a4000-7f80b80a5000 ---p 00000000 00:00 0 
7f80b80a5000-7f80b81a5000 rw-p 00000000 00:00 0                          [stack:14905]
7f80b81a5000-7f80b81a6000 ---p 00000000 00:00 0 
7f80b81a6000-7f80b82a6000 rw-p 00000000 00:00 0                          [stack:14904]
7f80b82a6000-7f80b82a7000 ---p 00000000 00:00 0 
7f80b82a7000-7f80b83e6000 rw-p 00000000 00:00 0                          [stack:14903]
7f80b83e6000-7f80b863f000 ---p 00000000 00:00 0 
7f80b863f000-7f80b867e000 rw-p 00000000 00:00 0 
7f80b867e000-7f80b88d7000 ---p 00000000 00:00 0 
7f80b88d7000-7f80b88d8000 rw-p 00000000 00:00 0 
7f80b88d8000-7f80b8a23000 ---p 00000000 00:00 0 
7f80b8a23000-7f80b8a2e000 rw-p 00000000 00:00 0 
7f80b8a2e000-7f80b8de4000 ---p 00000000 00:00 0 
7f80b8de4000-7f80b9054000 rwxp 00000000 00:00 0 
7f80b9054000-7f80c7de4000 ---p 00000000 00:00 0 
7f80c7de4000-7f80c7e00000 r-xp 00000000 08:02 5113717                    /usr/lib/jvm/java-8-oracle/jre/lib/amd64/libzip.so
7f80c7e00000-7f80c7fff000 ---p 0001c000 08:02 5113717                    /usr/lib/jvm/java-8-oracle/jre/lib/amd64/libzip.so
7f80c7fff000-7f80c8000000 rw-p 0001b000 08:02 5113717                    /usr/lib/jvm/java-8-oracle/jre/lib/amd64/libzip.so
7f80c8000000-7f80c813a000 rw-p 00000000 00:00 0 
7f80c813a000-7f80cc000000 ---p 00000000 00:00 0 
7f80cc000000-7f80cc001000 r--s 00000000 08:02 5636159                    /var/cache/fontconfig/1ac9eb803944fde146138c791f5cc56a-le64.cache-4
7f80cc001000-7f80cc007000 r--s 00000000 08:02 5636151                    /var/cache/fontconfig/b47c4e1ecd0709278f4910c18777a504-le64.cache-4
7f80cc007000-7f80cc056000 rw-p 00000000 00:00 0 
7f80cc056000-7f80cc057000 ---p 00000000 00:00 0 
7f80cc057000-7f80cc157000 rw-p 00000000 00:00 0                          [stack:14902]
7f80cc157000-7f80cc162000 r-xp 00000000 08:02 657978                     /lib/x86_64-linux-gnu/libnss_files-2.19.so
7f80cc162000-7f80cc361000 ---p 0000b000 08:02 657978                     /lib/x86_64-linux-gnu/libnss_files-2.19.so
7f80cc361000-7f80cc362000 r--p 0000a000 08:02 657978                     /lib/x86_64-linux-gnu/libnss_files-2.19.so
7f80cc362000-7f80cc363000 rw-p 0000b000 08:02 657978                     /lib/x86_64-linux-gnu/libnss_files-2.19.so
7f80cc363000-7f80cc36e000 r-xp 00000000 08:02 656672                     /lib/x86_64-linux-gnu/libnss_nis-2.19.so
7f80cc36e000-7f80cc56d000 ---p 0000b000 08:02 656672                     /lib/x86_64-linux-gnu/libnss_nis-2.19.so
7f80cc56d000-7f80cc56e000 r--p 0000a000 08:02 656672                     /lib/x86_64-linux-gnu/libnss_nis-2.19.so
7f80cc56e000-7f80cc56f000 rw-p 0000b000 08:02 656672                     /lib/x86_64-linux-gnu/libnss_nis-2.19.so
7f80cc56f000-7f80cc586000 r-xp 00000000 08:02 657980                     /lib/x86_64-linux-gnu/libnsl-2.19.so
7f80cc586000-7f80cc785000 ---p 00017000 08:02 657980                     /lib/x86_64-linux-gnu/libnsl-2.19.so
7f80cc785000-7f80cc786000 r--p 00016000 08:02 657980                     /lib/x86_64-linux-gnu/libnsl-2.19.so
7f80cc786000-7f80cc787000 rw-p 00017000 08:02 657980                     /lib/x86_64-linux-gnu/libnsl-2.19.so
7f80cc787000-7f80cc789000 rw-p 00000000 00:00 0 
7f80cc789000-7f80cc792000 r-xp 00000000 08:02 657973                     /lib/x86_64-linux-gnu/libnss_compat-2.19.so
7f80cc792000-7f80cc991000 ---p 00009000 08:02 657973                     /lib/x86_64-linux-gnu/libnss_compat-2.19.so
7f80cc991000-7f80cc992000 r--p 00008000 08:02 657973                     /lib/x86_64-linux-gnu/libnss_compat-2.19.so
7f80cc992000-7f80cc993000 rw-p 00009000 08:02 657973                     /lib/x86_64-linux-gnu/libnss_compat-2.19.so
7f80cc993000-7f80cc9bd000 r-xp 00000000 08:02 5113705                    /usr/lib/jvm/java-8-oracle/jre/lib/amd64/libjava.so
7f80cc9bd000-7f80ccbbd000 ---p 0002a000 08:02 5113705                    /usr/lib/jvm/java-8-oracle/jre/lib/amd64/libjava.so
7f80ccbbd000-7f80ccbbf000 rw-p 0002a000 08:02 5113705                    /usr/lib/jvm/java-8-oracle/jre/lib/amd64/libjava.so
7f80ccbbf000-7f80ccbcc000 r-xp 00000000 08:02 5113718                    /usr/lib/jvm/java-8-oracle/jre/lib/amd64/libverify.so
7f80ccbcc000-7f80ccdcc000 ---p 0000d000 08:02 5113718                    /usr/lib/jvm/java-8-oracle/jre/lib/amd64/libverify.so
7f80ccdcc000-7f80ccdce000 rw-p 0000d000 08:02 5113718                    /usr/lib/jvm/java-8-oracle/jre/lib/amd64/libverify.so
7f80ccdce000-7f80ccdd5000 r-xp 00000000 08:02 657976                     /lib/x86_64-linux-gnu/librt-2.19.so
7f80ccdd5000-7f80ccfd4000 ---p 00007000 08:02 657976                     /lib/x86_64-linux-gnu/librt-2.19.so
7f80ccfd4000-7f80ccfd5000 r--p 00006000 08:02 657976                     /lib/x86_64-linux-gnu/librt-2.19.so
7f80ccfd5000-7f80ccfd6000 rw-p 00007000 08:02 657976                     /lib/x86_64-linux-gnu/librt-2.19.so
7f80ccfd6000-7f80cd0db000 r-xp 00000000 08:02 657977                     /lib/x86_64-linux-gnu/libm-2.19.so
7f80cd0db000-7f80cd2da000 ---p 00105000 08:02 657977                     /lib/x86_64-linux-gnu/libm-2.19.so
7f80cd2da000-7f80cd2db000 r--p 00104000 08:02 657977                     /lib/x86_64-linux-gnu/libm-2.19.so
7f80cd2db000-7f80cd2dc000 rw-p 00105000 08:02 657977                     /lib/x86_64-linux-gnu/libm-2.19.so
7f80cd2dc000-7f80cdef6000 r-xp 00000000 08:02 5387306                    /usr/lib/jvm/java-8-oracle/jre/lib/amd64/server/libjvm.so
7f80cdef6000-7f80ce0f6000 ---p 00c1a000 08:02 5387306                    /usr/lib/jvm/java-8-oracle/jre/lib/amd64/server/libjvm.so
7f80ce0f6000-7f80ce1bf000 rw-p 00c1a000 08:02 5387306                    /usr/lib/jvm/java-8-oracle/jre/lib/amd64/server/libjvm.so
7f80ce1bf000-7f80ce200000 rw-p 00000000 00:00 0 
7f80ce200000-7f80ce3bc000 r-xp 00000000 08:02 657981                     /lib/x86_64-linux-gnu/libc-2.19.so
7f80ce3bc000-7f80ce5bb000 ---p 001bc000 08:02 657981                     /lib/x86_64-linux-gnu/libc-2.19.so
7f80ce5bb000-7f80ce5bf000 r--p 001bb000 08:02 657981                     /lib/x86_64-linux-gnu/libc-2.19.so
7f80ce5bf000-7f80ce5c1000 rw-p 001bf000 08:02 657981                     /lib/x86_64-linux-gnu/libc-2.19.so
7f80ce5c1000-7f80ce5c6000 rw-p 00000000 00:00 0 
7f80ce5c6000-7f80ce5c9000 r-xp 00000000 08:02 657970                     /lib/x86_64-linux-gnu/libdl-2.19.so
7f80ce5c9000-7f80ce7c8000 ---p 00003000 08:02 657970                     /lib/x86_64-linux-gnu/libdl-2.19.so
7f80ce7c8000-7f80ce7c9000 r--p 00002000 08:02 657970                     /lib/x86_64-linux-gnu/libdl-2.19.so
7f80ce7c9000-7f80ce7ca000 rw-p 00003000 08:02 657970                     /lib/x86_64-linux-gnu/libdl-2.19.so
7f80ce7ca000-7f80ce7e1000 r-xp 00000000 08:02 4855110                    /usr/lib/jvm/java-8-oracle/lib/amd64/jli/libjli.so
7f80ce7e1000-7f80ce9e0000 ---p 00017000 08:02 4855110                    /usr/lib/jvm/java-8-oracle/lib/amd64/jli/libjli.so
7f80ce9e0000-7f80ce9e1000 rw-p 00016000 08:02 4855110                    /usr/lib/jvm/java-8-oracle/lib/amd64/jli/libjli.so
7f80ce9e1000-7f80ce9fa000 r-xp 00000000 08:02 657983                     /lib/x86_64-linux-gnu/libpthread-2.19.so
7f80ce9fa000-7f80cebf9000 ---p 00019000 08:02 657983                     /lib/x86_64-linux-gnu/libpthread-2.19.so
7f80cebf9000-7f80cebfa000 r--p 00018000 08:02 657983                     /lib/x86_64-linux-gnu/libpthread-2.19.so
7f80cebfa000-7f80cebfb000 rw-p 00019000 08:02 657983                     /lib/x86_64-linux-gnu/libpthread-2.19.so
7f80cebfb000-7f80cebff000 rw-p 00000000 00:00 0 
7f80cebff000-7f80cec22000 r-xp 00000000 08:02 657969                     /lib/x86_64-linux-gnu/ld-2.19.so
7f80cec22000-7f80cec23000 r--s 00000000 08:02 5636157                    /var/cache/fontconfig/dc05db6664285cc2f12bf69c139ae4c3-le64.cache-4
7f80cec23000-7f80cec25000 r--s 00000000 08:02 5636125                    /var/cache/fontconfig/767a8244fc0220cfb567a839d0392e0b-le64.cache-4
7f80cec25000-7f80cec29000 r--s 00000000 08:02 5636148                    /var/cache/fontconfig/d589a48862398ed80a3d6066f4f56f4c-le64.cache-4
7f80cec29000-7f80cec36000 r--s 00000000 08:02 5636399                    /var/cache/fontconfig/e13b20fdb08344e0e664864cc2ede53d-le64.cache-4
7f80cec36000-7f80ced01000 rw-p 00000000 00:00 0 
7f80ced01000-7f80ced04000 ---p 00000000 00:00 0 
7f80ced04000-7f80cee06000 rw-p 00000000 00:00 0                          [stack:14899]
7f80cee06000-7f80cee07000 r--s 00000000 08:02 5636156                    /var/cache/fontconfig/4794a0821666d79190d59a36cb4f44b5-le64.cache-4
7f80cee07000-7f80cee08000 r--s 00000000 08:02 5636153                    /var/cache/fontconfig/56cf4f4769d0f4abc89a4895d7bd3ae1-le64.cache-4
7f80cee08000-7f80cee09000 r--s 00000000 08:02 5636152                    /var/cache/fontconfig/b9d506c9ac06c20b433354fa67a72993-le64.cache-4
7f80cee09000-7f80cee0a000 r--s 00000000 08:02 5636147                    /var/cache/fontconfig/0c9eb80ebd1c36541ebe2852d3bb0c49-le64.cache-4
7f80cee0a000-7f80cee0e000 r--s 00000000 08:02 5636274                    /var/cache/fontconfig/7ef2298fde41cc6eeb7af42e48b7d293-le64.cache-4
7f80cee0e000-7f80cee15000 r--s 00000000 08:02 4336385                    /usr/lib/x86_64-linux-gnu/gconv/gconv-modules.cache
7f80cee15000-7f80cee1d000 rw-s 00000000 08:02 39                         /tmp/hsperfdata_dalmir/14897
7f80cee1d000-7f80cee1e000 rw-p 00000000 00:00 0 
7f80cee1e000-7f80cee1f000 r--p 00000000 00:00 0 
7f80cee1f000-7f80cee21000 rw-p 00000000 00:00 0 
7f80cee21000-7f80cee22000 r--p 00022000 08:02 657969                     /lib/x86_64-linux-gnu/ld-2.19.so
7f80cee22000-7f80cee23000 rw-p 00023000 08:02 657969                     /lib/x86_64-linux-gnu/ld-2.19.so
7f80cee23000-7f80cee24000 rw-p 00000000 00:00 0 
7fff9bfec000-7fff9c00d000 rw-p 00000000 00:00 0                          [stack]
7fff9c192000-7fff9c194000 r-xp 00000000 00:00 0                          [vdso]
ffffffffff600000-ffffffffff601000 r-xp 00000000 00:00 0                  [vsyscall]

VM Arguments:
jvm_args: -Dfile.encoding=UTF-8 
java_command: jwk.JWk
java_class_path (initial): /home/dalmir/hpprojects/jwk/java/JWk/build/classes
Launcher Type: SUN_STANDARD

Environment Variables:
PATH=/home/dalmir/bin:/usr/local/sbin:/usr/local/bin:/usr/sbin:/usr/bin:/sbin:/bin:/usr/games:/usr/local/games
LD_LIBRARY_PATH=/usr/lib/jvm/java-8-oracle/jre/lib/amd64:/usr/lib/jvm/java-8-oracle/jre/lib/i386:
SHELL=/bin/bash
DISPLAY=:0

Signal Handlers:
SIGSEGV: [libjvm.so+0xa2fde0], sa_mask[0]=0x7ffbfeff, sa_flags=0x10000004
SIGBUS: [libjvm.so+0xa2fde0], sa_mask[0]=0x7ffbfeff, sa_flags=0x10000004
SIGFPE: [libjvm.so+0x89b420], sa_mask[0]=0x7ffbfeff, sa_flags=0x10000004
SIGPIPE: [libjvm.so+0x89b420], sa_mask[0]=0x7ffbfeff, sa_flags=0x10000004
SIGXFSZ: [libjvm.so+0x89b420], sa_mask[0]=0x7ffbfeff, sa_flags=0x10000004
SIGILL: [libjvm.so+0x89b420], sa_mask[0]=0x7ffbfeff, sa_flags=0x10000004
SIGUSR1: SIG_DFL, sa_mask[0]=0x00000000, sa_flags=0x00000000
SIGUSR2: [libjvm.so+0x89cbc0], sa_mask[0]=0x00000004, sa_flags=0x10000004
SIGHUP: [libjvm.so+0x89de70], sa_mask[0]=0x7ffbfeff, sa_flags=0x10000004
SIGINT: SIG_IGN, sa_mask[0]=0x00000000, sa_flags=0x00000000
SIGTERM: [libjvm.so+0x89de70], sa_mask[0]=0x7ffbfeff, sa_flags=0x10000004
SIGQUIT: [libjvm.so+0x89de70], sa_mask[0]=0x7ffbfeff, sa_flags=0x10000004


---------------  S Y S T E M  ---------------

OS:DISTRIB_ID=Ubuntu
DISTRIB_RELEASE=14.04
DISTRIB_CODENAME=trusty
DISTRIB_DESCRIPTION="Ubuntu 14.04.1 LTS"

uname:Linux 3.13.0-34-generic #60-Ubuntu SMP Wed Aug 13 15:45:27 UTC 2014 x86_64
libc:glibc 2.19 NPTL 2.19 
rlimit: STACK 8192k, CORE 0k, NPROC 63495, NOFILE 4096, AS infinity
load average:1,37 1,45 1,33

/proc/meminfo:
MemTotal:        8156820 kB
MemFree:          179280 kB
Buffers:          272400 kB
Cached:          3486652 kB
SwapCached:            0 kB
Active:          5536280 kB
Inactive:        1914820 kB
Active(anon):    3693420 kB
Inactive(anon):    69476 kB
Active(file):    1842860 kB
Inactive(file):  1845344 kB
Unevictable:         112 kB
Mlocked:             112 kB
SwapTotal:             0 kB
SwapFree:              0 kB
Dirty:              3056 kB
Writeback:             0 kB
AnonPages:       3691460 kB
Mapped:           303116 kB
Shmem:             70852 kB
Slab:             284300 kB
SReclaimable:     224008 kB
SUnreclaim:        60292 kB
KernelStack:        7528 kB
PageTables:        74904 kB
NFS_Unstable:          0 kB
Bounce:                0 kB
WritebackTmp:          0 kB
CommitLimit:     4078408 kB
Committed_AS:   10483772 kB
VmallocTotal:   34359738367 kB
VmallocUsed:      124532 kB
VmallocChunk:   34359571452 kB
HardwareCorrupted:     0 kB
AnonHugePages:   1234944 kB
HugePages_Total:       0
HugePages_Free:        0
HugePages_Rsvd:        0
HugePages_Surp:        0
Hugepagesize:       2048 kB
DirectMap4k:      368276 kB
DirectMap2M:     8003584 kB


CPU:total 4 (4 cores per cpu, 1 threads per core) family 6 model 26 stepping 5, cmov, cx8, fxsr, mmx, sse, sse2, sse3, ssse3, sse4.1, sse4.2, popcnt, tsc, tscinvbit

/proc/cpuinfo:
processor	: 0
vendor_id	: GenuineIntel
cpu family	: 6
model		: 26
model name	: Intel(R) Xeon(R) CPU           E5506  @ 2.13GHz
stepping	: 5
microcode	: 0x19
cpu MHz		: 1596.000
cache size	: 4096 KB
physical id	: 0
siblings	: 4
core id		: 0
cpu cores	: 4
apicid		: 0
initial apicid	: 0
fpu		: yes
fpu_exception	: yes
cpuid level	: 11
wp		: yes
flags		: fpu vme de pse tsc msr pae mce cx8 apic sep mtrr pge mca cmov pat pse36 clflush dts acpi mmx fxsr sse sse2 ss ht tm pbe syscall nx rdtscp lm constant_tsc arch_perfmon pebs bts rep_good nopl xtopology nonstop_tsc aperfmperf pni dtes64 monitor ds_cpl vmx est tm2 ssse3 cx16 xtpr pdcm dca sse4_1 sse4_2 popcnt lahf_lm dtherm tpr_shadow vnmi flexpriority ept vpid
bogomips	: 4255.72
clflush size	: 64
cache_alignment	: 64
address sizes	: 40 bits physical, 48 bits virtual
power management:

processor	: 1
vendor_id	: GenuineIntel
cpu family	: 6
model		: 26
model name	: Intel(R) Xeon(R) CPU           E5506  @ 2.13GHz
stepping	: 5
microcode	: 0x19
cpu MHz		: 2128.000
cache size	: 4096 KB
physical id	: 0
siblings	: 4
core id		: 1
cpu cores	: 4
apicid		: 2
initial apicid	: 2
fpu		: yes
fpu_exception	: yes
cpuid level	: 11
wp		: yes
flags		: fpu vme de pse tsc msr pae mce cx8 apic sep mtrr pge mca cmov pat pse36 clflush dts acpi mmx fxsr sse sse2 ss ht tm pbe syscall nx rdtscp lm constant_tsc arch_perfmon pebs bts rep_good nopl xtopology nonstop_tsc aperfmperf pni dtes64 monitor ds_cpl vmx est tm2 ssse3 cx16 xtpr pdcm dca sse4_1 sse4_2 popcnt lahf_lm dtherm tpr_shadow vnmi flexpriority ept vpid
bogomips	: 4255.72
clflush size	: 64
cache_alignment	: 64
address sizes	: 40 bits physical, 48 bits virtual
power management:

processor	: 2
vendor_id	: GenuineIntel
cpu family	: 6
model		: 26
model name	: Intel(R) Xeon(R) CPU           E5506  @ 2.13GHz
stepping	: 5
microcode	: 0x19
cpu MHz		: 2128.000
cache size	: 4096 KB
physical id	: 0
siblings	: 4
core id		: 2
cpu cores	: 4
apicid		: 4
initial apicid	: 4
fpu		: yes
fpu_exception	: yes
cpuid level	: 11
wp		: yes
flags		: fpu vme de pse tsc msr pae mce cx8 apic sep mtrr pge mca cmov pat pse36 clflush dts acpi mmx fxsr sse sse2 ss ht tm pbe syscall nx rdtscp lm constant_tsc arch_perfmon pebs bts rep_good nopl xtopology nonstop_tsc aperfmperf pni dtes64 monitor ds_cpl vmx est tm2 ssse3 cx16 xtpr pdcm dca sse4_1 sse4_2 popcnt lahf_lm dtherm tpr_shadow vnmi flexpriority ept vpid
bogomips	: 4255.72
clflush size	: 64
cache_alignment	: 64
address sizes	: 40 bits physical, 48 bits virtual
power management:

processor	: 3
vendor_id	: GenuineIntel
cpu family	: 6
model		: 26
model name	: Intel(R) Xeon(R) CPU           E5506  @ 2.13GHz
stepping	: 5
microcode	: 0x19
cpu MHz		: 2128.000
cache size	: 4096 KB
physical id	: 0
siblings	: 4
core id		: 3
cpu cores	: 4
apicid		: 6
initial apicid	: 6
fpu		: yes
fpu_exception	: yes
cpuid level	: 11
wp		: yes
flags		: fpu vme de pse tsc msr pae mce cx8 apic sep mtrr pge mca cmov pat pse36 clflush dts acpi mmx fxsr sse sse2 ss ht tm pbe syscall nx rdtscp lm constant_tsc arch_perfmon pebs bts rep_good nopl xtopology nonstop_tsc aperfmperf pni dtes64 monitor ds_cpl vmx est tm2 ssse3 cx16 xtpr pdcm dca sse4_1 sse4_2 popcnt lahf_lm dtherm tpr_shadow vnmi flexpriority ept vpid
bogomips	: 4255.72
clflush size	: 64
cache_alignment	: 64
address sizes	: 40 bits physical, 48 bits virtual
power management:



Memory: 4k page, physical 8156820k(179124k free), swap 0k(0k free)

vm_info: Java HotSpot(TM) 64-Bit Server VM (25.11-b03) for linux-amd64 JRE (1.8.0_11-b12), built on Jun 16 2014 17:29:59 by "java_re" with gcc 4.3.0 20080428 (Red Hat 4.3.0-8)

time: Mon Aug 25 15:19:41 2014
elapsed time: 0 seconds

