#
# A fatal error has been detected by the Java Runtime Environment:
#
#  SIGSEGV (0xb) at pc=0x00007f5f6d987a22, pid=17533, tid=140049265628928
#
# JRE version: Java(TM) SE Runtime Environment (8.0_11-b12) (build 1.8.0_11-b12)
# Java VM: Java HotSpot(TM) 64-Bit Server VM (25.11-b03 mixed mode linux-amd64 compressed oops)
# Problematic frame:
# C  [libwkhtmltox.so.0+0x560a22]  wkhtmltopdf::settings::LoadPage::~LoadPage()+0x4a2
#
# Failed to write core dump. Core dumps have been disabled. To enable core dumping, try "ulimit -c unlimited" before starting Java again
#
# If you would like to submit a bug report, please visit:
#   http://bugreport.sun.com/bugreport/crash.jsp
# The crash happened outside the Java Virtual Machine in native code.
# See problematic frame for where to report the bug.
#

---------------  T H R E A D  ---------------

Current thread (0x00007f5fbc00a000):  JavaThread "main" [_thread_in_native, id=17537, stack(0x00007f5fc2aa9000,0x00007f5fc2baa000)]

siginfo:si_signo=SIGSEGV: si_errno=0, si_code=1 (SEGV_MAPERR), si_addr=0x00007f5c7ec8a480

Registers:
RAX=0x00007f5fbc0f7590, RBX=0x00007f5c500e4ba0, RCX=0x00007f5fbc000020, RDX=0x00007f5fbc0f7590
RSP=0x00007f5fc2ba8480, RBP=0x00007f5c7ec8a480, RSI=0x0000000000004514, RDI=0x0000000000000000
R8 =0x0000000000000000, R9 =0x0000000000000002, R10=0x0000000000000022, R11=0x00000000bc000000
R12=0x00007f5f94042b20, R13=0x00007f5fc2ba88f0, R14=0x00007f5fc2ba8578, R15=0x00007f5c500e4ba0
RIP=0x00007f5f6d987a22, EFLAGS=0x0000000000010202, CSGSFS=0x0000000000000033, ERR=0x0000000000000004
  TRAPNO=0x000000000000000e

Top of Stack: (sp=0x00007f5fc2ba8480)
0x00007f5fc2ba8480:   0000000000000080 00007f5fc2ba8838
0x00007f5fc2ba8490:   00007f5fc2ba84c0 00007f5facbea9e4
0x00007f5fc2ba84a0:   00007f5fc2ba8730 00007f5fc2ba8878
0x00007f5fc2ba84b0:   00007f5fbc00a000 00007f5f6d9a2aab
0x00007f5fc2ba84c0:   00007f5f6d4283c0 00007f5facbdec60
0x00007f5fc2ba84d0:   00007f5f6d420000 00007f5facbe6c00
0x00007f5fc2ba84e0:   00007f5fd6867210 00000000d6861508
0x00007f5fc2ba84f0:   00000000d6866d80 00000000d6866d38
0x00007f5fc2ba8500:   00000000d6866d28 00007f5fc2ba8880
0x00007f5fc2ba8510:   00007f5f9781cb47 00007f5f6d42cae8
0x00007f5fc2ba8520:   00007f5f9781cd48 0000000100000000
0x00007f5fc2ba8530:   00007f5f9781cb90 00007f5fc2ba8858
0x00007f5fc2ba8540:   00007f5fc2ba88d0 00007f5fc2ba8930
0x00007f5fc2ba8550:   00007f5facbdf2e0 00007f5fbc0d2d09
0x00007f5fc2ba8560:   00000000d6866d80 00007f5fd6866d38
0x00007f5fc2ba8570:   0000000000006d28 00007f5f94003010
0x00007f5fc2ba8580:   0000000000000005 0000000000000000
0x00007f5fc2ba8590:   00007f5f00000001 00007f5fbc0d2a40
0x00007f5fc2ba85a0:   0000000000000000 0000000000000000
0x00007f5fc2ba85b0:   0000000000000005 0000000000000000
0x00007f5fc2ba85c0:   0000000000000000 00007f5fbc0d2d98
0x00007f5fc2ba85d0:   00007f5fc2ba8600 00007f5fc2ba85f0
0x00007f5fc2ba85e0:   00000000b52ca57e 00007f5f6d43032d
0x00007f5fc2ba85f0:   00000000ffffffff 00007f5fbc0d28c8
0x00007f5fc2ba8600:   00007f5f6d42ca00 00007f5fbc0d2a40
0x00007f5fc2ba8610:   0000000010ba35b7 00007f5f94bf7893
0x00007f5fc2ba8620:   00000000ffffffff 00007f5fbc000020
0x00007f5fc2ba8630:   00007f5f6d42dde0 00007f5fbc0d2a40
0x00007f5fc2ba8640:   00007f5f6fdccd20 00007f5f6fdccb60
0x00007f5fc2ba8650:   00007f5fbc128f98 00007f5f6f338e6a
0x00007f5fc2ba8660:   00007f5fbc128f60 00007f5f6ffb4b00
0x00007f5fc2ba8670:   0000000000000000 00007f5f9781cc18 

Instructions: (pc=0x00007f5f6d987a22)
0x00007f5f6d987a02:   63 50 08 4c 8d 7c d0 18 4d 39 fc 74 42 4c 89 fb
0x00007f5f6d987a12:   66 0f 1f 44 00 00 bf 10 00 00 00 e8 2e 72 fe ff
0x00007f5f6d987a22:   48 8b 4d 00 48 8b 11 48 89 10 f0 ff 02 40 0f 95
0x00007f5f6d987a32:   c6 48 8b 51 08 48 89 50 08 f0 ff 02 0f 95 c1 48 

Register to memory mapping:

RAX=0x00007f5fbc0f7590 is an unknown value
RBX=0x00007f5c500e4ba0 is an unknown value
RCX=0x00007f5fbc000020 is an unknown value
RDX=0x00007f5fbc0f7590 is an unknown value
RSP=0x00007f5fc2ba8480 is pointing into the stack for thread: 0x00007f5fbc00a000
RBP=0x00007f5c7ec8a480 is an unknown value
RSI=0x0000000000004514 is an unknown value
RDI=0x0000000000000000 is an unknown value
R8 =0x0000000000000000 is an unknown value
R9 =0x0000000000000002 is an unknown value
R10=0x0000000000000022 is an unknown value
R11=0x00000000bc000000 is an unallocated location in the heap
R12=0x00007f5f94042b20 is an unknown value
R13=0x00007f5fc2ba88f0 is pointing into the stack for thread: 0x00007f5fbc00a000
R14=0x00007f5fc2ba8578 is pointing into the stack for thread: 0x00007f5fbc00a000
R15=0x00007f5c500e4ba0 is an unknown value


Stack: [0x00007f5fc2aa9000,0x00007f5fc2baa000],  sp=0x00007f5fc2ba8480,  free space=1021k
Native frames: (J=compiled Java code, j=interpreted, Vv=VM code, C=native code)
C  [libwkhtmltox.so.0+0x560a22]  wkhtmltopdf::settings::LoadPage::~LoadPage()+0x4a2

[error occurred during error reporting (printing native stack), id 0xb]

Java frames: (J=compiled Java code, j=interpreted, Vv=VM code)
j  jwk.JWk.convertImp(Ljava/lang/String;Ljava/lang/String;Ljava/util/Map;[Ljava/lang/Object;)Z+0
j  jwk.JWk.convert(Ljava/lang/String;Ljava/lang/String;Ljava/util/Map;)V+15
j  jwk.Main.main([Ljava/lang/String;)V+31

[error occurred during error reporting (printing Java stack), id 0xb]


---------------  P R O C E S S  ---------------

Java Threads: ( => current thread )
  0x00007f5fbc0b8800 JavaThread "Service Thread" daemon [_thread_blocked, id=17549, stack(0x00007f5f95353000,0x00007f5f95454000)]
  0x00007f5fbc0b3000 JavaThread "C1 CompilerThread2" daemon [_thread_blocked, id=17548, stack(0x00007f5f95454000,0x00007f5f95555000)]
  0x00007f5fbc0b1000 JavaThread "C2 CompilerThread1" daemon [_thread_blocked, id=17547, stack(0x00007f5f95555000,0x00007f5f95656000)]
  0x00007f5fbc0ae000 JavaThread "C2 CompilerThread0" daemon [_thread_blocked, id=17546, stack(0x00007f5f95656000,0x00007f5f95757000)]
  0x00007f5fbc0ac000 JavaThread "Signal Dispatcher" daemon [_thread_blocked, id=17545, stack(0x00007f5f95757000,0x00007f5f95858000)]
  0x00007f5fbc07c000 JavaThread "Finalizer" daemon [_thread_blocked, id=17544, stack(0x00007f5f95f3c000,0x00007f5f9603d000)]
  0x00007f5fbc078000 JavaThread "Reference Handler" daemon [_thread_blocked, id=17543, stack(0x00007f5f9603d000,0x00007f5f9613e000)]
=>0x00007f5fbc00a000 JavaThread "main" [_thread_in_native, id=17537, stack(0x00007f5fc2aa9000,0x00007f5fc2baa000)]

Other Threads:
  0x00007f5fbc073000 VMThread [stack: 0x00007f5f9613e000,0x00007f5f9623f000] [id=17542]
  0x00007f5fbc0bb000 WatcherThread [stack: 0x00007f5f95252000,0x00007f5f95353000] [id=17550]

VM state:not at safepoint (normal execution)

VM Mutex/Monitor currently owned by a thread: None

Heap:
 PSYoungGen      total 1024K, used 417K [0x00000000d6800000, 0x00000000d6980000, 0x0000000100000000)
  eden space 512K, 81% used [0x00000000d6800000,0x00000000d68687d0,0x00000000d6880000)
  from space 512K, 0% used [0x00000000d6900000,0x00000000d6900000,0x00000000d6980000)
  to   space 512K, 0% used [0x00000000d6880000,0x00000000d6880000,0x00000000d6900000)
 ParOldGen       total 127488K, used 0K [0x0000000083800000, 0x000000008b480000, 0x00000000d6800000)
  object space 127488K, 0% used [0x0000000083800000,0x0000000083800000,0x000000008b480000)
 Metaspace       used 2596K, capacity 4486K, committed 4864K, reserved 1056768K
  class space    used 278K, capacity 386K, committed 512K, reserved 1048576K

Card table byte_map: [0x00007f5fac433000,0x00007f5fac818000] byte_map_base: 0x00007f5fac017000

Marking Bits: (ParMarkBitMap*) 0x00007f5fc1f7dc20
 Begin Bits: [0x00007f5fa8058000, 0x00007f5fa9f78000)
 End Bits:   [0x00007f5fa9f78000, 0x00007f5fabe98000)

Polling page: 0x00007f5fc2bc6000

CodeCache: size=245760Kb used=1083Kb max_used=1083Kb free=244676Kb
 bounds [0x00007f5facbd8000, 0x00007f5face48000, 0x00007f5fbbbd8000]
 total_blobs=251 nmethods=14 adapters=154
 compilation: enabled

Compilation events (10 events):
Event: 0,088 Thread 0x00007f5fbc0b3000   10       1       java.lang.Object::<init> (1 bytes)
Event: 0,088 Thread 0x00007f5fbc0b3000 nmethod 10 0x00007f5facce2c10 code [0x00007f5facce2d60, 0x00007f5facce2e70]
Event: 0,088 Thread 0x00007f5fbc0b3000   11       3       java.util.Arrays::copyOfRange (63 bytes)
Event: 0,089 Thread 0x00007f5fbc0b3000 nmethod 11 0x00007f5facce2ed0 code [0x00007f5facce30e0, 0x00007f5facce3b98]
Event: 0,090 Thread 0x00007f5fbc0b3000   12       1       java.lang.ref.Reference::get (5 bytes)
Event: 0,090 Thread 0x00007f5fbc0b3000 nmethod 12 0x00007f5facce4090 code [0x00007f5facce41e0, 0x00007f5facce42f0]
Event: 0,090 Thread 0x00007f5fbc0b3000   13       1       java.lang.ThreadLocal::access$400 (5 bytes)
Event: 0,090 Thread 0x00007f5fbc0b3000 nmethod 13 0x00007f5facce4350 code [0x00007f5facce44a0, 0x00007f5facce4590]
Event: 0,096 Thread 0x00007f5fbc0b3000   14       3       java.lang.String::getChars (62 bytes)
Event: 0,096 Thread 0x00007f5fbc0b3000 nmethod 14 0x00007f5facce6490 code [0x00007f5facce6640, 0x00007f5facce6a78]

GC Heap History (0 events):
No events

Deoptimization events (0 events):
No events

Internal exceptions (5 events):
Event: 0,033 Thread 0x00007f5fbc00a000 Exception <a 'java/lang/NoSuchMethodError': Method sun.misc.Unsafe.defineClass(Ljava/lang/String;[BII)Ljava/lang/Class; name or signature does not match> (0x00000000d68146e8) thrown at [/HUDSON/workspace/8-2-build-linux-amd64/jdk8u11/648/hotspot/src/share
Event: 0,033 Thread 0x00007f5fbc00a000 Exception <a 'java/lang/NoSuchMethodError': Method sun.misc.Unsafe.prefetchRead(Ljava/lang/Object;J)V name or signature does not match> (0x00000000d6814978) thrown at [/HUDSON/workspace/8-2-build-linux-amd64/jdk8u11/648/hotspot/src/share/vm/prims/jni.cpp,
Event: 0,082 Thread 0x00007f5fbc00a000 Exception <a 'java/security/PrivilegedActionException'> (0x00000000d6857130) thrown at [/HUDSON/workspace/8-2-build-linux-amd64/jdk8u11/648/hotspot/src/share/vm/prims/jvm.cpp, line 1248]
Event: 0,089 Thread 0x00007f5fbc00a000 Exception <a 'java/security/PrivilegedActionException'> (0x00000000d685d2f8) thrown at [/HUDSON/workspace/8-2-build-linux-amd64/jdk8u11/648/hotspot/src/share/vm/prims/jvm.cpp, line 1248]
Event: 0,090 Thread 0x00007f5fbc00a000 Exception <a 'java/security/PrivilegedActionException'> (0x00000000d6861968) thrown at [/HUDSON/workspace/8-2-build-linux-amd64/jdk8u11/648/hotspot/src/share/vm/prims/jvm.cpp, line 1248]

Events (10 events):
Event: 0,095 loading class java/net/URI$Parser
Event: 0,095 loading class java/net/URI$Parser done
Event: 0,104 loading class java/util/HashMap$EntrySet
Event: 0,104 loading class java/util/HashMap$EntrySet done
Event: 0,105 loading class java/util/concurrent/ConcurrentHashMap$ForwardingNode
Event: 0,105 loading class java/util/concurrent/ConcurrentHashMap$ForwardingNode done
Event: 0,105 loading class java/util/HashMap$EntryIterator
Event: 0,105 loading class java/util/HashMap$HashIterator
Event: 0,105 loading class java/util/HashMap$HashIterator done
Event: 0,105 loading class java/util/HashMap$EntryIterator done


Dynamic libraries:
00400000-00401000 r-xp 00000000 08:02 5113632                            /usr/lib/jvm/java-8-oracle/bin/java
00600000-00601000 rw-p 00000000 08:02 5113632                            /usr/lib/jvm/java-8-oracle/bin/java
0233c000-0235d000 rw-p 00000000 00:00 0                                  [heap]
83800000-8b480000 rw-p 00000000 00:00 0 
8b480000-d6800000 ---p 00000000 00:00 0 
d6800000-d6980000 rw-p 00000000 00:00 0 
d6980000-100000000 ---p 00000000 00:00 0 
100000000-100080000 rw-p 00000000 00:00 0 
100080000-140000000 ---p 00000000 00:00 0 
7f5f6bf68000-7f5f6bf6b000 r-xp 00000000 08:02 4336373                    /usr/lib/x86_64-linux-gnu/gconv/UTF-16.so
7f5f6bf6b000-7f5f6c16a000 ---p 00003000 08:02 4336373                    /usr/lib/x86_64-linux-gnu/gconv/UTF-16.so
7f5f6c16a000-7f5f6c16b000 r--p 00002000 08:02 4336373                    /usr/lib/x86_64-linux-gnu/gconv/UTF-16.so
7f5f6c16b000-7f5f6c16c000 rw-p 00003000 08:02 4336373                    /usr/lib/x86_64-linux-gnu/gconv/UTF-16.so
7f5f6c16c000-7f5f6c171000 r-xp 00000000 08:02 3940435                    /usr/lib/x86_64-linux-gnu/libXdmcp.so.6.0.0
7f5f6c171000-7f5f6c370000 ---p 00005000 08:02 3940435                    /usr/lib/x86_64-linux-gnu/libXdmcp.so.6.0.0
7f5f6c370000-7f5f6c371000 r--p 00004000 08:02 3940435                    /usr/lib/x86_64-linux-gnu/libXdmcp.so.6.0.0
7f5f6c371000-7f5f6c372000 rw-p 00005000 08:02 3940435                    /usr/lib/x86_64-linux-gnu/libXdmcp.so.6.0.0
7f5f6c372000-7f5f6c374000 r-xp 00000000 08:02 3940424                    /usr/lib/x86_64-linux-gnu/libXau.so.6.0.0
7f5f6c374000-7f5f6c574000 ---p 00002000 08:02 3940424                    /usr/lib/x86_64-linux-gnu/libXau.so.6.0.0
7f5f6c574000-7f5f6c575000 r--p 00002000 08:02 3940424                    /usr/lib/x86_64-linux-gnu/libXau.so.6.0.0
7f5f6c575000-7f5f6c576000 rw-p 00003000 08:02 3940424                    /usr/lib/x86_64-linux-gnu/libXau.so.6.0.0
7f5f6c576000-7f5f6c593000 r-xp 00000000 08:02 3941492                    /usr/lib/x86_64-linux-gnu/libxcb.so.1.1.0
7f5f6c593000-7f5f6c793000 ---p 0001d000 08:02 3941492                    /usr/lib/x86_64-linux-gnu/libxcb.so.1.1.0
7f5f6c793000-7f5f6c794000 r--p 0001d000 08:02 3941492                    /usr/lib/x86_64-linux-gnu/libxcb.so.1.1.0
7f5f6c794000-7f5f6c795000 rw-p 0001e000 08:02 3941492                    /usr/lib/x86_64-linux-gnu/libxcb.so.1.1.0
7f5f6c795000-7f5f6c7bc000 r-xp 00000000 08:02 659395                     /lib/x86_64-linux-gnu/libexpat.so.1.6.0
7f5f6c7bc000-7f5f6c9bc000 ---p 00027000 08:02 659395                     /lib/x86_64-linux-gnu/libexpat.so.1.6.0
7f5f6c9bc000-7f5f6c9be000 r--p 00027000 08:02 659395                     /lib/x86_64-linux-gnu/libexpat.so.1.6.0
7f5f6c9be000-7f5f6c9bf000 rw-p 00029000 08:02 659395                     /lib/x86_64-linux-gnu/libexpat.so.1.6.0
7f5f6c9bf000-7f5f6c9d5000 r-xp 00000000 08:02 659400                     /lib/x86_64-linux-gnu/libgcc_s.so.1
7f5f6c9d5000-7f5f6cbd4000 ---p 00016000 08:02 659400                     /lib/x86_64-linux-gnu/libgcc_s.so.1
7f5f6cbd4000-7f5f6cbd5000 rw-p 00015000 08:02 659400                     /lib/x86_64-linux-gnu/libgcc_s.so.1
7f5f6cbd5000-7f5f6ccbb000 r-xp 00000000 08:02 3941330                    /usr/lib/x86_64-linux-gnu/libstdc++.so.6.0.19
7f5f6ccbb000-7f5f6ceba000 ---p 000e6000 08:02 3941330                    /usr/lib/x86_64-linux-gnu/libstdc++.so.6.0.19
7f5f6ceba000-7f5f6cec2000 r--p 000e5000 08:02 3941330                    /usr/lib/x86_64-linux-gnu/libstdc++.so.6.0.19
7f5f6cec2000-7f5f6cec4000 rw-p 000ed000 08:02 3941330                    /usr/lib/x86_64-linux-gnu/libstdc++.so.6.0.19
7f5f6cec4000-7f5f6ced9000 rw-p 00000000 00:00 0 
7f5f6ced9000-7f5f6cef1000 r-xp 00000000 08:02 659536                     /lib/x86_64-linux-gnu/libz.so.1.2.8
7f5f6cef1000-7f5f6d0f0000 ---p 00018000 08:02 659536                     /lib/x86_64-linux-gnu/libz.so.1.2.8
7f5f6d0f0000-7f5f6d0f1000 r--p 00017000 08:02 659536                     /lib/x86_64-linux-gnu/libz.so.1.2.8
7f5f6d0f1000-7f5f6d0f2000 rw-p 00018000 08:02 659536                     /lib/x86_64-linux-gnu/libz.so.1.2.8
7f5f6d0f2000-7f5f6d222000 r-xp 00000000 08:02 3940420                    /usr/lib/x86_64-linux-gnu/libX11.so.6.3.0
7f5f6d222000-7f5f6d422000 ---p 00130000 08:02 3940420                    /usr/lib/x86_64-linux-gnu/libX11.so.6.3.0
7f5f6d422000-7f5f6d423000 r--p 00130000 08:02 3940420                    /usr/lib/x86_64-linux-gnu/libX11.so.6.3.0
7f5f6d423000-7f5f6d427000 rw-p 00131000 08:02 3940420                    /usr/lib/x86_64-linux-gnu/libX11.so.6.3.0
7f5f6d427000-7f5f6fbab000 r-xp 00000000 08:02 4205335                    /usr/local/lib/libwkhtmltox.so.0.12.1
7f5f6fbab000-7f5f6fdab000 ---p 02784000 08:02 4205335                    /usr/local/lib/libwkhtmltox.so.0.12.1
7f5f6fdab000-7f5f6ffb4000 r--p 02784000 08:02 4205335                    /usr/local/lib/libwkhtmltox.so.0.12.1
7f5f6ffb4000-7f5f6ffcd000 rw-p 0298d000 08:02 4205335                    /usr/local/lib/libwkhtmltox.so.0.12.1
7f5f6ffcd000-7f5f70000000 rw-p 00000000 00:00 0 
7f5f70000000-7f5f70021000 rw-p 00000000 00:00 0 
7f5f70021000-7f5f74000000 ---p 00000000 00:00 0 
7f5f74000000-7f5f74021000 rw-p 00000000 00:00 0 
7f5f74021000-7f5f78000000 ---p 00000000 00:00 0 
7f5f78000000-7f5f78021000 rw-p 00000000 00:00 0 
7f5f78021000-7f5f7c000000 ---p 00000000 00:00 0 
7f5f7c000000-7f5f7c021000 rw-p 00000000 00:00 0 
7f5f7c021000-7f5f80000000 ---p 00000000 00:00 0 
7f5f80000000-7f5f80021000 rw-p 00000000 00:00 0 
7f5f80021000-7f5f84000000 ---p 00000000 00:00 0 
7f5f84000000-7f5f8404e000 rw-p 00000000 00:00 0 
7f5f8404e000-7f5f88000000 ---p 00000000 00:00 0 
7f5f88000000-7f5f88021000 rw-p 00000000 00:00 0 
7f5f88021000-7f5f8c000000 ---p 00000000 00:00 0 
7f5f8c000000-7f5f8c021000 rw-p 00000000 00:00 0 
7f5f8c021000-7f5f90000000 ---p 00000000 00:00 0 
7f5f90000000-7f5f90021000 rw-p 00000000 00:00 0 
7f5f90021000-7f5f94000000 ---p 00000000 00:00 0 
7f5f94003000-7f5f94043000 rw-p 00000000 00:00 0 
7f5f94043000-7f5f9404e000 r--s 00000000 08:02 5636166                    /var/cache/fontconfig/945677eb7aeaf62f1d50efc3fb3ec7d8-le64.cache-4
7f5f9404e000-7f5f94054000 r--s 00000000 08:02 5636164                    /var/cache/fontconfig/2cd17615ca594fa2959ae173292e504c-le64.cache-4
7f5f94054000-7f5f9405b000 r--s 00000000 08:02 5636161                    /var/cache/fontconfig/a755afe4a08bf5b97852ceb7400b47bc-le64.cache-4
7f5f9405b000-7f5f9406f000 r--s 00000000 08:02 5636160                    /var/cache/fontconfig/04aabc0a78ac019cf9454389977116d2-le64.cache-4
7f5f9406f000-7f5f94073000 r--s 00000000 08:02 5636158                    /var/cache/fontconfig/385c0604a188198f04d133e54aba7fe7-le64.cache-4
7f5f94073000-7f5f9407a000 r--s 00000000 08:02 5636154                    /var/cache/fontconfig/3047814df9a2f067bd2d96a2b9c36e5a-le64.cache-4
7f5f9407a000-7f5f94117000 r-xp 00000000 08:02 3932540                    /usr/lib/x86_64-linux-gnu/libfreetype.so.6.11.1
7f5f94117000-7f5f94316000 ---p 0009d000 08:02 3932540                    /usr/lib/x86_64-linux-gnu/libfreetype.so.6.11.1
7f5f94316000-7f5f9431c000 r--p 0009c000 08:02 3932540                    /usr/lib/x86_64-linux-gnu/libfreetype.so.6.11.1
7f5f9431c000-7f5f9431d000 rw-p 000a2000 08:02 3932540                    /usr/lib/x86_64-linux-gnu/libfreetype.so.6.11.1
7f5f9431d000-7f5f94357000 r-xp 00000000 08:02 3932441                    /usr/lib/x86_64-linux-gnu/libfontconfig.so.1.8.0
7f5f94357000-7f5f94556000 ---p 0003a000 08:02 3932441                    /usr/lib/x86_64-linux-gnu/libfontconfig.so.1.8.0
7f5f94556000-7f5f94558000 r--p 00039000 08:02 3932441                    /usr/lib/x86_64-linux-gnu/libfontconfig.so.1.8.0
7f5f94558000-7f5f94559000 rw-p 0003b000 08:02 3932441                    /usr/lib/x86_64-linux-gnu/libfontconfig.so.1.8.0
7f5f94559000-7f5f94562000 r-xp 00000000 08:02 3940459                    /usr/lib/x86_64-linux-gnu/libXrender.so.1.3.0
7f5f94562000-7f5f94761000 ---p 00009000 08:02 3940459                    /usr/lib/x86_64-linux-gnu/libXrender.so.1.3.0
7f5f94761000-7f5f94762000 r--p 00008000 08:02 3940459                    /usr/lib/x86_64-linux-gnu/libXrender.so.1.3.0
7f5f94762000-7f5f94763000 rw-p 00009000 08:02 3940459                    /usr/lib/x86_64-linux-gnu/libXrender.so.1.3.0
7f5f94763000-7f5f94788000 r-xp 00000000 08:02 659488                     /lib/x86_64-linux-gnu/libpng12.so.0.50.0
7f5f94788000-7f5f94987000 ---p 00025000 08:02 659488                     /lib/x86_64-linux-gnu/libpng12.so.0.50.0
7f5f94987000-7f5f94988000 r--p 00024000 08:02 659488                     /lib/x86_64-linux-gnu/libpng12.so.0.50.0
7f5f94988000-7f5f94989000 rw-p 00025000 08:02 659488                     /lib/x86_64-linux-gnu/libpng12.so.0.50.0
7f5f94989000-7f5f949cc000 r-xp 00000000 08:02 3941024                    /usr/lib/x86_64-linux-gnu/libjpeg.so.8.0.2
7f5f949cc000-7f5f94bcc000 ---p 00043000 08:02 3941024                    /usr/lib/x86_64-linux-gnu/libjpeg.so.8.0.2
7f5f94bcc000-7f5f94bcd000 r--p 00043000 08:02 3941024                    /usr/lib/x86_64-linux-gnu/libjpeg.so.8.0.2
7f5f94bcd000-7f5f94bce000 rw-p 00044000 08:02 3941024                    /usr/lib/x86_64-linux-gnu/libjpeg.so.8.0.2
7f5f94bce000-7f5f94bde000 rw-p 00000000 00:00 0 
7f5f94bdf000-7f5f94be4000 r--s 00000000 08:02 5636155                    /var/cache/fontconfig/8801497958630a81b71ace7c5f9b32a8-le64.cache-4
7f5f94be4000-7f5f94bf7000 r--s 00000000 08:02 5636150                    /var/cache/fontconfig/d52a8644073d54c13679302ca1180695-le64.cache-4
7f5f94bf7000-7f5f94bf9000 r-xp 00000000 00:18 9965819                    /home/dalmir/hpprojects/jwk/c/JWkLib/dist/libJWkLib.so
7f5f94bf9000-7f5f94df8000 ---p 00002000 00:18 9965819                    /home/dalmir/hpprojects/jwk/c/JWkLib/dist/libJWkLib.so
7f5f94df8000-7f5f94df9000 r--p 00001000 00:18 9965819                    /home/dalmir/hpprojects/jwk/c/JWkLib/dist/libJWkLib.so
7f5f94df9000-7f5f94dfa000 rw-p 00002000 00:18 9965819                    /home/dalmir/hpprojects/jwk/c/JWkLib/dist/libJWkLib.so
7f5f94dfa000-7f5f94e2b000 rw-p 00000000 00:00 0 
7f5f94e2b000-7f5f94e41000 r-xp 00000000 08:02 5113690                    /usr/lib/jvm/java-8-oracle/jre/lib/amd64/libnet.so
7f5f94e41000-7f5f95040000 ---p 00016000 08:02 5113690                    /usr/lib/jvm/java-8-oracle/jre/lib/amd64/libnet.so
7f5f95040000-7f5f95041000 rw-p 00015000 08:02 5113690                    /usr/lib/jvm/java-8-oracle/jre/lib/amd64/libnet.so
7f5f95041000-7f5f95051000 r-xp 00000000 08:02 5113694                    /usr/lib/jvm/java-8-oracle/jre/lib/amd64/libnio.so
7f5f95051000-7f5f95251000 ---p 00010000 08:02 5113694                    /usr/lib/jvm/java-8-oracle/jre/lib/amd64/libnio.so
7f5f95251000-7f5f95252000 rw-p 00010000 08:02 5113694                    /usr/lib/jvm/java-8-oracle/jre/lib/amd64/libnio.so
7f5f95252000-7f5f95253000 ---p 00000000 00:00 0 
7f5f95253000-7f5f95353000 rw-p 00000000 00:00 0                          [stack:17550]
7f5f95353000-7f5f95356000 ---p 00000000 00:00 0 
7f5f95356000-7f5f95454000 rw-p 00000000 00:00 0                          [stack:17549]
7f5f95454000-7f5f95457000 ---p 00000000 00:00 0 
7f5f95457000-7f5f95555000 rw-p 00000000 00:00 0                          [stack:17548]
7f5f95555000-7f5f95558000 ---p 00000000 00:00 0 
7f5f95558000-7f5f95656000 rw-p 00000000 00:00 0                          [stack:17547]
7f5f95656000-7f5f95659000 ---p 00000000 00:00 0 
7f5f95659000-7f5f95757000 rw-p 00000000 00:00 0                          [stack:17546]
7f5f95757000-7f5f9575a000 ---p 00000000 00:00 0 
7f5f9575a000-7f5f95858000 rw-p 00000000 00:00 0                          [stack:17545]
7f5f95858000-7f5f95f3c000 r--p 00000000 08:02 3939342                    /usr/lib/locale/locale-archive
7f5f95f3c000-7f5f95f3f000 ---p 00000000 00:00 0 
7f5f95f3f000-7f5f9603d000 rw-p 00000000 00:00 0                          [stack:17544]
7f5f9603d000-7f5f96040000 ---p 00000000 00:00 0 
7f5f96040000-7f5f9613e000 rw-p 00000000 00:00 0                          [stack:17543]
7f5f9613e000-7f5f9613f000 ---p 00000000 00:00 0 
7f5f9613f000-7f5f971d2000 rw-p 00000000 00:00 0                          [stack:17542]
7f5f971d2000-7f5f973a6000 r--s 03c50000 08:02 5113745                    /usr/lib/jvm/java-8-oracle/jre/lib/rt.jar
7f5f973a6000-7f5f9785c000 rw-p 00000000 00:00 0 
7f5f9785c000-7f5f97c1c000 ---p 00000000 00:00 0 
7f5f97c1c000-7f5f98000000 rw-p 00000000 00:00 0 
7f5f98000000-7f5f98021000 rw-p 00000000 00:00 0 
7f5f98021000-7f5f9c000000 ---p 00000000 00:00 0 
7f5f9c000000-7f5f9c021000 rw-p 00000000 00:00 0 
7f5f9c021000-7f5fa0000000 ---p 00000000 00:00 0 
7f5fa0000000-7f5fa0021000 rw-p 00000000 00:00 0 
7f5fa0021000-7f5fa4000000 ---p 00000000 00:00 0 
7f5fa4000000-7f5fa4021000 rw-p 00000000 00:00 0 
7f5fa4021000-7f5fa8000000 ---p 00000000 00:00 0 
7f5fa8000000-7f5fa8001000 rw-p 00000000 00:00 0 
7f5fa8001000-7f5fa8002000 r--s 00000000 08:02 5636167                    /var/cache/fontconfig/c05880de57d1f5e948fdfacc138775d9-le64.cache-4
7f5fa8002000-7f5fa8003000 r--s 00000000 08:02 5636163                    /var/cache/fontconfig/e7071f4a29fa870f4323321c154eba04-le64.cache-4
7f5fa8003000-7f5fa8009000 r--s 00000000 08:02 5636151                    /var/cache/fontconfig/b47c4e1ecd0709278f4910c18777a504-le64.cache-4
7f5fa8009000-7f5fabe98000 rw-p 00000000 00:00 0 
7f5fabe98000-7f5fabe99000 ---p 00000000 00:00 0 
7f5fabe99000-7f5fabf99000 rw-p 00000000 00:00 0                          [stack:17541]
7f5fabf99000-7f5fabf9a000 ---p 00000000 00:00 0 
7f5fabf9a000-7f5fac09a000 rw-p 00000000 00:00 0                          [stack:17540]
7f5fac09a000-7f5fac09b000 ---p 00000000 00:00 0 
7f5fac09b000-7f5fac1da000 rw-p 00000000 00:00 0                          [stack:17539]
7f5fac1da000-7f5fac433000 ---p 00000000 00:00 0 
7f5fac433000-7f5fac472000 rw-p 00000000 00:00 0 
7f5fac472000-7f5fac6cb000 ---p 00000000 00:00 0 
7f5fac6cb000-7f5fac6cc000 rw-p 00000000 00:00 0 
7f5fac6cc000-7f5fac817000 ---p 00000000 00:00 0 
7f5fac817000-7f5fac822000 rw-p 00000000 00:00 0 
7f5fac822000-7f5facbd8000 ---p 00000000 00:00 0 
7f5facbd8000-7f5face48000 rwxp 00000000 00:00 0 
7f5face48000-7f5fbbbd8000 ---p 00000000 00:00 0 
7f5fbbbd8000-7f5fbbbf4000 r-xp 00000000 08:02 5113717                    /usr/lib/jvm/java-8-oracle/jre/lib/amd64/libzip.so
7f5fbbbf4000-7f5fbbdf3000 ---p 0001c000 08:02 5113717                    /usr/lib/jvm/java-8-oracle/jre/lib/amd64/libzip.so
7f5fbbdf3000-7f5fbbdf4000 rw-p 0001b000 08:02 5113717                    /usr/lib/jvm/java-8-oracle/jre/lib/amd64/libzip.so
7f5fbbdf4000-7f5fbbdff000 r-xp 00000000 08:02 657978                     /lib/x86_64-linux-gnu/libnss_files-2.19.so
7f5fbbdff000-7f5fbbffe000 ---p 0000b000 08:02 657978                     /lib/x86_64-linux-gnu/libnss_files-2.19.so
7f5fbbffe000-7f5fbbfff000 r--p 0000a000 08:02 657978                     /lib/x86_64-linux-gnu/libnss_files-2.19.so
7f5fbbfff000-7f5fbc000000 rw-p 0000b000 08:02 657978                     /lib/x86_64-linux-gnu/libnss_files-2.19.so
7f5fbc000000-7f5fbc13e000 rw-p 00000000 00:00 0 
7f5fbc13e000-7f5fc0000000 ---p 00000000 00:00 0 
7f5fc0000000-7f5fc0001000 r--s 00000000 08:02 5636162                    /var/cache/fontconfig/0d8c3b2ac0904cb8a57a757ad11a4a08-le64.cache-4
7f5fc0001000-7f5fc0002000 r--s 00000000 08:02 5636159                    /var/cache/fontconfig/1ac9eb803944fde146138c791f5cc56a-le64.cache-4
7f5fc0002000-7f5fc000a000 r--s 00000000 08:02 5636149                    /var/cache/fontconfig/3f7329c5293ffd510edef78f73874cfd-le64.cache-4
7f5fc000a000-7f5fc000b000 ---p 00000000 00:00 0 
7f5fc000b000-7f5fc010b000 rw-p 00000000 00:00 0                          [stack:17538]
7f5fc010b000-7f5fc0116000 r-xp 00000000 08:02 656672                     /lib/x86_64-linux-gnu/libnss_nis-2.19.so
7f5fc0116000-7f5fc0315000 ---p 0000b000 08:02 656672                     /lib/x86_64-linux-gnu/libnss_nis-2.19.so
7f5fc0315000-7f5fc0316000 r--p 0000a000 08:02 656672                     /lib/x86_64-linux-gnu/libnss_nis-2.19.so
7f5fc0316000-7f5fc0317000 rw-p 0000b000 08:02 656672                     /lib/x86_64-linux-gnu/libnss_nis-2.19.so
7f5fc0317000-7f5fc032e000 r-xp 00000000 08:02 657980                     /lib/x86_64-linux-gnu/libnsl-2.19.so
7f5fc032e000-7f5fc052d000 ---p 00017000 08:02 657980                     /lib/x86_64-linux-gnu/libnsl-2.19.so
7f5fc052d000-7f5fc052e000 r--p 00016000 08:02 657980                     /lib/x86_64-linux-gnu/libnsl-2.19.so
7f5fc052e000-7f5fc052f000 rw-p 00017000 08:02 657980                     /lib/x86_64-linux-gnu/libnsl-2.19.so
7f5fc052f000-7f5fc0531000 rw-p 00000000 00:00 0 
7f5fc0531000-7f5fc053a000 r-xp 00000000 08:02 657973                     /lib/x86_64-linux-gnu/libnss_compat-2.19.so
7f5fc053a000-7f5fc0739000 ---p 00009000 08:02 657973                     /lib/x86_64-linux-gnu/libnss_compat-2.19.so
7f5fc0739000-7f5fc073a000 r--p 00008000 08:02 657973                     /lib/x86_64-linux-gnu/libnss_compat-2.19.so
7f5fc073a000-7f5fc073b000 rw-p 00009000 08:02 657973                     /lib/x86_64-linux-gnu/libnss_compat-2.19.so
7f5fc073b000-7f5fc0765000 r-xp 00000000 08:02 5113705                    /usr/lib/jvm/java-8-oracle/jre/lib/amd64/libjava.so
7f5fc0765000-7f5fc0965000 ---p 0002a000 08:02 5113705                    /usr/lib/jvm/java-8-oracle/jre/lib/amd64/libjava.so
7f5fc0965000-7f5fc0967000 rw-p 0002a000 08:02 5113705                    /usr/lib/jvm/java-8-oracle/jre/lib/amd64/libjava.so
7f5fc0967000-7f5fc0974000 r-xp 00000000 08:02 5113718                    /usr/lib/jvm/java-8-oracle/jre/lib/amd64/libverify.so
7f5fc0974000-7f5fc0b74000 ---p 0000d000 08:02 5113718                    /usr/lib/jvm/java-8-oracle/jre/lib/amd64/libverify.so
7f5fc0b74000-7f5fc0b76000 rw-p 0000d000 08:02 5113718                    /usr/lib/jvm/java-8-oracle/jre/lib/amd64/libverify.so
7f5fc0b76000-7f5fc0b7d000 r-xp 00000000 08:02 657976                     /lib/x86_64-linux-gnu/librt-2.19.so
7f5fc0b7d000-7f5fc0d7c000 ---p 00007000 08:02 657976                     /lib/x86_64-linux-gnu/librt-2.19.so
7f5fc0d7c000-7f5fc0d7d000 r--p 00006000 08:02 657976                     /lib/x86_64-linux-gnu/librt-2.19.so
7f5fc0d7d000-7f5fc0d7e000 rw-p 00007000 08:02 657976                     /lib/x86_64-linux-gnu/librt-2.19.so
7f5fc0d7e000-7f5fc0e83000 r-xp 00000000 08:02 657977                     /lib/x86_64-linux-gnu/libm-2.19.so
7f5fc0e83000-7f5fc1082000 ---p 00105000 08:02 657977                     /lib/x86_64-linux-gnu/libm-2.19.so
7f5fc1082000-7f5fc1083000 r--p 00104000 08:02 657977                     /lib/x86_64-linux-gnu/libm-2.19.so
7f5fc1083000-7f5fc1084000 rw-p 00105000 08:02 657977                     /lib/x86_64-linux-gnu/libm-2.19.so
7f5fc1084000-7f5fc1c9e000 r-xp 00000000 08:02 5387306                    /usr/lib/jvm/java-8-oracle/jre/lib/amd64/server/libjvm.so
7f5fc1c9e000-7f5fc1e9e000 ---p 00c1a000 08:02 5387306                    /usr/lib/jvm/java-8-oracle/jre/lib/amd64/server/libjvm.so
7f5fc1e9e000-7f5fc1f67000 rw-p 00c1a000 08:02 5387306                    /usr/lib/jvm/java-8-oracle/jre/lib/amd64/server/libjvm.so
7f5fc1f67000-7f5fc1fa8000 rw-p 00000000 00:00 0 
7f5fc1fa8000-7f5fc2164000 r-xp 00000000 08:02 657981                     /lib/x86_64-linux-gnu/libc-2.19.so
7f5fc2164000-7f5fc2363000 ---p 001bc000 08:02 657981                     /lib/x86_64-linux-gnu/libc-2.19.so
7f5fc2363000-7f5fc2367000 r--p 001bb000 08:02 657981                     /lib/x86_64-linux-gnu/libc-2.19.so
7f5fc2367000-7f5fc2369000 rw-p 001bf000 08:02 657981                     /lib/x86_64-linux-gnu/libc-2.19.so
7f5fc2369000-7f5fc236e000 rw-p 00000000 00:00 0 
7f5fc236e000-7f5fc2371000 r-xp 00000000 08:02 657970                     /lib/x86_64-linux-gnu/libdl-2.19.so
7f5fc2371000-7f5fc2570000 ---p 00003000 08:02 657970                     /lib/x86_64-linux-gnu/libdl-2.19.so
7f5fc2570000-7f5fc2571000 r--p 00002000 08:02 657970                     /lib/x86_64-linux-gnu/libdl-2.19.so
7f5fc2571000-7f5fc2572000 rw-p 00003000 08:02 657970                     /lib/x86_64-linux-gnu/libdl-2.19.so
7f5fc2572000-7f5fc2589000 r-xp 00000000 08:02 4855110                    /usr/lib/jvm/java-8-oracle/lib/amd64/jli/libjli.so
7f5fc2589000-7f5fc2788000 ---p 00017000 08:02 4855110                    /usr/lib/jvm/java-8-oracle/lib/amd64/jli/libjli.so
7f5fc2788000-7f5fc2789000 rw-p 00016000 08:02 4855110                    /usr/lib/jvm/java-8-oracle/lib/amd64/jli/libjli.so
7f5fc2789000-7f5fc27a2000 r-xp 00000000 08:02 657983                     /lib/x86_64-linux-gnu/libpthread-2.19.so
7f5fc27a2000-7f5fc29a1000 ---p 00019000 08:02 657983                     /lib/x86_64-linux-gnu/libpthread-2.19.so
7f5fc29a1000-7f5fc29a2000 r--p 00018000 08:02 657983                     /lib/x86_64-linux-gnu/libpthread-2.19.so
7f5fc29a2000-7f5fc29a3000 rw-p 00019000 08:02 657983                     /lib/x86_64-linux-gnu/libpthread-2.19.so
7f5fc29a3000-7f5fc29a7000 rw-p 00000000 00:00 0 
7f5fc29a7000-7f5fc29ca000 r-xp 00000000 08:02 657969                     /lib/x86_64-linux-gnu/ld-2.19.so
7f5fc29ca000-7f5fc29cb000 r--s 00000000 08:02 5636157                    /var/cache/fontconfig/dc05db6664285cc2f12bf69c139ae4c3-le64.cache-4
7f5fc29cb000-7f5fc29cd000 r--s 00000000 08:02 5636125                    /var/cache/fontconfig/767a8244fc0220cfb567a839d0392e0b-le64.cache-4
7f5fc29cd000-7f5fc29d1000 r--s 00000000 08:02 5636148                    /var/cache/fontconfig/d589a48862398ed80a3d6066f4f56f4c-le64.cache-4
7f5fc29d1000-7f5fc29de000 r--s 00000000 08:02 5636399                    /var/cache/fontconfig/e13b20fdb08344e0e664864cc2ede53d-le64.cache-4
7f5fc29de000-7f5fc2aa9000 rw-p 00000000 00:00 0 
7f5fc2aa9000-7f5fc2aac000 ---p 00000000 00:00 0 
7f5fc2aac000-7f5fc2bae000 rw-p 00000000 00:00 0                          [stack:17537]
7f5fc2bae000-7f5fc2baf000 r--s 00000000 08:02 5636156                    /var/cache/fontconfig/4794a0821666d79190d59a36cb4f44b5-le64.cache-4
7f5fc2baf000-7f5fc2bb0000 r--s 00000000 08:02 5636153                    /var/cache/fontconfig/56cf4f4769d0f4abc89a4895d7bd3ae1-le64.cache-4
7f5fc2bb0000-7f5fc2bb1000 r--s 00000000 08:02 5636152                    /var/cache/fontconfig/b9d506c9ac06c20b433354fa67a72993-le64.cache-4
7f5fc2bb1000-7f5fc2bb2000 r--s 00000000 08:02 5636147                    /var/cache/fontconfig/0c9eb80ebd1c36541ebe2852d3bb0c49-le64.cache-4
7f5fc2bb2000-7f5fc2bb6000 r--s 00000000 08:02 5636274                    /var/cache/fontconfig/7ef2298fde41cc6eeb7af42e48b7d293-le64.cache-4
7f5fc2bb6000-7f5fc2bbd000 r--s 00000000 08:02 4336385                    /usr/lib/x86_64-linux-gnu/gconv/gconv-modules.cache
7f5fc2bbd000-7f5fc2bc5000 rw-s 00000000 08:02 44                         /tmp/hsperfdata_dalmir/17533
7f5fc2bc5000-7f5fc2bc6000 rw-p 00000000 00:00 0 
7f5fc2bc6000-7f5fc2bc7000 r--p 00000000 00:00 0 
7f5fc2bc7000-7f5fc2bc9000 rw-p 00000000 00:00 0 
7f5fc2bc9000-7f5fc2bca000 r--p 00022000 08:02 657969                     /lib/x86_64-linux-gnu/ld-2.19.so
7f5fc2bca000-7f5fc2bcb000 rw-p 00023000 08:02 657969                     /lib/x86_64-linux-gnu/ld-2.19.so
7f5fc2bcb000-7f5fc2bcc000 rw-p 00000000 00:00 0 
7fff8e5f0000-7fff8e611000 rw-p 00000000 00:00 0                          [stack]
7fff8e77c000-7fff8e77e000 r-xp 00000000 00:00 0                          [vdso]
ffffffffff600000-ffffffffff601000 r-xp 00000000 00:00 0                  [vsyscall]

VM Arguments:
jvm_args: -Dfile.encoding=UTF-8 
java_command: jwk.Main
java_class_path (initial): /home/dalmir/hpprojects/jwk/java/JWk/build/classes
Launcher Type: SUN_STANDARD

Environment Variables:
PATH=/home/dalmir/bin:/usr/local/sbin:/usr/local/bin:/usr/sbin:/usr/bin:/sbin:/bin:/usr/games:/usr/local/games
LD_LIBRARY_PATH=/usr/lib/jvm/java-8-oracle/jre/lib/amd64:/usr/lib/jvm/java-8-oracle/jre/lib/i386:
SHELL=/bin/bash
DISPLAY=:0

Signal Handlers:
SIGSEGV: [libjvm.so+0xa2fde0], sa_mask[0]=0x7ffbfeff, sa_flags=0x10000004
SIGBUS: [libjvm.so+0xa2fde0], sa_mask[0]=0x7ffbfeff, sa_flags=0x10000004
SIGFPE: [libjvm.so+0x89b420], sa_mask[0]=0x7ffbfeff, sa_flags=0x10000004
SIGPIPE: [libjvm.so+0x89b420], sa_mask[0]=0x7ffbfeff, sa_flags=0x10000004
SIGXFSZ: [libjvm.so+0x89b420], sa_mask[0]=0x7ffbfeff, sa_flags=0x10000004
SIGILL: [libjvm.so+0x89b420], sa_mask[0]=0x7ffbfeff, sa_flags=0x10000004
SIGUSR1: SIG_DFL, sa_mask[0]=0x00000000, sa_flags=0x00000000
SIGUSR2: [libjvm.so+0x89cbc0], sa_mask[0]=0x00000004, sa_flags=0x10000004
SIGHUP: [libjvm.so+0x89de70], sa_mask[0]=0x7ffbfeff, sa_flags=0x10000004
SIGINT: SIG_IGN, sa_mask[0]=0x00000000, sa_flags=0x00000000
SIGTERM: [libjvm.so+0x89de70], sa_mask[0]=0x7ffbfeff, sa_flags=0x10000004
SIGQUIT: [libjvm.so+0x89de70], sa_mask[0]=0x7ffbfeff, sa_flags=0x10000004


---------------  S Y S T E M  ---------------

OS:DISTRIB_ID=Ubuntu
DISTRIB_RELEASE=14.04
DISTRIB_CODENAME=trusty
DISTRIB_DESCRIPTION="Ubuntu 14.04.1 LTS"

uname:Linux 3.13.0-34-generic #60-Ubuntu SMP Wed Aug 13 15:45:27 UTC 2014 x86_64
libc:glibc 2.19 NPTL 2.19 
rlimit: STACK 8192k, CORE 0k, NPROC 63495, NOFILE 4096, AS infinity
load average:0,31 0,55 0,60

/proc/meminfo:
MemTotal:        8156820 kB
MemFree:          155048 kB
Buffers:            6900 kB
Cached:          1110584 kB
SwapCached:            0 kB
Active:          4830400 kB
Inactive:         617752 kB
Active(anon):    4331992 kB
Inactive(anon):    83620 kB
Active(file):     498408 kB
Inactive(file):   534132 kB
Unevictable:         112 kB
Mlocked:             112 kB
SwapTotal:             0 kB
SwapFree:              0 kB
Dirty:               576 kB
Writeback:             0 kB
AnonPages:       4330916 kB
Mapped:          2363288 kB
Shmem:             84812 kB
Slab:             143104 kB
SReclaimable:      61428 kB
SUnreclaim:        81676 kB
KernelStack:        8552 kB
PageTables:        97916 kB
NFS_Unstable:          0 kB
Bounce:                0 kB
WritebackTmp:          0 kB
CommitLimit:     4078408 kB
Committed_AS:   14237860 kB
VmallocTotal:   34359738367 kB
VmallocUsed:      125480 kB
VmallocChunk:   34359571452 kB
HardwareCorrupted:     0 kB
AnonHugePages:   1396736 kB
HugePages_Total:       0
HugePages_Free:        0
HugePages_Rsvd:        0
HugePages_Surp:        0
Hugepagesize:       2048 kB
DirectMap4k:      562836 kB
DirectMap2M:     7809024 kB


CPU:total 4 (4 cores per cpu, 1 threads per core) family 6 model 26 stepping 5, cmov, cx8, fxsr, mmx, sse, sse2, sse3, ssse3, sse4.1, sse4.2, popcnt, tsc, tscinvbit

/proc/cpuinfo:
processor	: 0
vendor_id	: GenuineIntel
cpu family	: 6
model		: 26
model name	: Intel(R) Xeon(R) CPU           E5506  @ 2.13GHz
stepping	: 5
microcode	: 0x19
cpu MHz		: 1596.000
cache size	: 4096 KB
physical id	: 0
siblings	: 4
core id		: 0
cpu cores	: 4
apicid		: 0
initial apicid	: 0
fpu		: yes
fpu_exception	: yes
cpuid level	: 11
wp		: yes
flags		: fpu vme de pse tsc msr pae mce cx8 apic sep mtrr pge mca cmov pat pse36 clflush dts acpi mmx fxsr sse sse2 ss ht tm pbe syscall nx rdtscp lm constant_tsc arch_perfmon pebs bts rep_good nopl xtopology nonstop_tsc aperfmperf pni dtes64 monitor ds_cpl vmx est tm2 ssse3 cx16 xtpr pdcm dca sse4_1 sse4_2 popcnt lahf_lm dtherm tpr_shadow vnmi flexpriority ept vpid
bogomips	: 4255.72
clflush size	: 64
cache_alignment	: 64
address sizes	: 40 bits physical, 48 bits virtual
power management:

processor	: 1
vendor_id	: GenuineIntel
cpu family	: 6
model		: 26
model name	: Intel(R) Xeon(R) CPU           E5506  @ 2.13GHz
stepping	: 5
microcode	: 0x19
cpu MHz		: 1596.000
cache size	: 4096 KB
physical id	: 0
siblings	: 4
core id		: 1
cpu cores	: 4
apicid		: 2
initial apicid	: 2
fpu		: yes
fpu_exception	: yes
cpuid level	: 11
wp		: yes
flags		: fpu vme de pse tsc msr pae mce cx8 apic sep mtrr pge mca cmov pat pse36 clflush dts acpi mmx fxsr sse sse2 ss ht tm pbe syscall nx rdtscp lm constant_tsc arch_perfmon pebs bts rep_good nopl xtopology nonstop_tsc aperfmperf pni dtes64 monitor ds_cpl vmx est tm2 ssse3 cx16 xtpr pdcm dca sse4_1 sse4_2 popcnt lahf_lm dtherm tpr_shadow vnmi flexpriority ept vpid
bogomips	: 4255.72
clflush size	: 64
cache_alignment	: 64
address sizes	: 40 bits physical, 48 bits virtual
power management:

processor	: 2
vendor_id	: GenuineIntel
cpu family	: 6
model		: 26
model name	: Intel(R) Xeon(R) CPU           E5506  @ 2.13GHz
stepping	: 5
microcode	: 0x19
cpu MHz		: 2128.000
cache size	: 4096 KB
physical id	: 0
siblings	: 4
core id		: 2
cpu cores	: 4
apicid		: 4
initial apicid	: 4
fpu		: yes
fpu_exception	: yes
cpuid level	: 11
wp		: yes
flags		: fpu vme de pse tsc msr pae mce cx8 apic sep mtrr pge mca cmov pat pse36 clflush dts acpi mmx fxsr sse sse2 ss ht tm pbe syscall nx rdtscp lm constant_tsc arch_perfmon pebs bts rep_good nopl xtopology nonstop_tsc aperfmperf pni dtes64 monitor ds_cpl vmx est tm2 ssse3 cx16 xtpr pdcm dca sse4_1 sse4_2 popcnt lahf_lm dtherm tpr_shadow vnmi flexpriority ept vpid
bogomips	: 4255.72
clflush size	: 64
cache_alignment	: 64
address sizes	: 40 bits physical, 48 bits virtual
power management:

processor	: 3
vendor_id	: GenuineIntel
cpu family	: 6
model		: 26
model name	: Intel(R) Xeon(R) CPU           E5506  @ 2.13GHz
stepping	: 5
microcode	: 0x19
cpu MHz		: 1596.000
cache size	: 4096 KB
physical id	: 0
siblings	: 4
core id		: 3
cpu cores	: 4
apicid		: 6
initial apicid	: 6
fpu		: yes
fpu_exception	: yes
cpuid level	: 11
wp		: yes
flags		: fpu vme de pse tsc msr pae mce cx8 apic sep mtrr pge mca cmov pat pse36 clflush dts acpi mmx fxsr sse sse2 ss ht tm pbe syscall nx rdtscp lm constant_tsc arch_perfmon pebs bts rep_good nopl xtopology nonstop_tsc aperfmperf pni dtes64 monitor ds_cpl vmx est tm2 ssse3 cx16 xtpr pdcm dca sse4_1 sse4_2 popcnt lahf_lm dtherm tpr_shadow vnmi flexpriority ept vpid
bogomips	: 4255.72
clflush size	: 64
cache_alignment	: 64
address sizes	: 40 bits physical, 48 bits virtual
power management:



Memory: 4k page, physical 8156820k(155048k free), swap 0k(0k free)

vm_info: Java HotSpot(TM) 64-Bit Server VM (25.11-b03) for linux-amd64 JRE (1.8.0_11-b12), built on Jun 16 2014 17:29:59 by "java_re" with gcc 4.3.0 20080428 (Red Hat 4.3.0-8)

time: Mon Aug 25 17:23:04 2014
elapsed time: 0 seconds

